This is pdfTeX, Version 3.14159265-2.6-1.40.18 (MiKTeX 2.9.6500 64-bit) (preloaded format=pdflatex 2018.2.27)  17 OCT 2019 11:01
entering extended mode
**./HuanBui_QM.tex
(HuanBui_QM.tex
LaTeX2e <2017-04-15>
Babel <3.15> and hyphenation patterns for 76 language(s) loaded.
("C:\Program Files\MiKTeX 2.9\tex\latex\base\book.cls"
Document Class: book 2014/09/29 v1.4h Standard LaTeX document class
("C:\Program Files\MiKTeX 2.9\tex\latex\base\bk10.clo"
File: bk10.clo 2014/09/29 v1.4h Standard LaTeX file (size option)
)
\c@part=\count79
\c@chapter=\count80
\c@section=\count81
\c@subsection=\count82
\c@subsubsection=\count83
\c@paragraph=\count84
\c@subparagraph=\count85
\c@figure=\count86
\c@table=\count87
\abovecaptionskip=\skip41
\belowcaptionskip=\skip42
\bibindent=\dimen102
)
("C:\Program Files\MiKTeX 2.9\tex\latex\physics\physics.sty"
Package: physics 

("C:\Program Files\MiKTeX 2.9\tex\latex\l3packages\xparse\xparse.sty"
("C:\Program Files\MiKTeX 2.9\tex\latex\l3kernel\expl3.sty"
Package: expl3 2017/12/05 L3 programming layer (loader) 

("C:\Program Files\MiKTeX 2.9\tex\latex\l3kernel\expl3-code.tex"
Package: expl3 2017/12/05 L3 programming layer (code)
\c_max_int=\count88
\l_tmpa_int=\count89
\l_tmpb_int=\count90
\g_tmpa_int=\count91
\g_tmpb_int=\count92
\g__intarray_font_int=\count93
\g__prg_map_int=\count94
\c_log_iow=\count95
\l_iow_line_count_int=\count96
\l__iow_line_target_int=\count97
\l__iow_one_indent_int=\count98
\l__iow_indent_int=\count99
\c_zero_dim=\dimen103
\c_max_dim=\dimen104
\l_tmpa_dim=\dimen105
\l_tmpb_dim=\dimen106
\g_tmpa_dim=\dimen107
\g_tmpb_dim=\dimen108
\c_zero_skip=\skip43
\c_max_skip=\skip44
\l_tmpa_skip=\skip45
\l_tmpb_skip=\skip46
\g_tmpa_skip=\skip47
\g_tmpb_skip=\skip48
\c_zero_muskip=\muskip10
\c_max_muskip=\muskip11
\l_tmpa_muskip=\muskip12
\l_tmpb_muskip=\muskip13
\g_tmpa_muskip=\muskip14
\g_tmpb_muskip=\muskip15
\l_keys_choice_int=\count100
\c__fp_leading_shift_int=\count101
\c__fp_middle_shift_int=\count102
\c__fp_trailing_shift_int=\count103
\c__fp_big_leading_shift_int=\count104
\c__fp_big_middle_shift_int=\count105
\c__fp_big_trailing_shift_int=\count106
\c__fp_Bigg_leading_shift_int=\count107
\c__fp_Bigg_middle_shift_int=\count108
\c__fp_Bigg_trailing_shift_int=\count109
\c__fp_rand_size_int=\count110
\c__fp_rand_four_int=\count111
\c__fp_rand_eight_int=\count112
\l__sort_length_int=\count113
\l__sort_min_int=\count114
\l__sort_top_int=\count115
\l__sort_max_int=\count116
\l__sort_true_max_int=\count117
\l__sort_block_int=\count118
\l__sort_begin_int=\count119
\l__sort_end_int=\count120
\l__sort_A_int=\count121
\l__sort_B_int=\count122
\l__sort_C_int=\count123
\l__tl_build_start_index_int=\count124
\l__tl_build_index_int=\count125
\l__tl_analysis_normal_int=\count126
\l__tl_analysis_index_int=\count127
\l__tl_analysis_nesting_int=\count128
\l__tl_analysis_type_int=\count129
\l__regex_internal_a_int=\count130
\l__regex_internal_b_int=\count131
\l__regex_internal_c_int=\count132
\l__regex_balance_int=\count133
\l__regex_group_level_int=\count134
\l__regex_mode_int=\count135
\c__regex_cs_in_class_mode_int=\count136
\c__regex_cs_mode_int=\count137
\l__regex_catcodes_int=\count138
\l__regex_default_catcodes_int=\count139
\c__regex_catcode_D_int=\count140
\c__regex_catcode_S_int=\count141
\c__regex_catcode_L_int=\count142
\c__regex_catcode_O_int=\count143
\c__regex_catcode_A_int=\count144
\c__regex_all_catcodes_int=\count145
\l__regex_show_lines_int=\count146
\l__regex_min_state_int=\count147
\l__regex_max_state_int=\count148
\l__regex_left_state_int=\count149
\l__regex_right_state_int=\count150
\l__regex_capturing_group_int=\count151
\l__regex_min_pos_int=\count152
\l__regex_max_pos_int=\count153
\l__regex_curr_pos_int=\count154
\l__regex_start_pos_int=\count155
\l__regex_success_pos_int=\count156
\l__regex_curr_char_int=\count157
\l__regex_curr_catcode_int=\count158
\l__regex_last_char_int=\count159
\l__regex_case_changed_char_int=\count160
\l__regex_curr_state_int=\count161
\l__regex_step_int=\count162
\l__regex_min_active_int=\count163
\l__regex_max_active_int=\count164
\l__regex_replacement_csnames_int=\count165
\l__regex_match_count_int=\count166
\l__regex_min_submatch_int=\count167
\l__regex_submatch_int=\count168
\l__regex_zeroth_submatch_int=\count169
\g__debug_trace_regex_int=\count170
\c_empty_box=\box26
\l_tmpa_box=\box27
\l_tmpb_box=\box28
\g_tmpa_box=\box29
\g_tmpb_box=\box30
\l__box_top_dim=\dimen109
\l__box_bottom_dim=\dimen110
\l__box_left_dim=\dimen111
\l__box_right_dim=\dimen112
\l__box_top_new_dim=\dimen113
\l__box_bottom_new_dim=\dimen114
\l__box_left_new_dim=\dimen115
\l__box_right_new_dim=\dimen116
\l__box_internal_box=\box31
\l__coffin_internal_box=\box32
\l__coffin_internal_dim=\dimen117
\l__coffin_offset_x_dim=\dimen118
\l__coffin_offset_y_dim=\dimen119
\l__coffin_x_dim=\dimen120
\l__coffin_y_dim=\dimen121
\l__coffin_x_prime_dim=\dimen122
\l__coffin_y_prime_dim=\dimen123
\c_empty_coffin=\box33
\l__coffin_aligned_coffin=\box34
\l__coffin_aligned_internal_coffin=\box35
\l_tmpa_coffin=\box36
\l_tmpb_coffin=\box37
\l__coffin_display_coffin=\box38
\l__coffin_display_coord_coffin=\box39
\l__coffin_display_pole_coffin=\box40
\l__coffin_display_offset_dim=\dimen124
\l__coffin_display_x_dim=\dimen125
\l__coffin_display_y_dim=\dimen126
\l__coffin_bounding_shift_dim=\dimen127
\l__coffin_left_corner_dim=\dimen128
\l__coffin_right_corner_dim=\dimen129
\l__coffin_bottom_corner_dim=\dimen130
\l__coffin_top_corner_dim=\dimen131
\l__coffin_scaled_total_height_dim=\dimen132
\l__coffin_scaled_width_dim=\dimen133
)
("C:\Program Files\MiKTeX 2.9\tex\latex\l3kernel\l3pdfmode.def"
File: l3pdfmode.def 2017/03/18 v L3 Experimental driver: PDF mode
\l__driver_color_stack_int=\count171
\l__driver_tmp_box=\box41
))
Package: xparse 2017/12/05 L3 Experimental document command parser
\l__xparse_current_arg_int=\count172
\g__xparse_grabber_int=\count173
\l__xparse_m_args_int=\count174
\l__xparse_mandatory_args_int=\count175
\l__xparse_v_nesting_int=\count176
)
("C:\Program Files\MiKTeX 2.9\tex\latex\amsmath\amsmath.sty"
Package: amsmath 2017/09/02 v2.17a AMS math features
\@mathmargin=\skip49

For additional information on amsmath, use the `?' option.
("C:\Program Files\MiKTeX 2.9\tex\latex\amsmath\amstext.sty"
Package: amstext 2000/06/29 v2.01 AMS text

("C:\Program Files\MiKTeX 2.9\tex\latex\amsmath\amsgen.sty"
File: amsgen.sty 1999/11/30 v2.0 generic functions
\@emptytoks=\toks14
\ex@=\dimen134
))
("C:\Program Files\MiKTeX 2.9\tex\latex\amsmath\amsbsy.sty"
Package: amsbsy 1999/11/29 v1.2d Bold Symbols
\pmbraise@=\dimen135
)
("C:\Program Files\MiKTeX 2.9\tex\latex\amsmath\amsopn.sty"
Package: amsopn 2016/03/08 v2.02 operator names
)
\inf@bad=\count177
LaTeX Info: Redefining \frac on input line 213.
\uproot@=\count178
\leftroot@=\count179
LaTeX Info: Redefining \overline on input line 375.
\classnum@=\count180
\DOTSCASE@=\count181
LaTeX Info: Redefining \ldots on input line 472.
LaTeX Info: Redefining \dots on input line 475.
LaTeX Info: Redefining \cdots on input line 596.
\Mathstrutbox@=\box42
\strutbox@=\box43
\big@size=\dimen136
LaTeX Font Info:    Redeclaring font encoding OML on input line 712.
LaTeX Font Info:    Redeclaring font encoding OMS on input line 713.
\macc@depth=\count182
\c@MaxMatrixCols=\count183
\dotsspace@=\muskip16
\c@parentequation=\count184
\dspbrk@lvl=\count185
\tag@help=\toks15
\row@=\count186
\column@=\count187
\maxfields@=\count188
\andhelp@=\toks16
\eqnshift@=\dimen137
\alignsep@=\dimen138
\tagshift@=\dimen139
\tagwidth@=\dimen140
\totwidth@=\dimen141
\lineht@=\dimen142
\@envbody=\toks17
\multlinegap=\skip50
\multlinetaggap=\skip51
\mathdisplay@stack=\toks18
LaTeX Info: Redefining \[ on input line 2817.
LaTeX Info: Redefining \] on input line 2818.
)
.................................................
. LaTeX info: "xparse/define-command"
. 
. Defining command \vnabla with sig. '' on line 25.
.................................................
.................................................
. LaTeX info: "xparse/define-command"
. 
. Defining command \varE with sig. '' on line 29.
.................................................
.................................................
. LaTeX info: "xparse/define-command"
. 
. Defining command \ordersymbol with sig. '' on line 30.
.................................................
.................................................
. LaTeX info: "xparse/define-command"
. 
. Defining command \lparen with sig. '' on line 31.
.................................................
.................................................
. LaTeX info: "xparse/define-command"
. 
. Defining command \rparen with sig. '' on line 32.
.................................................
.................................................
. LaTeX info: "xparse/define-command"
. 
. Defining command \quantity with sig. '' on line 35.
.................................................
.................................................
. LaTeX info: "xparse/define-command"
. 
. Defining command \@quantity with sig. ' t\big t\Big t\bigg t\Bigg g o d()
. d|| ' on line 62.
.................................................

*************************************************
* LaTeX warning: "xparse/not-single-char"
* 
* Argument delimiter '\big ' for the command '\@quantity' should be a single
* character.
*************************************************
*************************************************
* LaTeX warning: "xparse/not-single-char"
* 
* Argument delimiter '\Big ' for the command '\@quantity' should be a single
* character.
*************************************************
*************************************************
* LaTeX warning: "xparse/not-single-char"
* 
* Argument delimiter '\bigg ' for the command '\@quantity' should be a single
* character.
*************************************************
*************************************************
* LaTeX warning: "xparse/not-single-char"
* 
* Argument delimiter '\Bigg ' for the command '\@quantity' should be a single
* character.
*************************************************
.................................................
. LaTeX info: "xparse/define-command"
. 
. Defining command \qty with sig. '' on line 63.
.................................................
.................................................
. LaTeX info: "xparse/define-command"
. 
. Defining command \pqty with sig. ' l m ' on line 64.
.................................................
.................................................
. LaTeX info: "xparse/define-command"
. 
. Defining command \bqty with sig. ' l m ' on line 65.
.................................................
.................................................
. LaTeX info: "xparse/define-command"
. 
. Defining command \Bqty with sig. ' l m ' on line 66.
.................................................
.................................................
. LaTeX info: "xparse/define-command"
. 
. Defining command \vqty with sig. ' l m ' on line 67.
.................................................
.................................................
. LaTeX info: "xparse/define-command"
. 
. Defining command \pmqty with sig. 'm' on line 70.
.................................................
.................................................
. LaTeX info: "xparse/define-command"
. 
. Defining command \Pmqty with sig. 'm' on line 71.
.................................................
.................................................
. LaTeX info: "xparse/define-command"
. 
. Defining command \bmqty with sig. 'm' on line 72.
.................................................
.................................................
. LaTeX info: "xparse/define-command"
. 
. Defining command \vmqty with sig. 'm' on line 73.
.................................................
.................................................
. LaTeX info: "xparse/define-command"
. 
. Defining command \matrixquantity with sig. '' on line 74.
.................................................
.................................................
. LaTeX info: "xparse/define-command"
. 
. Defining command \@matrixquantity with sig. ' s g o d() d|| ' on line 100.
.................................................
.................................................
. LaTeX info: "xparse/define-command"
. 
. Defining command \mqty with sig. '' on line 101.
.................................................
.................................................
. LaTeX info: "xparse/define-command"
. 
. Defining command \matrixdeterminant with sig. 'm' on line 102.
.................................................
.................................................
. LaTeX info: "xparse/define-command"
. 
. Defining command \mdet with sig. '' on line 103.
.................................................
.................................................
. LaTeX info: "xparse/define-command"
. 
. Defining command \spmqty with sig. 'm' on line 105.
.................................................
.................................................
. LaTeX info: "xparse/define-command"
. 
. Defining command \sPmqty with sig. 'm' on line 106.
.................................................
.................................................
. LaTeX info: "xparse/define-command"
. 
. Defining command \sbmqty with sig. 'm' on line 107.
.................................................
.................................................
. LaTeX info: "xparse/define-command"
. 
. Defining command \svmqty with sig. 'm' on line 108.
.................................................
.................................................
. LaTeX info: "xparse/define-command"
. 
. Defining command \smallmatrixquantity with sig. ' s g o d() d|| ' on line
. 133.
.................................................
.................................................
. LaTeX info: "xparse/define-command"
. 
. Defining command \smqty with sig. '' on line 134.
.................................................
.................................................
. LaTeX info: "xparse/define-command"
. 
. Defining command \smallmatrixdeterminant with sig. 'm' on line 135.
.................................................
.................................................
. LaTeX info: "xparse/define-command"
. 
. Defining command \smdet with sig. '' on line 136.
.................................................
.................................................
. LaTeX info: "xparse/define-command"
. 
. Defining command \argopen with sig. 's' on line 138.
.................................................
.................................................
. LaTeX info: "xparse/define-command"
. 
. Defining command \argclose with sig. 's' on line 139.
.................................................
.................................................
. LaTeX info: "xparse/define-command"
. 
. Defining command \braces with sig. '' on line 141.
.................................................
.................................................
. LaTeX info: "xparse/define-command"
. 
. Defining command \@braces with sig. ' s t\big t\Big t\bigg t\Bigg m m m ' on
. line 156.
.................................................
*************************************************
* LaTeX warning: "xparse/not-single-char"
* 
* Argument delimiter '\big ' for the command '\@braces' should be a single
* character.
*************************************************
*************************************************
* LaTeX warning: "xparse/not-single-char"
* 
* Argument delimiter '\Big ' for the command '\@braces' should be a single
* character.
*************************************************
*************************************************
* LaTeX warning: "xparse/not-single-char"
* 
* Argument delimiter '\bigg ' for the command '\@braces' should be a single
* character.
*************************************************
*************************************************
* LaTeX warning: "xparse/not-single-char"
* 
* Argument delimiter '\Bigg ' for the command '\@braces' should be a single
* character.
*************************************************
.................................................
. LaTeX info: "xparse/define-command"
. 
. Defining command \fbraces with sig. ' s t\big t\Big t\bigg t\Bigg m m m m '
. on line 174.
.................................................
*************************************************
* LaTeX warning: "xparse/not-single-char"
* 
* Argument delimiter '\big ' for the command '\fbraces' should be a single
* character.
*************************************************
*************************************************
* LaTeX warning: "xparse/not-single-char"
* 
* Argument delimiter '\Big ' for the command '\fbraces' should be a single
* character.
*************************************************
*************************************************
* LaTeX warning: "xparse/not-single-char"
* 
* Argument delimiter '\bigg ' for the command '\fbraces' should be a single
* character.
*************************************************
*************************************************
* LaTeX warning: "xparse/not-single-char"
* 
* Argument delimiter '\Bigg ' for the command '\fbraces' should be a single
* character.
*************************************************
.................................................
. LaTeX info: "xparse/define-command"
. 
. Defining command \absolutevalue with sig. ' l m ' on line 176.
.................................................
.................................................
. LaTeX info: "xparse/define-command"
. 
. Defining command \abs with sig. '' on line 177.
.................................................
.................................................
. LaTeX info: "xparse/define-command"
. 
. Defining command \norm with sig. ' l m ' on line 178.
.................................................
.................................................
. LaTeX info: "xparse/define-command"
. 
. Defining command \order with sig. ' l m ' on line 179.
.................................................
.................................................
. LaTeX info: "xparse/define-command"
. 
. Defining command \evaluated with sig. ' s g d[| d(| ' on line 194.
.................................................
.................................................
. LaTeX info: "xparse/define-command"
. 
. Defining command \eval with sig. '' on line 195.
.................................................
.................................................
. LaTeX info: "xparse/define-command"
. 
. Defining command \poissonbracket with sig. ' l m m ' on line 197.
.................................................
.................................................
. LaTeX info: "xparse/define-command"
. 
. Defining command \pb with sig. '' on line 198.
.................................................
.................................................
. LaTeX info: "xparse/define-command"
. 
. Defining command \commutator with sig. ' l m m ' on line 201.
.................................................
.................................................
. LaTeX info: "xparse/define-command"
. 
. Defining command \comm with sig. '' on line 202.
.................................................
.................................................
. LaTeX info: "xparse/define-command"
. 
. Defining command \anticommutator with sig. ' l m m ' on line 203.
.................................................
.................................................
. LaTeX info: "xparse/define-command"
. 
. Defining command \acommutator with sig. '' on line 204.
.................................................
.................................................
. LaTeX info: "xparse/define-command"
. 
. Defining command \acomm with sig. '' on line 205.
.................................................
.................................................
. LaTeX info: "xparse/define-command"
. 
. Defining command \vectorbold with sig. ' s m ' on line 208.
.................................................
.................................................
. LaTeX info: "xparse/define-command"
. 
. Defining command \vb with sig. '' on line 209.
.................................................
.................................................
. LaTeX info: "xparse/define-command"
. 
. Defining command \vectorarrow with sig. ' s m ' on line 211.
.................................................
.................................................
. LaTeX info: "xparse/define-command"
. 
. Defining command \va with sig. '' on line 212.
.................................................
.................................................
. LaTeX info: "xparse/define-command"
. 
. Defining command \vectorunit with sig. ' s m ' on line 214.
.................................................
.................................................
. LaTeX info: "xparse/define-command"
. 
. Defining command \vu with sig. '' on line 215.
.................................................
.................................................
. LaTeX info: "xparse/define-command"
. 
. Defining command \dotproduct with sig. '' on line 217.
.................................................
.................................................
. LaTeX info: "xparse/define-command"
. 
. Defining command \vdot with sig. '' on line 218.
.................................................
.................................................
. LaTeX info: "xparse/define-command"
. 
. Defining command \crossproduct with sig. '' on line 220.
.................................................
.................................................
. LaTeX info: "xparse/define-command"
. 
. Defining command \cross with sig. '' on line 221.
.................................................
.................................................
. LaTeX info: "xparse/define-command"
. 
. Defining command \cp with sig. '' on line 222.
.................................................
.................................................
. LaTeX info: "xparse/define-command"
. 
. Defining command \gradient with sig. ' g o d() ' on line 232.
.................................................
.................................................
. LaTeX info: "xparse/define-command"
. 
. Defining command \grad with sig. '' on line 233.
.................................................
.................................................
. LaTeX info: "xparse/define-command"
. 
. Defining command \divergence with sig. ' g o d() ' on line 243.
.................................................
.................................................
. LaTeX info: "xparse/define-command"
. 
. Defining command \div with sig. '' on line 246.
.................................................
.................................................
. LaTeX info: "xparse/define-command"
. 
. Defining command \curl with sig. ' g o d() ' on line 256.
.................................................
.................................................
. LaTeX info: "xparse/define-command"
. 
. Defining command \laplacian with sig. ' g o d() ' on line 266.
.................................................
.................................................
. LaTeX info: "xparse/define-command"
. 
. Defining command \principalvalue with sig. 'g' on line 274.
.................................................
.................................................
. LaTeX info: "xparse/define-command"
. 
. Defining command \pv with sig. '' on line 275.
.................................................
.................................................
. LaTeX info: "xparse/define-command"
. 
. Defining command \PV with sig. 'g' on line 276.
.................................................
.................................................
. LaTeX info: "xparse/redefine-command"
. 
. Redefining command \Re with sig. 'g' on line 277.
.................................................
.................................................
. LaTeX info: "xparse/redefine-command"
. 
. Redefining command \Im with sig. 'g' on line 278.
.................................................
.................................................
. LaTeX info: "xparse/define-command"
. 
. Defining command \opbraces with sig. ' m g o d() ' on line 299.
.................................................
.................................................
. LaTeX info: "xparse/define-command"
. 
. Defining command \trigbraces with sig. ' m o d() ' on line 305.
.................................................
.................................................
. LaTeX info: "xparse/redefine-command"
. 
. Redefining command \sin with sig. '' on line 309.
.................................................
.................................................
. LaTeX info: "xparse/redefine-command"
. 
. Redefining command \cos with sig. '' on line 310.
.................................................
.................................................
. LaTeX info: "xparse/redefine-command"
. 
. Redefining command \tan with sig. '' on line 311.
.................................................
.................................................
. LaTeX info: "xparse/redefine-command"
. 
. Redefining command \csc with sig. '' on line 312.
.................................................
.................................................
. LaTeX info: "xparse/redefine-command"
. 
. Redefining command \sec with sig. '' on line 313.
.................................................
.................................................
. LaTeX info: "xparse/redefine-command"
. 
. Redefining command \cot with sig. '' on line 314.
.................................................
.................................................
. LaTeX info: "xparse/redefine-command"
. 
. Redefining command \arcsin with sig. '' on line 316.
.................................................
.................................................
. LaTeX info: "xparse/redefine-command"
. 
. Redefining command \arccos with sig. '' on line 317.
.................................................
.................................................
. LaTeX info: "xparse/redefine-command"
. 
. Redefining command \arctan with sig. '' on line 318.
.................................................
.................................................
. LaTeX info: "xparse/define-command"
. 
. Defining command \arccsc with sig. '' on line 320.
.................................................
.................................................
. LaTeX info: "xparse/define-command"
. 
. Defining command \arcsec with sig. '' on line 322.
.................................................
.................................................
. LaTeX info: "xparse/define-command"
. 
. Defining command \arccot with sig. '' on line 324.
.................................................
.................................................
. LaTeX info: "xparse/define-command"
. 
. Defining command \asin with sig. '' on line 327.
.................................................
.................................................
. LaTeX info: "xparse/define-command"
. 
. Defining command \acos with sig. '' on line 329.
.................................................
.................................................
. LaTeX info: "xparse/define-command"
. 
. Defining command \atan with sig. '' on line 331.
.................................................
.................................................
. LaTeX info: "xparse/define-command"
. 
. Defining command \acsc with sig. '' on line 333.
.................................................
.................................................
. LaTeX info: "xparse/define-command"
. 
. Defining command \asec with sig. '' on line 335.
.................................................
.................................................
. LaTeX info: "xparse/define-command"
. 
. Defining command \acot with sig. '' on line 337.
.................................................
.................................................
. LaTeX info: "xparse/redefine-command"
. 
. Redefining command \sinh with sig. '' on line 339.
.................................................
.................................................
. LaTeX info: "xparse/redefine-command"
. 
. Redefining command \cosh with sig. '' on line 340.
.................................................
.................................................
. LaTeX info: "xparse/redefine-command"
. 
. Redefining command \tanh with sig. '' on line 341.
.................................................
.................................................
. LaTeX info: "xparse/define-command"
. 
. Defining command \csch with sig. '' on line 343.
.................................................
.................................................
. LaTeX info: "xparse/define-command"
. 
. Defining command \sech with sig. '' on line 345.
.................................................
.................................................
. LaTeX info: "xparse/redefine-command"
. 
. Redefining command \coth with sig. '' on line 346.
.................................................
.................................................
. LaTeX info: "xparse/redefine-command"
. 
. Redefining command \exp with sig. '' on line 348.
.................................................
.................................................
. LaTeX info: "xparse/redefine-command"
. 
. Redefining command \log with sig. '' on line 349.
.................................................
.................................................
. LaTeX info: "xparse/redefine-command"
. 
. Redefining command \ln with sig. '' on line 350.
.................................................
.................................................
. LaTeX info: "xparse/redefine-command"
. 
. Redefining command \det with sig. '' on line 351.
.................................................
.................................................
. LaTeX info: "xparse/redefine-command"
. 
. Redefining command \Pr with sig. '' on line 352.
.................................................
.................................................
. LaTeX info: "xparse/define-command"
. 
. Defining command \tr with sig. '' on line 353.
.................................................
.................................................
. LaTeX info: "xparse/define-command"
. 
. Defining command \Tr with sig. '' on line 354.
.................................................
.................................................
. LaTeX info: "xparse/define-command"
. 
. Defining command \Res with sig. '' on line 355.
.................................................
.................................................
. LaTeX info: "xparse/define-command"
. 
. Defining command \qqtext with sig. ' s m ' on line 377.
.................................................
.................................................
. LaTeX info: "xparse/define-command"
. 
. Defining command \qq with sig. '' on line 378.
.................................................
.................................................
. LaTeX info: "xparse/define-command"
. 
. Defining command \qcomma with sig. '' on line 380.
.................................................
.................................................
. LaTeX info: "xparse/define-command"
. 
. Defining command \qc with sig. '' on line 381.
.................................................
.................................................
. LaTeX info: "xparse/define-command"
. 
. Defining command \qif with sig. 's' on line 383.
.................................................
.................................................
. LaTeX info: "xparse/define-command"
. 
. Defining command \qthen with sig. 's' on line 384.
.................................................
.................................................
. LaTeX info: "xparse/define-command"
. 
. Defining command \qelse with sig. 's' on line 385.
.................................................
.................................................
. LaTeX info: "xparse/define-command"
. 
. Defining command \qotherwise with sig. 's' on line 386.
.................................................
.................................................
. LaTeX info: "xparse/define-command"
. 
. Defining command \qunless with sig. 's' on line 387.
.................................................
.................................................
. LaTeX info: "xparse/define-command"
. 
. Defining command \qgiven with sig. 's' on line 388.
.................................................
.................................................
. LaTeX info: "xparse/define-command"
. 
. Defining command \qusing with sig. 's' on line 389.
.................................................
.................................................
. LaTeX info: "xparse/define-command"
. 
. Defining command \qassume with sig. 's' on line 390.
.................................................
.................................................
. LaTeX info: "xparse/define-command"
. 
. Defining command \qsince with sig. 's' on line 391.
.................................................
.................................................
. LaTeX info: "xparse/define-command"
. 
. Defining command \qlet with sig. 's' on line 392.
.................................................
.................................................
. LaTeX info: "xparse/define-command"
. 
. Defining command \qfor with sig. 's' on line 393.
.................................................
.................................................
. LaTeX info: "xparse/define-command"
. 
. Defining command \qall with sig. 's' on line 394.
.................................................
.................................................
. LaTeX info: "xparse/define-command"
. 
. Defining command \qeven with sig. 's' on line 395.
.................................................
.................................................
. LaTeX info: "xparse/define-command"
. 
. Defining command \qodd with sig. 's' on line 396.
.................................................
.................................................
. LaTeX info: "xparse/define-command"
. 
. Defining command \qinteger with sig. 's' on line 397.
.................................................
.................................................
. LaTeX info: "xparse/define-command"
. 
. Defining command \qand with sig. 's' on line 398.
.................................................
.................................................
. LaTeX info: "xparse/define-command"
. 
. Defining command \qor with sig. 's' on line 399.
.................................................
.................................................
. LaTeX info: "xparse/define-command"
. 
. Defining command \qas with sig. 's' on line 400.
.................................................
.................................................
. LaTeX info: "xparse/define-command"
. 
. Defining command \qin with sig. 's' on line 401.
.................................................
.................................................
. LaTeX info: "xparse/define-command"
. 
. Defining command \qcc with sig. 's' on line 402.
.................................................
.................................................
. LaTeX info: "xparse/define-command"
. 
. Defining command \differential with sig. ' o g d() ' on line 415.
.................................................
.................................................
. LaTeX info: "xparse/define-command"
. 
. Defining command \dd with sig. '' on line 416.
.................................................
.................................................
. LaTeX info: "xparse/define-command"
. 
. Defining command \derivative with sig. ' s o m g d() ' on line 435.
.................................................
.................................................
. LaTeX info: "xparse/define-command"
. 
. Defining command \dv with sig. '' on line 436.
.................................................
.................................................
. LaTeX info: "xparse/define-command"
. 
. Defining command \partialderivative with sig. ' s o m g g d() ' on line 460.
.................................................
.................................................
. LaTeX info: "xparse/define-command"
. 
. Defining command \pderivative with sig. '' on line 461.
.................................................
.................................................
. LaTeX info: "xparse/define-command"
. 
. Defining command \pdv with sig. '' on line 462.
.................................................
.................................................
. LaTeX info: "xparse/define-command"
. 
. Defining command \variation with sig. ' o g d() ' on line 474.
.................................................
.................................................
. LaTeX info: "xparse/define-command"
. 
. Defining command \var with sig. '' on line 475.
.................................................
.................................................
. LaTeX info: "xparse/define-command"
. 
. Defining command \functionalderivative with sig. ' s o m g d() ' on line
. 494.
.................................................
.................................................
. LaTeX info: "xparse/define-command"
. 
. Defining command \fderivative with sig. '' on line 495.
.................................................
.................................................
. LaTeX info: "xparse/define-command"
. 
. Defining command \fdv with sig. '' on line 496.
.................................................
.................................................
. LaTeX info: "xparse/define-command"
. 
. Defining command \bra with sig. ' s m t\ket s g ' on line 526.
.................................................
*************************************************
* LaTeX warning: "xparse/not-single-char"
* 
* Argument delimiter '\ket ' for the command '\bra' should be a single
* character.
*************************************************
.................................................
. LaTeX info: "xparse/define-command"
. 
. Defining command \ket with sig. ' s m ' on line 533.
.................................................
.................................................
. LaTeX info: "xparse/define-command"
. 
. Defining command \innerproduct with sig. ' s m g ' on line 548.
.................................................
.................................................
. LaTeX info: "xparse/define-command"
. 
. Defining command \braket with sig. '' on line 549.
.................................................
.................................................
. LaTeX info: "xparse/define-command"
. 
. Defining command \ip with sig. '' on line 550.
.................................................
.................................................
. LaTeX info: "xparse/define-command"
. 
. Defining command \outerproduct with sig. ' s m g ' on line 565.
.................................................
.................................................
. LaTeX info: "xparse/define-command"
. 
. Defining command \dyad with sig. '' on line 566.
.................................................
.................................................
. LaTeX info: "xparse/define-command"
. 
. Defining command \op with sig. '' on line 567.
.................................................
.................................................
. LaTeX info: "xparse/define-command"
. 
. Defining command \ketbra with sig. '' on line 568.
.................................................
.................................................
. LaTeX info: "xparse/define-command"
. 
. Defining command \expectationvalue with sig. ' s s m g ' on line 587.
.................................................
.................................................
. LaTeX info: "xparse/define-command"
. 
. Defining command \expval with sig. '' on line 588.
.................................................
.................................................
. LaTeX info: "xparse/define-command"
. 
. Defining command \ev with sig. '' on line 589.
.................................................
.................................................
. LaTeX info: "xparse/define-command"
. 
. Defining command \vev with sig. ' m ' on line 590.
.................................................
.................................................
. LaTeX info: "xparse/define-command"
. 
. Defining command \matrixelement with sig. ' s s m m m ' on line 601.
.................................................
.................................................
. LaTeX info: "xparse/define-command"
. 
. Defining command \matrixel with sig. '' on line 602.
.................................................
.................................................
. LaTeX info: "xparse/define-command"
. 
. Defining command \mel with sig. '' on line 603.
.................................................
.................................................
. LaTeX info: "xparse/define-command"
. 
. Defining command \identitymatrix with sig. 'm' on line 633.
.................................................
.................................................
. LaTeX info: "xparse/define-command"
. 
. Defining command \imat with sig. '' on line 634.
.................................................
.................................................
. LaTeX info: "xparse/define-command"
. 
. Defining command \xmatrix with sig. ' s m m m ' on line 659.
.................................................
.................................................
. LaTeX info: "xparse/define-command"
. 
. Defining command \xmat with sig. '' on line 660.
.................................................
.................................................
. LaTeX info: "xparse/define-command"
. 
. Defining command \zeromatrix with sig. ' m g ' on line 662.
.................................................
.................................................
. LaTeX info: "xparse/define-command"
. 
. Defining command \zmat with sig. '' on line 663.
.................................................
.................................................
. LaTeX info: "xparse/define-command"
. 
. Defining command \paulixmatrix with sig. '' on line 665.
.................................................
.................................................
. LaTeX info: "xparse/define-command"
. 
. Defining command \pauliymatrix with sig. '' on line 666.
.................................................
.................................................
. LaTeX info: "xparse/define-command"
. 
. Defining command \paulizmatrix with sig. '' on line 667.
.................................................
.................................................
. LaTeX info: "xparse/define-command"
. 
. Defining command \paulimatrix with sig. 'm' on line 678.
.................................................
.................................................
. LaTeX info: "xparse/define-command"
. 
. Defining command \pmat with sig. '' on line 679.
.................................................
.................................................
. LaTeX info: "xparse/define-command"
. 
. Defining command \diagonalmatrix with sig. 'O{} >{\SplitList {,}}m ' on line
. 681.
.................................................
.................................................
. LaTeX info: "xparse/define-command"
. 
. Defining command \@dmat with sig. 'mmggggggg' on line 714.
.................................................
.................................................
. LaTeX info: "xparse/define-command"
. 
. Defining command \dmat with sig. '' on line 715.
.................................................
.................................................
. LaTeX info: "xparse/define-command"
. 
. Defining command \antidiagonalmatrix with sig. 'O{} >{\SplitList {,}}m ' on
. line 717.
.................................................
.................................................
. LaTeX info: "xparse/define-command"
. 
. Defining command \@admat with sig. 'mmggggggg' on line 750.
.................................................
.................................................
. LaTeX info: "xparse/define-command"
. 
. Defining command \admat with sig. '' on line 751.
.................................................
.................................................
. LaTeX info: "xparse/define-command"
. 
. Defining command \flatfrac with sig. ' m m ' on line 754.
.................................................
.................................................
. LaTeX info: "xparse/define-command"
. 
. Defining command \homework with sig. '' on line 764.
.................................................
) ("C:\Program Files\MiKTeX 2.9\tex\latex\graphics\graphicx.sty"
Package: graphicx 2017/06/01 v1.1a Enhanced LaTeX Graphics (DPC,SPQR)

("C:\Program Files\MiKTeX 2.9\tex\latex\graphics\keyval.sty"
Package: keyval 2014/10/28 v1.15 key=value parser (DPC)
\KV@toks@=\toks19
)
("C:\Program Files\MiKTeX 2.9\tex\latex\graphics\graphics.sty"
Package: graphics 2017/06/25 v1.2c Standard LaTeX Graphics (DPC,SPQR)

("C:\Program Files\MiKTeX 2.9\tex\latex\graphics\trig.sty"
Package: trig 2016/01/03 v1.10 sin cos tan (DPC)
)
("C:\Program Files\MiKTeX 2.9\tex\latex\graphics-cfg\graphics.cfg"
File: graphics.cfg 2016/06/04 v1.11 sample graphics configuration
)
Package graphics Info: Driver file: pdftex.def on input line 99.

("C:\Program Files\MiKTeX 2.9\tex\latex\graphics-def\pdftex.def"
File: pdftex.def 2017/12/07 v1.0i Graphics/color driver for pdftex
))
\Gin@req@height=\dimen143
\Gin@req@width=\dimen144
)
("C:\Program Files\MiKTeX 2.9\tex\latex\caption\caption.sty"
Package: caption 2016/02/21 v3.3-144 Customizing captions (AR)

("C:\Program Files\MiKTeX 2.9\tex\latex\caption\caption3.sty"
Package: caption3 2016/05/22 v1.7-166 caption3 kernel (AR)
Package caption3 Info: TeX engine: e-TeX on input line 67.
\captionmargin=\dimen145
\captionmargin@=\dimen146
\captionwidth=\dimen147
\caption@tempdima=\dimen148
\caption@indent=\dimen149
\caption@parindent=\dimen150
\caption@hangindent=\dimen151
)
\c@ContinuedFloat=\count189
)
("C:\Program Files\MiKTeX 2.9\tex\latex\tools\bm.sty"
Package: bm 2017/01/16 v1.2c Bold Symbol Support (DPC/FMi)
\symboldoperators=\mathgroup4
\symboldletters=\mathgroup5
\symboldsymbols=\mathgroup6
LaTeX Font Info:    Redeclaring math alphabet \mathbf on input line 141.
LaTeX Info: Redefining \bm on input line 207.
)
("C:\Program Files\MiKTeX 2.9\tex\latex\preprint\authblk.sty"
Package: authblk 2001/02/27 1.3 (PWD)
\affilsep=\skip52
\@affilsep=\skip53
\c@Maxaffil=\count190
\c@authors=\count191
\c@affil=\count192
)
("C:\Program Files\MiKTeX 2.9\tex\latex\amsfonts\amsfonts.sty"
Package: amsfonts 2013/01/14 v3.01 Basic AMSFonts support
\symAMSa=\mathgroup7
\symAMSb=\mathgroup8
LaTeX Font Info:    Overwriting math alphabet `\mathfrak' in version `bold'
(Font)                  U/euf/m/n --> U/euf/b/n on input line 106.
)
("C:\Program Files\MiKTeX 2.9\tex\latex\esint\esint.sty"
Package: esint 
\symlargesymbolsA=\mathgroup9
)
("C:\Program Files\MiKTeX 2.9\tex\latex\oberdiek\centernot.sty"
Package: centernot 2016/05/16 v1.4 Centers the not symbol horizontally (HO)
)
("C:\Program Files\MiKTeX 2.9\tex\latex\mathtools\mathtools.sty"
Package: mathtools 2017/10/30 v1.20 mathematical typesetting tools

("C:\Program Files\MiKTeX 2.9\tex\latex\tools\calc.sty"
Package: calc 2014/10/28 v4.3 Infix arithmetic (KKT,FJ)
\calc@Acount=\count193
\calc@Bcount=\count194
\calc@Adimen=\dimen152
\calc@Bdimen=\dimen153
\calc@Askip=\skip54
\calc@Bskip=\skip55
LaTeX Info: Redefining \setlength on input line 80.
LaTeX Info: Redefining \addtolength on input line 81.
\calc@Ccount=\count195
\calc@Cskip=\skip56
)
("C:\Program Files\MiKTeX 2.9\tex\latex\mathtools\mhsetup.sty"
Package: mhsetup 2017/03/31 v1.3 programming setup (MH)
)
LaTeX Info: Thecontrolsequence`\('isalreadyrobust on input line 129.
LaTeX Info: Thecontrolsequence`\)'isalreadyrobust on input line 129.
LaTeX Info: Thecontrolsequence`\['isalreadyrobust on input line 129.
LaTeX Info: Thecontrolsequence`\]'isalreadyrobust on input line 129.
\g_MT_multlinerow_int=\count196
\l_MT_multwidth_dim=\dimen154
\origjot=\skip57
\l_MT_shortvdotswithinadjustabove_dim=\dimen155
\l_MT_shortvdotswithinadjustbelow_dim=\dimen156
\l_MT_above_intertext_sep=\dimen157
\l_MT_below_intertext_sep=\dimen158
\l_MT_above_shortintertext_sep=\dimen159
\l_MT_below_shortintertext_sep=\dimen160
)
("C:\Program Files\MiKTeX 2.9\tex\latex\bigints\bigints.sty"
Package: bigints 2010/02/15 Writing big integrals
Package bigints Info: This is Bigints by Merciadri Luca. on input line 5.
)
("C:\Program Files\MiKTeX 2.9\tex\latex\amscls\amsthm.sty"
Package: amsthm 2015/03/04 v2.20.2
\thm@style=\toks20
\thm@bodyfont=\toks21
\thm@headfont=\toks22
\thm@notefont=\toks23
\thm@headpunct=\toks24
\thm@preskip=\skip58
\thm@postskip=\skip59
\thm@headsep=\skip60
\dth@everypar=\toks25
)
\c@defn=\count197
\c@prop=\count198
\c@rmk=\count199
\c@thm=\count266
\c@exmp=\count267
\c@prob=\count268
\c@sln=\count269
\c@exer=\count270

("C:\Program Files\MiKTeX 2.9\tex\latex\mathtools\empheq.sty"
Package: empheq 2017/03/31 v2.15 Emphasizing equations
\l_EQ_equationtype_int=\count271
\l_EQ_alignmentmode_int=\count272
\l_EQ_totalwidth_dim=\dimen161
\l_EQ_displaywidth_dim=\dimen162
\l_EQ_temp_linewidth_dim=\dimen163
\EmphEqdelimitershortfall=\dimen164
\EmphEqdelimiterfactor=\count273
\g_EQ_toptag_height_dim=\dimen165
\g_EQ_bottomtag_depth_dim=\dimen166
\g_EQ_toprow_height_dim=\dimen167
\g_EQ_bottomrow_depth_dim=\dimen168
\g_EQ_widesttag_dim=\dimen169
\EQ_mathdisplay_box=\box44
\EQ_tag_box=\box45
\g_EQ_temprow_int=\count274
)
("C:\Program Files\MiKTeX 2.9\tex\latex\hyperref\hyperref.sty"
Package: hyperref 2017/03/14 v6.85a Hypertext links for LaTeX

("C:\Program Files\MiKTeX 2.9\tex\generic\oberdiek\hobsub-hyperref.sty"
Package: hobsub-hyperref 2016/05/16 v1.14 Bundle oberdiek, subset hyperref (HO)


("C:\Program Files\MiKTeX 2.9\tex\generic\oberdiek\hobsub-generic.sty"
Package: hobsub-generic 2016/05/16 v1.14 Bundle oberdiek, subset generic (HO)
Package: hobsub 2016/05/16 v1.14 Construct package bundles (HO)
Package: infwarerr 2016/05/16 v1.4 Providing info/warning/error messages (HO)
Package: ltxcmds 2016/05/16 v1.23 LaTeX kernel commands for general use (HO)
Package: ifluatex 2016/05/16 v1.4 Provides the ifluatex switch (HO)
Package ifluatex Info: LuaTeX not detected.
Package: ifvtex 2016/05/16 v1.6 Detect VTeX and its facilities (HO)
Package ifvtex Info: VTeX not detected.
Package: intcalc 2016/05/16 v1.2 Expandable calculations with integers (HO)
Package: ifpdf 2017/03/15 v3.2 Provides the ifpdf switch
Package: etexcmds 2016/05/16 v1.6 Avoid name clashes with e-TeX commands (HO)
Package etexcmds Info: Could not find \expanded.
(etexcmds)             That can mean that you are not using pdfTeX 1.50 or
(etexcmds)             that some package has redefined \expanded.
(etexcmds)             In the latter case, load this package earlier.
Package: kvsetkeys 2016/05/16 v1.17 Key value parser (HO)
Package: kvdefinekeys 2016/05/16 v1.4 Define keys (HO)
Package: pdftexcmds 2017/03/19 v0.25 Utility functions of pdfTeX for LuaTeX (HO
)
Package pdftexcmds Info: LuaTeX not detected.
Package pdftexcmds Info: \pdf@primitive is available.
Package pdftexcmds Info: \pdf@ifprimitive is available.
Package pdftexcmds Info: \pdfdraftmode found.
Package: pdfescape 2016/05/16 v1.14 Implements pdfTeX's escape features (HO)
Package: bigintcalc 2016/05/16 v1.4 Expandable calculations on big integers (HO
)
Package: bitset 2016/05/16 v1.2 Handle bit-vector datatype (HO)
Package: uniquecounter 2016/05/16 v1.3 Provide unlimited unique counter (HO)
)
Package hobsub Info: Skipping package `hobsub' (already loaded).
Package: letltxmacro 2016/05/16 v1.5 Let assignment for LaTeX macros (HO)
Package: hopatch 2016/05/16 v1.3 Wrapper for package hooks (HO)
Package: xcolor-patch 2016/05/16 xcolor patch
Package: atveryend 2016/05/16 v1.9 Hooks at the very end of document (HO)
Package atveryend Info: \enddocument detected (standard20110627).
Package: atbegshi 2016/06/09 v1.18 At begin shipout hook (HO)
Package: refcount 2016/05/16 v3.5 Data extraction from label references (HO)
Package: hycolor 2016/05/16 v1.8 Color options for hyperref/bookmark (HO)
)
("C:\Program Files\MiKTeX 2.9\tex\generic\ifxetex\ifxetex.sty"
Package: ifxetex 2010/09/12 v0.6 Provides ifxetex conditional
)
("C:\Program Files\MiKTeX 2.9\tex\latex\oberdiek\auxhook.sty"
Package: auxhook 2016/05/16 v1.4 Hooks for auxiliary files (HO)
)
("C:\Program Files\MiKTeX 2.9\tex\latex\oberdiek\kvoptions.sty"
Package: kvoptions 2016/05/16 v3.12 Key value format for package options (HO)
)
\@linkdim=\dimen170
\Hy@linkcounter=\count275
\Hy@pagecounter=\count276

("C:\Program Files\MiKTeX 2.9\tex\latex\hyperref\pd1enc.def"
File: pd1enc.def 2017/03/14 v6.85a Hyperref: PDFDocEncoding definition (HO)
)
\Hy@SavedSpaceFactor=\count277

("C:\Program Files\MiKTeX 2.9\tex\latex\00miktex\hyperref.cfg"
File: hyperref.cfg 2002/06/06 v1.2 hyperref configuration of TeXLive
)
Package hyperref Info: Hyper figures OFF on input line 4498.
Package hyperref Info: Link nesting OFF on input line 4503.
Package hyperref Info: Hyper index ON on input line 4506.
Package hyperref Info: Plain pages OFF on input line 4513.
Package hyperref Info: Backreferencing OFF on input line 4518.
Package hyperref Info: Implicit mode ON; LaTeX internals redefined.
Package hyperref Info: Bookmarks ON on input line 4751.
\c@Hy@tempcnt=\count278

("C:\Program Files\MiKTeX 2.9\tex\latex\url\url.sty"
\Urlmuskip=\muskip17
Package: url 2013/09/16  ver 3.4  Verb mode for urls, etc.
)
LaTeX Info: Redefining \url on input line 5104.
\XeTeXLinkMargin=\dimen171
\Fld@menulength=\count279
\Field@Width=\dimen172
\Fld@charsize=\dimen173
Package hyperref Info: Hyper figures OFF on input line 6358.
Package hyperref Info: Link nesting OFF on input line 6363.
Package hyperref Info: Hyper index ON on input line 6366.
Package hyperref Info: backreferencing OFF on input line 6373.
Package hyperref Info: Link coloring OFF on input line 6378.
Package hyperref Info: Link coloring with OCG OFF on input line 6383.
Package hyperref Info: PDF/A mode OFF on input line 6388.
LaTeX Info: Redefining \ref on input line 6428.
LaTeX Info: Redefining \pageref on input line 6432.
\Hy@abspage=\count280
\c@Item=\count281
\c@Hfootnote=\count282
)

Package hyperref Message: Driver (autodetected): hpdftex.

("C:\Program Files\MiKTeX 2.9\tex\latex\hyperref\hpdftex.def"
File: hpdftex.def 2017/03/14 v6.85a Hyperref driver for pdfTeX
\Fld@listcount=\count283
\c@bookmark@seq@number=\count284

("C:\Program Files\MiKTeX 2.9\tex\latex\oberdiek\rerunfilecheck.sty"
Package: rerunfilecheck 2016/05/16 v1.8 Rerun checks for auxiliary files (HO)
Package uniquecounter Info: New unique counter `rerunfilecheck' on input line 2
82.
)
\Hy@SectionHShift=\skip61
)
("C:\Program Files\MiKTeX 2.9\tex\latex\tensor\tensor.sty"
Package: tensor 2004/12/20 v2.1 tensor indices package (PGR)
\tnsr@Sps=\toks26
\tnsr@Sbs=\toks27
\tnsr@Spe=\toks28
\tnsr@Sbe=\toks29
\ncld@Mno=\toks30
)
("C:\Program Files\MiKTeX 2.9\tex\latex\xcolor\xcolor.sty"
Package: xcolor 2016/05/11 v2.12 LaTeX color extensions (UK)

("C:\Program Files\MiKTeX 2.9\tex\latex\graphics-cfg\color.cfg"
File: color.cfg 2016/01/02 v1.6 sample color configuration
)
Package xcolor Info: Driver file: pdftex.def on input line 225.
Package xcolor Info: Model `cmy' substituted by `cmy0' on input line 1348.
Package xcolor Info: Model `hsb' substituted by `rgb' on input line 1352.
Package xcolor Info: Model `RGB' extended on input line 1364.
Package xcolor Info: Model `HTML' substituted by `rgb' on input line 1366.
Package xcolor Info: Model `Hsb' substituted by `hsb' on input line 1367.
Package xcolor Info: Model `tHsb' substituted by `hsb' on input line 1368.
Package xcolor Info: Model `HSB' substituted by `hsb' on input line 1369.
Package xcolor Info: Model `Gray' substituted by `gray' on input line 1370.
Package xcolor Info: Model `wave' substituted by `hsb' on input line 1371.
)
Package hyperref Info: Option `colorlinks' set `true' on input line 35.

("C:\Program Files\MiKTeX 2.9\tex\latex\subfig\subfig.sty"
Package: subfig 2005/06/28 ver: 1.3 subfig package
\c@KVtest=\count285
\sf@farskip=\skip62
\sf@captopadj=\dimen174
\sf@capskip=\skip63
\sf@nearskip=\skip64
\c@subfigure=\count286
\c@subfigure@save=\count287
\c@lofdepth=\count288
\c@subtable=\count289
\c@subtable@save=\count290
\c@lotdepth=\count291
\sf@top=\skip65
\sf@bottom=\skip66
)
("C:\Program Files\MiKTeX 2.9\tex\latex\listings\listings.sty"
\lst@mode=\count292
\lst@gtempboxa=\box46
\lst@token=\toks31
\lst@length=\count293
\lst@currlwidth=\dimen175
\lst@column=\count294
\lst@pos=\count295
\lst@lostspace=\dimen176
\lst@width=\dimen177
\lst@newlines=\count296
\lst@lineno=\count297
\lst@maxwidth=\dimen178

("C:\Program Files\MiKTeX 2.9\tex\latex\listings\lstmisc.sty"
File: lstmisc.sty 2015/06/04 1.6 (Carsten Heinz)
\c@lstnumber=\count298
\lst@skipnumbers=\count299
\lst@framebox=\box47
)
("C:\Program Files\MiKTeX 2.9\tex\latex\listings\listings.cfg"
File: listings.cfg 2015/06/04 1.6 listings configuration
))
Package: listings 2015/06/04 1.6 (Carsten Heinz)

("C:\Program Files\MiKTeX 2.9\tex\latex\listings\lstlang1.sty"
File: lstlang1.sty 2015/06/04 1.6 listings language file
)
("C:\Program Files\MiKTeX 2.9\tex\latex\listings\lstlang1.sty"
File: lstlang1.sty 2015/06/04 1.6 listings language file
)
("C:\Program Files\MiKTeX 2.9\tex\latex\listings\lstlang1.sty"
File: lstlang1.sty 2015/06/04 1.6 listings language file
) (HuanBui_QM.aux)
\openout1 = `HuanBui_QM.aux'.

LaTeX Font Info:    Checking defaults for OML/cmm/m/it on input line 120.
LaTeX Font Info:    ... okay on input line 120.
LaTeX Font Info:    Checking defaults for T1/cmr/m/n on input line 120.
LaTeX Font Info:    ... okay on input line 120.
LaTeX Font Info:    Checking defaults for OT1/cmr/m/n on input line 120.
LaTeX Font Info:    ... okay on input line 120.
LaTeX Font Info:    Checking defaults for OMS/cmsy/m/n on input line 120.
LaTeX Font Info:    ... okay on input line 120.
LaTeX Font Info:    Checking defaults for OMX/cmex/m/n on input line 120.
LaTeX Font Info:    ... okay on input line 120.
LaTeX Font Info:    Checking defaults for U/cmr/m/n on input line 120.
LaTeX Font Info:    ... okay on input line 120.
LaTeX Font Info:    Checking defaults for PD1/pdf/m/n on input line 120.
LaTeX Font Info:    ... okay on input line 120.
 ("C:\Program Files\MiKTeX 2.9\tex\context\base\supp-pdf.mkii"
[Loading MPS to PDF converter (version 2006.09.02).]
\scratchcounter=\count300
\scratchdimen=\dimen179
\scratchbox=\box48
\nofMPsegments=\count301
\nofMParguments=\count302
\everyMPshowfont=\toks32
\MPscratchCnt=\count303
\MPscratchDim=\dimen180
\MPnumerator=\count304
\makeMPintoPDFobject=\count305
\everyMPtoPDFconversion=\toks33
) ("C:\Program Files\MiKTeX 2.9\tex\latex\oberdiek\epstopdf-base.sty"
Package: epstopdf-base 2016/05/15 v2.6 Base part for package epstopdf

("C:\Program Files\MiKTeX 2.9\tex\latex\oberdiek\grfext.sty"
Package: grfext 2016/05/16 v1.2 Manage graphics extensions (HO)
)
Package epstopdf-base Info: Redefining graphics rule for `.eps' on input line 4
38.
Package grfext Info: Graphics extension search list:
(grfext)             [.pdf,.png,.jpg,.mps,.jpeg,.jbig2,.jb2,.PDF,.PNG,.JPG,.JPE
G,.JBIG2,.JB2,.eps]
(grfext)             \AppendGraphicsExtensions on input line 456.
)
Package caption Info: Begin \AtBeginDocument code.
Package caption Info: subfig package v1.3 is loaded.
Package caption Info: hyperref package is loaded.
Package caption Info: listings package is loaded.
Package caption Info: End \AtBeginDocument code.
\AtBeginShipoutBox=\box49
Package hyperref Info: Link coloring ON on input line 120.

("C:\Program Files\MiKTeX 2.9\tex\latex\hyperref\nameref.sty"
Package: nameref 2016/05/21 v2.44 Cross-referencing by name of section

("C:\Program Files\MiKTeX 2.9\tex\generic\oberdiek\gettitlestring.sty"
Package: gettitlestring 2016/05/16 v1.5 Cleanup title references (HO)
)
\c@section@level=\count306
)
LaTeX Info: Redefining \ref on input line 120.
LaTeX Info: Redefining \pageref on input line 120.
LaTeX Info: Redefining \nameref on input line 120.

(HuanBui_QM.out) (HuanBui_QM.out)
\@outlinefile=\write3
\openout3 = `HuanBui_QM.out'.

\c@lstlisting=\count307


LaTeX Font Warning: Font shape `OT1/cmr/bx/sc' undefined
(Font)              using `OT1/cmr/bx/n' instead on input line 128.

LaTeX Font Info:    Try loading font information for U+msa on input line 128.
("C:\Program Files\MiKTeX 2.9\tex\latex\amsfonts\umsa.fd"
File: umsa.fd 2013/01/14 v3.01 AMS symbols A
)
LaTeX Font Info:    Try loading font information for U+msb on input line 128.

("C:\Program Files\MiKTeX 2.9\tex\latex\amsfonts\umsb.fd"
File: umsb.fd 2013/01/14 v3.01 AMS symbols B
)
LaTeX Font Info:    Try loading font information for U+esint on input line 128.


("C:\Program Files\MiKTeX 2.9\tex\latex\esint\uesint.fd"
File: uesint.fd 
) [1




{C:/Users/buiqu/AppData/Local/MiKTeX/2.9/pdftex/config/pdftex.map}]
Underfull \hbox (badness 10000) in paragraph at lines 134--135

 []


Underfull \hbox (badness 10000) in paragraph at lines 136--137

 []


Underfull \hbox (badness 10000) in paragraph at lines 138--139

 []

[2] (HuanBui_QM.toc
Overfull \hbox (7.13948pt too wide) in paragraph at lines 32--32
 [][] [][][]\OT1/cmr/m/n/10 Cyclic Co-or-di-nates, Pois-son Brack-ets, and Cano
n-i-cal Trans- 
 []

[3

] [4]
Missing character: There is no  in font cmr10!
Missing character: There is no  in font cmr10!
Missing character: There is no  in font cmr10!
)
\tf@toc=\write4
\openout4 = `HuanBui_QM.toc'.

 [5] [6

]
Part 1.
[7]
LaTeX Font Info:    Try loading font information for OMS+cmr on input line 171.

 ("C:\Program Files\MiKTeX 2.9\tex\latex\base\omscmr.fd"
File: omscmr.fd 2014/09/29 v2.5h Standard LaTeX font definitions
)
LaTeX Font Info:    Font shape `OMS/cmr/m/n' in size <10> not available
(Font)              Font shape `OMS/cmsy/m/n' tried instead on input line 171.
 [8] [9] [10]
[11] [12] [13] [14] [15] [16] [17]
Overfull \hbox (13.66724pt too wide) detected at line 696
[]
 []

[18] [19] [20] [21]
<gauss.png, id=719, 606.01407pt x 383.18156pt>
File: gauss.png Graphic file (type png)
<use gauss.png>
Package pdftex.def Info: gauss.png  used on input line 862.
(pdftex.def)             Requested size: 181.80562pt x 114.95535pt.
 [22 <./gauss.png>]
<dgauss.png, id=734, 328.97906pt x 177.66376pt>
File: dgauss.png Graphic file (type png)
<use dgauss.png>
Package pdftex.def Info: dgauss.png  used on input line 883.
(pdftex.def)             Requested size: 164.48912pt x 88.83165pt.
 [23 <./dgauss.png>] [24]
Underfull \hbox (badness 10000) in paragraph at lines 989--991

 []

[25]
Underfull \hbox (badness 10000) in paragraph at lines 1006--1008

 []

[26] [27] [28]
Overfull \hbox (0.88942pt too wide) in paragraph at lines 1182--1184
\OT1/cmr/m/n/10 Now, we no-tice that we have as-sumed the po-ten-tial $\OML/cmm
/m/it/10 V$ \OT1/cmr/m/n/10 to be velocity-independent.
 []

[29] [30] [31] [32] [33]
Underfull \hbox (badness 10000) in paragraph at lines 1355--1357

 []


Underfull \hbox (badness 10000) in paragraph at lines 1358--1359

 []


Underfull \hbox (badness 2635) in paragraph at lines 1365--1365
[]\OT1/cmr/m/n/10 The state of a sys-tem with $\OML/cmm/m/it/10 n$
 []


Underfull \hbox (badness 4303) in paragraph at lines 1365--1365
\OT1/cmr/m/n/10 df's is de-scribed by $\OML/cmm/m/it/10 n$ \OT1/cmr/m/n/10 co-o
r-di-
 []


Underfull \hbox (badness 4205) in paragraph at lines 1367--1368
\OT1/cmr/m/n/10 rep-re-sented by a point in $2\OML/cmm/m/it/10 n$\OT1/cmr/m/n/1
0 -
 []


Underfull \hbox (badness 1264) in paragraph at lines 1371--1372
[]\OT1/cmr/m/n/10 For a given $\OMS/cmsy/m/n/10 H$ \OT1/cmr/m/n/10 only one tra
-jec-
 []


Underfull \hbox (badness 10000) in paragraph at lines 1360--1374

 []

[34]
Overfull \hbox (12.12497pt too wide) in paragraph at lines 1406--1406
[]\OT1/cmr/bx/n/12 The Elec-tro-mag-netic Force in the Hamil-to-nian Scheme 
 []


Underfull \hbox (badness 10000) in paragraph at lines 1440--1442

 []

[35]
Underfull \hbox (badness 10000) in paragraph at lines 1458--1460

 []

[36]
Underfull \hbox (badness 10000) in paragraph at lines 1508--1509

 []


Underfull \hbox (badness 2351) in paragraph at lines 1526--1527
\OT1/cmr/m/n/10 with time ac-cord-ing to
 []


Underfull \vbox (badness 3240) has occurred while \output is active []

 [37]
Underfull \hbox (badness 10000) in paragraph at lines 1547--1549

 []

[38]
Underfull \hbox (badness 10000) in paragraph at lines 1618--1619

 []

[39]
Underfull \hbox (badness 10000) in paragraph at lines 1623--1625

 []


Underfull \hbox (badness 10000) in paragraph at lines 1626--1627

 []


Underfull \hbox (badness 10000) in paragraph at lines 1631--1633

 []


Underfull \hbox (badness 10000) in paragraph at lines 1650--1652

 []

[40] [41]
Underfull \hbox (badness 10000) in paragraph at lines 1728--1730

 []

[42]
Underfull \hbox (badness 10000) in paragraph at lines 1755--1757

 []


Underfull \hbox (badness 10000) in paragraph at lines 1761--1763

 []

[43]
Underfull \hbox (badness 10000) in paragraph at lines 1805--1807

 []


Underfull \hbox (badness 10000) in paragraph at lines 1811--1813

 []

[44]
Underfull \hbox (badness 10000) in paragraph at lines 1837--1839

 []


Underfull \hbox (badness 10000) in paragraph at lines 1859--1860

 []

[45]
Underfull \hbox (badness 10000) in paragraph at lines 1882--1883

 []


Underfull \hbox (badness 10000) in paragraph at lines 1891--1893

 []

[46]
Underfull \hbox (badness 10000) in paragraph at lines 1944--1945

 []


Underfull \hbox (badness 10000) in paragraph at lines 1952--1953

 []

[47]
Underfull \hbox (badness 10000) in paragraph at lines 1954--1955

 []


Underfull \hbox (badness 10000) in paragraph at lines 1956--1957

 []


Overfull \hbox (16.8939pt too wide) in paragraph at lines 1958--1959
\OT1/cmr/m/n/10 (1\OML/cmm/m/it/10 =\OT1/cmr/m/n/10 2) []$ is a so-lu-tion, and
 it is pure real. And of course, $\OML/cmm/m/it/10  [] \OT1/cmr/m/n/10 = (1\OML
/cmm/m/it/10 =\OT1/cmr/m/n/10 2\OML/cmm/m/it/10 i\OT1/cmr/m/n/10 ) []$
 []

[48]
LaTeX Font Info:    Try loading font information for U+euf on input line 1984.
 ("C:\Program Files\MiKTeX 2.9\tex\latex\amsfonts\ueuf.fd"
File: ueuf.fd 2013/01/14 v3.01 Euler Fraktur
)
Underfull \hbox (badness 10000) in paragraph at lines 2004--2005

 []

[49]

Package hyperref Warning: Token not allowed in a PDF string (PDFDocEncoding):
(hyperref)                removing `math shift' on input line 2020.


Package hyperref Warning: Token not allowed in a PDF string (PDFDocEncoding):
(hyperref)                removing `math shift' on input line 2020.


Underfull \hbox (badness 10000) in paragraph at lines 2023--2024

 []


Underfull \hbox (badness 10000) in paragraph at lines 2038--2040

 []

[50]
Underfull \hbox (badness 10000) in paragraph at lines 2066--2067

 []


Underfull \hbox (badness 10000) in paragraph at lines 2090--2092

 []

[51]

Package hyperref Warning: Token not allowed in a PDF string (PDFDocEncoding):
(hyperref)                removing `math shift' on input line 2113.


Package hyperref Warning: Token not allowed in a PDF string (PDFDocEncoding):
(hyperref)                removing `math shift' on input line 2113.


Underfull \hbox (badness 10000) in paragraph at lines 2133--2135

 []

[52]
Underfull \hbox (badness 10000) in paragraph at lines 2148--2150

 []


Underfull \hbox (badness 10000) in paragraph at lines 2155--2157

 []

[53] [54] [55]

Package hyperref Warning: Token not allowed in a PDF string (PDFDocEncoding):
(hyperref)                removing `math shift' on input line 2221.


Package hyperref Warning: Token not allowed in a PDF string (PDFDocEncoding):
(hyperref)                removing `math shift' on input line 2221.

[56] [57]
Overfull \hbox (3.68292pt too wide) in paragraph at lines 2236--2236
[]\OT1/cmr/bx/n/14.4 Rotational In-vari-ance and An-gu-lar Mo-men-
 []

[58] [59] [60] [61] [62] [63] [64] [65] [66]
Underfull \hbox (badness 10000) in paragraph at lines 2305--2306

 []


Underfull \hbox (badness 10000) in paragraph at lines 2327--2328

 []


Underfull \hbox (badness 10000) in paragraph at lines 2329--2330

 []


Underfull \hbox (badness 10000) in paragraph at lines 2331--2332

 []

[67]

Package hyperref Warning: Token not allowed in a PDF string (PDFDocEncoding):
(hyperref)                removing `math shift' on input line 2336.


Package hyperref Warning: Token not allowed in a PDF string (PDFDocEncoding):
(hyperref)                removing `math shift' on input line 2336.


Underfull \hbox (badness 10000) in paragraph at lines 2346--2348

 []


Underfull \hbox (badness 10000) in paragraph at lines 2366--2367

 []

[68]
Overfull \hbox (12.48865pt too wide) detected at line 2375
[]
 []


Underfull \hbox (badness 10000) in paragraph at lines 2385--2386

 []


Underfull \hbox (badness 10000) in paragraph at lines 2395--2396

 []


Underfull \hbox (badness 10000) in paragraph at lines 2404--2406

 []


Underfull \hbox (badness 10000) in paragraph at lines 2407--2408

 []

[69]
Overfull \hbox (16.58984pt too wide) detected at line 2421
[]
 []

[70] [71]
Underfull \hbox (badness 10000) in paragraph at lines 2508--2510

 []


Underfull \hbox (badness 10000) in paragraph at lines 2518--2520

 []

[72]
Underfull \hbox (badness 10000) in paragraph at lines 2539--2541

 []


Underfull \hbox (badness 10000) in paragraph at lines 2558--2559

 []


Underfull \hbox (badness 10000) in paragraph at lines 2578--2579

 []

[73]
Underfull \hbox (badness 10000) in paragraph at lines 2583--2585

 []

[74]
Underfull \hbox (badness 10000) in paragraph at lines 2636--2638

 []


Overfull \hbox (19.13933pt too wide) detected at line 2668
[]
 []

[75]
Overfull \hbox (5.88098pt too wide) detected at line 2703
[]
 []

[76]
Underfull \hbox (badness 10000) in paragraph at lines 2720--2721

 []

[77]
Underfull \hbox (badness 10000) in paragraph at lines 2751--2752

 []

[78] [79] [80] [81]

Package hyperref Warning: Token not allowed in a PDF string (PDFDocEncoding):
(hyperref)                removing `math shift' on input line 2863.


Package hyperref Warning: Token not allowed in a PDF string (PDFDocEncoding):
(hyperref)                removing `math shift' on input line 2863.


Underfull \hbox (badness 10000) in paragraph at lines 2900--2902

 []

[82]
Underfull \hbox (badness 10000) in paragraph at lines 2918--2920

 []

[83]
<contour.png, id=1403, 206.27063pt x 127.60172pt>
File: contour.png Graphic file (type png)
<use contour.png>
Package pdftex.def Info: contour.png  used on input line 2954.
(pdftex.def)             Requested size: 144.38844pt x 89.32057pt.
 [84 <./contour.png>]
<laurent.png, id=1416, 1284.8pt x 1284.8pt>
File: laurent.png Graphic file (type png)
<use laurent.png>
Package pdftex.def Info: laurent.png  used on input line 3001.
(pdftex.def)             Requested size: 192.71169pt x 192.71169pt.

Underfull \hbox (badness 10000) in paragraph at lines 3013--3015

 []


Underfull \hbox (badness 10000) in paragraph at lines 3016--3017

 []

[85 <./laurent.png>]
Underfull \hbox (badness 10000) in paragraph at lines 3032--3033

 []


Underfull \hbox (badness 10000) in paragraph at lines 3034--3035

 []

[86]
<improper.png, id=1438, 339.51843pt x 165.61874pt>
File: improper.png Graphic file (type png)
<use improper.png>
Package pdftex.def Info: improper.png  used on input line 3111.
(pdftex.def)             Requested size: 237.66127pt x 115.93231pt.
 [87] [88 <./improper.png>] [89] [90]
Underfull \hbox (badness 10000) in paragraph at lines 3203--3204

 []


Underfull \hbox (badness 10000) in paragraph at lines 3210--3211

 []

<poles.jpg, id=1474, 2942.74406pt x 1427.3325pt>
File: poles.jpg Graphic file (type jpg)
<use poles.jpg>
Package pdftex.def Info: poles.jpg  used on input line 3233.
(pdftex.def)             Requested size: 294.29164pt x 142.74161pt.
[91]
Underfull \hbox (badness 10000) in paragraph at lines 3256--3257

 []


Underfull \hbox (badness 10000) in paragraph at lines 3261--3263

 []

[92 <./poles.jpg>]
Underfull \hbox (badness 10000) in paragraph at lines 3272--3274

 []


Overfull \hbox (8.3315pt too wide) in paragraph at lines 3284--3286
\OT1/cmr/m/n/10 where we're us-ing the con-ven-tional Minkowskian met-ric $\OML
/cmm/m/it/10 [] \OT1/cmr/m/n/10 = [](1\OML/cmm/m/it/10 ; \OMS/cmsy/m/n/10  \OT
1/cmr/m/n/10 1\OML/cmm/m/it/10 ; \OMS/cmsy/m/n/10  \OT1/cmr/m/n/10 1\OML/cmm/m/
it/10 ; \OMS/cmsy/m/n/10  \OT1/cmr/m/n/10 1)$.
 []


Underfull \hbox (badness 10000) in paragraph at lines 3296--3298

 []


Underfull \hbox (badness 10000) in paragraph at lines 3299--3300

 []

[93] [94]
Underfull \hbox (badness 10000) in paragraph at lines 3343--3345

 []


Underfull \hbox (badness 10000) in paragraph at lines 3353--3355

 []


Underfull \hbox (badness 10000) in paragraph at lines 3362--3364

 []

[95]
Underfull \hbox (badness 10000) in paragraph at lines 3374--3376

 []

[96]
Underfull \hbox (badness 10000) in paragraph at lines 3431--3433

 []


Underfull \hbox (badness 10000) in paragraph at lines 3443--3445

 []

<source.png, id=1543, 222.4561pt x 189.33234pt>
File: source.png Graphic file (type png)
<use source.png>
Package pdftex.def Info: source.png  used on input line 3449.
(pdftex.def)             Requested size: 155.7182pt x 132.53172pt.

Underfull \hbox (badness 10000) in paragraph at lines 3457--3458

 []

[97 <./source.png>]
Underfull \hbox (badness 10000) in paragraph at lines 3478--3480

 []


Underfull \hbox (badness 10000) in paragraph at lines 3497--3499

 []


Underfull \hbox (badness 10000) in paragraph at lines 3507--3509

 []

[98]
Underfull \vbox (badness 10000) has occurred while \output is active []

 [99]
Underfull \hbox (badness 10000) in paragraph at lines 3573--3574

 []


Underfull \vbox (badness 10000) has occurred while \output is active []

 [100]
Underfull \hbox (badness 10000) in paragraph at lines 3578--3580

 []

<feynman-1.png, id=1589, 176.91093pt x 219.82124pt>
File: feynman-1.png Graphic file (type png)
<use feynman-1.png>
Package pdftex.def Info: feynman-1.png  used on input line 3603.
(pdftex.def)             Requested size: 123.83679pt x 153.87381pt.

Overfull \hbox (2.47815pt too wide) detected at line 3614
[]
 []

[101 <./feynman-1.png>]
<feynman-2.png, id=1601, 310.15875pt x 200.24812pt>
File: feynman-2.png Graphic file (type png)
<use feynman-2.png>
Package pdftex.def Info: feynman-2.png  used on input line 3618.
(pdftex.def)             Requested size: 186.09668pt x 120.1498pt.

Underfull \hbox (badness 10000) in paragraph at lines 3644--3645

 []

[102 <./feynman-2.png>]
Underfull \hbox (badness 10000) in paragraph at lines 3698--3700

 []

[103]
Underfull \hbox (badness 10000) in paragraph at lines 3704--3706

 []

[104]
Underfull \hbox (badness 10000) in paragraph at lines 3755--3756

 []


Underfull \hbox (badness 10000) in paragraph at lines 3776--3778

 []


Underfull \hbox (badness 10000) in paragraph at lines 3782--3784

 []

[105]
Underfull \hbox (badness 10000) in paragraph at lines 3821--3823

 []


Package amsmath Warning: Foreign command \atopwithdelims;
(amsmath)                \frac or \genfrac should be used instead
(amsmath)                 on input line 3827.

[106]
Underfull \hbox (badness 10000) in paragraph at lines 3840--3841

 []


Underfull \hbox (badness 10000) in paragraph at lines 3842--3843

 []

[107] [108]
Overfull \hbox (1.371pt too wide) detected at line 3931
[]
 []


Underfull \hbox (badness 10000) in paragraph at lines 3931--3933

 []

[109] [110]
Underfull \hbox (badness 10000) in paragraph at lines 4006--4007

 []


Underfull \hbox (badness 10000) in paragraph at lines 4009--4010

 []

<feynman-diagram-1.png, id=1714, 479.54156pt x 178.41656pt>
File: feynman-diagram-1.png Graphic file (type png)
<use feynman-diagram-1.png>
Package pdftex.def Info: feynman-diagram-1.png  used on input line 4013.
(pdftex.def)             Requested size: 335.6768pt x 124.89072pt.

Underfull \hbox (badness 10000) in paragraph at lines 4018--4019

 []

[111 <./feynman-diagram-1.png>]
<feynman-diagram-2.png, id=1728, 753.5653pt x 782.925pt>
File: feynman-diagram-2.png Graphic file (type png)
<use feynman-diagram-2.png>
Package pdftex.def Info: feynman-diagram-2.png  used on input line 4022.
(pdftex.def)             Requested size: 226.07133pt x 234.8793pt.

Underfull \hbox (badness 10000) in paragraph at lines 4027--4028

 []

<feynman-diagram-3.png, id=1729, 660.21657pt x 359.09157pt>
File: feynman-diagram-3.png Graphic file (type png)
<use feynman-diagram-3.png>
Package pdftex.def Info: feynman-diagram-3.png  used on input line 4031.
(pdftex.def)             Requested size: 264.08194pt x 143.63408pt.
[112 <./feynman-diagram-2.png>]
Underfull \hbox (badness 10000) in paragraph at lines 4062--4064

 []


Underfull \hbox (badness 10000) in paragraph at lines 4080--4081

 []

<feynman-diagram-4.png, id=1740, 231.11343pt x 283.0575pt>
File: feynman-diagram-4.png Graphic file (type png)
<use feynman-diagram-4.png>
Package pdftex.def Info: feynman-diagram-4.png  used on input line 4094.
(pdftex.def)             Requested size: 115.55643pt x 141.5284pt.
[113 <./feynman-diagram-3.png>]
Underfull \hbox (badness 10000) in paragraph at lines 4123--4125

 []

[114 <./feynman-diagram-4.png>]
Underfull \hbox (badness 10000) in paragraph at lines 4147--4148

 []

[115] [116]
Overfull \hbox (13.93176pt too wide) detected at line 4224
[]
 []

[117]
Underfull \hbox (badness 10000) in paragraph at lines 4231--4232

 []

[118]
Underfull \hbox (badness 10000) in paragraph at lines 4251--4252

 []


Overfull \hbox (2.9858pt too wide) detected at line 4258
[]
 []


Overfull \hbox (1.7671pt too wide) detected at line 4263
[]
 []


Underfull \hbox (badness 10000) in paragraph at lines 4275--4277

 []

[119]
Underfull \hbox (badness 10000) in paragraph at lines 4320--4321

 []


Underfull \hbox (badness 10000) in paragraph at lines 4325--4327

 []

[120]
Underfull \hbox (badness 10000) in paragraph at lines 4368--4369

 []


Underfull \hbox (badness 10000) in paragraph at lines 4373--4375

 []

[121]
Overfull \hbox (4.97766pt too wide) detected at line 4389
[]
 []


Overfull \hbox (22.3119pt too wide) detected at line 4408
[]
 []

[122]
Underfull \hbox (badness 10000) in paragraph at lines 4433--4435

 []


Underfull \hbox (badness 10000) in paragraph at lines 4436--4437

 []


Underfull \hbox (badness 10000) in paragraph at lines 4438--4439

 []

[123]
Underfull \hbox (badness 10000) in paragraph at lines 4440--4441

 []

<mesons.png, id=1856, 955.31906pt x 736.25063pt>
File: mesons.png Graphic file (type png)
<use mesons.png>
Package pdftex.def Info: mesons.png  used on input line 4474.
(pdftex.def)             Requested size: 286.59793pt x 220.87689pt.

Underfull \hbox (badness 10000) in paragraph at lines 4471--4477

 []


Underfull \hbox (badness 10000) in paragraph at lines 4478--4479

 []


Overfull \hbox (21.28413pt too wide) detected at line 4483
[]
 []

[124]
Overfull \hbox (2.91678pt too wide) detected at line 4496
[]
 []


Underfull \hbox (badness 10000) in paragraph at lines 4496--4498

 []

[125 <./mesons.png>]
Underfull \hbox (badness 10000) in paragraph at lines 4522--4524

 []

[126]
Underfull \hbox (badness 10000) in paragraph at lines 4536--4538

 []


Underfull \hbox (badness 10000) in paragraph at lines 4548--4550

 []

<propagates.png, id=1889, 350.81062pt x 365.11406pt>
File: propagates.png Graphic file (type png)
<use propagates.png>
Package pdftex.def Info: propagates.png  used on input line 4554.
(pdftex.def)             Requested size: 105.24399pt x 109.53505pt.

Underfull \hbox (badness 10000) in paragraph at lines 4574--4575

 []

[127 <./propagates.png>]
<momentum-propagator.png, id=1902, 508.90125pt x 432.86719pt>
File: momentum-propagator.png Graphic file (type png)
<use momentum-propagator.png>
Package pdftex.def Info: momentum-propagator.png  used on input line 4591.
(pdftex.def)             Requested size: 152.67155pt x 129.86115pt.
 [128 <./momentum-propagator.png>]
Underfull \hbox (badness 10000) in paragraph at lines 4611--4612

 []

File: momentum-propagator.png Graphic file (type png)
<use momentum-propagator.png>
Package pdftex.def Info: momentum-propagator.png  used on input line 4618.
(pdftex.def)             Requested size: 152.67155pt x 129.86115pt.

Underfull \hbox (badness 10000) in paragraph at lines 4627--4628

 []

[129]
<birth.png, id=1929, 693.34032pt x 702.37407pt>
File: birth.png Graphic file (type png)
<use birth.png>
Package pdftex.def Info: birth.png  used on input line 4662.
(pdftex.def)             Requested size: 208.0037pt x 210.71384pt.

Underfull \hbox (badness 10000) in paragraph at lines 4667--4668

 []


Underfull \hbox (badness 10000) in paragraph at lines 4669--4670

 []


Underfull \hbox (badness 10000) in paragraph at lines 4678--4679

 []

[130]
Underfull \hbox (badness 10000) in paragraph at lines 4713--4714

 []

[131 <./birth.png>]
<loop-feynman.png, id=1951, 445.665pt x 647.41875pt>
File: loop-feynman.png Graphic file (type png)
<use loop-feynman.png>
Package pdftex.def Info: loop-feynman.png  used on input line 4725.
(pdftex.def)             Requested size: 133.70053pt x 194.22711pt.
 [132 <./loop-feynman.png>]
Underfull \hbox (badness 10000) in paragraph at lines 4739--4740

 []


Underfull \hbox (badness 10000) in paragraph at lines 4741--4742

 []

<loop-2.png, id=1961, 342.5297pt x 696.35156pt>
File: loop-2.png Graphic file (type png)
<use loop-2.png>
Package pdftex.def Info: loop-2.png  used on input line 4746.
(pdftex.def)             Requested size: 102.75969pt x 208.90707pt.
[133 <./loop-2.png>]
Overfull \hbox (55.82982pt too wide) in paragraph at lines 4773--4775
\OT1/cmr/m/n/10 setting $\OML/cmm/m/it/10 w \OMS/cmsy/m/n/10 ! \OML/cmm/m/it/10
 c; d; g; h$\OT1/cmr/m/n/10 , cre-at-ing $\OMS/cmsy/m/n/10 D[]D[]$\OT1/cmr/m/n/
10 . In this case, the co-ef-fi-cient of $\OML/cmm/m/it/10 J\OT1/cmr/m/n/10 (\O
ML/cmm/m/it/10 x[]\OT1/cmr/m/n/10 )\OML/cmm/m/it/10 J\OT1/cmr/m/n/10 (\OML/cmm/
m/it/10 x[]\OT1/cmr/m/n/10 )\OML/cmm/m/it/10 J\OT1/cmr/m/n/10 (\OML/cmm/m/it/10
 x[]\OT1/cmr/m/n/10 )\OML/cmm/m/it/10 J\OT1/cmr/m/n/10 (\OML/cmm/m/it/10 x[]\OT
1/cmr/m/n/10 )$
 []

<self-int.png, id=1971, 1039.63406pt x 627.84563pt>
File: self-int.png Graphic file (type png)
<use self-int.png>
Package pdftex.def Info: self-int.png  used on input line 4781.
(pdftex.def)             Requested size: 311.89262pt x 188.35513pt.

Underfull \hbox (badness 10000) in paragraph at lines 4786--4787

 []

[134 <./self-int.png>]
Underfull \hbox (badness 10000) in paragraph at lines 4789--4790

 []

[135]
Underfull \hbox (badness 10000) in paragraph at lines 4841--4843

 []

[136]
Underfull \hbox (badness 10000) in paragraph at lines 4883--4885

 []


Underfull \hbox (badness 10000) in paragraph at lines 4890--4892

 []


Overfull \hbox (12.86794pt too wide) detected at line 4906
[]
 []

[137]
Underfull \hbox (badness 10000) in paragraph at lines 4915--4917

 []


Overfull \hbox (15.13783pt too wide) detected at line 4956
[]
 []

[138]
Overfull \hbox (36.35469pt too wide) in paragraph at lines 4960--4961
[]\OT1/cmr/m/n/10 To make con-tact with the path in-te-gral for-mu-la-tion let 
us eval-u-ate $[] \OML/cmm/m/it/10 \OT1/cmr/m/n/10 ([]\OML/cmm/m/it/10 ; t\OT1
/cmr/m/n/10 )\OML/cmm/m/it/10 \OT1/cmr/m/n/10 ([]\OML/cmm/m/it/10 ; \OT1/cmr/m
/n/10 0) []$
 []


Overfull \hbox (56.17564pt too wide) detected at line 4969
[]
 []

[139]
Underfull \hbox (badness 10000) in paragraph at lines 4998--4999

 []

[140] [141]
Underfull \hbox (badness 10000) in paragraph at lines 5057--5059

 []


Overfull \hbox (36.47835pt too wide) detected at line 5108
[]
 []

[142]
Underfull \hbox (badness 10000) in paragraph at lines 5119--5121

 []

[143] [144]
File: loop-feynman.png Graphic file (type png)
<use loop-feynman.png>
Package pdftex.def Info: loop-feynman.png  used on input line 5219.
(pdftex.def)             Requested size: 133.70053pt x 194.22711pt.

Underfull \hbox (badness 10000) in paragraph at lines 5228--5229

 []

[145]
Underfull \hbox (badness 10000) in paragraph at lines 5246--5248

 []

<rotate.jpg, id=2106, 2055.68pt x 723.70375pt>
File: rotate.jpg Graphic file (type jpg)
<use rotate.jpg>
Package pdftex.def Info: rotate.jpg  used on input line 5264.
(pdftex.def)             Requested size: 205.58003pt x 72.3746pt.
[146] [147 <./rotate.jpg>] [148]
Underfull \hbox (badness 10000) in paragraph at lines 5350--5351

 []

[149]
Underfull \hbox (badness 10000) in paragraph at lines 5372--5373

 []


Overfull \hbox (4.30783pt too wide) detected at line 5378
[]
 []

[150]
Overfull \hbox (10.1938pt too wide) detected at line 5429
[]
 []

[151]
Underfull \hbox (badness 10000) in paragraph at lines 5506--5507

 []

[152]
Underfull \hbox (badness 10000) in paragraph at lines 5518--5520

 []


Overfull \hbox (2.20097pt too wide) detected at line 5531
[]
 []


Underfull \hbox (badness 10000) in paragraph at lines 5531--5533

 []

[153] [154]
Underfull \hbox (badness 10000) in paragraph at lines 5627--5629

 []

[155]
Underfull \hbox (badness 10000) in paragraph at lines 5706--5707

 []


Underfull \hbox (badness 10000) in paragraph at lines 5709--5710

 []

[156]
Underfull \hbox (badness 10000) in paragraph at lines 5733--5734

 []


Underfull \hbox (badness 10000) in paragraph at lines 5741--5742

 []


Underfull \hbox (badness 10000) in paragraph at lines 5746--5748

 []


Underfull \hbox (badness 10000) in paragraph at lines 5781--5782

 []

[157] [158]
Underfull \hbox (badness 10000) in paragraph at lines 5847--5848

 []


Underfull \hbox (badness 10000) in paragraph at lines 5856--5857

 []

<mesons-phi-4.png, id=2286, 1107.38719pt x 414.04688pt>
File: mesons-phi-4.png Graphic file (type png)
<use mesons-phi-4.png>
Package pdftex.def Info: mesons-phi-4.png  used on input line 5861.
(pdftex.def)             Requested size: 332.21872pt x 124.21501pt.

Underfull \hbox (badness 10000) in paragraph at lines 5867--5869

 []


Overfull \hbox (5.0427pt too wide) detected at line 5873
[]
 []

[159 <./mesons-phi-4.png>]
Underfull \hbox (badness 10000) in paragraph at lines 5873--5875

 []


Underfull \hbox (badness 10000) in paragraph at lines 5879--5881

 []


Overfull \hbox (5.89145pt too wide) in paragraph at lines 5882--5883
\OT1/cmr/m/n/10 Now, sup-pose we do a \OT1/cmr/bx/n/10 mass renor-mal-iza-tion 
\OT1/cmr/m/n/10 by shift-ing the energy-momentum-
 []


Underfull \hbox (badness 10000) in paragraph at lines 5896--5897

 []


Underfull \hbox (badness 10000) in paragraph at lines 5898--5899

 []

[160]
Underfull \hbox (badness 10000) in paragraph at lines 5915--5916

 []

<crosses.png, id=2305, 1043.39813pt x 561.59813pt>
File: crosses.png Graphic file (type png)
<use crosses.png>
Package pdftex.def Info: crosses.png  used on input line 5926.
(pdftex.def)             Requested size: 208.67592pt x 112.31763pt.

Underfull \hbox (badness 10000) in paragraph at lines 5922--5928

 []


Underfull \hbox (badness 10000) in paragraph at lines 5929--5930

 []

[161 <./crosses.png>]
Underfull \hbox (badness 10000) in paragraph at lines 5947--5948

 []


Underfull \hbox (badness 10000) in paragraph at lines 5952--5953

 []


Underfull \hbox (badness 10000) in paragraph at lines 5955--5956

 []


Underfull \hbox (badness 10000) in paragraph at lines 5975--5977

 []

[162]
Underfull \hbox (badness 10000) in paragraph at lines 6009--6011

 []

<div-count.png, id=2325, 563.10374pt x 545.03625pt>
File: div-count.png Graphic file (type png)
<use div-count.png>
Package pdftex.def Info: div-count.png  used on input line 6030.
(pdftex.def)             Requested size: 168.93242pt x 163.51213pt.

Underfull \hbox (badness 10000) in paragraph at lines 6027--6032

 []

[163]
Underfull \hbox (badness 10000) in paragraph at lines 6045--6046

 []


Underfull \hbox (badness 10000) in paragraph at lines 6053--6054

 []


Underfull \hbox (badness 10000) in paragraph at lines 6059--6061

 []


Underfull \hbox (badness 10000) in paragraph at lines 6062--6063

 []

[164 <./div-count.png>] [165] [166] [167] [168]
Overfull \hbox (14.97919pt too wide) in paragraph at lines 6110--6110
[]\OT1/cmr/bx/n/12 Polarizing the Vac-uum and Renor-mal-iz-ing the Charge 
 []

[169] [170]
Part 2.
[171

]
<em.png, id=2377, 443.40656pt x 217.5628pt>
File: em.png Graphic file (type png)
<use em.png>
Package pdftex.def Info: em.png  used on input line 6268.
(pdftex.def)             Requested size: 221.70273pt x 108.78113pt.
Missing character: There is no  in font cmr10!
Missing character: There is no  in font cmr10!
Missing character: There is no  in font cmr10!
 [172 <./em.png>] [173] [174] [175] [176] [177] [178] [179]
Underfull \hbox (badness 10000) in paragraph at lines 6624--6626

 []

[180] [181] [182] [183] [184]
Underfull \hbox (badness 10000) in paragraph at lines 6820--6821

 []

[185] [186] [187] [188] [189]
Overfull \hbox (24.85391pt too wide) detected at line 6983
[]
 []

[190] [191] [192]
<p.png, id=2691, 468.24937pt x 312.41719pt>
File: p.png Graphic file (type png)
<use p.png>
Package pdftex.def Info: p.png  used on input line 7095.
(pdftex.def)             Requested size: 140.47589pt x 93.72588pt.
<t.png, id=2692, 438.8897pt x 396.7322pt>
File: t.png Graphic file (type png)
<use t.png>
Package pdftex.def Info: t.png  used on input line 7096.
(pdftex.def)             Requested size: 131.66792pt x 119.02057pt.
 [193 <./p.png> <./t.png>] [194]
Overfull \hbox (2.20833pt too wide) in paragraph at lines 7136--7136
[]\OT1/cmr/bx/n/12 Interaction of an atom with a quan-tized field & Spon-
 []


Underfull \hbox (badness 10000) in paragraph at lines 7138--7139

 []

[195]
Underfull \hbox (badness 10000) in paragraph at lines 7187--7189

 []

[196]
Underfull \hbox (badness 10000) in paragraph at lines 7214--7216

 []


Underfull \hbox (badness 10000) in paragraph at lines 7224--7226

 []

[197]
Underfull \hbox (badness 10000) in paragraph at lines 7240--7242

 []

[198] [199]
Underfull \hbox (badness 10000) in paragraph at lines 7312--7313

 []

[200]
Underfull \hbox (badness 10000) in paragraph at lines 7378--7380

 []

[201]
<rabi.png, id=2819, 563.10374pt x 399.74344pt>
File: rabi.png Graphic file (type png)
<use rabi.png>
Package pdftex.def Info: rabi.png  used on input line 7392.
(pdftex.def)             Requested size: 168.93242pt x 119.92395pt.
Missing character: There is no  in font cmbx12!
Missing character: There is no  in font cmbx12!
Missing character: There is no  in font cmbx12!
 [202 <./rabi.png>] [203] [204]
Underfull \hbox (badness 10000) in paragraph at lines 7519--7521

 []

[205] [206]
Overfull \hbox (0.99028pt too wide) in paragraph at lines 7623--7623
[]\OT1/cmr/bx/n/12 The Den-sity Op-er-a-tor ap-proach (or the mas-ter equa-
 []

[207]
Overfull \hbox (8.19505pt too wide) in paragraph at lines 7646--7648
\OT1/cmr/m/n/10 Recall that the Hamil-to-nian can be ex-pressed fur-ther in ter
ms of the excitation/de-
 []

[208] [209] [210] [211] [212

]
Part 3.
[213] [214

]
Part 4.
[215] [216] [217] [218]
Package atveryend Info: Empty hook `BeforeClearDocument' on input line 8013.
Package atveryend Info: Empty hook `AfterLastShipout' on input line 8013.
 (HuanBui_QM.aux)
Package atveryend Info: Executing hook `AtVeryEndDocument' on input line 8013.
Package atveryend Info: Executing hook `AtEndAfterFileList' on input line 8013.

Package rerunfilecheck Info: File `HuanBui_QM.out' has not changed.
(rerunfilecheck)             Checksum: 30AA23252AFDE27978ECD8797A1D7DD4;7834.


LaTeX Font Warning: Some font shapes were not available, defaults substituted.

Package atveryend Info: Empty hook `AtVeryVeryEnd' on input line 8013.
 ) 
Here is how much of TeX's memory you used:
 22714 strings out of 493308
 388063 string characters out of 3138768
 597538 words of memory out of 3000000
 24281 multiletter control sequences out of 15000+200000
 552236 words of font info for 109 fonts, out of 3000000 for 9000
 1141 hyphenation exceptions out of 8191
 39i,21n,58p,10409b,2934s stack positions out of 5000i,500n,10000p,200000b,50000s
<C:/Program Files/MiKTeX 2.9/fonts/type1/public/amsfonts/cm/cmbsy10.pfb><C:/P
rogram Files/MiKTeX 2.9/fonts/type1/public/amsfonts/cm/cmbx10.pfb><C:/Program F
iles/MiKTeX 2.9/fonts/type1/public/amsfonts/cm/cmbx12.pfb><C:/Program Files/MiK
TeX 2.9/fonts/type1/public/amsfonts/cm/cmbx7.pfb><C:/Program Files/MiKTeX 2.9/f
onts/type1/public/amsfonts/cm/cmbxti10.pfb><C:/Program Files/MiKTeX 2.9/fonts/t
ype1/public/amsfonts/cm/cmex10.pfb><C:/Program Files/MiKTeX 2.9/fonts/type1/pub
lic/amsfonts/cmextra/cmex7.pfb><C:/Program Files/MiKTeX 2.9/fonts/type1/public/
amsfonts/cm/cmmi10.pfb><C:/Program Files/MiKTeX 2.9/fonts/type1/public/amsfonts
/cm/cmmi12.pfb><C:/Program Files/MiKTeX 2.9/fonts/type1/public/amsfonts/cm/cmmi
5.pfb><C:/Program Files/MiKTeX 2.9/fonts/type1/public/amsfonts/cm/cmmi7.pfb><C:
/Program Files/MiKTeX 2.9/fonts/type1/public/amsfonts/cm/cmr10.pfb><C:/Program 
Files/MiKTeX 2.9/fonts/type1/public/amsfonts/cm/cmr12.pfb><C:/Program Files/MiK
TeX 2.9/fonts/type1/public/amsfonts/cm/cmr17.pfb><C:/Program Files/MiKTeX 2.9/f
onts/type1/public/amsfonts/cm/cmr5.pfb><C:/Program Files/MiKTeX 2.9/fonts/type1
/public/amsfonts/cm/cmr7.pfb><C:/Program Files/MiKTeX 2.9/fonts/type1/public/am
sfonts/cm/cmsl10.pfb><C:/Program Files/MiKTeX 2.9/fonts/type1/public/amsfonts/c
m/cmsy10.pfb><C:/Program Files/MiKTeX 2.9/fonts/type1/public/amsfonts/cm/cmsy5.
pfb><C:/Program Files/MiKTeX 2.9/fonts/type1/public/amsfonts/cm/cmsy7.pfb><C:/P
rogram Files/MiKTeX 2.9/fonts/type1/public/amsfonts/cm/cmti10.pfb><C:/Program F
iles/MiKTeX 2.9/fonts/type1/public/amsfonts/cm/cmtt8.pfb><C:/Program Files/MiKT
eX 2.9/fonts/type1/public/esint/esint10.pfb><C:/Program Files/MiKTeX 2.9/fonts/
type1/public/amsfonts/euler/eufm10.pfb><C:/Program Files/MiKTeX 2.9/fonts/type1
/public/amsfonts/symbols/msam10.pfb><C:/Program Files/MiKTeX 2.9/fonts/type1/pu
blic/amsfonts/symbols/msbm10.pfb><C:/Program Files/MiKTeX 2.9/fonts/type1/publi
c/amsfonts/symbols/msbm5.pfb><C:/Program Files/MiKTeX 2.9/fonts/type1/public/am
sfonts/symbols/msbm7.pfb>
Output written on HuanBui_QM.pdf (218 pages, 3188351 bytes).
PDF statistics:
 3451 PDF objects out of 3580 (max. 8388607)
 1779 named destinations out of 2073 (max. 500000)
 905 words of extra memory for PDF output out of 10000 (max. 10000000)

