\BOOKMARK [2][-]{section*.1}{Preface}{}% 1
\BOOKMARK [1][-]{section.1}{Mathematical Introduction}{}% 2
\BOOKMARK [2][-]{subsection.1.1}{Linear Vector Spaces}{section.1}% 3
\BOOKMARK [2][-]{subsection.1.2}{Inner Product Spaces}{section.1}% 4
\BOOKMARK [2][-]{subsection.1.3}{Dual Spaces and Dirac Notation}{section.1}% 5
\BOOKMARK [3][-]{subsubsection.1.3.1}{Expansion of Vectors in an ONB}{subsection.1.3}% 6
\BOOKMARK [3][-]{subsubsection.1.3.2}{Adjoint Operations}{subsection.1.3}% 7
\BOOKMARK [3][-]{subsubsection.1.3.3}{Gram-Schmidt process}{subsection.1.3}% 8
\BOOKMARK [3][-]{subsubsection.1.3.4}{Schwarz and Triangle Inequality}{subsection.1.3}% 9
\BOOKMARK [2][-]{subsection.1.4}{Subspaces, Sum and Direct Sum of Subspaces}{section.1}% 10
\BOOKMARK [2][-]{subsection.1.5}{Linear Operators}{section.1}% 11
\BOOKMARK [1][-]{section.2}{Review of Classical Mechanics}{}% 12
\BOOKMARK [1][-]{section.3}{All is Not Well with Classical Mechanics}{}% 13
\BOOKMARK [1][-]{section.4}{The Postulates \205a General Discussion}{}% 14
\BOOKMARK [1][-]{section.5}{Simple Problems in One Dimension}{}% 15
\BOOKMARK [1][-]{section.6}{The Classical Limit}{}% 16
\BOOKMARK [1][-]{section.7}{The Harmonic Oscillator}{}% 17
\BOOKMARK [1][-]{section.8}{The Path Integral Formulation of Quantum Theory}{}% 18
\BOOKMARK [1][-]{section.9}{The Heisenberg Uncertainty Relation}{}% 19
\BOOKMARK [1][-]{section.10}{Systems with N Degrees of Freedom}{}% 20
\BOOKMARK [1][-]{section.11}{Symmetries and Their Consequences}{}% 21
\BOOKMARK [1][-]{section.12}{Rotational Invariance and Angular Momentum}{}% 22
\BOOKMARK [1][-]{section.13}{The Hydrogen Atom}{}% 23
\BOOKMARK [1][-]{section.14}{Spin}{}% 24
\BOOKMARK [1][-]{section.15}{Additional of Angular Momentum}{}% 25
\BOOKMARK [1][-]{section.16}{Variational and WKB Methods}{}% 26
\BOOKMARK [1][-]{section.17}{Time-Independent Perturbation Theory}{}% 27
\BOOKMARK [1][-]{section.18}{Time-Dependent Perturbation Theory}{}% 28
\BOOKMARK [1][-]{section.19}{Scattering Theory}{}% 29
\BOOKMARK [1][-]{section.20}{The Dirac Equation}{}% 30
\BOOKMARK [1][-]{section.21}{Path Integrals\205II}{}% 31
\BOOKMARK [1][-]{section.22}{Selected Problems and Solutions}{}% 32
\BOOKMARK [2][-]{subsection.22.1}{Mathematical Introduction}{section.22}% 33
\BOOKMARK [2][-]{subsection.22.2}{Review of Classical Mechanics}{section.22}% 34
\BOOKMARK [2][-]{subsection.22.3}{All is Not Well with Classical Mechanics}{section.22}% 35
\BOOKMARK [2][-]{subsection.22.4}{The Postulates \205a General Discussion}{section.22}% 36
\BOOKMARK [2][-]{subsection.22.5}{Simple Problems in One Dimension}{section.22}% 37
\BOOKMARK [2][-]{subsection.22.6}{The Classical Limit}{section.22}% 38
\BOOKMARK [2][-]{subsection.22.7}{The Harmonic Oscillator}{section.22}% 39
\BOOKMARK [2][-]{subsection.22.8}{The Path Integral Formulation of Quantum Theory}{section.22}% 40
\BOOKMARK [2][-]{subsection.22.9}{The Heisenberg Uncertainty Relation}{section.22}% 41
\BOOKMARK [2][-]{subsection.22.10}{Systems with N Degrees of Freedom}{section.22}% 42
\BOOKMARK [2][-]{subsection.22.11}{Symmetries and Their Consequences}{section.22}% 43
\BOOKMARK [2][-]{subsection.22.12}{Rotational Invariance and Angular Momentum}{section.22}% 44
\BOOKMARK [2][-]{subsection.22.13}{The Hydrogen Atom}{section.22}% 45
\BOOKMARK [2][-]{subsection.22.14}{Spin}{section.22}% 46
\BOOKMARK [2][-]{subsection.22.15}{Additional of Angular Momentum}{section.22}% 47
\BOOKMARK [2][-]{subsection.22.16}{Variational and WKB Methods}{section.22}% 48
\BOOKMARK [2][-]{subsection.22.17}{Time-Independent Perturbation Theory}{section.22}% 49
\BOOKMARK [2][-]{subsection.22.18}{Time-Dependent Perturbation Theory}{section.22}% 50
\BOOKMARK [2][-]{subsection.22.19}{Scattering Theory}{section.22}% 51
\BOOKMARK [2][-]{subsection.22.20}{The Dirac Equation}{section.22}% 52
\BOOKMARK [2][-]{subsection.22.21}{Path Integrals\205II}{section.22}% 53
