This is pdfTeX, Version 3.14159265-2.6-1.40.20 (TeX Live 2019/Debian) (preloaded format=pdflatex 2021.8.6)  11 AUG 2021 10:09
entering extended mode
 restricted \write18 enabled.
 %&-line parsing enabled.
**BUI_AtomicPhysics.tex
(./BUI_AtomicPhysics.tex
LaTeX2e <2020-02-02> patch level 2
L3 programming layer <2020-02-14>
(/usr/share/texlive/texmf-dist/tex/latex/base/book.cls
Document Class: book 2019/12/20 v1.4l Standard LaTeX document class
(/usr/share/texlive/texmf-dist/tex/latex/base/bk10.clo
File: bk10.clo 2019/12/20 v1.4l Standard LaTeX file (size option)
)
\c@part=\count167
\c@chapter=\count168
\c@section=\count169
\c@subsection=\count170
\c@subsubsection=\count171
\c@paragraph=\count172
\c@subparagraph=\count173
\c@figure=\count174
\c@table=\count175
\abovecaptionskip=\skip47
\belowcaptionskip=\skip48
\bibindent=\dimen134
)
(/usr/share/texlive/texmf-dist/tex/latex/physics/physics.sty
Package: physics 

(/usr/share/texlive/texmf-dist/tex/latex/l3packages/xparse/xparse.sty
(/usr/share/texlive/texmf-dist/tex/latex/l3kernel/expl3.sty
Package: expl3 2020-02-14 L3 programming layer (loader) 

(/usr/share/texlive/texmf-dist/tex/latex/l3backend/l3backend-pdfmode.def
File: l3backend-pdfmode.def 2020-02-03 L3 backend support: PDF mode
\l__kernel_color_stack_int=\count176
\l__pdf_internal_box=\box45
))
Package: xparse 2020-02-14 L3 Experimental document command parser
\l__xparse_current_arg_int=\count177
\g__xparse_grabber_int=\count178
\l__xparse_m_args_int=\count179
\l__xparse_v_nesting_int=\count180
)
(/usr/share/texlive/texmf-dist/tex/latex/amsmath/amsmath.sty
Package: amsmath 2020/01/20 v2.17e AMS math features
\@mathmargin=\skip49

For additional information on amsmath, use the `?' option.
(/usr/share/texlive/texmf-dist/tex/latex/amsmath/amstext.sty
Package: amstext 2000/06/29 v2.01 AMS text

(/usr/share/texlive/texmf-dist/tex/latex/amsmath/amsgen.sty
File: amsgen.sty 1999/11/30 v2.0 generic functions
\@emptytoks=\toks14
\ex@=\dimen135
))
(/usr/share/texlive/texmf-dist/tex/latex/amsmath/amsbsy.sty
Package: amsbsy 1999/11/29 v1.2d Bold Symbols
\pmbraise@=\dimen136
)
(/usr/share/texlive/texmf-dist/tex/latex/amsmath/amsopn.sty
Package: amsopn 2016/03/08 v2.02 operator names
)
\inf@bad=\count181
LaTeX Info: Redefining \frac on input line 227.
\uproot@=\count182
\leftroot@=\count183
LaTeX Info: Redefining \overline on input line 389.
\classnum@=\count184
\DOTSCASE@=\count185
LaTeX Info: Redefining \ldots on input line 486.
LaTeX Info: Redefining \dots on input line 489.
LaTeX Info: Redefining \cdots on input line 610.
\Mathstrutbox@=\box46
\strutbox@=\box47
\big@size=\dimen137
LaTeX Font Info:    Redeclaring font encoding OML on input line 733.
LaTeX Font Info:    Redeclaring font encoding OMS on input line 734.
\macc@depth=\count186
\c@MaxMatrixCols=\count187
\dotsspace@=\muskip16
\c@parentequation=\count188
\dspbrk@lvl=\count189
\tag@help=\toks15
\row@=\count190
\column@=\count191
\maxfields@=\count192
\andhelp@=\toks16
\eqnshift@=\dimen138
\alignsep@=\dimen139
\tagshift@=\dimen140
\tagwidth@=\dimen141
\totwidth@=\dimen142
\lineht@=\dimen143
\@envbody=\toks17
\multlinegap=\skip50
\multlinetaggap=\skip51
\mathdisplay@stack=\toks18
LaTeX Info: Redefining \[ on input line 2859.
LaTeX Info: Redefining \] on input line 2860.
))
(/usr/share/texlive/texmf-dist/tex/latex/graphics/graphicx.sty
Package: graphicx 2019/11/30 v1.2a Enhanced LaTeX Graphics (DPC,SPQR)

(/usr/share/texlive/texmf-dist/tex/latex/graphics/keyval.sty
Package: keyval 2014/10/28 v1.15 key=value parser (DPC)
\KV@toks@=\toks19
)
(/usr/share/texlive/texmf-dist/tex/latex/graphics/graphics.sty
Package: graphics 2019/11/30 v1.4a Standard LaTeX Graphics (DPC,SPQR)

(/usr/share/texlive/texmf-dist/tex/latex/graphics/trig.sty
Package: trig 2016/01/03 v1.10 sin cos tan (DPC)
)
(/usr/share/texlive/texmf-dist/tex/latex/graphics-cfg/graphics.cfg
File: graphics.cfg 2016/06/04 v1.11 sample graphics configuration
)
Package graphics Info: Driver file: pdftex.def on input line 105.

(/usr/share/texlive/texmf-dist/tex/latex/graphics-def/pdftex.def
File: pdftex.def 2018/01/08 v1.0l Graphics/color driver for pdftex
))
\Gin@req@height=\dimen144
\Gin@req@width=\dimen145
)
(/usr/share/texlive/texmf-dist/tex/latex/caption/caption.sty
Package: caption 2020/01/03 v3.4h Customizing captions (AR)

(/usr/share/texlive/texmf-dist/tex/latex/caption/caption3.sty
Package: caption3 2020/01/03 v1.8h caption3 kernel (AR)
Package caption3 Info: TeX engine: e-TeX on input line 61.
\captionmargin=\dimen146
\captionmargin@=\dimen147
\captionwidth=\dimen148
\caption@tempdima=\dimen149
\caption@indent=\dimen150
\caption@parindent=\dimen151
\caption@hangindent=\dimen152
Package caption Info: Standard document class detected.
)
\c@caption@flags=\count193
\c@continuedfloat=\count194
)
(/usr/share/texlive/texmf-dist/tex/latex/tools/bm.sty
Package: bm 2019/07/24 v1.2d Bold Symbol Support (DPC/FMi)
\symboldoperators=\mathgroup4
\symboldletters=\mathgroup5
\symboldsymbols=\mathgroup6
LaTeX Font Info:    Redeclaring math alphabet \mathbf on input line 141.
LaTeX Info: Redefining \bm on input line 209.
)
(/usr/share/texlive/texmf-dist/tex/latex/framed/framed.sty
Package: framed 2011/10/22 v 0.96: framed or shaded text with page breaks
\OuterFrameSep=\skip52
\fb@frw=\dimen153
\fb@frh=\dimen154
\FrameRule=\dimen155
\FrameSep=\dimen156
)
(/usr/share/texlive/texmf-dist/tex/latex/preprint/authblk.sty
Package: authblk 2001/02/27 1.3 (PWD)
\affilsep=\skip53
\@affilsep=\skip54
\c@Maxaffil=\count195
\c@authors=\count196
\c@affil=\count197
)
(/usr/share/texlive/texmf-dist/tex/latex/mathtools/empheq.sty
Package: empheq 2017/03/31 v2.15 Emphasizing equations

(/usr/share/texlive/texmf-dist/tex/latex/mathtools/mhsetup.sty
Package: mhsetup 2017/03/31 v1.3 programming setup (MH)
)
(/usr/share/texlive/texmf-dist/tex/latex/mathtools/mathtools.sty
Package: mathtools 2020/01/17 v1.23 mathematical typesetting tools

(/usr/share/texlive/texmf-dist/tex/latex/tools/calc.sty
Package: calc 2017/05/25 v4.3 Infix arithmetic (KKT,FJ)
\calc@Acount=\count198
\calc@Bcount=\count199
\calc@Adimen=\dimen157
\calc@Bdimen=\dimen158
\calc@Askip=\skip55
\calc@Bskip=\skip56
LaTeX Info: Redefining \setlength on input line 80.
LaTeX Info: Redefining \addtolength on input line 81.
\calc@Ccount=\count266
\calc@Cskip=\skip57
)
LaTeX Info: Thecontrolsequence`\('isalreadyrobust on input line 129.
LaTeX Info: Thecontrolsequence`\)'isalreadyrobust on input line 129.
LaTeX Info: Thecontrolsequence`\['isalreadyrobust on input line 129.
LaTeX Info: Thecontrolsequence`\]'isalreadyrobust on input line 129.
\g_MT_multlinerow_int=\count267
\l_MT_multwidth_dim=\dimen159
\origjot=\skip58
\l_MT_shortvdotswithinadjustabove_dim=\dimen160
\l_MT_shortvdotswithinadjustbelow_dim=\dimen161
\l_MT_above_intertext_sep=\dimen162
\l_MT_below_intertext_sep=\dimen163
\l_MT_above_shortintertext_sep=\dimen164
\l_MT_below_shortintertext_sep=\dimen165
)
\l_EQ_equationtype_int=\count268
\l_EQ_alignmentmode_int=\count269
\l_EQ_totalwidth_dim=\dimen166
\l_EQ_displaywidth_dim=\dimen167
\l_EQ_temp_linewidth_dim=\dimen168
\EmphEqdelimitershortfall=\dimen169
\EmphEqdelimiterfactor=\count270
\g_EQ_toptag_height_dim=\dimen170
\g_EQ_bottomtag_depth_dim=\dimen171
\g_EQ_toprow_height_dim=\dimen172
\g_EQ_bottomrow_depth_dim=\dimen173
\g_EQ_widesttag_dim=\dimen174
\EQ_mathdisplay_box=\box48
\EQ_tag_box=\box49
\g_EQ_temprow_int=\count271
)
(/usr/share/texlive/texmf-dist/tex/latex/amsfonts/amsfonts.sty
Package: amsfonts 2013/01/14 v3.01 Basic AMSFonts support
\symAMSa=\mathgroup7
\symAMSb=\mathgroup8
LaTeX Font Info:    Redeclaring math symbol \hbar on input line 98.
LaTeX Font Info:    Overwriting math alphabet `\mathfrak' in version `bold'
(Font)                  U/euf/m/n --> U/euf/b/n on input line 106.
)
(/usr/share/texlive/texmf-dist/tex/latex/esint/esint.sty
Package: esint 
\symlargesymbolsA=\mathgroup9
)
(/usr/share/texlive/texmf-dist/tex/latex/cancel/cancel.sty
Package: cancel 2013/04/12 v2.2 Cancel math terms
)
(/usr/share/texlive/texmf-dist/tex/latex/doublestroke/dsfont.sty
Package: dsfont 1995/08/01 v0.1 Double stroke roman fonts
)
(/usr/share/texlive/texmf-dist/tex/latex/oberdiek/centernot.sty
Package: centernot 2016/05/16 v1.4 Centers the not symbol horizontally (HO)
)
(/usr/share/texlive/texmf-dist/tex/latex/bigints/bigints.sty
Package: bigints 2010/02/15 Writing big integrals
Package bigints Info: This is Bigints by Merciadri Luca. on input line 5.
)
(/usr/share/texlive/texmf-dist/tex/latex/amscls/amsthm.sty
Package: amsthm 2017/10/31 v2.20.4
\thm@style=\toks20
\thm@bodyfont=\toks21
\thm@headfont=\toks22
\thm@notefont=\toks23
\thm@headpunct=\toks24
\thm@preskip=\skip59
\thm@postskip=\skip60
\thm@headsep=\skip61
\dth@everypar=\toks25
)
\c@defn=\count272
\c@prop=\count273
\c@rmk=\count274
\c@thm=\count275
\c@exmp=\count276
\c@prob=\count277
\c@sln=\count278
\c@exer=\count279

(/usr/share/texlive/texmf-dist/tex/latex/tensor/tensor.sty
Package: tensor 2004/12/20 v2.1 tensor indices package (PGR)
\tnsr@Sps=\toks26
\tnsr@Sbs=\toks27
\tnsr@Spe=\toks28
\tnsr@Sbe=\toks29
\ncld@Mno=\toks30
)
(/usr/share/texlive/texmf-dist/tex/latex/xcolor/xcolor.sty
Package: xcolor 2016/05/11 v2.12 LaTeX color extensions (UK)

(/usr/share/texlive/texmf-dist/tex/latex/graphics-cfg/color.cfg
File: color.cfg 2016/01/02 v1.6 sample color configuration
)
Package xcolor Info: Driver file: pdftex.def on input line 225.
Package xcolor Info: Model `cmy' substituted by `cmy0' on input line 1348.
Package xcolor Info: Model `hsb' substituted by `rgb' on input line 1352.
Package xcolor Info: Model `RGB' extended on input line 1364.
Package xcolor Info: Model `HTML' substituted by `rgb' on input line 1366.
Package xcolor Info: Model `Hsb' substituted by `hsb' on input line 1367.
Package xcolor Info: Model `tHsb' substituted by `hsb' on input line 1368.
Package xcolor Info: Model `HSB' substituted by `hsb' on input line 1369.
Package xcolor Info: Model `Gray' substituted by `gray' on input line 1370.
Package xcolor Info: Model `wave' substituted by `hsb' on input line 1371.
)
(/usr/share/texlive/texmf-dist/tex/latex/hyperref/hyperref.sty
Package: hyperref 2020/01/14 v7.00d Hypertext links for LaTeX

(/usr/share/texlive/texmf-dist/tex/generic/ltxcmds/ltxcmds.sty
Package: ltxcmds 2019/12/15 v1.24 LaTeX kernel commands for general use (HO)
)
(/usr/share/texlive/texmf-dist/tex/generic/iftex/iftex.sty
Package: iftex 2019/11/07 v1.0c TeX engine tests
)
(/usr/share/texlive/texmf-dist/tex/latex/pdftexcmds/pdftexcmds.sty
Package: pdftexcmds 2019/11/24 v0.31 Utility functions of pdfTeX for LuaTeX (HO
)

(/usr/share/texlive/texmf-dist/tex/generic/infwarerr/infwarerr.sty
Package: infwarerr 2019/12/03 v1.5 Providing info/warning/error messages (HO)
)
Package pdftexcmds Info: \pdf@primitive is available.
Package pdftexcmds Info: \pdf@ifprimitive is available.
Package pdftexcmds Info: \pdfdraftmode found.
)
(/usr/share/texlive/texmf-dist/tex/generic/kvsetkeys/kvsetkeys.sty
Package: kvsetkeys 2019/12/15 v1.18 Key value parser (HO)
)
(/usr/share/texlive/texmf-dist/tex/generic/kvdefinekeys/kvdefinekeys.sty
Package: kvdefinekeys 2019-12-19 v1.6 Define keys (HO)
)
(/usr/share/texlive/texmf-dist/tex/generic/pdfescape/pdfescape.sty
Package: pdfescape 2019/12/09 v1.15 Implements pdfTeX's escape features (HO)
)
(/usr/share/texlive/texmf-dist/tex/latex/hycolor/hycolor.sty
Package: hycolor 2020-01-27 v1.10 Color options for hyperref/bookmark (HO)
)
(/usr/share/texlive/texmf-dist/tex/latex/letltxmacro/letltxmacro.sty
Package: letltxmacro 2019/12/03 v1.6 Let assignment for LaTeX macros (HO)
)
(/usr/share/texlive/texmf-dist/tex/latex/auxhook/auxhook.sty
Package: auxhook 2019-12-17 v1.6 Hooks for auxiliary files (HO)
)
(/usr/share/texlive/texmf-dist/tex/latex/kvoptions/kvoptions.sty
Package: kvoptions 2019/11/29 v3.13 Key value format for package options (HO)
)
\@linkdim=\dimen175
\Hy@linkcounter=\count280
\Hy@pagecounter=\count281

(/usr/share/texlive/texmf-dist/tex/latex/hyperref/pd1enc.def
File: pd1enc.def 2020/01/14 v7.00d Hyperref: PDFDocEncoding definition (HO)
Now handling font encoding PD1 ...
... no UTF-8 mapping file for font encoding PD1
)
(/usr/share/texlive/texmf-dist/tex/generic/intcalc/intcalc.sty
Package: intcalc 2019/12/15 v1.3 Expandable calculations with integers (HO)
)
(/usr/share/texlive/texmf-dist/tex/generic/etexcmds/etexcmds.sty
Package: etexcmds 2019/12/15 v1.7 Avoid name clashes with e-TeX commands (HO)
)
\Hy@SavedSpaceFactor=\count282
\pdfmajorversion=\count283
Package hyperref Info: Hyper figures OFF on input line 4547.
Package hyperref Info: Link nesting OFF on input line 4552.
Package hyperref Info: Hyper index ON on input line 4555.
Package hyperref Info: Plain pages OFF on input line 4562.
Package hyperref Info: Backreferencing OFF on input line 4567.
Package hyperref Info: Implicit mode ON; LaTeX internals redefined.
Package hyperref Info: Bookmarks ON on input line 4800.
\c@Hy@tempcnt=\count284

(/usr/share/texlive/texmf-dist/tex/latex/url/url.sty
\Urlmuskip=\muskip17
Package: url 2013/09/16  ver 3.4  Verb mode for urls, etc.
)
LaTeX Info: Redefining \url on input line 5159.
\XeTeXLinkMargin=\dimen176

(/usr/share/texlive/texmf-dist/tex/generic/bitset/bitset.sty
Package: bitset 2019/12/09 v1.3 Handle bit-vector datatype (HO)

(/usr/share/texlive/texmf-dist/tex/generic/bigintcalc/bigintcalc.sty
Package: bigintcalc 2019/12/15 v1.5 Expandable calculations on big integers (HO
)
))
\Fld@menulength=\count285
\Field@Width=\dimen177
\Fld@charsize=\dimen178
Package hyperref Info: Hyper figures OFF on input line 6430.
Package hyperref Info: Link nesting OFF on input line 6435.
Package hyperref Info: Hyper index ON on input line 6438.
Package hyperref Info: backreferencing OFF on input line 6445.
Package hyperref Info: Link coloring OFF on input line 6450.
Package hyperref Info: Link coloring with OCG OFF on input line 6455.
Package hyperref Info: PDF/A mode OFF on input line 6460.
LaTeX Info: Redefining \ref on input line 6500.
LaTeX Info: Redefining \pageref on input line 6504.

(/usr/share/texlive/texmf-dist/tex/generic/atbegshi/atbegshi.sty
Package: atbegshi 2019/12/05 v1.19 At begin shipout hook (HO)
)
\Hy@abspage=\count286
\c@Item=\count287
\c@Hfootnote=\count288
)
Package hyperref Info: Driver: hpdftex.

(/usr/share/texlive/texmf-dist/tex/latex/hyperref/hpdftex.def
File: hpdftex.def 2020/01/14 v7.00d Hyperref driver for pdfTeX

(/usr/share/texlive/texmf-dist/tex/latex/atveryend/atveryend.sty
Package: atveryend 2019-12-11 v1.11 Hooks at the very end of document (HO)
Package atveryend Info: \enddocument detected (standard20110627).
)
\Fld@listcount=\count289
\c@bookmark@seq@number=\count290

(/usr/share/texlive/texmf-dist/tex/latex/rerunfilecheck/rerunfilecheck.sty
Package: rerunfilecheck 2019/12/05 v1.9 Rerun checks for auxiliary files (HO)

(/usr/share/texlive/texmf-dist/tex/generic/uniquecounter/uniquecounter.sty
Package: uniquecounter 2019/12/15 v1.4 Provide unlimited unique counter (HO)
)
Package uniquecounter Info: New unique counter `rerunfilecheck' on input line 2
86.
)
\Hy@SectionHShift=\skip62
)
Package hyperref Info: Option `colorlinks' set `true' on input line 37.

(/usr/share/texlive/texmf-dist/tex/latex/subfig/subfig.sty
Package: subfig 2005/06/28 ver: 1.3 subfig package
\c@KVtest=\count291
\sf@farskip=\skip63
\sf@captopadj=\dimen179
\sf@capskip=\skip64
\sf@nearskip=\skip65
\c@subfigure=\count292
\c@subfigure@save=\count293
\c@lofdepth=\count294
\c@subtable=\count295
\c@subtable@save=\count296
\c@lotdepth=\count297
\sf@top=\skip66
\sf@bottom=\skip67
)
(/usr/share/texlive/texmf-dist/tex/latex/listings/listings.sty
\lst@mode=\count298
\lst@gtempboxa=\box50
\lst@token=\toks31
\lst@length=\count299
\lst@currlwidth=\dimen180
\lst@column=\count300
\lst@pos=\count301
\lst@lostspace=\dimen181
\lst@width=\dimen182
\lst@newlines=\count302
\lst@lineno=\count303
\lst@maxwidth=\dimen183

(/usr/share/texlive/texmf-dist/tex/latex/listings/lstmisc.sty
File: lstmisc.sty 2019/09/10 1.8c (Carsten Heinz)
\c@lstnumber=\count304
\lst@skipnumbers=\count305
\lst@framebox=\box51
)
(/usr/share/texlive/texmf-dist/tex/latex/listings/listings.cfg
File: listings.cfg 2019/09/10 1.8c listings configuration
))
Package: listings 2019/09/10 1.8c (Carsten Heinz)

(/usr/share/texlive/texmf-dist/tex/latex/listings/lstlang1.sty
File: lstlang1.sty 2019/09/10 1.8c listings language file
)
(/usr/share/texlive/texmf-dist/tex/latex/listings/lstlang1.sty
File: lstlang1.sty 2019/09/10 1.8c listings language file
)
(/usr/share/texlive/texmf-dist/tex/latex/listings/lstlang1.sty
File: lstlang1.sty 2019/09/10 1.8c listings language file
)
(/usr/share/texlive/texmf-dist/tex/latex/listings/lstlang1.sty
File: lstlang1.sty 2019/09/10 1.8c listings language file
)
(./BUI_AtomicPhysics.aux)
\openout1 = `BUI_AtomicPhysics.aux'.

LaTeX Font Info:    Checking defaults for OML/cmm/m/it on input line 123.
LaTeX Font Info:    ... okay on input line 123.
LaTeX Font Info:    Checking defaults for OMS/cmsy/m/n on input line 123.
LaTeX Font Info:    ... okay on input line 123.
LaTeX Font Info:    Checking defaults for OT1/cmr/m/n on input line 123.
LaTeX Font Info:    ... okay on input line 123.
LaTeX Font Info:    Checking defaults for T1/cmr/m/n on input line 123.
LaTeX Font Info:    ... okay on input line 123.
LaTeX Font Info:    Checking defaults for TS1/cmr/m/n on input line 123.
LaTeX Font Info:    ... okay on input line 123.
LaTeX Font Info:    Checking defaults for OMX/cmex/m/n on input line 123.
LaTeX Font Info:    ... okay on input line 123.
LaTeX Font Info:    Checking defaults for U/cmr/m/n on input line 123.
LaTeX Font Info:    ... okay on input line 123.
LaTeX Font Info:    Checking defaults for PD1/pdf/m/n on input line 123.
LaTeX Font Info:    ... okay on input line 123.

(/usr/share/texlive/texmf-dist/tex/context/base/mkii/supp-pdf.mkii
[Loading MPS to PDF converter (version 2006.09.02).]
\scratchcounter=\count306
\scratchdimen=\dimen184
\scratchbox=\box52
\nofMPsegments=\count307
\nofMParguments=\count308
\everyMPshowfont=\toks32
\MPscratchCnt=\count309
\MPscratchDim=\dimen185
\MPnumerator=\count310
\makeMPintoPDFobject=\count311
\everyMPtoPDFconversion=\toks33
) (/usr/share/texlive/texmf-dist/tex/latex/epstopdf-pkg/epstopdf-base.sty
Package: epstopdf-base 2020-01-24 v2.11 Base part for package epstopdf
Package epstopdf-base Info: Redefining graphics rule for `.eps' on input line 4
85.

(/usr/share/texlive/texmf-dist/tex/latex/latexconfig/epstopdf-sys.cfg
File: epstopdf-sys.cfg 2010/07/13 v1.3 Configuration of (r)epstopdf for TeX Liv
e
))
Package caption Info: Begin \AtBeginDocument code.
Package caption Info: subfig package v1.3 is loaded.
Package caption Info: hyperref package is loaded.
Package caption Info: listings package is loaded.
Package caption Info: End \AtBeginDocument code.
\AtBeginShipoutBox=\box53
Package hyperref Info: Link coloring ON on input line 123.

(/usr/share/texlive/texmf-dist/tex/latex/hyperref/nameref.sty
Package: nameref 2019/09/16 v2.46 Cross-referencing by name of section

(/usr/share/texlive/texmf-dist/tex/latex/refcount/refcount.sty
Package: refcount 2019/12/15 v3.6 Data extraction from label references (HO)
)
(/usr/share/texlive/texmf-dist/tex/generic/gettitlestring/gettitlestring.sty
Package: gettitlestring 2019/12/15 v1.6 Cleanup title references (HO)
)
\c@section@level=\count312
)
LaTeX Info: Redefining \ref on input line 123.
LaTeX Info: Redefining \pageref on input line 123.
LaTeX Info: Redefining \nameref on input line 123.

(./BUI_AtomicPhysics.out) (./BUI_AtomicPhysics.out)
\@outlinefile=\write3
\openout3 = `BUI_AtomicPhysics.out'.

\c@lstlisting=\count313


LaTeX Font Warning: Font shape `OT1/cmr/bx/sc' undefined
(Font)              using `OT1/cmr/bx/n' instead on input line 132.

LaTeX Font Info:    Trying to load font information for U+msa on input line 132
.
(/usr/share/texlive/texmf-dist/tex/latex/amsfonts/umsa.fd
File: umsa.fd 2013/01/14 v3.01 AMS symbols A
)
LaTeX Font Info:    Trying to load font information for U+msb on input line 132
.

(/usr/share/texlive/texmf-dist/tex/latex/amsfonts/umsb.fd
File: umsb.fd 2013/01/14 v3.01 AMS symbols B
)
LaTeX Font Info:    Trying to load font information for U+esint on input line 1
32.

(/usr/share/texlive/texmf-dist/tex/latex/esint/uesint.fd
File: uesint.fd 
) [1




{/var/lib/texmf/fonts/map/pdftex/updmap/pdftex.map}]
Underfull \hbox (badness 10000) in paragraph at lines 138--139

 []


Underfull \hbox (badness 10000) in paragraph at lines 141--142

 []


Underfull \hbox (badness 10000) in paragraph at lines 144--145

 []


Underfull \hbox (badness 10000) in paragraph at lines 146--147

 []

[2]
Underfull \hbox (badness 10000) in paragraph at lines 163--164

 []


Underfull \hbox (badness 10000) in paragraph at lines 166--167

 []

<images/avoided_crossing.png, id=23, 1284.8pt x 1028.84375pt>
File: images/avoided_crossing.png Graphic file (type png)
<use images/avoided_crossing.png>
Package pdftex.def Info: images/avoided_crossing.png  used on input line 175.
(pdftex.def)             Requested size: 258.75pt x 207.1937pt.

Underfull \hbox (badness 10000) in paragraph at lines 180--181

 []


Overfull \hbox (17.07446pt too wide) in paragraph at lines 183--184
[]\OT1/cmr/m/n/10 An easy ex-am-ple is two-state sys-tems. Con-sider a Hamil-to
-nian $[] = [](\OML/cmm/m/it/10 E[]; E[]\OT1/cmr/m/n/10 )$
 []

[3

] [4 <./images/avoided_crossing.png>]
Underfull \hbox (badness 10000) in paragraph at lines 225--227

 []

[5

] [6]
Underfull \hbox (badness 10000) in paragraph at lines 291--293

 []


Underfull \hbox (badness 10000) in paragraph at lines 327--328

 []

[7]

Package amsmath Warning: Foreign command \atopwithdelims;
(amsmath)                \frac or \genfrac should be used instead
(amsmath)                 on input line 354.


Underfull \hbox (badness 10000) in paragraph at lines 366--368

 []

[8]
<images/BEC_1.png, id=75, 436.63126pt x 287.57437pt>
File: images/BEC_1.png Graphic file (type png)
<use images/BEC_1.png>
Package pdftex.def Info: images/BEC_1.png  used on input line 386.
(pdftex.def)             Requested size: 258.75pt x 170.41776pt.
 [9 <./images/BEC_1.PNG>]
<images/BEC_2.png, id=83, 469.755pt x 287.57437pt>
File: images/BEC_2.png Graphic file (type png)
<use images/BEC_2.png>
Package pdftex.def Info: images/BEC_2.png  used on input line 413.
(pdftex.def)             Requested size: 258.75pt x 158.39896pt.

Underfull \hbox (badness 10000) in paragraph at lines 418--419

 []


Underfull \hbox (badness 10000) in paragraph at lines 421--422

 []


Underfull \hbox (badness 10000) in paragraph at lines 431--433

 []

[10 <./images/BEC_2.PNG>]
Underfull \hbox (badness 10000) in paragraph at lines 463--465

 []

<images/BEC_3.png, id=91, 487.8225pt x 329.73187pt>
File: images/BEC_3.png Graphic file (type png)
<use images/BEC_3.png>
Package pdftex.def Info: images/BEC_3.png  used on input line 472.
(pdftex.def)             Requested size: 258.75pt x 174.89792pt.
[11]
Underfull \hbox (badness 10000) in paragraph at lines 505--507

 []

[12 <./images/BEC_3.PNG>]
Underfull \hbox (badness 10000) in paragraph at lines 512--514

 []


Overfull \hbox (13.80252pt too wide) in paragraph at lines 515--516
[]\OT1/cmr/m/n/10 The ap-prox-i-ma-tion $\OML/cmm/m/it/10 ^^V \OT1/cmr/m/n/10 =
 0$ breaks down when $\OML/cmm/m/it/10 N[] \OMS/cmsy/m/n/10 ! \OT1/cmr/m/n/10 0
$, since $\OML/cmm/m/it/10 ^^V \OMS/cmsy/m/n/10 ^^Y ^^@\OML/cmm/m/it/10 k[]T []
[][] \OMS/cmsy/m/n/10 !
 []

<images/BEC_4.png, id=106, 462.22687pt x 274.77657pt>
File: images/BEC_4.png Graphic file (type png)
<use images/BEC_4.png>
Package pdftex.def Info: images/BEC_4.png  used on input line 542.
(pdftex.def)             Requested size: 258.75pt x 153.8193pt.
[13] [14 <./images/BEC_4.PNG>] [15

] [16

]
Underfull \hbox (badness 10000) in paragraph at lines 575--576

 []


Underfull \hbox (badness 10000) in paragraph at lines 592--593

 []

<images/low-pass-filter.png, id=128, 266.49562pt x 98.61844pt>
File: images/low-pass-filter.png Graphic file (type png)
<use images/low-pass-filter.png>
Package pdftex.def Info: images/low-pass-filter.png  used on input line 599.
(pdftex.def)             Requested size: 172.5pt x 63.83636pt.
[17]
<images/DDHO.png, id=140, 266.87202pt x 143.41078pt>
File: images/DDHO.png Graphic file (type png)
<use images/DDHO.png>
Package pdftex.def Info: images/DDHO.png  used on input line 615.
(pdftex.def)             Requested size: 172.5pt x 92.69946pt.
 [18 <./images/low-pass-filter.PNG> <./images/DDHO.PNG>]
Overfull \hbox (0.60257pt too wide) in paragraph at lines 642--644
\OT1/cmr/m/n/10 fer-en-tial equa-tion into an al-ge-braic equa-tion. For ex-am-
ple, Laplace-transforming
 []


Underfull \hbox (badness 10000) in paragraph at lines 656--657

 []


Underfull \hbox (badness 10000) in paragraph at lines 658--659

 []


Underfull \hbox (badness 10000) in paragraph at lines 663--665

 []

[19]
Underfull \hbox (badness 10000) in paragraph at lines 681--682

 []

<images/bode-1st-order.png, id=157, 332.36671pt x 257.83829pt>
File: images/bode-1st-order.png Graphic file (type png)
<use images/bode-1st-order.png>
Package pdftex.def Info: images/bode-1st-order.png  used on input line 690.
(pdftex.def)             Requested size: 241.49895pt x 187.34695pt.
<images/bode-2nd-order.png, id=160, 320.32172pt x 254.07422pt>
File: images/bode-2nd-order.png Graphic file (type png)
<use images/bode-2nd-order.png>
Package pdftex.def Info: images/bode-2nd-order.png  used on input line 705.
(pdftex.def)             Requested size: 241.49895pt x 191.5554pt.
[20 <./images/bode-1st-order.PNG>]
Underfull \hbox (badness 10000) in paragraph at lines 717--719

 []

[21 <./images/bode-2nd-order.PNG>]
<images/block-1.png, id=178, 307.52391pt x 55.33173pt>
File: images/block-1.png Graphic file (type png)
<use images/block-1.png>
Package pdftex.def Info: images/block-1.png  used on input line 739.
(pdftex.def)             Requested size: 258.75pt x 46.55936pt.
<images/block-2.png, id=181, 305.64188pt x 76.78688pt>
File: images/block-2.png Graphic file (type png)
<use images/block-2.png>
Package pdftex.def Info: images/block-2.png  used on input line 751.
(pdftex.def)             Requested size: 258.75pt x 65.00903pt.
 [22 <./images/block-1.PNG> <./images/block-2.PNG>]
Underfull \hbox (badness 10000) in paragraph at lines 771--773

 []

<images/block-3.png, id=193, 309.40594pt x 118.19156pt>
File: images/block-3.png Graphic file (type png)
<use images/block-3.png>
Package pdftex.def Info: images/block-3.png  used on input line 778.
(pdftex.def)             Requested size: 258.75pt x 98.8492pt.
[23 <./images/block-3.PNG>]
Underfull \hbox (badness 10000) in paragraph at lines 814--815

 []


Underfull \hbox (badness 10000) in paragraph at lines 817--818

 []

<images/block-4.png, id=202, 299.61937pt x 103.51172pt>
File: images/block-4.png Graphic file (type png)
<use images/block-4.png>
Package pdftex.def Info: images/block-4.png  used on input line 824.
(pdftex.def)             Requested size: 258.75pt x 89.39897pt.
<images/op-amp.png, id=205, 295.85532pt x 180.2986pt>
File: images/op-amp.png Graphic file (type png)
<use images/op-amp.png>
Package pdftex.def Info: images/op-amp.png  used on input line 843.
(pdftex.def)             Requested size: 258.75pt x 157.68933pt.
[24]
Underfull \hbox (badness 10000) in paragraph at lines 873--874

 []

[25 <./images/block-4.PNG> <./images/op-amp.PNG>]
Underfull \hbox (badness 10000) in paragraph at lines 899--901

 []


Underfull \hbox (badness 10000) in paragraph at lines 906--908

 []

[26] [27] [28

] [29] [30

]
Underfull \hbox (badness 10000) in paragraph at lines 962--964

 []

[31]
Underfull \hbox (badness 10000) in paragraph at lines 1002--1004

 []

[32]
Underfull \hbox (badness 10000) in paragraph at lines 1013--1015

 []


Underfull \hbox (badness 10000) in paragraph at lines 1017--1018

 []

[33] [34

]
Underfull \hbox (badness 10000) in paragraph at lines 1055--1056

 []


Underfull \hbox (badness 10000) in paragraph at lines 1063--1064

 []

[35]
Overfull \hbox (41.96982pt too wide) detected at line 1095
[]
 []


Overfull \hbox (45.88867pt too wide) detected at line 1105
[] [] [] [] [] \OML/cmm/m/it/10 V\OT1/cmr/m/n/10 ([]) [] []  = \OML/cmm/m/it/10
 N\OT1/cmr/m/n/10 (\OML/cmm/m/it/10 N \OMS/cmsy/m/n/10 ^^@ \OT1/cmr/m/n/10 1) [
] \OML/cmm/m/it/10 ^^N []\OT1/cmr/m/n/10 (\OT1/cmr/bx/n/10 r\OT1/cmr/m/n/10 ) [
] \OML/cmm/m/it/10  \OT1/cmr/m/n/10 (\OT1/cmr/bx/n/10 r\OT1/cmr/m/n/10 ) \OML/c
mm/m/it/10 d\OT1/cmr/bx/n/10 r
 []

[36]
Overfull \hbox (60.30423pt too wide) detected at line 1114
\OT1/cmr/m/n/10 0 = [] = \OML/cmm/m/it/10 N [] []  \OT1/cmr/m/n/10 (\OT1/cmr/bx
/n/10 r\OT1/cmr/m/n/10 )\OML/cmm/m/it/10 ^^N []\OT1/cmr/m/n/10 (\OT1/cmr/bx/n/1
0 r\OT1/cmr/m/n/10 ) \OML/cmm/m/it/10 d\OT1/cmr/bx/n/10 r\OML/cmm/m/it/10 :
 []


Underfull \hbox (badness 10000) in paragraph at lines 1114--1116

 []


Underfull \hbox (badness 10000) in paragraph at lines 1133--1134

 []

[37]
Underfull \hbox (badness 10000) in paragraph at lines 1146--1148

 []

[38]
Underfull \hbox (badness 10000) in paragraph at lines 1186--1187

 []

[39] [40] [41

] [42

] [43] [44

] [45] [46

] [47] [48

] [49] [50

]
Underfull \hbox (badness 10000) in paragraph at lines 1266--1267

 []

<images/MOT.png, id=354, 168.63pt x 107.4414pt>
File: images/MOT.png Graphic file (type png)
<use images/MOT.png>
Package pdftex.def Info: images/MOT.png  used on input line 1288.
(pdftex.def)             Requested size: 258.75pt x 164.86514pt.

Underfull \hbox (badness 10000) in paragraph at lines 1292--1293

 []

[51]
<images/anti-helmholtz.png, id=362, 194.22563pt x 293.59688pt>
File: images/anti-helmholtz.png Graphic file (type png)
<use images/anti-helmholtz.png>
Package pdftex.def Info: images/anti-helmholtz.png  used on input line 1304.
(pdftex.def)             Requested size: 137.9979pt x 208.60754pt.

Underfull \hbox (badness 10000) in paragraph at lines 1308--1309

 []


Underfull \hbox (badness 10000) in paragraph at lines 1311--1312

 []


Underfull \hbox (badness 10000) in paragraph at lines 1314--1315

 []


Overfull \hbox (9.16785pt too wide) in paragraph at lines 1317--1318
\OT1/cmr/m/n/10 shifts the en-ergy of $[]$ down closer to the en-ergy of $[]$.
 []

[52 <./images/MOT.png>]
<images/foot_1.png, id=371, 405.01312pt x 271.0125pt>
File: images/foot_1.png Graphic file (type png)
<use images/foot_1.png>
Package pdftex.def Info: images/foot_1.png  used on input line 1322.
(pdftex.def)             Requested size: 258.75pt x 173.14552pt.
<images/foot_2.png, id=374, 481.8pt x 520.94624pt>
File: images/foot_2.png Graphic file (type png)
<use images/foot_2.png>
Package pdftex.def Info: images/foot_2.png  used on input line 1328.
(pdftex.def)             Requested size: 241.49895pt x 261.11635pt.
 [53 <./images/anti-helmholtz.PNG>] [54 <./images/foot_1.PNG> <./images/foot_2.
PNG>] [55

] [56

]
Underfull \hbox (badness 10000) in paragraph at lines 1344--1345

 []


Overfull \hbox (2.76286pt too wide) in paragraph at lines 1349--1350
\OT1/cmr/m/n/10 beams, cre-at-ing a spa-tially pe-ri-odic \OT1/cmr/bx/n/10 po-l
ar-iza-tion \OT1/cmr/m/n/10 (or \OT1/cmr/bx/n/10 in-ten-sity\OT1/cmr/m/n/10 ) p
at-tern. Atoms
 []


Underfull \hbox (badness 10000) in paragraph at lines 1349--1350

 []


Underfull \hbox (badness 10000) in paragraph at lines 1364--1365

 []


Underfull \hbox (badness 10000) in paragraph at lines 1366--1367

 []


Underfull \hbox (badness 10000) in paragraph at lines 1371--1373

 []


Underfull \hbox (badness 10000) in paragraph at lines 1378--1380

 []


Underfull \hbox (badness 10000) in paragraph at lines 1385--1387

 []


Underfull \hbox (badness 10000) in paragraph at lines 1391--1393

 []


Underfull \hbox (badness 10000) in paragraph at lines 1397--1399

 []


Underfull \hbox (badness 10000) in paragraph at lines 1432--1434

 []


Underfull \hbox (badness 10000) in paragraph at lines 1436--1437

 []


Underfull \hbox (badness 10000) in paragraph at lines 1445--1447

 []


Underfull \hbox (badness 10000) in paragraph at lines 1448--1449

 []

[57] [58] [59]
Overfull \vbox (10.8136pt too high) detected at line 1460
 []

[60]
<images/dipole_trap.png, id=426, 281.92828pt x 227.72578pt>
File: images/dipole_trap.png Graphic file (type png)
<use images/dipole_trap.png>
Package pdftex.def Info: images/dipole_trap.png  used on input line 1465.
(pdftex.def)             Requested size: 172.5pt x 139.33644pt.

Underfull \hbox (badness 10000) in paragraph at lines 1470--1471

 []

[61 <./images/dipole_trap.PNG>] [62

] [63] [64

]
Underfull \hbox (badness 10000) in paragraph at lines 1514--1515

 []


Underfull \hbox (badness 10000) in paragraph at lines 1528--1530

 []

[65] [66]
Underfull \hbox (badness 10000) in paragraph at lines 1574--1576

 []


Underfull \hbox (badness 10000) in paragraph at lines 1578--1579

 []


Underfull \hbox (badness 10000) in paragraph at lines 1584--1586

 []

[67

]
<images/raman.png, id=474, 126.874pt x 147.752pt>
File: images/raman.png Graphic file (type png)
<use images/raman.png>
Package pdftex.def Info: images/raman.png  used on input line 1617.
(pdftex.def)             Requested size: 86.25pt x 100.44746pt.

Underfull \hbox (badness 10000) in paragraph at lines 1622--1623

 []


Underfull \hbox (badness 10000) in paragraph at lines 1624--1625

 []

[68 <./images/raman.png>]
Underfull \hbox (badness 10000) in paragraph at lines 1638--1639

 []

<images/raman_sideband.png, id=484, 373.395pt x 181.478pt>
File: images/raman_sideband.png Graphic file (type png)
<use images/raman_sideband.png>
Package pdftex.def Info: images/raman_sideband.png  used on input line 1646.
(pdftex.def)             Requested size: 258.75pt x 125.76268pt.
[69 <./images/raman_sideband.png>]
Underfull \hbox (badness 10000) in paragraph at lines 1674--1675

 []

[70]
Overfull \hbox (6.41847pt too wide) detected at line 1708
[]
 []

[71] [72

]
<images/superex_1.png, id=509, 417.05812pt x 275.52937pt>
File: images/superex_1.png Graphic file (type png)
<use images/superex_1.png>
Package pdftex.def Info: images/superex_1.png  used on input line 1764.
(pdftex.def)             Requested size: 258.75pt x 170.95256pt.

Underfull \hbox (badness 10000) in paragraph at lines 1771--1773

 []

[73 <./images/superex_1.PNG>]
<images/superex_2.png, id=522, 289.83281pt x 196.48407pt>
File: images/superex_2.png Graphic file (type png)
<use images/superex_2.png>
Package pdftex.def Info: images/superex_2.png  used on input line 1797.
(pdftex.def)             Requested size: 241.49895pt x 163.71732pt.

Underfull \vbox (badness 1117) has occurred while \output is active []

 [74 <./images/superex_2.PNG>]
Underfull \hbox (badness 10000) in paragraph at lines 1813--1814

 []

[75] [76

] [77] [78

] [79] [80

] [81] [82

]
Underfull \hbox (badness 10000) in paragraph at lines 1841--1842

 []


Underfull \hbox (badness 10000) in paragraph at lines 1845--1846

 []


Underfull \hbox (badness 10000) in paragraph at lines 1855--1857

 []


Underfull \hbox (badness 10000) in paragraph at lines 1871--1873

 []

[83]
Underfull \hbox (badness 10000) in paragraph at lines 1883--1885

 []

[84]
Underfull \hbox (badness 10000) in paragraph at lines 1929--1931

 []


Underfull \hbox (badness 10000) in paragraph at lines 1946--1948

 []

[85]
Underfull \hbox (badness 10000) in paragraph at lines 1983--1984

 []


Underfull \hbox (badness 10000) in paragraph at lines 1988--1990

 []


Underfull \hbox (badness 10000) in paragraph at lines 1993--1995

 []

<images/wkb_1.png, id=588, 328.97906pt x 248.42813pt>
File: images/wkb_1.png Graphic file (type png)
<use images/wkb_1.png>
Package pdftex.def Info: images/wkb_1.png  used on input line 1999.
(pdftex.def)             Requested size: 207.0021pt x 156.32101pt.
[86]
Underfull \hbox (badness 10000) in paragraph at lines 2017--2019

 []

<images/wkb_2.png, id=595, 494.59781pt x 290.58563pt>
File: images/wkb_2.png Graphic file (type png)
<use images/wkb_2.png>
Package pdftex.def Info: images/wkb_2.png  used on input line 2023.
(pdftex.def)             Requested size: 345.0pt x 202.69467pt.

Underfull \hbox (badness 10000) in paragraph at lines 2027--2029

 []


Underfull \hbox (badness 10000) in paragraph at lines 2031--2032

 []

[87 <./images/wkb_1.png>]
<images/wkb_3.png, id=604, 461.47406pt x 213.04594pt>
File: images/wkb_3.png Graphic file (type png)
<use images/wkb_3.png>
Package pdftex.def Info: images/wkb_3.png  used on input line 2047.
(pdftex.def)             Requested size: 258.75pt x 119.45444pt.
 [88 <./images/wkb_2.PNG>] [89 <./images/wkb_3.PNG>]
<images/wkb_4.png, id=620, 654.94687pt x 404.26031pt>
File: images/wkb_4.png Graphic file (type png)
<use images/wkb_4.png>
Package pdftex.def Info: images/wkb_4.png  used on input line 2115.
(pdftex.def)             Requested size: 258.75pt x 159.70883pt.

[90 <./images/wkb_4.PNG>]
<images/wkb_5.png, id=630, 361.35pt x 182.93344pt>
File: images/wkb_5.png Graphic file (type png)
<use images/wkb_5.png>
Package pdftex.def Info: images/wkb_5.png  used on input line 2191.
(pdftex.def)             Requested size: 241.49895pt x 122.2605pt.
<images/wkb_6.png, id=633, 449.42906pt x 141.52875pt>
File: images/wkb_6.png Graphic file (type png)
<use images/wkb_6.png>
Package pdftex.def Info: images/wkb_6.png  used on input line 2199.
(pdftex.def)             Requested size: 241.49895pt x 76.05078pt.
 [91] [92 <./images/wkb_5.PNG> <./images/wkb_6.PNG>]
[93

] [94

] [95] [96

] [97] (./BUI_AtomicPhysics.bbl [98

] [99])

Package caption Warning: Unused \captionsetup[lstlisting] on input line 90.
See the caption package documentation for explanation.

Package atveryend Info: Empty hook `BeforeClearDocument' on input line 2239.
[100]
Package atveryend Info: Empty hook `AfterLastShipout' on input line 2239.
 (./BUI_AtomicPhysics.aux)
Package atveryend Info: Executing hook `AtVeryEndDocument' on input line 2239.
Package atveryend Info: Executing hook `AtEndAfterFileList' on input line 2239.

Package rerunfilecheck Info: File `BUI_AtomicPhysics.out' has not changed.
(rerunfilecheck)             Checksum: 131AA8A2905C95AF640B352E6147A9B0;69.


LaTeX Font Warning: Some font shapes were not available, defaults substituted.

Package atveryend Info: Empty hook `AtVeryVeryEnd' on input line 2239.
 ) 
Here is how much of TeX's memory you used:
 11797 strings out of 481239
 181788 string characters out of 5920378
 1587054 words of memory out of 5000000
 26587 multiletter control sequences out of 15000+600000
 547762 words of font info for 84 fonts, out of 8000000 for 9000
 1141 hyphenation exceptions out of 8191
 46i,20n,67p,1148b,437s stack positions out of 5000i,500n,10000p,200000b,80000s
{/usr/share/texmf/fonts/enc/dvips/cm-super/cm-super-ts1.enc}</usr/share/texli
ve/texmf-dist/fonts/type1/public/amsfonts/cm/cmbx10.pfb></usr/share/texlive/tex
mf-dist/fonts/type1/public/amsfonts/cm/cmbx12.pfb></usr/share/texlive/texmf-dis
t/fonts/type1/public/amsfonts/cm/cmbx7.pfb></usr/share/texlive/texmf-dist/fonts
/type1/public/amsfonts/cm/cmex10.pfb></usr/share/texlive/texmf-dist/fonts/type1
/public/amsfonts/cm/cmmi10.pfb></usr/share/texlive/texmf-dist/fonts/type1/publi
c/amsfonts/cm/cmmi5.pfb></usr/share/texlive/texmf-dist/fonts/type1/public/amsfo
nts/cm/cmmi7.pfb></usr/share/texlive/texmf-dist/fonts/type1/public/amsfonts/cm/
cmr10.pfb></usr/share/texlive/texmf-dist/fonts/type1/public/amsfonts/cm/cmr12.p
fb></usr/share/texlive/texmf-dist/fonts/type1/public/amsfonts/cm/cmr17.pfb></us
r/share/texlive/texmf-dist/fonts/type1/public/amsfonts/cm/cmr5.pfb></usr/share/
texlive/texmf-dist/fonts/type1/public/amsfonts/cm/cmr7.pfb></usr/share/texlive/
texmf-dist/fonts/type1/public/amsfonts/cm/cmsl10.pfb></usr/share/texlive/texmf-
dist/fonts/type1/public/amsfonts/cm/cmsy10.pfb></usr/share/texlive/texmf-dist/f
onts/type1/public/amsfonts/cm/cmsy5.pfb></usr/share/texlive/texmf-dist/fonts/ty
pe1/public/amsfonts/cm/cmsy7.pfb></usr/share/texlive/texmf-dist/fonts/type1/pub
lic/amsfonts/cm/cmti10.pfb></usr/share/texlive/texmf-dist/fonts/type1/public/es
int-type1/esint10.pfb></usr/share/texlive/texmf-dist/fonts/type1/public/amsfont
s/symbols/msbm10.pfb></usr/share/texlive/texmf-dist/fonts/type1/public/amsfonts
/symbols/msbm7.pfb></usr/share/texmf/fonts/type1/public/cm-super/sfrm1000.pfb>
Output written on BUI_AtomicPhysics.pdf (100 pages, 1820513 bytes).
PDF statistics:
 808 PDF objects out of 1000 (max. 8388607)
 600 compressed objects within 6 object streams
 219 named destinations out of 1000 (max. 500000)
 160 words of extra memory for PDF output out of 10000 (max. 10000000)

