\BOOKMARK [2][-]{section*.1}{Preface}{}% 1
\BOOKMARK [0][-]{chapter.1}{List of Special Matrices/Operators \046 Their Properties}{}% 2
\BOOKMARK [0][-]{chapter.2}{List of Operations}{}% 3
\BOOKMARK [0][-]{chapter.3}{Complex Numbers}{}% 4
\BOOKMARK [1][-]{section.3.1}{A different point of view}{chapter.3}% 5
\BOOKMARK [1][-]{section.3.2}{Relevant properties and definitions}{chapter.3}% 6
\BOOKMARK [0][-]{chapter.4}{Vector Spaces \046 Linear Functions}{}% 7
\BOOKMARK [1][-]{section.4.1}{Review of Linear Spaces and Subspaces}{chapter.4}% 8
\BOOKMARK [1][-]{section.4.2}{Review of Linear Maps}{chapter.4}% 9
\BOOKMARK [1][-]{section.4.3}{Review of Kernels and Images}{chapter.4}% 10
\BOOKMARK [1][-]{section.4.4}{Atrices}{chapter.4}% 11
\BOOKMARK [1][-]{section.4.5}{Linear Independence, Span, and Bases}{chapter.4}% 12
\BOOKMARK [2][-]{subsection.4.5.1}{Linear Independence}{section.4.5}% 13
\BOOKMARK [2][-]{subsection.4.5.2}{Span}{section.4.5}% 14
\BOOKMARK [2][-]{subsection.4.5.3}{Bases}{section.4.5}% 15
\BOOKMARK [1][-]{section.4.6}{Linear Bijections and Isomorphisms}{chapter.4}% 16
\BOOKMARK [1][-]{section.4.7}{Finite-Dimensional Linear Spaces}{chapter.4}% 17
\BOOKMARK [2][-]{subsection.4.7.1}{Dimension}{section.4.7}% 18
\BOOKMARK [2][-]{subsection.4.7.2}{Rank-Nullity Theorem}{section.4.7}% 19
\BOOKMARK [1][-]{section.4.8}{Infinite-Dimensional Spaces}{chapter.4}% 20
\BOOKMARK [0][-]{chapter.5}{Sums of Subspaces \046 Products of vector spaces}{}% 21
\BOOKMARK [1][-]{section.5.1}{Direct Sums}{chapter.5}% 22
\BOOKMARK [1][-]{section.5.2}{Products and Direct Sums}{chapter.5}% 23
\BOOKMARK [1][-]{section.5.3}{Products of Vector Spaces}{chapter.5}% 24
\BOOKMARK [1][-]{section.5.4}{Rank-Nullity Theorem}{chapter.5}% 25
\BOOKMARK [1][-]{section.5.5}{Nullspaces \046 Ranges of Operator Powers}{chapter.5}% 26
\BOOKMARK [1][-]{section.5.6}{Generalized Eigenvectors and Eigenspaces}{chapter.5}% 27
\BOOKMARK [1][-]{section.5.7}{Nilpotent Operators}{chapter.5}% 28
\BOOKMARK [0][-]{chapter.6}{Idempotents \046 Resolutions of Identity}{}% 29
\BOOKMARK [0][-]{chapter.7}{Block-representations of operators}{}% 30
\BOOKMARK [1][-]{section.7.1}{Coordinatization}{chapter.7}% 31
\BOOKMARK [1][-]{section.7.2}{Matricial representation of linear functions}{chapter.7}% 32
\BOOKMARK [2][-]{subsection.7.2.1}{In Cartesian products}{section.7.2}% 33
\BOOKMARK [2][-]{subsection.7.2.2}{In direct sums}{section.7.2}% 34
\BOOKMARK [1][-]{section.7.3}{Properties of Block-matrix representation}{chapter.7}% 35
\BOOKMARK [1][-]{section.7.4}{Equality of rank and trace for idempotents; Resolution of Identity Revisited}{chapter.7}% 36
\BOOKMARK [1][-]{section.7.5}{Direct sums of operators}{chapter.7}% 37
\BOOKMARK [0][-]{chapter.8}{Invariant subspaces}{}% 38
\BOOKMARK [1][-]{section.8.1}{Triangularization}{chapter.8}% 39
\BOOKMARK [0][-]{chapter.9}{Polynomials applied to operators}{}% 40
\BOOKMARK [1][-]{section.9.1}{Minimal polynomials at a vector}{chapter.9}% 41
\BOOKMARK [1][-]{section.9.2}{Existence of eigenvalues}{chapter.9}% 42
\BOOKMARK [1][-]{section.9.3}{Global minimal polynomials}{chapter.9}% 43
\BOOKMARK [1][-]{section.9.4}{Existence of eigenvalues}{chapter.9}% 44
\BOOKMARK [1][-]{section.9.5}{Minimal polynomials of block-diagonal operators}{chapter.9}% 45
\BOOKMARK [1][-]{section.9.6}{\(Minimal\) polynomials of block-r operators}{chapter.9}% 46
\BOOKMARK [0][-]{chapter.10}{Primary decomposition over C and generalized eigenspaces}{}% 47
\BOOKMARK [0][-]{chapter.11}{Cyclic decomposition and Jordan form}{}% 48
\BOOKMARK [1][-]{section.11.1}{Nilpotents}{chapter.11}% 49
\BOOKMARK [1][-]{section.11.2}{Jordan canonical form theorem}{chapter.11}% 50
\BOOKMARK [1][-]{section.11.3}{Diagonalizability}{chapter.11}% 51
\BOOKMARK [1][-]{section.11.4}{Simultaneous triangularizability and diagonalizability}{chapter.11}% 52
\BOOKMARK [0][-]{chapter.12}{Inner products and norms}{}% 53
\BOOKMARK [1][-]{section.12.1}{Orthogonality}{chapter.12}% 54
\BOOKMARK [1][-]{section.12.2}{Riesz representation theorem}{chapter.12}% 55
\BOOKMARK [1][-]{section.12.3}{Adjoints}{chapter.12}% 56
\BOOKMARK [1][-]{section.12.4}{Orthogonal complements and orthogonal decompositions}{chapter.12}% 57
\BOOKMARK [1][-]{section.12.5}{Ortho-projections}{chapter.12}% 58
\BOOKMARK [1][-]{section.12.6}{Closest point solutions}{chapter.12}% 59
\BOOKMARK [1][-]{section.12.7}{Gram-Schmidt and orthonormal bases}{chapter.12}% 60
\BOOKMARK [0][-]{chapter.13}{Isometries and unitary operators}{}% 61
\BOOKMARK [0][-]{chapter.14}{Ortho-triangularization}{}% 62
\BOOKMARK [0][-]{chapter.15}{Ortho-diagonalization; Self-adjoint and Normal Operators; Spectral Theorems}{}% 63
\BOOKMARK [1][-]{section.15.1}{Towards the Spectral Theorem}{chapter.15}% 64
\BOOKMARK [1][-]{section.15.2}{The Spectral Theorem}{chapter.15}% 65
\BOOKMARK [1][-]{section.15.3}{Spectral Theorem for Matrices}{chapter.15}% 66
\BOOKMARK [0][-]{chapter.16}{Positive \(semi-\)definite operators}{}% 67
\BOOKMARK [1][-]{section.16.1}{Underlying Space Resolution For Normal Operators}{chapter.16}% 68
\BOOKMARK [0][-]{chapter.17}{Polar decomposition}{}% 69
\BOOKMARK [0][-]{chapter.18}{Singular value decomposition}{}% 70
\BOOKMARK [1][-]{section.18.1}{Singular values and approximation}{chapter.18}% 71
\BOOKMARK [0][-]{chapter.19}{Problems and Solutions}{}% 72
\BOOKMARK [1][-]{section.19.1}{Problem set 1 \(under corrections\)}{chapter.19}% 73
\BOOKMARK [1][-]{section.19.2}{Problem set 2}{chapter.19}% 74
\BOOKMARK [1][-]{section.19.3}{Problem set 3}{chapter.19}% 75
\BOOKMARK [1][-]{section.19.4}{Problem set 4}{chapter.19}% 76
\BOOKMARK [1][-]{section.19.5}{Problem set 5}{chapter.19}% 77
\BOOKMARK [1][-]{section.19.6}{Problem set 6}{chapter.19}% 78
\BOOKMARK [1][-]{section.19.7}{Problem set PRACTICE}{chapter.19}% 79
\BOOKMARK [1][-]{section.19.8}{Review Problems}{chapter.19}% 80
