This is pdfTeX, Version 3.14159265-2.6-1.40.18 (MiKTeX 2.9.6500 64-bit) (preloaded format=pdflatex 2018.2.6)  20 MAY 2019 04:37
entering extended mode
**./HuanBui_MatrixAnalysis.tex
(HuanBui_MatrixAnalysis.tex
LaTeX2e <2017-04-15>
Babel <3.15> and hyphenation patterns for 76 language(s) loaded.
("C:\Program Files\MiKTeX 2.9\tex\latex\base\article.cls"
Document Class: article 2014/09/29 v1.4h Standard LaTeX document class
("C:\Program Files\MiKTeX 2.9\tex\latex\base\size10.clo"
File: size10.clo 2014/09/29 v1.4h Standard LaTeX file (size option)
)
\c@part=\count79
\c@section=\count80
\c@subsection=\count81
\c@subsubsection=\count82
\c@paragraph=\count83
\c@subparagraph=\count84
\c@figure=\count85
\c@table=\count86
\abovecaptionskip=\skip41
\belowcaptionskip=\skip42
\bibindent=\dimen102
)
("C:\Program Files\MiKTeX 2.9\tex\latex\physics\physics.sty"
Package: physics 

("C:\Program Files\MiKTeX 2.9\tex\latex\l3packages\xparse\xparse.sty"
("C:\Program Files\MiKTeX 2.9\tex\latex\l3kernel\expl3.sty"
Package: expl3 2017/12/05 L3 programming layer (loader) 

("C:\Program Files\MiKTeX 2.9\tex\latex\l3kernel\expl3-code.tex"
Package: expl3 2017/12/05 L3 programming layer (code)
\c_max_int=\count87
\l_tmpa_int=\count88
\l_tmpb_int=\count89
\g_tmpa_int=\count90
\g_tmpb_int=\count91
\g__intarray_font_int=\count92
\g__prg_map_int=\count93
\c_log_iow=\count94
\l_iow_line_count_int=\count95
\l__iow_line_target_int=\count96
\l__iow_one_indent_int=\count97
\l__iow_indent_int=\count98
\c_zero_dim=\dimen103
\c_max_dim=\dimen104
\l_tmpa_dim=\dimen105
\l_tmpb_dim=\dimen106
\g_tmpa_dim=\dimen107
\g_tmpb_dim=\dimen108
\c_zero_skip=\skip43
\c_max_skip=\skip44
\l_tmpa_skip=\skip45
\l_tmpb_skip=\skip46
\g_tmpa_skip=\skip47
\g_tmpb_skip=\skip48
\c_zero_muskip=\muskip10
\c_max_muskip=\muskip11
\l_tmpa_muskip=\muskip12
\l_tmpb_muskip=\muskip13
\g_tmpa_muskip=\muskip14
\g_tmpb_muskip=\muskip15
\l_keys_choice_int=\count99
\c__fp_leading_shift_int=\count100
\c__fp_middle_shift_int=\count101
\c__fp_trailing_shift_int=\count102
\c__fp_big_leading_shift_int=\count103
\c__fp_big_middle_shift_int=\count104
\c__fp_big_trailing_shift_int=\count105
\c__fp_Bigg_leading_shift_int=\count106
\c__fp_Bigg_middle_shift_int=\count107
\c__fp_Bigg_trailing_shift_int=\count108
\c__fp_rand_size_int=\count109
\c__fp_rand_four_int=\count110
\c__fp_rand_eight_int=\count111
\l__sort_length_int=\count112
\l__sort_min_int=\count113
\l__sort_top_int=\count114
\l__sort_max_int=\count115
\l__sort_true_max_int=\count116
\l__sort_block_int=\count117
\l__sort_begin_int=\count118
\l__sort_end_int=\count119
\l__sort_A_int=\count120
\l__sort_B_int=\count121
\l__sort_C_int=\count122
\l__tl_build_start_index_int=\count123
\l__tl_build_index_int=\count124
\l__tl_analysis_normal_int=\count125
\l__tl_analysis_index_int=\count126
\l__tl_analysis_nesting_int=\count127
\l__tl_analysis_type_int=\count128
\l__regex_internal_a_int=\count129
\l__regex_internal_b_int=\count130
\l__regex_internal_c_int=\count131
\l__regex_balance_int=\count132
\l__regex_group_level_int=\count133
\l__regex_mode_int=\count134
\c__regex_cs_in_class_mode_int=\count135
\c__regex_cs_mode_int=\count136
\l__regex_catcodes_int=\count137
\l__regex_default_catcodes_int=\count138
\c__regex_catcode_D_int=\count139
\c__regex_catcode_S_int=\count140
\c__regex_catcode_L_int=\count141
\c__regex_catcode_O_int=\count142
\c__regex_catcode_A_int=\count143
\c__regex_all_catcodes_int=\count144
\l__regex_show_lines_int=\count145
\l__regex_min_state_int=\count146
\l__regex_max_state_int=\count147
\l__regex_left_state_int=\count148
\l__regex_right_state_int=\count149
\l__regex_capturing_group_int=\count150
\l__regex_min_pos_int=\count151
\l__regex_max_pos_int=\count152
\l__regex_curr_pos_int=\count153
\l__regex_start_pos_int=\count154
\l__regex_success_pos_int=\count155
\l__regex_curr_char_int=\count156
\l__regex_curr_catcode_int=\count157
\l__regex_last_char_int=\count158
\l__regex_case_changed_char_int=\count159
\l__regex_curr_state_int=\count160
\l__regex_step_int=\count161
\l__regex_min_active_int=\count162
\l__regex_max_active_int=\count163
\l__regex_replacement_csnames_int=\count164
\l__regex_match_count_int=\count165
\l__regex_min_submatch_int=\count166
\l__regex_submatch_int=\count167
\l__regex_zeroth_submatch_int=\count168
\g__debug_trace_regex_int=\count169
\c_empty_box=\box26
\l_tmpa_box=\box27
\l_tmpb_box=\box28
\g_tmpa_box=\box29
\g_tmpb_box=\box30
\l__box_top_dim=\dimen109
\l__box_bottom_dim=\dimen110
\l__box_left_dim=\dimen111
\l__box_right_dim=\dimen112
\l__box_top_new_dim=\dimen113
\l__box_bottom_new_dim=\dimen114
\l__box_left_new_dim=\dimen115
\l__box_right_new_dim=\dimen116
\l__box_internal_box=\box31
\l__coffin_internal_box=\box32
\l__coffin_internal_dim=\dimen117
\l__coffin_offset_x_dim=\dimen118
\l__coffin_offset_y_dim=\dimen119
\l__coffin_x_dim=\dimen120
\l__coffin_y_dim=\dimen121
\l__coffin_x_prime_dim=\dimen122
\l__coffin_y_prime_dim=\dimen123
\c_empty_coffin=\box33
\l__coffin_aligned_coffin=\box34
\l__coffin_aligned_internal_coffin=\box35
\l_tmpa_coffin=\box36
\l_tmpb_coffin=\box37
\l__coffin_display_coffin=\box38
\l__coffin_display_coord_coffin=\box39
\l__coffin_display_pole_coffin=\box40
\l__coffin_display_offset_dim=\dimen124
\l__coffin_display_x_dim=\dimen125
\l__coffin_display_y_dim=\dimen126
\l__coffin_bounding_shift_dim=\dimen127
\l__coffin_left_corner_dim=\dimen128
\l__coffin_right_corner_dim=\dimen129
\l__coffin_bottom_corner_dim=\dimen130
\l__coffin_top_corner_dim=\dimen131
\l__coffin_scaled_total_height_dim=\dimen132
\l__coffin_scaled_width_dim=\dimen133
)
("C:\Program Files\MiKTeX 2.9\tex\latex\l3kernel\l3pdfmode.def"
File: l3pdfmode.def 2017/03/18 v L3 Experimental driver: PDF mode
\l__driver_color_stack_int=\count170
\l__driver_tmp_box=\box41
))
Package: xparse 2017/12/05 L3 Experimental document command parser
\l__xparse_current_arg_int=\count171
\g__xparse_grabber_int=\count172
\l__xparse_m_args_int=\count173
\l__xparse_mandatory_args_int=\count174
\l__xparse_v_nesting_int=\count175
)
("C:\Program Files\MiKTeX 2.9\tex\latex\amsmath\amsmath.sty"
Package: amsmath 2017/09/02 v2.17a AMS math features
\@mathmargin=\skip49

For additional information on amsmath, use the `?' option.
("C:\Program Files\MiKTeX 2.9\tex\latex\amsmath\amstext.sty"
Package: amstext 2000/06/29 v2.01 AMS text

("C:\Program Files\MiKTeX 2.9\tex\latex\amsmath\amsgen.sty"
File: amsgen.sty 1999/11/30 v2.0 generic functions
\@emptytoks=\toks14
\ex@=\dimen134
))
("C:\Program Files\MiKTeX 2.9\tex\latex\amsmath\amsbsy.sty"
Package: amsbsy 1999/11/29 v1.2d Bold Symbols
\pmbraise@=\dimen135
)
("C:\Program Files\MiKTeX 2.9\tex\latex\amsmath\amsopn.sty"
Package: amsopn 2016/03/08 v2.02 operator names
)
\inf@bad=\count176
LaTeX Info: Redefining \frac on input line 213.
\uproot@=\count177
\leftroot@=\count178
LaTeX Info: Redefining \overline on input line 375.
\classnum@=\count179
\DOTSCASE@=\count180
LaTeX Info: Redefining \ldots on input line 472.
LaTeX Info: Redefining \dots on input line 475.
LaTeX Info: Redefining \cdots on input line 596.
\Mathstrutbox@=\box42
\strutbox@=\box43
\big@size=\dimen136
LaTeX Font Info:    Redeclaring font encoding OML on input line 712.
LaTeX Font Info:    Redeclaring font encoding OMS on input line 713.
\macc@depth=\count181
\c@MaxMatrixCols=\count182
\dotsspace@=\muskip16
\c@parentequation=\count183
\dspbrk@lvl=\count184
\tag@help=\toks15
\row@=\count185
\column@=\count186
\maxfields@=\count187
\andhelp@=\toks16
\eqnshift@=\dimen137
\alignsep@=\dimen138
\tagshift@=\dimen139
\tagwidth@=\dimen140
\totwidth@=\dimen141
\lineht@=\dimen142
\@envbody=\toks17
\multlinegap=\skip50
\multlinetaggap=\skip51
\mathdisplay@stack=\toks18
LaTeX Info: Redefining \[ on input line 2817.
LaTeX Info: Redefining \] on input line 2818.
)
.................................................
. LaTeX info: "xparse/define-command"
. 
. Defining command \vnabla with sig. '' on line 25.
.................................................
.................................................
. LaTeX info: "xparse/define-command"
. 
. Defining command \varE with sig. '' on line 29.
.................................................
.................................................
. LaTeX info: "xparse/define-command"
. 
. Defining command \ordersymbol with sig. '' on line 30.
.................................................
.................................................
. LaTeX info: "xparse/define-command"
. 
. Defining command \lparen with sig. '' on line 31.
.................................................
.................................................
. LaTeX info: "xparse/define-command"
. 
. Defining command \rparen with sig. '' on line 32.
.................................................
.................................................
. LaTeX info: "xparse/define-command"
. 
. Defining command \quantity with sig. '' on line 35.
.................................................
.................................................
. LaTeX info: "xparse/define-command"
. 
. Defining command \@quantity with sig. ' t\big t\Big t\bigg t\Bigg g o d()
. d|| ' on line 62.
.................................................

*************************************************
* LaTeX warning: "xparse/not-single-char"
* 
* Argument delimiter '\big ' for the command '\@quantity' should be a single
* character.
*************************************************
*************************************************
* LaTeX warning: "xparse/not-single-char"
* 
* Argument delimiter '\Big ' for the command '\@quantity' should be a single
* character.
*************************************************
*************************************************
* LaTeX warning: "xparse/not-single-char"
* 
* Argument delimiter '\bigg ' for the command '\@quantity' should be a single
* character.
*************************************************
*************************************************
* LaTeX warning: "xparse/not-single-char"
* 
* Argument delimiter '\Bigg ' for the command '\@quantity' should be a single
* character.
*************************************************
.................................................
. LaTeX info: "xparse/define-command"
. 
. Defining command \qty with sig. '' on line 63.
.................................................
.................................................
. LaTeX info: "xparse/define-command"
. 
. Defining command \pqty with sig. ' l m ' on line 64.
.................................................
.................................................
. LaTeX info: "xparse/define-command"
. 
. Defining command \bqty with sig. ' l m ' on line 65.
.................................................
.................................................
. LaTeX info: "xparse/define-command"
. 
. Defining command \Bqty with sig. ' l m ' on line 66.
.................................................
.................................................
. LaTeX info: "xparse/define-command"
. 
. Defining command \vqty with sig. ' l m ' on line 67.
.................................................
.................................................
. LaTeX info: "xparse/define-command"
. 
. Defining command \pmqty with sig. 'm' on line 70.
.................................................
.................................................
. LaTeX info: "xparse/define-command"
. 
. Defining command \Pmqty with sig. 'm' on line 71.
.................................................
.................................................
. LaTeX info: "xparse/define-command"
. 
. Defining command \bmqty with sig. 'm' on line 72.
.................................................
.................................................
. LaTeX info: "xparse/define-command"
. 
. Defining command \vmqty with sig. 'm' on line 73.
.................................................
.................................................
. LaTeX info: "xparse/define-command"
. 
. Defining command \matrixquantity with sig. '' on line 74.
.................................................
.................................................
. LaTeX info: "xparse/define-command"
. 
. Defining command \@matrixquantity with sig. ' s g o d() d|| ' on line 100.
.................................................
.................................................
. LaTeX info: "xparse/define-command"
. 
. Defining command \mqty with sig. '' on line 101.
.................................................
.................................................
. LaTeX info: "xparse/define-command"
. 
. Defining command \matrixdeterminant with sig. 'm' on line 102.
.................................................
.................................................
. LaTeX info: "xparse/define-command"
. 
. Defining command \mdet with sig. '' on line 103.
.................................................
.................................................
. LaTeX info: "xparse/define-command"
. 
. Defining command \spmqty with sig. 'm' on line 105.
.................................................
.................................................
. LaTeX info: "xparse/define-command"
. 
. Defining command \sPmqty with sig. 'm' on line 106.
.................................................
.................................................
. LaTeX info: "xparse/define-command"
. 
. Defining command \sbmqty with sig. 'm' on line 107.
.................................................
.................................................
. LaTeX info: "xparse/define-command"
. 
. Defining command \svmqty with sig. 'm' on line 108.
.................................................
.................................................
. LaTeX info: "xparse/define-command"
. 
. Defining command \smallmatrixquantity with sig. ' s g o d() d|| ' on line
. 133.
.................................................
.................................................
. LaTeX info: "xparse/define-command"
. 
. Defining command \smqty with sig. '' on line 134.
.................................................
.................................................
. LaTeX info: "xparse/define-command"
. 
. Defining command \smallmatrixdeterminant with sig. 'm' on line 135.
.................................................
.................................................
. LaTeX info: "xparse/define-command"
. 
. Defining command \smdet with sig. '' on line 136.
.................................................
.................................................
. LaTeX info: "xparse/define-command"
. 
. Defining command \argopen with sig. 's' on line 138.
.................................................
.................................................
. LaTeX info: "xparse/define-command"
. 
. Defining command \argclose with sig. 's' on line 139.
.................................................
.................................................
. LaTeX info: "xparse/define-command"
. 
. Defining command \braces with sig. '' on line 141.
.................................................
.................................................
. LaTeX info: "xparse/define-command"
. 
. Defining command \@braces with sig. ' s t\big t\Big t\bigg t\Bigg m m m ' on
. line 156.
.................................................
*************************************************
* LaTeX warning: "xparse/not-single-char"
* 
* Argument delimiter '\big ' for the command '\@braces' should be a single
* character.
*************************************************
*************************************************
* LaTeX warning: "xparse/not-single-char"
* 
* Argument delimiter '\Big ' for the command '\@braces' should be a single
* character.
*************************************************
*************************************************
* LaTeX warning: "xparse/not-single-char"
* 
* Argument delimiter '\bigg ' for the command '\@braces' should be a single
* character.
*************************************************
*************************************************
* LaTeX warning: "xparse/not-single-char"
* 
* Argument delimiter '\Bigg ' for the command '\@braces' should be a single
* character.
*************************************************
.................................................
. LaTeX info: "xparse/define-command"
. 
. Defining command \fbraces with sig. ' s t\big t\Big t\bigg t\Bigg m m m m '
. on line 174.
.................................................
*************************************************
* LaTeX warning: "xparse/not-single-char"
* 
* Argument delimiter '\big ' for the command '\fbraces' should be a single
* character.
*************************************************
*************************************************
* LaTeX warning: "xparse/not-single-char"
* 
* Argument delimiter '\Big ' for the command '\fbraces' should be a single
* character.
*************************************************
*************************************************
* LaTeX warning: "xparse/not-single-char"
* 
* Argument delimiter '\bigg ' for the command '\fbraces' should be a single
* character.
*************************************************
*************************************************
* LaTeX warning: "xparse/not-single-char"
* 
* Argument delimiter '\Bigg ' for the command '\fbraces' should be a single
* character.
*************************************************
.................................................
. LaTeX info: "xparse/define-command"
. 
. Defining command \absolutevalue with sig. ' l m ' on line 176.
.................................................
.................................................
. LaTeX info: "xparse/define-command"
. 
. Defining command \abs with sig. '' on line 177.
.................................................
.................................................
. LaTeX info: "xparse/define-command"
. 
. Defining command \norm with sig. ' l m ' on line 178.
.................................................
.................................................
. LaTeX info: "xparse/define-command"
. 
. Defining command \order with sig. ' l m ' on line 179.
.................................................
.................................................
. LaTeX info: "xparse/define-command"
. 
. Defining command \evaluated with sig. ' s g d[| d(| ' on line 194.
.................................................
.................................................
. LaTeX info: "xparse/define-command"
. 
. Defining command \eval with sig. '' on line 195.
.................................................
.................................................
. LaTeX info: "xparse/define-command"
. 
. Defining command \poissonbracket with sig. ' l m m ' on line 197.
.................................................
.................................................
. LaTeX info: "xparse/define-command"
. 
. Defining command \pb with sig. '' on line 198.
.................................................
.................................................
. LaTeX info: "xparse/define-command"
. 
. Defining command \commutator with sig. ' l m m ' on line 201.
.................................................
.................................................
. LaTeX info: "xparse/define-command"
. 
. Defining command \comm with sig. '' on line 202.
.................................................
.................................................
. LaTeX info: "xparse/define-command"
. 
. Defining command \anticommutator with sig. ' l m m ' on line 203.
.................................................
.................................................
. LaTeX info: "xparse/define-command"
. 
. Defining command \acommutator with sig. '' on line 204.
.................................................
.................................................
. LaTeX info: "xparse/define-command"
. 
. Defining command \acomm with sig. '' on line 205.
.................................................
.................................................
. LaTeX info: "xparse/define-command"
. 
. Defining command \vectorbold with sig. ' s m ' on line 208.
.................................................
.................................................
. LaTeX info: "xparse/define-command"
. 
. Defining command \vb with sig. '' on line 209.
.................................................
.................................................
. LaTeX info: "xparse/define-command"
. 
. Defining command \vectorarrow with sig. ' s m ' on line 211.
.................................................
.................................................
. LaTeX info: "xparse/define-command"
. 
. Defining command \va with sig. '' on line 212.
.................................................
.................................................
. LaTeX info: "xparse/define-command"
. 
. Defining command \vectorunit with sig. ' s m ' on line 214.
.................................................
.................................................
. LaTeX info: "xparse/define-command"
. 
. Defining command \vu with sig. '' on line 215.
.................................................
.................................................
. LaTeX info: "xparse/define-command"
. 
. Defining command \dotproduct with sig. '' on line 217.
.................................................
.................................................
. LaTeX info: "xparse/define-command"
. 
. Defining command \vdot with sig. '' on line 218.
.................................................
.................................................
. LaTeX info: "xparse/define-command"
. 
. Defining command \crossproduct with sig. '' on line 220.
.................................................
.................................................
. LaTeX info: "xparse/define-command"
. 
. Defining command \cross with sig. '' on line 221.
.................................................
.................................................
. LaTeX info: "xparse/define-command"
. 
. Defining command \cp with sig. '' on line 222.
.................................................
.................................................
. LaTeX info: "xparse/define-command"
. 
. Defining command \gradient with sig. ' g o d() ' on line 232.
.................................................
.................................................
. LaTeX info: "xparse/define-command"
. 
. Defining command \grad with sig. '' on line 233.
.................................................
.................................................
. LaTeX info: "xparse/define-command"
. 
. Defining command \divergence with sig. ' g o d() ' on line 243.
.................................................
.................................................
. LaTeX info: "xparse/define-command"
. 
. Defining command \div with sig. '' on line 246.
.................................................
.................................................
. LaTeX info: "xparse/define-command"
. 
. Defining command \curl with sig. ' g o d() ' on line 256.
.................................................
.................................................
. LaTeX info: "xparse/define-command"
. 
. Defining command \laplacian with sig. ' g o d() ' on line 266.
.................................................
.................................................
. LaTeX info: "xparse/define-command"
. 
. Defining command \principalvalue with sig. 'g' on line 274.
.................................................
.................................................
. LaTeX info: "xparse/define-command"
. 
. Defining command \pv with sig. '' on line 275.
.................................................
.................................................
. LaTeX info: "xparse/define-command"
. 
. Defining command \PV with sig. 'g' on line 276.
.................................................
.................................................
. LaTeX info: "xparse/redefine-command"
. 
. Redefining command \Re with sig. 'g' on line 277.
.................................................
.................................................
. LaTeX info: "xparse/redefine-command"
. 
. Redefining command \Im with sig. 'g' on line 278.
.................................................
.................................................
. LaTeX info: "xparse/define-command"
. 
. Defining command \opbraces with sig. ' m g o d() ' on line 299.
.................................................
.................................................
. LaTeX info: "xparse/define-command"
. 
. Defining command \trigbraces with sig. ' m o d() ' on line 305.
.................................................
.................................................
. LaTeX info: "xparse/redefine-command"
. 
. Redefining command \sin with sig. '' on line 309.
.................................................
.................................................
. LaTeX info: "xparse/redefine-command"
. 
. Redefining command \cos with sig. '' on line 310.
.................................................
.................................................
. LaTeX info: "xparse/redefine-command"
. 
. Redefining command \tan with sig. '' on line 311.
.................................................
.................................................
. LaTeX info: "xparse/redefine-command"
. 
. Redefining command \csc with sig. '' on line 312.
.................................................
.................................................
. LaTeX info: "xparse/redefine-command"
. 
. Redefining command \sec with sig. '' on line 313.
.................................................
.................................................
. LaTeX info: "xparse/redefine-command"
. 
. Redefining command \cot with sig. '' on line 314.
.................................................
.................................................
. LaTeX info: "xparse/redefine-command"
. 
. Redefining command \arcsin with sig. '' on line 316.
.................................................
.................................................
. LaTeX info: "xparse/redefine-command"
. 
. Redefining command \arccos with sig. '' on line 317.
.................................................
.................................................
. LaTeX info: "xparse/redefine-command"
. 
. Redefining command \arctan with sig. '' on line 318.
.................................................
.................................................
. LaTeX info: "xparse/define-command"
. 
. Defining command \arccsc with sig. '' on line 320.
.................................................
.................................................
. LaTeX info: "xparse/define-command"
. 
. Defining command \arcsec with sig. '' on line 322.
.................................................
.................................................
. LaTeX info: "xparse/define-command"
. 
. Defining command \arccot with sig. '' on line 324.
.................................................
.................................................
. LaTeX info: "xparse/define-command"
. 
. Defining command \asin with sig. '' on line 327.
.................................................
.................................................
. LaTeX info: "xparse/define-command"
. 
. Defining command \acos with sig. '' on line 329.
.................................................
.................................................
. LaTeX info: "xparse/define-command"
. 
. Defining command \atan with sig. '' on line 331.
.................................................
.................................................
. LaTeX info: "xparse/define-command"
. 
. Defining command \acsc with sig. '' on line 333.
.................................................
.................................................
. LaTeX info: "xparse/define-command"
. 
. Defining command \asec with sig. '' on line 335.
.................................................
.................................................
. LaTeX info: "xparse/define-command"
. 
. Defining command \acot with sig. '' on line 337.
.................................................
.................................................
. LaTeX info: "xparse/redefine-command"
. 
. Redefining command \sinh with sig. '' on line 339.
.................................................
.................................................
. LaTeX info: "xparse/redefine-command"
. 
. Redefining command \cosh with sig. '' on line 340.
.................................................
.................................................
. LaTeX info: "xparse/redefine-command"
. 
. Redefining command \tanh with sig. '' on line 341.
.................................................
.................................................
. LaTeX info: "xparse/define-command"
. 
. Defining command \csch with sig. '' on line 343.
.................................................
.................................................
. LaTeX info: "xparse/define-command"
. 
. Defining command \sech with sig. '' on line 345.
.................................................
.................................................
. LaTeX info: "xparse/redefine-command"
. 
. Redefining command \coth with sig. '' on line 346.
.................................................
.................................................
. LaTeX info: "xparse/redefine-command"
. 
. Redefining command \exp with sig. '' on line 348.
.................................................
.................................................
. LaTeX info: "xparse/redefine-command"
. 
. Redefining command \log with sig. '' on line 349.
.................................................
.................................................
. LaTeX info: "xparse/redefine-command"
. 
. Redefining command \ln with sig. '' on line 350.
.................................................
.................................................
. LaTeX info: "xparse/redefine-command"
. 
. Redefining command \det with sig. '' on line 351.
.................................................
.................................................
. LaTeX info: "xparse/redefine-command"
. 
. Redefining command \Pr with sig. '' on line 352.
.................................................
.................................................
. LaTeX info: "xparse/define-command"
. 
. Defining command \tr with sig. '' on line 353.
.................................................
.................................................
. LaTeX info: "xparse/define-command"
. 
. Defining command \Tr with sig. '' on line 354.
.................................................
.................................................
. LaTeX info: "xparse/define-command"
. 
. Defining command \Res with sig. '' on line 355.
.................................................
.................................................
. LaTeX info: "xparse/define-command"
. 
. Defining command \qqtext with sig. ' s m ' on line 377.
.................................................
.................................................
. LaTeX info: "xparse/define-command"
. 
. Defining command \qq with sig. '' on line 378.
.................................................
.................................................
. LaTeX info: "xparse/define-command"
. 
. Defining command \qcomma with sig. '' on line 380.
.................................................
.................................................
. LaTeX info: "xparse/define-command"
. 
. Defining command \qc with sig. '' on line 381.
.................................................
.................................................
. LaTeX info: "xparse/define-command"
. 
. Defining command \qif with sig. 's' on line 383.
.................................................
.................................................
. LaTeX info: "xparse/define-command"
. 
. Defining command \qthen with sig. 's' on line 384.
.................................................
.................................................
. LaTeX info: "xparse/define-command"
. 
. Defining command \qelse with sig. 's' on line 385.
.................................................
.................................................
. LaTeX info: "xparse/define-command"
. 
. Defining command \qotherwise with sig. 's' on line 386.
.................................................
.................................................
. LaTeX info: "xparse/define-command"
. 
. Defining command \qunless with sig. 's' on line 387.
.................................................
.................................................
. LaTeX info: "xparse/define-command"
. 
. Defining command \qgiven with sig. 's' on line 388.
.................................................
.................................................
. LaTeX info: "xparse/define-command"
. 
. Defining command \qusing with sig. 's' on line 389.
.................................................
.................................................
. LaTeX info: "xparse/define-command"
. 
. Defining command \qassume with sig. 's' on line 390.
.................................................
.................................................
. LaTeX info: "xparse/define-command"
. 
. Defining command \qsince with sig. 's' on line 391.
.................................................
.................................................
. LaTeX info: "xparse/define-command"
. 
. Defining command \qlet with sig. 's' on line 392.
.................................................
.................................................
. LaTeX info: "xparse/define-command"
. 
. Defining command \qfor with sig. 's' on line 393.
.................................................
.................................................
. LaTeX info: "xparse/define-command"
. 
. Defining command \qall with sig. 's' on line 394.
.................................................
.................................................
. LaTeX info: "xparse/define-command"
. 
. Defining command \qeven with sig. 's' on line 395.
.................................................
.................................................
. LaTeX info: "xparse/define-command"
. 
. Defining command \qodd with sig. 's' on line 396.
.................................................
.................................................
. LaTeX info: "xparse/define-command"
. 
. Defining command \qinteger with sig. 's' on line 397.
.................................................
.................................................
. LaTeX info: "xparse/define-command"
. 
. Defining command \qand with sig. 's' on line 398.
.................................................
.................................................
. LaTeX info: "xparse/define-command"
. 
. Defining command \qor with sig. 's' on line 399.
.................................................
.................................................
. LaTeX info: "xparse/define-command"
. 
. Defining command \qas with sig. 's' on line 400.
.................................................
.................................................
. LaTeX info: "xparse/define-command"
. 
. Defining command \qin with sig. 's' on line 401.
.................................................
.................................................
. LaTeX info: "xparse/define-command"
. 
. Defining command \qcc with sig. 's' on line 402.
.................................................
.................................................
. LaTeX info: "xparse/define-command"
. 
. Defining command \differential with sig. ' o g d() ' on line 415.
.................................................
.................................................
. LaTeX info: "xparse/define-command"
. 
. Defining command \dd with sig. '' on line 416.
.................................................
.................................................
. LaTeX info: "xparse/define-command"
. 
. Defining command \derivative with sig. ' s o m g d() ' on line 435.
.................................................
.................................................
. LaTeX info: "xparse/define-command"
. 
. Defining command \dv with sig. '' on line 436.
.................................................
.................................................
. LaTeX info: "xparse/define-command"
. 
. Defining command \partialderivative with sig. ' s o m g g d() ' on line 460.
.................................................
.................................................
. LaTeX info: "xparse/define-command"
. 
. Defining command \pderivative with sig. '' on line 461.
.................................................
.................................................
. LaTeX info: "xparse/define-command"
. 
. Defining command \pdv with sig. '' on line 462.
.................................................
.................................................
. LaTeX info: "xparse/define-command"
. 
. Defining command \variation with sig. ' o g d() ' on line 474.
.................................................
.................................................
. LaTeX info: "xparse/define-command"
. 
. Defining command \var with sig. '' on line 475.
.................................................
.................................................
. LaTeX info: "xparse/define-command"
. 
. Defining command \functionalderivative with sig. ' s o m g d() ' on line
. 494.
.................................................
.................................................
. LaTeX info: "xparse/define-command"
. 
. Defining command \fderivative with sig. '' on line 495.
.................................................
.................................................
. LaTeX info: "xparse/define-command"
. 
. Defining command \fdv with sig. '' on line 496.
.................................................
.................................................
. LaTeX info: "xparse/define-command"
. 
. Defining command \bra with sig. ' s m t\ket s g ' on line 526.
.................................................
*************************************************
* LaTeX warning: "xparse/not-single-char"
* 
* Argument delimiter '\ket ' for the command '\bra' should be a single
* character.
*************************************************
.................................................
. LaTeX info: "xparse/define-command"
. 
. Defining command \ket with sig. ' s m ' on line 533.
.................................................
.................................................
. LaTeX info: "xparse/define-command"
. 
. Defining command \innerproduct with sig. ' s m g ' on line 548.
.................................................
.................................................
. LaTeX info: "xparse/define-command"
. 
. Defining command \braket with sig. '' on line 549.
.................................................
.................................................
. LaTeX info: "xparse/define-command"
. 
. Defining command \ip with sig. '' on line 550.
.................................................
.................................................
. LaTeX info: "xparse/define-command"
. 
. Defining command \outerproduct with sig. ' s m g ' on line 565.
.................................................
.................................................
. LaTeX info: "xparse/define-command"
. 
. Defining command \dyad with sig. '' on line 566.
.................................................
.................................................
. LaTeX info: "xparse/define-command"
. 
. Defining command \op with sig. '' on line 567.
.................................................
.................................................
. LaTeX info: "xparse/define-command"
. 
. Defining command \ketbra with sig. '' on line 568.
.................................................
.................................................
. LaTeX info: "xparse/define-command"
. 
. Defining command \expectationvalue with sig. ' s s m g ' on line 587.
.................................................
.................................................
. LaTeX info: "xparse/define-command"
. 
. Defining command \expval with sig. '' on line 588.
.................................................
.................................................
. LaTeX info: "xparse/define-command"
. 
. Defining command \ev with sig. '' on line 589.
.................................................
.................................................
. LaTeX info: "xparse/define-command"
. 
. Defining command \vev with sig. ' m ' on line 590.
.................................................
.................................................
. LaTeX info: "xparse/define-command"
. 
. Defining command \matrixelement with sig. ' s s m m m ' on line 601.
.................................................
.................................................
. LaTeX info: "xparse/define-command"
. 
. Defining command \matrixel with sig. '' on line 602.
.................................................
.................................................
. LaTeX info: "xparse/define-command"
. 
. Defining command \mel with sig. '' on line 603.
.................................................
.................................................
. LaTeX info: "xparse/define-command"
. 
. Defining command \identitymatrix with sig. 'm' on line 633.
.................................................
.................................................
. LaTeX info: "xparse/define-command"
. 
. Defining command \imat with sig. '' on line 634.
.................................................
.................................................
. LaTeX info: "xparse/define-command"
. 
. Defining command \xmatrix with sig. ' s m m m ' on line 659.
.................................................
.................................................
. LaTeX info: "xparse/define-command"
. 
. Defining command \xmat with sig. '' on line 660.
.................................................
.................................................
. LaTeX info: "xparse/define-command"
. 
. Defining command \zeromatrix with sig. ' m g ' on line 662.
.................................................
.................................................
. LaTeX info: "xparse/define-command"
. 
. Defining command \zmat with sig. '' on line 663.
.................................................
.................................................
. LaTeX info: "xparse/define-command"
. 
. Defining command \paulixmatrix with sig. '' on line 665.
.................................................
.................................................
. LaTeX info: "xparse/define-command"
. 
. Defining command \pauliymatrix with sig. '' on line 666.
.................................................
.................................................
. LaTeX info: "xparse/define-command"
. 
. Defining command \paulizmatrix with sig. '' on line 667.
.................................................
.................................................
. LaTeX info: "xparse/define-command"
. 
. Defining command \paulimatrix with sig. 'm' on line 678.
.................................................
.................................................
. LaTeX info: "xparse/define-command"
. 
. Defining command \pmat with sig. '' on line 679.
.................................................
.................................................
. LaTeX info: "xparse/define-command"
. 
. Defining command \diagonalmatrix with sig. 'O{} >{\SplitList {,}}m ' on line
. 681.
.................................................
.................................................
. LaTeX info: "xparse/define-command"
. 
. Defining command \@dmat with sig. 'mmggggggg' on line 714.
.................................................
.................................................
. LaTeX info: "xparse/define-command"
. 
. Defining command \dmat with sig. '' on line 715.
.................................................
.................................................
. LaTeX info: "xparse/define-command"
. 
. Defining command \antidiagonalmatrix with sig. 'O{} >{\SplitList {,}}m ' on
. line 717.
.................................................
.................................................
. LaTeX info: "xparse/define-command"
. 
. Defining command \@admat with sig. 'mmggggggg' on line 750.
.................................................
.................................................
. LaTeX info: "xparse/define-command"
. 
. Defining command \admat with sig. '' on line 751.
.................................................
.................................................
. LaTeX info: "xparse/define-command"
. 
. Defining command \flatfrac with sig. ' m m ' on line 754.
.................................................
.................................................
. LaTeX info: "xparse/define-command"
. 
. Defining command \homework with sig. '' on line 764.
.................................................
) ("C:\Program Files\MiKTeX 2.9\tex\latex\preprint\authblk.sty"
Package: authblk 2001/02/27 1.3 (PWD)
\affilsep=\skip52
\@affilsep=\skip53
\c@Maxaffil=\count188
\c@authors=\count189
\c@affil=\count190
)
("C:\Program Files\MiKTeX 2.9\tex\latex\amsfonts\amsfonts.sty"
Package: amsfonts 2013/01/14 v3.01 Basic AMSFonts support
\symAMSa=\mathgroup4
\symAMSb=\mathgroup5
LaTeX Font Info:    Overwriting math alphabet `\mathfrak' in version `bold'
(Font)                  U/euf/m/n --> U/euf/b/n on input line 106.
)
("C:\Program Files\MiKTeX 2.9\tex\latex\esint\esint.sty"
Package: esint 
\symlargesymbolsA=\mathgroup6
)
("C:\Program Files\MiKTeX 2.9\tex\latex\bbold\bbold.sty"
Package: bbold 1994/04/06 Bbold symbol package
LaTeX Font Info:    Redeclaring math alphabet \mathbb on input line 42.
)
("C:\Program Files\MiKTeX 2.9\tex\latex\mathtools\mathtools.sty"
Package: mathtools 2017/10/30 v1.20 mathematical typesetting tools

("C:\Program Files\MiKTeX 2.9\tex\latex\graphics\keyval.sty"
Package: keyval 2014/10/28 v1.15 key=value parser (DPC)
\KV@toks@=\toks19
)
("C:\Program Files\MiKTeX 2.9\tex\latex\tools\calc.sty"
Package: calc 2014/10/28 v4.3 Infix arithmetic (KKT,FJ)
\calc@Acount=\count191
\calc@Bcount=\count192
\calc@Adimen=\dimen143
\calc@Bdimen=\dimen144
\calc@Askip=\skip54
\calc@Bskip=\skip55
LaTeX Info: Redefining \setlength on input line 80.
LaTeX Info: Redefining \addtolength on input line 81.
\calc@Ccount=\count193
\calc@Cskip=\skip56
)
("C:\Program Files\MiKTeX 2.9\tex\latex\mathtools\mhsetup.sty"
Package: mhsetup 2017/03/31 v1.3 programming setup (MH)
)
LaTeX Info: Thecontrolsequence`\('isalreadyrobust on input line 129.
LaTeX Info: Thecontrolsequence`\)'isalreadyrobust on input line 129.
LaTeX Info: Thecontrolsequence`\['isalreadyrobust on input line 129.
LaTeX Info: Thecontrolsequence`\]'isalreadyrobust on input line 129.
\g_MT_multlinerow_int=\count194
\l_MT_multwidth_dim=\dimen145
\origjot=\skip57
\l_MT_shortvdotswithinadjustabove_dim=\dimen146
\l_MT_shortvdotswithinadjustbelow_dim=\dimen147
\l_MT_above_intertext_sep=\dimen148
\l_MT_below_intertext_sep=\dimen149
\l_MT_above_shortintertext_sep=\dimen150
\l_MT_below_shortintertext_sep=\dimen151
)
("C:\Program Files\MiKTeX 2.9\tex\latex\doublestroke\dsfont.sty"
Package: dsfont 1995/08/01 v0.1 Double stroke roman fonts
)
("C:\Program Files\MiKTeX 2.9\tex\latex\amscls\amsthm.sty"
Package: amsthm 2015/03/04 v2.20.2
\thm@style=\toks20
\thm@bodyfont=\toks21
\thm@headfont=\toks22
\thm@notefont=\toks23
\thm@headpunct=\toks24
\thm@preskip=\skip58
\thm@postskip=\skip59
\thm@headsep=\skip60
\dth@everypar=\toks25
)
("C:\Program Files\MiKTeX 2.9\tex\latex\bbm\bbm.sty"
Package: bbm 1999/03/15 V 1.2 provides fonts for set symbols - TH
LaTeX Font Info:    Overwriting math alphabet `\mathbbm' in version `bold'
(Font)                  U/bbm/m/n --> U/bbm/bx/n on input line 33.
LaTeX Font Info:    Overwriting math alphabet `\mathbbmss' in version `bold'
(Font)                  U/bbmss/m/n --> U/bbmss/bx/n on input line 35.
)
("C:\Program Files\MiKTeX 2.9\tex\latex\amsfonts\amssymb.sty"
Package: amssymb 2013/01/14 v3.01 AMS font symbols
)
\c@defn=\count195
\c@prop=\count196
\c@rmk=\count197
\c@exmp=\count198
\c@prob=\count199
\c@sln=\count266
\c@thm=\count267

("C:\Program Files\MiKTeX 2.9\tex\latex\mathtools\empheq.sty"
Package: empheq 2017/03/31 v2.15 Emphasizing equations
\l_EQ_equationtype_int=\count268
\l_EQ_alignmentmode_int=\count269
\l_EQ_totalwidth_dim=\dimen152
\l_EQ_displaywidth_dim=\dimen153
\l_EQ_temp_linewidth_dim=\dimen154
\EmphEqdelimitershortfall=\dimen155
\EmphEqdelimiterfactor=\count270
\g_EQ_toptag_height_dim=\dimen156
\g_EQ_bottomtag_depth_dim=\dimen157
\g_EQ_toprow_height_dim=\dimen158
\g_EQ_bottomrow_depth_dim=\dimen159
\g_EQ_widesttag_dim=\dimen160
\EQ_mathdisplay_box=\box44
\EQ_tag_box=\box45
\g_EQ_temprow_int=\count271
)
("C:\Program Files\MiKTeX 2.9\tex\latex\tensor\tensor.sty"
Package: tensor 2004/12/20 v2.1 tensor indices package (PGR)
\tnsr@Sps=\toks26
\tnsr@Sbs=\toks27
\tnsr@Spe=\toks28
\tnsr@Sbe=\toks29
\ncld@Mno=\toks30
)
("C:\Program Files\MiKTeX 2.9\tex\latex\hyperref\hyperref.sty"
Package: hyperref 2017/03/14 v6.85a Hypertext links for LaTeX

("C:\Program Files\MiKTeX 2.9\tex\generic\oberdiek\hobsub-hyperref.sty"
Package: hobsub-hyperref 2016/05/16 v1.14 Bundle oberdiek, subset hyperref (HO)


("C:\Program Files\MiKTeX 2.9\tex\generic\oberdiek\hobsub-generic.sty"
Package: hobsub-generic 2016/05/16 v1.14 Bundle oberdiek, subset generic (HO)
Package: hobsub 2016/05/16 v1.14 Construct package bundles (HO)
Package: infwarerr 2016/05/16 v1.4 Providing info/warning/error messages (HO)
Package: ltxcmds 2016/05/16 v1.23 LaTeX kernel commands for general use (HO)
Package: ifluatex 2016/05/16 v1.4 Provides the ifluatex switch (HO)
Package ifluatex Info: LuaTeX not detected.
Package: ifvtex 2016/05/16 v1.6 Detect VTeX and its facilities (HO)
Package ifvtex Info: VTeX not detected.
Package: intcalc 2016/05/16 v1.2 Expandable calculations with integers (HO)
Package: ifpdf 2017/03/15 v3.2 Provides the ifpdf switch
Package: etexcmds 2016/05/16 v1.6 Avoid name clashes with e-TeX commands (HO)
Package etexcmds Info: Could not find \expanded.
(etexcmds)             That can mean that you are not using pdfTeX 1.50 or
(etexcmds)             that some package has redefined \expanded.
(etexcmds)             In the latter case, load this package earlier.
Package: kvsetkeys 2016/05/16 v1.17 Key value parser (HO)
Package: kvdefinekeys 2016/05/16 v1.4 Define keys (HO)
Package: pdftexcmds 2017/03/19 v0.25 Utility functions of pdfTeX for LuaTeX (HO
)
Package pdftexcmds Info: LuaTeX not detected.
Package pdftexcmds Info: \pdf@primitive is available.
Package pdftexcmds Info: \pdf@ifprimitive is available.
Package pdftexcmds Info: \pdfdraftmode found.
Package: pdfescape 2016/05/16 v1.14 Implements pdfTeX's escape features (HO)
Package: bigintcalc 2016/05/16 v1.4 Expandable calculations on big integers (HO
)
Package: bitset 2016/05/16 v1.2 Handle bit-vector datatype (HO)
Package: uniquecounter 2016/05/16 v1.3 Provide unlimited unique counter (HO)
)
Package hobsub Info: Skipping package `hobsub' (already loaded).
Package: letltxmacro 2016/05/16 v1.5 Let assignment for LaTeX macros (HO)
Package: hopatch 2016/05/16 v1.3 Wrapper for package hooks (HO)
Package: xcolor-patch 2016/05/16 xcolor patch
Package: atveryend 2016/05/16 v1.9 Hooks at the very end of document (HO)
Package atveryend Info: \enddocument detected (standard20110627).
Package: atbegshi 2016/06/09 v1.18 At begin shipout hook (HO)
Package: refcount 2016/05/16 v3.5 Data extraction from label references (HO)
Package: hycolor 2016/05/16 v1.8 Color options for hyperref/bookmark (HO)
)
("C:\Program Files\MiKTeX 2.9\tex\generic\ifxetex\ifxetex.sty"
Package: ifxetex 2010/09/12 v0.6 Provides ifxetex conditional
)
("C:\Program Files\MiKTeX 2.9\tex\latex\oberdiek\auxhook.sty"
Package: auxhook 2016/05/16 v1.4 Hooks for auxiliary files (HO)
)
("C:\Program Files\MiKTeX 2.9\tex\latex\oberdiek\kvoptions.sty"
Package: kvoptions 2016/05/16 v3.12 Key value format for package options (HO)
)
\@linkdim=\dimen161
\Hy@linkcounter=\count272
\Hy@pagecounter=\count273

("C:\Program Files\MiKTeX 2.9\tex\latex\hyperref\pd1enc.def"
File: pd1enc.def 2017/03/14 v6.85a Hyperref: PDFDocEncoding definition (HO)
)
\Hy@SavedSpaceFactor=\count274

("C:\Program Files\MiKTeX 2.9\tex\latex\00miktex\hyperref.cfg"
File: hyperref.cfg 2002/06/06 v1.2 hyperref configuration of TeXLive
)
Package hyperref Info: Hyper figures OFF on input line 4498.
Package hyperref Info: Link nesting OFF on input line 4503.
Package hyperref Info: Hyper index ON on input line 4506.
Package hyperref Info: Plain pages OFF on input line 4513.
Package hyperref Info: Backreferencing OFF on input line 4518.
Package hyperref Info: Implicit mode ON; LaTeX internals redefined.
Package hyperref Info: Bookmarks ON on input line 4751.
\c@Hy@tempcnt=\count275

("C:\Program Files\MiKTeX 2.9\tex\latex\url\url.sty"
\Urlmuskip=\muskip17
Package: url 2013/09/16  ver 3.4  Verb mode for urls, etc.
)
LaTeX Info: Redefining \url on input line 5104.
\XeTeXLinkMargin=\dimen162
\Fld@menulength=\count276
\Field@Width=\dimen163
\Fld@charsize=\dimen164
Package hyperref Info: Hyper figures OFF on input line 6358.
Package hyperref Info: Link nesting OFF on input line 6363.
Package hyperref Info: Hyper index ON on input line 6366.
Package hyperref Info: backreferencing OFF on input line 6373.
Package hyperref Info: Link coloring OFF on input line 6378.
Package hyperref Info: Link coloring with OCG OFF on input line 6383.
Package hyperref Info: PDF/A mode OFF on input line 6388.
LaTeX Info: Redefining \ref on input line 6428.
LaTeX Info: Redefining \pageref on input line 6432.
\Hy@abspage=\count277
\c@Item=\count278
\c@Hfootnote=\count279
)

Package hyperref Message: Driver (autodetected): hpdftex.

("C:\Program Files\MiKTeX 2.9\tex\latex\hyperref\hpdftex.def"
File: hpdftex.def 2017/03/14 v6.85a Hyperref driver for pdfTeX
\Fld@listcount=\count280
\c@bookmark@seq@number=\count281

("C:\Program Files\MiKTeX 2.9\tex\latex\oberdiek\rerunfilecheck.sty"
Package: rerunfilecheck 2016/05/16 v1.8 Rerun checks for auxiliary files (HO)
Package uniquecounter Info: New unique counter `rerunfilecheck' on input line 2
82.
)
\Hy@SectionHShift=\skip61
)
("C:\Program Files\MiKTeX 2.9\tex\latex\xcolor\xcolor.sty"
Package: xcolor 2016/05/11 v2.12 LaTeX color extensions (UK)

("C:\Program Files\MiKTeX 2.9\tex\latex\graphics-cfg\color.cfg"
File: color.cfg 2016/01/02 v1.6 sample color configuration
)
Package xcolor Info: Driver file: pdftex.def on input line 225.

("C:\Program Files\MiKTeX 2.9\tex\latex\graphics-def\pdftex.def"
File: pdftex.def 2017/12/07 v1.0i Graphics/color driver for pdftex
)
Package xcolor Info: Model `cmy' substituted by `cmy0' on input line 1348.
Package xcolor Info: Model `hsb' substituted by `rgb' on input line 1352.
Package xcolor Info: Model `RGB' extended on input line 1364.
Package xcolor Info: Model `HTML' substituted by `rgb' on input line 1366.
Package xcolor Info: Model `Hsb' substituted by `hsb' on input line 1367.
Package xcolor Info: Model `tHsb' substituted by `hsb' on input line 1368.
Package xcolor Info: Model `HSB' substituted by `hsb' on input line 1369.
Package xcolor Info: Model `Gray' substituted by `gray' on input line 1370.
Package xcolor Info: Model `wave' substituted by `hsb' on input line 1371.
)
Package hyperref Info: Option `colorlinks' set `true' on input line 35.

("C:\Program Files\MiKTeX 2.9\tex\latex\subfig\subfig.sty"
Package: subfig 2005/06/28 ver: 1.3 subfig package

("C:\Program Files\MiKTeX 2.9\tex\latex\caption\caption.sty"
Package: caption 2016/02/21 v3.3-144 Customizing captions (AR)

("C:\Program Files\MiKTeX 2.9\tex\latex\caption\caption3.sty"
Package: caption3 2016/05/22 v1.7-166 caption3 kernel (AR)
Package caption3 Info: TeX engine: e-TeX on input line 67.
\captionmargin=\dimen165
\captionmargin@=\dimen166
\captionwidth=\dimen167
\caption@tempdima=\dimen168
\caption@indent=\dimen169
\caption@parindent=\dimen170
\caption@hangindent=\dimen171
)
\c@ContinuedFloat=\count282
Package caption Info: hyperref package is loaded.
)
\c@KVtest=\count283
\sf@farskip=\skip62
\sf@captopadj=\dimen172
\sf@capskip=\skip63
\sf@nearskip=\skip64
\c@subfigure=\count284
\c@subfigure@save=\count285
\c@lofdepth=\count286
\c@subtable=\count287
\c@subtable@save=\count288
\c@lotdepth=\count289
\sf@top=\skip65
\sf@bottom=\skip66
)
("C:\Program Files\MiKTeX 2.9\tex\latex\listings\listings.sty"
\lst@mode=\count290
\lst@gtempboxa=\box46
\lst@token=\toks31
\lst@length=\count291
\lst@currlwidth=\dimen173
\lst@column=\count292
\lst@pos=\count293
\lst@lostspace=\dimen174
\lst@width=\dimen175
\lst@newlines=\count294
\lst@lineno=\count295
\lst@maxwidth=\dimen176

("C:\Program Files\MiKTeX 2.9\tex\latex\listings\lstmisc.sty"
File: lstmisc.sty 2015/06/04 1.6 (Carsten Heinz)
\c@lstnumber=\count296
\lst@skipnumbers=\count297
\lst@framebox=\box47
)
("C:\Program Files\MiKTeX 2.9\tex\latex\listings\listings.cfg"
File: listings.cfg 2015/06/04 1.6 listings configuration
))
Package: listings 2015/06/04 1.6 (Carsten Heinz)

("C:\Program Files\MiKTeX 2.9\tex\latex\listings\lstlang1.sty"
File: lstlang1.sty 2015/06/04 1.6 listings language file
)
("C:\Program Files\MiKTeX 2.9\tex\latex\listings\lstlang1.sty"
File: lstlang1.sty 2015/06/04 1.6 listings language file
)
("C:\Program Files\MiKTeX 2.9\tex\latex\listings\lstlang1.sty"
File: lstlang1.sty 2015/06/04 1.6 listings language file
)
(HuanBui_MatrixAnalysis.aux)
\openout1 = `HuanBui_MatrixAnalysis.aux'.

LaTeX Font Info:    Checking defaults for OML/cmm/m/it on input line 136.
LaTeX Font Info:    ... okay on input line 136.
LaTeX Font Info:    Checking defaults for T1/cmr/m/n on input line 136.
LaTeX Font Info:    ... okay on input line 136.
LaTeX Font Info:    Checking defaults for OT1/cmr/m/n on input line 136.
LaTeX Font Info:    ... okay on input line 136.
LaTeX Font Info:    Checking defaults for OMS/cmsy/m/n on input line 136.
LaTeX Font Info:    ... okay on input line 136.
LaTeX Font Info:    Checking defaults for OMX/cmex/m/n on input line 136.
LaTeX Font Info:    ... okay on input line 136.
LaTeX Font Info:    Checking defaults for U/cmr/m/n on input line 136.
LaTeX Font Info:    ... okay on input line 136.
LaTeX Font Info:    Checking defaults for PD1/pdf/m/n on input line 136.
LaTeX Font Info:    ... okay on input line 136.

("C:\Program Files\MiKTeX 2.9\tex\latex\graphics\graphicx.sty"
Package: graphicx 2017/06/01 v1.1a Enhanced LaTeX Graphics (DPC,SPQR)

("C:\Program Files\MiKTeX 2.9\tex\latex\graphics\graphics.sty"
Package: graphics 2017/06/25 v1.2c Standard LaTeX Graphics (DPC,SPQR)

("C:\Program Files\MiKTeX 2.9\tex\latex\graphics\trig.sty"
Package: trig 2016/01/03 v1.10 sin cos tan (DPC)
)
("C:\Program Files\MiKTeX 2.9\tex\latex\graphics-cfg\graphics.cfg"
File: graphics.cfg 2016/06/04 v1.11 sample graphics configuration
)
Package graphics Info: Driver file: pdftex.def on input line 99.
)
\Gin@req@height=\dimen177
\Gin@req@width=\dimen178
)
\AtBeginShipoutBox=\box48
Package hyperref Info: Link coloring ON on input line 136.

("C:\Program Files\MiKTeX 2.9\tex\latex\hyperref\nameref.sty"
Package: nameref 2016/05/21 v2.44 Cross-referencing by name of section

("C:\Program Files\MiKTeX 2.9\tex\generic\oberdiek\gettitlestring.sty"
Package: gettitlestring 2016/05/16 v1.5 Cleanup title references (HO)
)
\c@section@level=\count298
)
LaTeX Info: Redefining \ref on input line 136.
LaTeX Info: Redefining \pageref on input line 136.
LaTeX Info: Redefining \nameref on input line 136.

(HuanBui_MatrixAnalysis.out) (HuanBui_MatrixAnalysis.out)
\@outlinefile=\write3
\openout3 = `HuanBui_MatrixAnalysis.out'.


("C:\Program Files\MiKTeX 2.9\tex\context\base\supp-pdf.mkii"
[Loading MPS to PDF converter (version 2006.09.02).]
\scratchcounter=\count299
\scratchdimen=\dimen179
\scratchbox=\box49
\nofMPsegments=\count300
\nofMParguments=\count301
\everyMPshowfont=\toks32
\MPscratchCnt=\count302
\MPscratchDim=\dimen180
\MPnumerator=\count303
\makeMPintoPDFobject=\count304
\everyMPtoPDFconversion=\toks33
) ("C:\Program Files\MiKTeX 2.9\tex\latex\oberdiek\epstopdf-base.sty"
Package: epstopdf-base 2016/05/15 v2.6 Base part for package epstopdf

("C:\Program Files\MiKTeX 2.9\tex\latex\oberdiek\grfext.sty"
Package: grfext 2016/05/16 v1.2 Manage graphics extensions (HO)
)
Package epstopdf-base Info: Redefining graphics rule for `.eps' on input line 4
38.
Package grfext Info: Graphics extension search list:
(grfext)             [.pdf,.png,.jpg,.mps,.jpeg,.jbig2,.jb2,.PDF,.PNG,.JPG,.JPE
G,.JBIG2,.JB2,.eps]
(grfext)             \AppendGraphicsExtensions on input line 456.
)
Package caption Info: Begin \AtBeginDocument code.
Package caption Info: subfig package v1.3 is loaded.
Package caption Info: listings package is loaded.
Package caption Info: End \AtBeginDocument code.
\c@lstlisting=\count305
LaTeX Font Info:    Try loading font information for U+msa on input line 144.

("C:\Program Files\MiKTeX 2.9\tex\latex\amsfonts\umsa.fd"
File: umsa.fd 2013/01/14 v3.01 AMS symbols A
)
LaTeX Font Info:    Try loading font information for U+msb on input line 144.

("C:\Program Files\MiKTeX 2.9\tex\latex\amsfonts\umsb.fd"
File: umsb.fd 2013/01/14 v3.01 AMS symbols B
)
LaTeX Font Info:    Try loading font information for U+esint on input line 144.


("C:\Program Files\MiKTeX 2.9\tex\latex\esint\uesint.fd"
File: uesint.fd 
) [1


{C:/ProgramData/MiKTeX/2.9/pdftex/config/pdftex.map}]
Underfull \hbox (badness 10000) in paragraph at lines 152--153

 []


Underfull \hbox (badness 10000) in paragraph at lines 154--155

 []


Underfull \hbox (badness 10000) in paragraph at lines 156--157

 []


Underfull \hbox (badness 10000) in paragraph at lines 158--159

 []

pdfTeX warning (ext4): destination with the same identifier (name{page.1}) has 
been already used, duplicate ignored
<to be read again> 
                   \relax 
l.163 \newpage
               [1] (HuanBui_MatrixAnalysis.toc [2]
Overfull \hbox (1.16629pt too wide) in paragraph at lines 56--56
 [] [][][]\OT1/cmr/bx/n/10 Simultaneous tri-an-gu-lar-iza-tion and di-ag-o-nal-
iza-tion for com-mut- 
 []

LaTeX Font Info:    Try loading font information for U+bbold on input line 57.
("C:\Program Files\MiKTeX 2.9\tex\latex\bbold\ubbold.fd") [3]
Overfull \hbox (6.03902pt too wide) in paragraph at lines 85--85
 [] [][][]\OT1/cmr/bx/n/10 Ortho-diagonalization; Self-adjoint and Nor-mal Op-e
r-a-tors; Spec- 
 []

)
\tf@toc=\write4
\openout4 = `HuanBui_MatrixAnalysis.toc'.

 [4] [5]
Underfull \hbox (badness 10000) in paragraph at lines 234--236

 []

[6] [7] [8]
Underfull \hbox (badness 10000) in paragraph at lines 272--274

 []


Overfull \hbox (41.14604pt too wide) detected at line 337
[]
 []

[9] [10] [11] [12]
Underfull \hbox (badness 10000) in paragraph at lines 474--475

 []

[13] [14] [15] [16]
Overfull \hbox (4.09273pt too wide) in paragraph at lines 649--650
[]$\OMS/cmsy/m/n/10 f\OML/cmm/m/it/10 X[] [] X[]\OMS/cmsy/m/n/10 g$ \OT1/cmr/m/
n/10 is a ba-sis of $\OML/cmm/m/it/10 V$ \OT1/cmr/m/n/10 if $(\OML/cmm/m/it/10 
X[] [] X[]\OT1/cmr/m/n/10 )$ is in-jec-tive AND $[](\OML/cmm/m/it/10 X[] [] X[]
\OT1/cmr/m/n/10 ) =
 []

[17] [18] [19]
Overfull \hbox (4.4148pt too wide) in paragraph at lines 727--727
[]\OT1/cmr/bx/n/14.4 Sums of Sub-spaces & Prod-ucts of vec-tor spaces 
 []

[20]
Overfull \hbox (2.23997pt too wide) detected at line 809
[]
 []

[21] [22] [23] [24] [25]
Underfull \hbox (badness 10000) in paragraph at lines 1044--1045

 []


Underfull \hbox (badness 10000) in paragraph at lines 1046--1047

 []


Underfull \hbox (badness 10000) in paragraph at lines 1054--1055

 []


Underfull \hbox (badness 10000) in paragraph at lines 1063--1064

 []


Underfull \hbox (badness 10000) in paragraph at lines 1078--1080

 []

[26]
Underfull \hbox (badness 10000) in paragraph at lines 1130--1131

 []


Underfull \hbox (badness 10000) in paragraph at lines 1132--1133

 []

[27]
LaTeX Font Info:    Try loading font information for OMS+cmr on input line 1174
.
 ("C:\Program Files\MiKTeX 2.9\tex\latex\base\omscmr.fd"
File: omscmr.fd 2014/09/29 v2.5h Standard LaTeX font definitions
)
LaTeX Font Info:    Font shape `OMS/cmr/m/n' in size <10> not available
(Font)              Font shape `OMS/cmsy/m/n' tried instead on input line 1174.


Overfull \hbox (86.73912pt too wide) detected at line 1179
[]
 []

[28]
Underfull \hbox (badness 10000) in paragraph at lines 1202--1204

 []

[29] [30]
Underfull \hbox (badness 10000) in paragraph at lines 1295--1297

 []


Underfull \hbox (badness 10000) in paragraph at lines 1298--1299

 []

[31] [32]
Underfull \hbox (badness 10000) in paragraph at lines 1493--1495

 []


Overfull \hbox (37.36784pt too wide) detected at line 1547
[]
 []

[33] [34] [35] [36] [37]
LaTeX Font Info:    Try loading font information for U+euf on input line 1904.

("C:\Program Files\MiKTeX 2.9\tex\latex\amsfonts\ueuf.fd"
File: ueuf.fd 2013/01/14 v3.01 Euler Fraktur
) [38] [39] [40]
[41] [42] [43]
Underfull \hbox (badness 10000) in paragraph at lines 2181--2183

 []


Underfull \hbox (badness 10000) in paragraph at lines 2209--2211

 []

[44] [45] [46]

Package hyperref Warning: Token not allowed in a PDF string (PDFDocEncoding):
(hyperref)                removing `math shift' on input line 2342.


Package hyperref Warning: Token not allowed in a PDF string (PDFDocEncoding):
(hyperref)                removing `\Delta' on input line 2342.


Package hyperref Warning: Token not allowed in a PDF string (PDFDocEncoding):
(hyperref)                removing `superscript' on input line 2342.


Package hyperref Warning: Token not allowed in a PDF string (PDFDocEncoding):
(hyperref)                removing `math shift' on input line 2342.

[47]
Underfull \hbox (badness 10000) in paragraph at lines 2406--2408

 []

[48] [49] [50]
Overfull \hbox (0.38948pt too wide) in paragraph at lines 2510--2510
[]\OT1/cmr/bx/n/14.4 Simultaneous tri-an-gu-lar-iza-tion and di-ag-o-nal-
 []

[51]

Package hyperref Warning: Token not allowed in a PDF string (PDFDocEncoding):
(hyperref)                removing `math shift' on input line 2512.


Package hyperref Warning: Token not allowed in a PDF string (PDFDocEncoding):
(hyperref)                removing `math shift' on input line 2512.

[52]
Underfull \hbox (badness 10000) in paragraph at lines 2611--2613

 []

[53] [54]
Underfull \hbox (badness 10000) in paragraph at lines 2679--2684

 []

[55] [56] [57]
Underfull \hbox (badness 10000) in paragraph at lines 2836--2838

 []

[58]
Underfull \hbox (badness 10000) in paragraph at lines 2907--2909

 []

[59]
Underfull \hbox (badness 10000) in paragraph at lines 2910--2911

 []


Underfull \hbox (badness 10000) in paragraph at lines 2912--2913

 []


Overfull \hbox (8.87416pt too wide) in paragraph at lines 2918--2920
\OT1/cmr/m/n/10 (recall that $[][][]$ does not change in dif-fer-ent rep-re-sen
-ta-tions, i.e., it is ``similarity-
 []


Underfull \hbox (badness 10000) in paragraph at lines 2918--2920

 []

[60] [61]
Underfull \hbox (badness 10000) in paragraph at lines 3012--3014

 []

[62] [63]
Underfull \hbox (badness 10000) in paragraph at lines 3058--3060

 []


Package hyperref Warning: Token not allowed in a PDF string (PDFDocEncoding):
(hyperref)                removing `math shift' on input line 3077.


Package hyperref Warning: Token not allowed in a PDF string (PDFDocEncoding):
(hyperref)                removing `math shift' on input line 3077.


Package hyperref Warning: Token not allowed in a PDF string (PDFDocEncoding):
(hyperref)                removing `math shift' on input line 3077.


Package hyperref Warning: Token not allowed in a PDF string (PDFDocEncoding):
(hyperref)                removing `math shift' on input line 3077.

[64] [65]
Underfull \hbox (badness 10000) in paragraph at lines 3142--3143

 []


Underfull \hbox (badness 10000) in paragraph at lines 3143--3144

 []


Underfull \hbox (badness 10000) in paragraph at lines 3144--3145

 []


Underfull \hbox (badness 10000) in paragraph at lines 3145--3146

 []

[66] [67] [68] [69] [70] [71] [72]
Overfull \hbox (2.28981pt too wide) in paragraph at lines 3430--3431
[]\OT1/cmr/bx/n/10 Spectral Res-o-lu-tion: $\OMS/cmsy/m/n/10 A \OT1/cmr/m/n/10 
= [][] \OML/cmm/m/it/10 []\OMS/cmsy/m/n/10 E[]$\OT1/cmr/m/n/10 , where $\OMS/c
msy/m/n/10 E[]$\OT1/cmr/m/n/10 's are \OT1/cmr/bx/n/10 ortho-projections
 []

[73] [74] [75] [76] [77]
Overfull \hbox (6.76228pt too wide) in paragraph at lines 3628--3629
[]\OT1/cmr/m/n/10 ([](\OMS/cmsy/m/n/10 A\OT1/cmr/m/n/10 )) = []([](\OMS/cmsy/m/
n/10 A\OT1/cmr/m/n/10 )[])$. Then, we can de-fine an-other isom-e-try $\OML/cmm
/m/it/10   \OT1/cmr/m/n/10 : [](\OMS/cmsy/m/n/10 A\OT1/cmr/m/n/10 ) \OMS/cmsy/m
/n/10 !
 []

[78] [79] [80] [81]
Overfull \hbox (31.47412pt too wide) in paragraph at lines 3768--3770
[]\OT1/cmr/bx/n/10 Problem. []2. Sub-sums of di-rect sums are di-rect:  \OT1/cm
r/m/n/10 Sup-pose that $\OT1/cmr/bx/n/10 V[]\OML/cmm/m/it/10 ; \OT1/cmr/bx/n/10
 V[]\OML/cmm/m/it/10 ; [] ; \OT1/cmr/bx/n/10 V[]$
 []

[82]
Overfull \hbox (92.79948pt too wide) detected at line 3790
[]
 []

[83]
Overfull \hbox (9.81671pt too wide) in paragraph at lines 3810--3811
[]\OT1/cmr/m/n/10 Suppose that $\OML/cmm/m/it/10 U[]; U[]; [] ; U[]$ \OT1/cmr/m
/n/10 is a lin-early in-de-pen-dent list in $\OT1/cmr/bx/n/10 U$\OT1/cmr/m/n/10
 , $\OML/cmm/m/it/10 V[]; V[]; [] ; V[]$
 []

[84] [85]
Underfull \hbox (badness 10000) in paragraph at lines 3889--3891

 []


Underfull \hbox (badness 10000) in paragraph at lines 3892--3893

 []


Underfull \hbox (badness 10000) in paragraph at lines 3894--3895

 []


Underfull \hbox (badness 10000) in paragraph at lines 3900--3901

 []

[86] [87]
Underfull \hbox (badness 10000) in paragraph at lines 3946--3948

 []


Underfull \hbox (badness 10000) in paragraph at lines 3956--3958

 []


Underfull \hbox (badness 10000) in paragraph at lines 3962--3964

 []


Underfull \hbox (badness 10000) in paragraph at lines 3980--3982

 []

[88]
Underfull \hbox (badness 10000) in paragraph at lines 3990--3992

 []


Underfull \hbox (badness 10000) in paragraph at lines 3993--3994

 []


Overfull \hbox (2.8446pt too wide) in paragraph at lines 3995--3996
\OT1/cmr/m/n/10 Lastly, as we have pointed out, be-cause $[] [] = 3$ and $\OML/
cmm/m/it/10 A[] [] \OMS/cmsy/m/n/10 
 []


Underfull \hbox (badness 10000) in paragraph at lines 3995--3996

 []

[89]
Underfull \hbox (badness 10000) in paragraph at lines 4026--4027

 []


Underfull \hbox (badness 10000) in paragraph at lines 4028--4029

 []


Underfull \hbox (badness 10000) in paragraph at lines 4031--4033

 []


Underfull \hbox (badness 10000) in paragraph at lines 4034--4035

 []


Underfull \hbox (badness 10000) in paragraph at lines 4036--4037

 []


Underfull \hbox (badness 10000) in paragraph at lines 4038--4039

 []


Underfull \hbox (badness 10000) in paragraph at lines 4040--4042

 []


Underfull \hbox (badness 10000) in paragraph at lines 4043--4044

 []

[90] [91]
Underfull \hbox (badness 10000) in paragraph at lines 4088--4089

 []


Underfull \hbox (badness 10000) in paragraph at lines 4090--4091

 []


Overfull \hbox (6.59222pt too wide) detected at line 4098
[]
 []


Underfull \hbox (badness 10000) in paragraph at lines 4098--4100

 []

[92]
Underfull \hbox (badness 10000) in paragraph at lines 4101--4102

 []


Underfull \hbox (badness 10000) in paragraph at lines 4103--4104

 []


Underfull \hbox (badness 10000) in paragraph at lines 4106--4108

 []


Underfull \hbox (badness 10000) in paragraph at lines 4111--4112

 []


Overfull \hbox (5.93254pt too wide) in paragraph at lines 4124--4125
\OT1/cmr/bx/n/10 P\OT1/cmr/m/n/10 (\OMS/cmsy/m/n/10 L\OML/cmm/m/it/10 ; v[]\OT1
/cmr/m/n/10 )$. But be-cause $[](\OT1/cmr/bx/n/10 P\OT1/cmr/m/n/10 (\OMS/cmsy/m
/n/10 L\OML/cmm/m/it/10 ; v[]\OT1/cmr/m/n/10 )) = 1 = []([](\OML/cmm/m/it/10 v[
]\OT1/cmr/m/n/10 ))$, $\OT1/cmr/bx/n/10 P\OT1/cmr/m/n/10 (\OMS/cmsy/m/n/10 L\OM
L/cmm/m/it/10 ; v[]\OT1/cmr/m/n/10 ) =
 []


Underfull \hbox (badness 10000) in paragraph at lines 4124--4125

 []

[93]
Underfull \hbox (badness 10000) in paragraph at lines 4126--4127

 []


Underfull \hbox (badness 10000) in paragraph at lines 4129--4131

 []


Underfull \hbox (badness 10000) in paragraph at lines 4137--4138

 []


Overfull \hbox (3.30574pt too wide) in paragraph at lines 4139--4140
\OT1/cmr/m/n/10 means $\OT1/cmr/bx/n/10 W$ \OT1/cmr/m/n/10 con-tains a union of
 $\OT1/cmr/bx/n/10 P\OT1/cmr/m/n/10 (\OMS/cmsy/m/n/10 L\OML/cmm/m/it/10 ; w[]\O
T1/cmr/m/n/10 )\OML/cmm/m/it/10 ; \OT1/cmr/bx/n/10 P\OT1/cmr/m/n/10 (\OMS/cmsy/
m/n/10 L\OML/cmm/m/it/10 ; w[]\OT1/cmr/m/n/10 )\OML/cmm/m/it/10 ; \OT1/cmr/bx/n
/10 P\OT1/cmr/m/n/10 (\OMS/cmsy/m/n/10 L\OML/cmm/m/it/10 ; w[]\OT1/cmr/m/n/10 )
\OML/cmm/m/it/10 ; [] $\OT1/cmr/m/n/10 . More-
 []


Underfull \hbox (badness 10000) in paragraph at lines 4139--4140

 []

[94] [95]
Underfull \hbox (badness 10000) in paragraph at lines 4185--4186

 []


Underfull \hbox (badness 10000) in paragraph at lines 4187--4188

 []


Underfull \hbox (badness 10000) in paragraph at lines 4189--4190

 []


Underfull \hbox (badness 10000) in paragraph at lines 4191--4192

 []


Underfull \hbox (badness 10000) in paragraph at lines 4195--4196

 []

[96]
Underfull \hbox (badness 10000) in paragraph at lines 4198--4199

 []


Underfull \hbox (badness 10000) in paragraph at lines 4246--4248

 []


Underfull \hbox (badness 10000) in paragraph at lines 4258--4259

 []

[97]
Overfull \hbox (10.23651pt too wide) detected at line 4279
[]
 []


Underfull \hbox (badness 10000) in paragraph at lines 4299--4300

 []


Underfull \hbox (badness 10000) in paragraph at lines 4301--4302

 []


Underfull \hbox (badness 10000) in paragraph at lines 4303--4304

 []


Underfull \hbox (badness 10000) in paragraph at lines 4305--4306

 []


Underfull \hbox (badness 10000) in paragraph at lines 4307--4308

 []

[98]
Underfull \hbox (badness 10000) in paragraph at lines 4316--4317

 []


Underfull \hbox (badness 10000) in paragraph at lines 4321--4323

 []


Overfull \hbox (18.00543pt too wide) in paragraph at lines 4326--4328
\OT1/cmr/m/n/10 high-est di-men-sion where $\OML/cmm/m/it/10 h$ \OT1/cmr/m/n/10
 is min-i-mal. It fol-lows that $[](\OMS/cmsy/m/n/10 L[]\OT1/cmr/m/n/10 [\OT1/c
mr/bx/n/10 W\OT1/cmr/m/n/10 ]) =
 []


Underfull \hbox (badness 10000) in paragraph at lines 4326--4328

 []


Underfull \hbox (badness 10000) in paragraph at lines 4329--4330

 []

[99]
Underfull \hbox (badness 10000) in paragraph at lines 4333--4334

 []


Underfull \hbox (badness 10000) in paragraph at lines 4345--4347

 []

[100]
Underfull \hbox (badness 10000) in paragraph at lines 4406--4408

 []


Underfull \hbox (badness 10000) in paragraph at lines 4427--4429

 []

[101]
Underfull \hbox (badness 10000) in paragraph at lines 4474--4479

 []


Overfull \hbox (108.96913pt too wide) detected at line 4561
[]
 []

[102]
Underfull \hbox (badness 10000) in paragraph at lines 4604--4606

 []


Underfull \hbox (badness 10000) in paragraph at lines 4607--4615

 []

[103]
Underfull \hbox (badness 10000) in paragraph at lines 4635--4636

 []

[104]
Overfull \hbox (2.14606pt too wide) detected at line 4746
[]
 []

[105] [106]
Overfull \hbox (19.12616pt too wide) detected at line 4899
[]
 []

[107] [108] [109]
Overfull \hbox (9.0364pt too wide) detected at line 5155
[]
 []


Underfull \hbox (badness 10000) in paragraph at lines 5161--5162

 []

[110]
Underfull \hbox (badness 10000) in paragraph at lines 5248--5249

 []

[111]
Overfull \hbox (3.61237pt too wide) detected at line 5281
[]
 []


Overfull \hbox (25.63518pt too wide) detected at line 5336
[]
 []


Overfull \hbox (1.68524pt too wide) detected at line 5385
[]
 []

[112] [113] [114]
Underfull \hbox (badness 10000) in paragraph at lines 5517--5519

 []

[115]
Underfull \hbox (badness 10000) in paragraph at lines 5647--5649

 []

[116]
Underfull \hbox (badness 10000) in paragraph at lines 5669--5671

 []


Underfull \hbox (badness 10000) in paragraph at lines 5685--5687

 []


Underfull \hbox (badness 10000) in paragraph at lines 5694--5695

 []


Underfull \hbox (badness 10000) in paragraph at lines 5699--5701

 []

[117] [118]
Underfull \hbox (badness 10000) in paragraph at lines 5805--5807

 []


Underfull \hbox (badness 10000) in paragraph at lines 5828--5830

 []

[119]
Underfull \hbox (badness 10000) in paragraph at lines 5860--5862

 []

[120]
Underfull \hbox (badness 10000) in paragraph at lines 5950--5952

 []


Underfull \hbox (badness 10000) in paragraph at lines 5956--5957

 []


Overfull \hbox (14.10533pt too wide) detected at line 5993
[]
 []

[121]
Overfull \hbox (26.57187pt too wide) detected at line 6047
[]
 []


Overfull \hbox (5.45688pt too wide) in paragraph at lines 6052--6054
[][][][][][][][][][][][][][][][][][][][][][][][][][][][][][][][][][][][][] 
 []

[122]
Underfull \hbox (badness 10000) in paragraph at lines 6094--6096

 []


Underfull \hbox (badness 10000) in paragraph at lines 6131--6132

 []


Underfull \hbox (badness 10000) in paragraph at lines 6133--6136

 []


Overfull \hbox (26.7134pt too wide) detected at line 6172
[]
 []

[123]
Underfull \hbox (badness 10000) in paragraph at lines 6248--6250

 []

[124]
Underfull \hbox (badness 10000) in paragraph at lines 6302--6304

 []

[125]
Underfull \hbox (badness 10000) in paragraph at lines 6324--6325

 []

[126]
Underfull \hbox (badness 10000) in paragraph at lines 6372--6373

 []


Underfull \hbox (badness 10000) in paragraph at lines 6390--6396

 []


Underfull \hbox (badness 10000) in paragraph at lines 6412--6418

 []

[127] [128]
Underfull \hbox (badness 10000) in paragraph at lines 6494--6496

 []


Overfull \hbox (25.30287pt too wide) detected at line 6600
[]
 []

[129]
Overfull \hbox (3.33388pt too wide) in paragraph at lines 6600--6602
\OT1/cmr/m/n/10 We can re-peat this check-ing pro-cess and find that the mid-dl
e two ``columns''
 []


Underfull \hbox (badness 10000) in paragraph at lines 6600--6602

 []


Underfull \hbox (badness 10000) in paragraph at lines 6603--6604

 []


Underfull \hbox (badness 10000) in paragraph at lines 6626--6628

 []

[130]
Overfull \hbox (42.60197pt too wide) detected at line 6721
[]
 []

[131]
Underfull \hbox (badness 10000) in paragraph at lines 6733--6734

 []


Underfull \hbox (badness 10000) in paragraph at lines 6760--6761

 []


Underfull \hbox (badness 10000) in paragraph at lines 6815--6819

 []

[132]
Underfull \hbox (badness 10000) in paragraph at lines 6820--6821

 []


Underfull \hbox (badness 10000) in paragraph at lines 6822--6823

 []


Underfull \hbox (badness 10000) in paragraph at lines 6824--6827

 []


Overfull \hbox (26.26152pt too wide) detected at line 6836
[]
 []

[133]
Underfull \hbox (badness 10000) in paragraph at lines 6868--6869

 []


Underfull \hbox (badness 10000) in paragraph at lines 6901--6902

 []


Underfull \hbox (badness 10000) in paragraph at lines 6906--6908

 []


Underfull \hbox (badness 10000) in paragraph at lines 6909--6910

 []


Underfull \hbox (badness 10000) in paragraph at lines 6914--6916

 []

[134]
Underfull \hbox (badness 10000) in paragraph at lines 6917--6918

 []


Underfull \hbox (badness 10000) in paragraph at lines 6928--6932

 []


Underfull \hbox (badness 10000) in paragraph at lines 6934--6935

 []


Underfull \hbox (badness 10000) in paragraph at lines 6943--6945

 []

[135]
Underfull \hbox (badness 10000) in paragraph at lines 6984--6986

 []


Underfull \hbox (badness 10000) in paragraph at lines 6997--6999

 []

[136] [137]
Underfull \hbox (badness 10000) in paragraph at lines 7028--7029

 []


Underfull \hbox (badness 10000) in paragraph at lines 7060--7062

 []


Underfull \hbox (badness 10000) in paragraph at lines 7064--7065

 []

[138]
Underfull \hbox (badness 10000) in paragraph at lines 7115--7116

 []


Underfull \hbox (badness 10000) in paragraph at lines 7117--7118

 []


Underfull \hbox (badness 10000) in paragraph at lines 7119--7120

 []

[139]
Underfull \hbox (badness 10000) in paragraph at lines 7147--7148

 []

[140]
Underfull \hbox (badness 10000) in paragraph at lines 7205--7207

 []


Underfull \hbox (badness 10000) in paragraph at lines 7208--7209

 []


Underfull \hbox (badness 10000) in paragraph at lines 7216--7218

 []


Underfull \hbox (badness 10000) in paragraph at lines 7219--7220

 []


Overfull \hbox (26.00066pt too wide) in paragraph at lines 7221--7222
\OT1/cmr/m/n/10 vec-tor space over the com-plex num-bers must be si-mul-ta-ne-o
usly upper-triangularizable. 
 []


Underfull \hbox (badness 10000) in paragraph at lines 7221--7222

 []


Overfull \hbox (3.45877pt too wide) in paragraph at lines 7229--7231
\OT1/cmr/m/n/10 then show-ing (by in-duc-tion and con-tra-po-si-tion) that $\U/
euf/m/n/10 L\OT1/cmr/m/n/10 ([][](\OML/cmm/m/it/10 \OT1/cmr/m/n/10 )\OML/cmm/m
/it/10 ; [][]\OT1/cmr/m/n/10 (\OML/cmm/m/it/10 \OT1/cmr/m/n/10 ))\OML/cmm/m/it
/10 ; \U/euf/m/n/10 L\OT1/cmr/m/n/10 (\OT1/cmr/bx/n/10 W\OML/cmm/m/it/10 ; \OT1
/cmr/bx/n/10 W\OT1/cmr/m/n/10 )$
 []

[141] [142]
Underfull \hbox (badness 10000) in paragraph at lines 7245--7247

 []


Overfull \hbox (4.32733pt too wide) detected at line 7280
[]
 []

[143] [144]
Underfull \hbox (badness 10000) in paragraph at lines 7301--7302

 []


Package amsmath Warning: Foreign command \atopwithdelims;
(amsmath)                \frac or \genfrac should be used instead
(amsmath)                 on input line 7332.


Overfull \hbox (113.16441pt too wide) detected at line 7344
[]
 []


Overfull \hbox (113.16441pt too wide) detected at line 7349
[]
 []


Underfull \hbox (badness 10000) in paragraph at lines 7353--7355

 []


Overfull \hbox (113.16441pt too wide) detected at line 7361
[]
 []

[145]
Overfull \hbox (36.64568pt too wide) detected at line 7365
[]
 []

[146]
Underfull \hbox (badness 10000) in paragraph at lines 7410--7412

 []


Overfull \hbox (71.67383pt too wide) detected at line 7419
[]
 []

[147]
Underfull \hbox (badness 10000) in paragraph at lines 7430--7431

 []

[148]
Underfull \hbox (badness 10000) in paragraph at lines 7452--7453

 []


Overfull \hbox (96.7593pt too wide) detected at line 7457
[]
 []


Underfull \hbox (badness 10000) in paragraph at lines 7467--7469

 []


Overfull \hbox (67.49812pt too wide) detected at line 7473
[]
 []

[149]
Overfull \hbox (70.28496pt too wide) detected at line 7504
[]
 []

[150]
Underfull \hbox (badness 10000) in paragraph at lines 7554--7555

 []


Underfull \hbox (badness 10000) in paragraph at lines 7588--7589

 []

[151]
Overfull \hbox (2.50066pt too wide) detected at line 7667
[]
 []

[152] [153] [154]
Underfull \hbox (badness 10000) in paragraph at lines 7750--7751

 []


Overfull \hbox (39.34647pt too wide) detected at line 7763
[]
 []

[155]
Overfull \hbox (54.09012pt too wide) detected at line 7825
[]
 []

[156]
Overfull \hbox (114.6944pt too wide) detected at line 7841
[]
 []


Overfull \hbox (73.53467pt too wide) detected at line 7850
[]
 []


Overfull \hbox (88.90717pt too wide) detected at line 7858
[]
 []

[157]
Underfull \hbox (badness 10000) in paragraph at lines 7878--7879

 []

[158] [159]
Overfull \hbox (2.3823pt too wide) detected at line 7944
[]
 []

[160] [161]
Overfull \hbox (75.08775pt too wide) detected at line 8081
[]
 []

[162] [163] [164]
Overfull \hbox (33.83778pt too wide) in paragraph at lines 8143--8149
[]\OT1/cmr/bx/n/10 Solution. []4.1 \OT1/cmr/m/n/10 Let the vec-tors $\OML/cmm/m
/it/10 ;  \OMS/cmsy/m/n/10 2 \U/bbold/m/n/10 C[]$ \OT1/cmr/m/n/10 be given, w
here $\OML/cmm/m/it/10  \OT1/cmr/m/n/10 = [][]$
 []

[165]
Overfull \hbox (68.63693pt too wide) in paragraph at lines 8175--8177
\OT1/cmr/m/n/10 would be re-dun-dant since if $\OML/cmm/m/it/10 v[]; [] ; v[]$ 
\OT1/cmr/m/n/10 is lin-early in-de-pen-dent then $[]([](\OML/cmm/m/it/10 v[]; [
] ; v[]\OT1/cmr/m/n/10 )) =
 []


Overfull \hbox (7.90268pt too wide) in paragraph at lines 8175--8177
\OML/cmm/m/it/10 n \OT1/cmr/m/n/10 = [](\OT1/cmr/bx/n/10 V\OT1/cmr/m/n/10 )$, a
nd be-cause $[](\OML/cmm/m/it/10 v[]; [] ; v[]\OT1/cmr/m/n/10 ) \OMS/cmsy/m/n/1
0  \OT1/cmr/bx/n/10 V$\OT1/cmr/m/n/10 , this says $[](\OML/cmm/m/it/10 v[]; []
 ; v[]\OT1/cmr/m/n/10 ) =
 []


Underfull \hbox (badness 10000) in paragraph at lines 8175--8177

 []

[166]
Overfull \hbox (62.83524pt too wide) detected at line 8205
[]
 []

[167] [168]
Overfull \hbox (25.45221pt too wide) in paragraph at lines 8281--8283
\OT1/cmr/m/n/10 which means $[][] \OML/cmm/m/it/10 []z[] \OMS/cmsy/m/n/10 ? \O
ML/cmm/m/it/10 z[]; [] ; z[]$\OT1/cmr/m/n/10 . In par-tic-u-lar, $[][] \OML/cmm
/m/it/10 []z[] \OMS/cmsy/m/n/10 ? [][] \OML/cmm/m/it/10 []z[]  \OMS/cmsy/m/n/
10 ([])
 []


Underfull \hbox (badness 10000) in paragraph at lines 8281--8283

 []


Overfull \hbox (0.3555pt too wide) in paragraph at lines 8287--8289
\OT1/cmr/m/n/10 is not only or-thog-o-nal to all $\OML/cmm/m/it/10 z[]$\OT1/cmr
/m/n/10 's but also has length 1. Hence, $\OML/cmm/m/it/10 z[]; [] ; z[]; y[]$
 []


Underfull \hbox (badness 10000) in paragraph at lines 8287--8289

 []

[169] [170]
Overfull \hbox (0.29381pt too wide) in paragraph at lines 8325--8326
[]$[]$\OT1/cmr/m/n/10 : $[][] = \OMS/cmsy/m/n/10 jh\OML/cmm/m/it/10 v; e[]\OMS/
cmsy/m/n/10 ij[] \OT1/cmr/m/n/10 + [] + \OMS/cmsy/m/n/10 jh\OML/cmm/m/it/10 v; 
e[]\OMS/cmsy/m/n/10 ij[]  \OT1/cmr/m/n/10 =[]\OMS/cmsy/m/n/10 )  \OML/cmm/m/it/
10 v \OMS/cmsy/m/n/10 2 []\OT1/cmr/m/n/10 (\OML/cmm/m/it/10 e[]; [] ; e[]\OT1/c
mr/m/n/10 )$.
 []


Overfull \hbox (15.15372pt too wide) in paragraph at lines 8332--8334
\OT1/cmr/m/n/10 for $\OML/cmm/m/it/10 []; [] ; [];  \OMS/cmsy/m/n/10 2 \U/bb
old/m/n/10 C$\OT1/cmr/m/n/10 , and $\OML/cmm/m/it/10  \OMS/cmsy/m/n/10 6\OT1/c
mr/m/n/10 = 0$ since oth-er-wise $\OML/cmm/m/it/10 v \OMS/cmsy/m/n/10 2 []\OT1/
cmr/m/n/10 (\OML/cmm/m/it/10 e[]; e[]; [] ; e[]\OT1/cmr/m/n/10 )$.
 []


Overfull \hbox (1.90524pt too wide) in paragraph at lines 8343--8345
\OT1/cmr/m/n/10 Therefore, $\OML/cmm/m/it/10  \OT1/cmr/m/n/10 = 0$. We have a 
con-tra-dic-tion. Thus, $\OML/cmm/m/it/10 v \OMS/cmsy/m/n/10 2 []\OT1/cmr/m/n/1
0 (\OML/cmm/m/it/10 e[]; [] e[]\OT1/cmr/m/n/10 )$
 []

[171] [172]

LaTeX Warning: Command \L invalid in math mode on input line 8439.

[173] [174] [175]
Overfull \hbox (3.75038pt too wide) in paragraph at lines 8524--8526
[]\OT1/cmr/bx/n/10 Problem. []4. Uni-tary Equiv-a-lence for Ma-tri-ces \OT1/cmr
/m/n/10 Let $\OT1/cmr/bx/n/10 V$ \OT1/cmr/m/n/10 be an $\OML/cmm/m/it/10 n\OMS/
cmsy/m/n/10  $\OT1/cmr/m/n/10 dimensional
 []

[176] [177] [178] [179] [180] [181]
Overfull \hbox (13.58391pt too wide) in paragraph at lines 8728--8729
[]\OT1/cmr/m/n/10 Explain how one dis-cerns the atomic spec-tral idem-po-tents 
and the eigenspaces
 []

[182] [183] [184] [185] [186] [187] [188] [189] [190] [191] [192] [193]
[194] [195] [196] [197] [198] [199] [200] [201] [202] [203] [204] [205]
[206]
Overfull \hbox (32.18384pt too wide) in paragraph at lines 9358--9359
[]\OT1/cmr/bx/n/10 Problem. []16. \OT1/cmr/m/n/10 Sup-pose that $\OT1/cmr/bx/n/
10 V$ \OT1/cmr/m/n/10 is a finite-dimensional vec-tor space, and $\OT1/cmr/bx/n
/10 V[]\OML/cmm/m/it/10 ; \OT1/cmr/bx/n/10 V[]\OML/cmm/m/it/10 ; [] ; \OT1/cmr/
bx/n/10 V[]$
 []

[207] [208] [209] [210] [211] [212] [213] [214] [215] [216] [217] [218]
[219] [220] [221] [222] [223] [224] [225] [226]
Overfull \hbox (29.96284pt too wide) in paragraph at lines 9760--9761
[]\OT1/cmr/bx/n/10 Problem. []36. \OT1/cmr/m/n/10 Here $\OT1/cmr/bx/n/10 V$ \OT
1/cmr/m/n/10 is a finite-dimensional in-ner prod-uct space, and $\OML/cmm/m/it/
10 v[]; v[]; [] ; v[]\OT1/cmr/m/n/10 3 \OMS/cmsy/m/n/10 2
 []

[227] [228] [229] [230] [231] [232] [233] [234]
Overfull \hbox (39.26137pt too wide) in paragraph at lines 9911--9912
[]\OT1/cmr/bx/n/10 Problem. []44. Extra-credit: \OT1/cmr/m/n/10 Prove that the 
dis-tance (mea-sured via Frobenius/Hilbert-
 []

Package atveryend Info: Empty hook `BeforeClearDocument' on input line 9934.
[235]
Package atveryend Info: Empty hook `AfterLastShipout' on input line 9934.
 (HuanBui_MatrixAnalysis.aux)
Package atveryend Info: Executing hook `AtVeryEndDocument' on input line 9934.
Package atveryend Info: Executing hook `AtEndAfterFileList' on input line 9934.

Package rerunfilecheck Info: File `HuanBui_MatrixAnalysis.out' has not changed.

(rerunfilecheck)             Checksum: DDFD6AB8A4796E823D034BFB9C869AD5;8127.
Package atveryend Info: Empty hook `AtVeryVeryEnd' on input line 9934.
 ) 
Here is how much of TeX's memory you used:
 21863 strings out of 493308
 368899 string characters out of 3138772
 596810 words of memory out of 3000000
 24193 multiletter control sequences out of 15000+200000
 545161 words of font info for 87 fonts, out of 3000000 for 9000
 1141 hyphenation exceptions out of 8191
 44i,26n,58p,10420b,3227s stack positions out of 5000i,500n,10000p,200000b,50000s
<C:/Program Files/MiKTeX 2.9/fonts/type1/public/bbold-type1/bbold10.pfb><C:/P
rogram Files/MiKTeX 2.9/fonts/type1/public/bbold-type1/bbold7.pfb><C:/Program F
iles/MiKTeX 2.9/fonts/type1/public/amsfonts/cm/cmbx10.pfb><C:/Program Files/MiK
TeX 2.9/fonts/type1/public/amsfonts/cm/cmbx12.pfb><C:/Program Files/MiKTeX 2.9/
fonts/type1/public/amsfonts/cm/cmbx7.pfb><C:/Program Files/MiKTeX 2.9/fonts/typ
e1/public/amsfonts/cm/cmex10.pfb><C:/Program Files/MiKTeX 2.9/fonts/type1/publi
c/amsfonts/cmextra/cmex7.pfb><C:/Program Files/MiKTeX 2.9/fonts/type1/public/am
sfonts/cm/cmmi10.pfb><C:/Program Files/MiKTeX 2.9/fonts/type1/public/amsfonts/c
m/cmmi5.pfb><C:/Program Files/MiKTeX 2.9/fonts/type1/public/amsfonts/cm/cmmi7.p
fb><C:/Program Files/MiKTeX 2.9/fonts/type1/public/amsfonts/cm/cmmi8.pfb><C:/Pr
ogram Files/MiKTeX 2.9/fonts/type1/public/amsfonts/cm/cmr10.pfb><C:/Program Fil
es/MiKTeX 2.9/fonts/type1/public/amsfonts/cm/cmr12.pfb><C:/Program Files/MiKTeX
 2.9/fonts/type1/public/amsfonts/cm/cmr17.pfb><C:/Program Files/MiKTeX 2.9/font
s/type1/public/amsfonts/cm/cmr5.pfb><C:/Program Files/MiKTeX 2.9/fonts/type1/pu
blic/amsfonts/cm/cmr7.pfb><C:/Program Files/MiKTeX 2.9/fonts/type1/public/amsfo
nts/cm/cmsy10.pfb><C:/Program Files/MiKTeX 2.9/fonts/type1/public/amsfonts/cm/c
msy5.pfb><C:/Program Files/MiKTeX 2.9/fonts/type1/public/amsfonts/cm/cmsy7.pfb>
<C:/Program Files/MiKTeX 2.9/fonts/type1/public/amsfonts/cm/cmti10.pfb><C:/Prog
ram Files/MiKTeX 2.9/fonts/type1/public/amsfonts/cm/cmtt8.pfb><C:/Program Files
/MiKTeX 2.9/fonts/type1/public/amsfonts/euler/eufm10.pfb><C:/Program Files/MiKT
eX 2.9/fonts/type1/public/amsfonts/symbols/msam10.pfb><C:/Program Files/MiKTeX 
2.9/fonts/type1/public/amsfonts/symbols/msam7.pfb><C:/Program Files/MiKTeX 2.9/
fonts/type1/public/amsfonts/symbols/msbm10.pfb>
Output written on HuanBui_MatrixAnalysis.pdf (236 pages, 969724 bytes).
PDF statistics:
 2544 PDF objects out of 2984 (max. 8388607)
 1043 named destinations out of 1200 (max. 500000)
 849 words of extra memory for PDF output out of 10000 (max. 10000000)

