\BOOKMARK [2][-]{section*.1}{Preface}{}% 1
\BOOKMARK [0][-]{chapter.0}{Think JQI}{}% 2
\BOOKMARK [1][-]{section.0.1}{Pre\205JQI}{chapter.0}% 3
\BOOKMARK [2][-]{subsection.0.1.1}{Conover Lab \046 Summer 2018}{section.0.1}% 4
\BOOKMARK [2][-]{subsection.0.1.2}{October, 2018}{section.0.1}% 5
\BOOKMARK [2][-]{subsection.0.1.3}{February, 2018}{section.0.1}% 6
\BOOKMARK [2][-]{subsection.0.1.4}{OPT application, 2018: The wait begins}{section.0.1}% 7
\BOOKMARK [1][-]{section.0.2}{Towards JQI}{chapter.0}% 8
\BOOKMARK [2][-]{subsection.0.2.1}{May, 2019: Absolute chaos}{section.0.2}% 9
\BOOKMARK [2][-]{subsection.0.2.2}{DAMOP19 in Milwaukee, Wisconsin}{section.0.2}% 10
\BOOKMARK [2][-]{subsection.0.2.3}{Heading to JQI, May 31\205June 2, 2019}{section.0.2}% 11
\BOOKMARK [0][-]{chapter.1}{A peek of JQI}{}% 12
\BOOKMARK [1][-]{section.1.1}{Monday, June 3, 2019}{chapter.1}% 13
\BOOKMARK [1][-]{section.1.2}{Tuesday, June 4, 2019}{chapter.1}% 14
\BOOKMARK [1][-]{section.1.3}{Wednesday, June 5, 2019}{chapter.1}% 15
\BOOKMARK [1][-]{section.1.4}{Thursday, June 6, 2019}{chapter.1}% 16
\BOOKMARK [1][-]{section.1.5}{Friday, June 7, 2019}{chapter.1}% 17
\BOOKMARK [1][-]{section.1.6}{Saturday, June 8, 2019}{chapter.1}% 18
\BOOKMARK [1][-]{section.1.7}{Sunday, June 9, 2019}{chapter.1}% 19
\BOOKMARK [0][-]{chapter.2}{Bureaucratic Limbo}{}% 20
\BOOKMARK [1][-]{section.2.1}{Monday, June 10, 2019}{chapter.2}% 21
\BOOKMARK [1][-]{section.2.2}{Tuesday, June 11, 2019}{chapter.2}% 22
\BOOKMARK [1][-]{section.2.3}{Wednesday, June 12, 2019}{chapter.2}% 23
