\BOOKMARK [2][-]{section*.1}{Preface}{}% 1
\BOOKMARK [0][-]{chapter.1}{Introduction to the Lagrangian and the Principle of Least Action}{}% 2
\BOOKMARK [1][-]{section.1.1}{A Classical-Mechanical Example}{chapter.1}% 3
\BOOKMARK [0][-]{chapter.2}{Group Theory: a quick guide in a quick guide}{}% 4
\BOOKMARK [0][-]{chapter.3}{Introduction to Classical Field Theory}{}% 5
\BOOKMARK [1][-]{section.3.1}{Relativistic Notation}{chapter.3}% 6
\BOOKMARK [1][-]{section.3.2}{Classical Lagrangian Field Theory}{chapter.3}% 7
\BOOKMARK [1][-]{section.3.3}{Quantized Lagrangian Field Theory \(primer\)}{chapter.3}% 8
\BOOKMARK [1][-]{section.3.4}{Symmetries and Conservation Laws \(primer\)}{chapter.3}% 9
\BOOKMARK [0][-]{chapter.4}{Gauge Invariance}{}% 10
\BOOKMARK [1][-]{section.4.1}{Introduction}{chapter.4}% 11
\BOOKMARK [1][-]{section.4.2}{Gauge Invariance in Classical Electrodynamics}{chapter.4}% 12
\BOOKMARK [1][-]{section.4.3}{Phase Invariance in Quantum Mechanics}{chapter.4}% 13
\BOOKMARK [1][-]{section.4.4}{Significance of Potentials in Quantum Theory}{chapter.4}% 14
\BOOKMARK [2][-]{subsection.4.4.1}{The Aharonov-Bohm Effect \046 The Physical Vector Potential}{section.4.4}% 15
\BOOKMARK [2][-]{subsection.4.4.2}{Path-dependent Phase Factors}{section.4.4}% 16
\BOOKMARK [1][-]{section.4.5}{Phase Invariance in Field Theory}{chapter.4}% 17
\BOOKMARK [0][-]{chapter.5}{Lagrangian Field Theory in Flat Spacetime}{}% 18
\BOOKMARK [1][-]{section.5.1}{Real Scalar Fields}{chapter.5}% 19
\BOOKMARK [1][-]{section.5.2}{Complex Scalar Fields and Electromagnetism}{chapter.5}% 20
\BOOKMARK [2][-]{subsection.5.2.1}{Gauge transformation of the first kind - Global Symmetry}{section.5.2}% 21
\BOOKMARK [2][-]{subsection.5.2.2}{Gauge transformation of the second kind - Local Symmetry}{section.5.2}% 22
\BOOKMARK [2][-]{subsection.5.2.3}{Motivations in the derivation of the E\046M Lagrangian}{section.5.2}% 23
\BOOKMARK [2][-]{subsection.5.2.4}{A few remarks}{section.5.2}% 24
\BOOKMARK [1][-]{section.5.3}{Vector Fields and Photons}{chapter.5}% 25
\BOOKMARK [0][-]{chapter.6}{Symmetries and Conservation Laws in Field Theory}{}% 26
\BOOKMARK [1][-]{section.6.1}{Hamiltonian formalism \(primer\)}{chapter.6}% 27
\BOOKMARK [1][-]{section.6.2}{Overview of Noether's Theorem: A Consequence of Variational Principle}{chapter.6}% 28
\BOOKMARK [1][-]{section.6.3}{Noether's Theorem on Symmetries and Conservation Laws}{chapter.6}% 29
\BOOKMARK [2][-]{subsection.6.3.1}{Space-time translations}{section.6.3}% 30
\BOOKMARK [2][-]{subsection.6.3.2}{Lorentz transformations}{section.6.3}% 31
\BOOKMARK [2][-]{subsection.6.3.3}{Internal symmetries}{section.6.3}% 32
\BOOKMARK [0][-]{chapter.7}{Spontaneous Symmetry Breaking}{}% 33
\BOOKMARK [1][-]{section.7.1}{Introduction}{chapter.7}% 34
\BOOKMARK [1][-]{section.7.2}{Continuous Global Symmetry}{chapter.7}% 35
\BOOKMARK [1][-]{section.7.3}{An O\(2\) example}{chapter.7}% 36
\BOOKMARK [1][-]{section.7.4}{Introduction to the Higgs Mechanism}{chapter.7}% 37
\BOOKMARK [0][-]{chapter.8}{Gravitation and Lagrangian Formulation of General Relativity}{}% 38
\BOOKMARK [1][-]{section.8.1}{Review of General Relativity \046 Curved Spacetime}{chapter.8}% 39
\BOOKMARK [2][-]{subsection.8.1.1}{General Relativity}{section.8.1}% 40
\BOOKMARK [2][-]{subsection.8.1.2}{Curved Spacetime}{section.8.1}% 41
\BOOKMARK [1][-]{section.8.2}{Lagrangian Formulation}{chapter.8}% 42
\BOOKMARK [1][-]{section.8.3}{Overview}{chapter.8}% 43
\BOOKMARK [2][-]{subsection.8.3.1}{Introduction to the Lagrangian Formulation of General Relativity}{section.8.3}% 44
\BOOKMARK [2][-]{subsection.8.3.2}{Variation on the metric tensor, without matter: T = 0}{section.8.3}% 45
\BOOKMARK [2][-]{subsection.8.3.3}{Variations on the metric tensor, with matter: T =0}{section.8.3}% 46
\BOOKMARK [1][-]{section.8.4}{Properties of Einstein Equations}{chapter.8}% 47
\BOOKMARK [0][-]{chapter.9}{Diffeomorphism, Vierbein Formalism, and general spacetime symmetries}{}% 48
\BOOKMARK [1][-]{section.9.1}{Overview of Diffeomorphisms and the Lie Derivative}{chapter.9}% 49
\BOOKMARK [1][-]{section.9.2}{Spacetime Symmetry}{chapter.9}% 50
\BOOKMARK [2][-]{subsection.9.2.1}{Global Lorentz Transformations in Minkowski Spacetime}{section.9.2}% 51
\BOOKMARK [2][-]{subsection.9.2.2}{Diffeomorphism in Curved Spacetime}{section.9.2}% 52
\BOOKMARK [2][-]{subsection.9.2.3}{Local Lorentz Transformation \046 Vierbein Formalism}{section.9.2}% 53
\BOOKMARK [2][-]{subsection.9.2.4}{Riemann-Cartan spacetime}{section.9.2}% 54
\BOOKMARK [0][-]{chapter.10}{Quantization}{}% 55
\BOOKMARK [0][-]{chapter.11}{Worked Problems}{}% 56
\BOOKMARK [1][-]{section.11.1}{Massive Vector Fields}{chapter.11}% 57
\BOOKMARK [1][-]{section.11.2}{Spontaneous Symmetry Breaking of a U\(1\) Gauge Theory}{chapter.11}% 58
\BOOKMARK [1][-]{section.11.3}{Euler-Lagrange Equations \(A. Lahiri + P. B. Pal\)}{chapter.11}% 59
\BOOKMARK [1][-]{section.11.4}{Hamiltonian Formalism \(A. Lahiri + P. B. Pal\)}{chapter.11}% 60
\BOOKMARK [1][-]{section.11.5}{Noether's Theorem \(A. Lahiri + P. B. Pal\)}{chapter.11}% 61
\BOOKMARK [2][-]{subsection.11.5.1}{Space-time translations}{section.11.5}% 62
\BOOKMARK [1][-]{section.11.6}{Internal symmetries}{chapter.11}% 63
\BOOKMARK [1][-]{section.11.7}{Diffeomorphism and Lie Derivatives}{chapter.11}% 64
