\BOOKMARK [2][-]{section*.1}{Preface}{}% 1
\BOOKMARK [0][-]{chapter.1}{COMPLEX NUMBERS}{}% 2
\BOOKMARK [1][-]{section.1.1}{Sums and Products}{chapter.1}% 3
\BOOKMARK [1][-]{section.1.2}{Basic Algebraic Properties}{chapter.1}% 4
\BOOKMARK [1][-]{section.1.3}{Further Properties}{chapter.1}% 5
\BOOKMARK [1][-]{section.1.4}{Vectors and Moduli}{chapter.1}% 6
\BOOKMARK [1][-]{section.1.5}{Complex Conjugates}{chapter.1}% 7
\BOOKMARK [1][-]{section.1.6}{Exponential Form}{chapter.1}% 8
\BOOKMARK [1][-]{section.1.7}{Products and Powers in Exponential Forms}{chapter.1}% 9
\BOOKMARK [1][-]{section.1.8}{Arguments of Products and Quotients}{chapter.1}% 10
\BOOKMARK [1][-]{section.1.9}{Roots of Complex Numbers}{chapter.1}% 11
\BOOKMARK [0][-]{chapter.2}{Analytic Functions}{}% 12
\BOOKMARK [1][-]{section.2.1}{Functions of a Complex Variable}{chapter.2}% 13
\BOOKMARK [1][-]{section.2.2}{Mappings}{chapter.2}% 14
\BOOKMARK [1][-]{section.2.3}{Mappings by the Exponential Function}{chapter.2}% 15
\BOOKMARK [1][-]{section.2.4}{Limits}{chapter.2}% 16
\BOOKMARK [1][-]{section.2.5}{Theorems on Limits}{chapter.2}% 17
\BOOKMARK [1][-]{section.2.6}{Limits Involving the Point at Infinity}{chapter.2}% 18
\BOOKMARK [1][-]{section.2.7}{Continuity}{chapter.2}% 19
\BOOKMARK [1][-]{section.2.8}{Derivatives}{chapter.2}% 20
\BOOKMARK [1][-]{section.2.9}{Differentiation Formulas}{chapter.2}% 21
\BOOKMARK [1][-]{section.2.10}{Cauchy–Riemann Equations}{chapter.2}% 22
\BOOKMARK [1][-]{section.2.11}{Sufficient Conditions for Differentiability}{chapter.2}% 23
\BOOKMARK [1][-]{section.2.12}{Polar Coordinates}{chapter.2}% 24
\BOOKMARK [1][-]{section.2.13}{Analytic Functions}{chapter.2}% 25
\BOOKMARK [1][-]{section.2.14}{Examples}{chapter.2}% 26
\BOOKMARK [1][-]{section.2.15}{Harmonic Functions}{chapter.2}% 27
\BOOKMARK [1][-]{section.2.16}{Uniquely Determined Analytic Functions}{chapter.2}% 28
\BOOKMARK [1][-]{section.2.17}{Reflection Principle}{chapter.2}% 29
