\BOOKMARK [2][-]{section*.1}{Preface}{}% 1
\BOOKMARK [0][-]{chapter.1}{An Introduction}{}% 2
\BOOKMARK [1][-]{section.1.1}{Linear Algebra}{chapter.1}% 3
\BOOKMARK [2][-]{subsection.1.1.1}{Bases \046 Linear Independence}{section.1.1}% 4
\BOOKMARK [2][-]{subsection.1.1.2}{Linear Operators \046 Matrices}{section.1.1}% 5
\BOOKMARK [2][-]{subsection.1.1.3}{The Pauli Matrices}{section.1.1}% 6
\BOOKMARK [2][-]{subsection.1.1.4}{Inner Products}{section.1.1}% 7
\BOOKMARK [2][-]{subsection.1.1.5}{Eigenvectors \046 Eigenvalues}{section.1.1}% 8
\BOOKMARK [2][-]{subsection.1.1.6}{Adjoints \046 Hermitian Operators}{section.1.1}% 9
\BOOKMARK [2][-]{subsection.1.1.7}{Tensor Products}{section.1.1}% 10
\BOOKMARK [2][-]{subsection.1.1.8}{Operator Functions}{section.1.1}% 11
\BOOKMARK [2][-]{subsection.1.1.9}{Commutators \046 Anti-commutators}{section.1.1}% 12
\BOOKMARK [2][-]{subsection.1.1.10}{Polar \046 Singular Value Decomposition}{section.1.1}% 13
\BOOKMARK [1][-]{section.1.2}{Quantum Mechanics}{chapter.1}% 14
\BOOKMARK [2][-]{subsection.1.2.1}{The Postulates}{section.1.2}% 15
\BOOKMARK [2][-]{subsection.1.2.2}{State space}{section.1.2}% 16
\BOOKMARK [2][-]{subsection.1.2.3}{Evolution}{section.1.2}% 17
\BOOKMARK [2][-]{subsection.1.2.4}{Quantum Measurement}{section.1.2}% 18
\BOOKMARK [2][-]{subsection.1.2.5}{Distinguishing quantum states}{section.1.2}% 19
\BOOKMARK [2][-]{subsection.1.2.6}{Projective Measurements}{section.1.2}% 20
\BOOKMARK [2][-]{subsection.1.2.7}{POVM measurements}{section.1.2}% 21
\BOOKMARK [2][-]{subsection.1.2.8}{Phase}{section.1.2}% 22
\BOOKMARK [2][-]{subsection.1.2.9}{Composite Systems}{section.1.2}% 23
\BOOKMARK [2][-]{subsection.1.2.10}{A global view}{section.1.2}% 24
\BOOKMARK [2][-]{subsection.1.2.11}{Superdense coding}{section.1.2}% 25
\BOOKMARK [1][-]{section.1.3}{The Density Operator}{chapter.1}% 26
\BOOKMARK [2][-]{subsection.1.3.1}{Ensembles of Quantum States}{section.1.3}% 27
\BOOKMARK [2][-]{subsection.1.3.2}{General Properties of the Density Operator}{section.1.3}% 28
\BOOKMARK [2][-]{subsection.1.3.3}{The Reduced Density Operator}{section.1.3}% 29
\BOOKMARK [2][-]{subsection.1.3.4}{The Schmidt Decomposition \046 Purifications}{section.1.3}% 30
\BOOKMARK [2][-]{subsection.1.3.5}{EPR \046 the Bell Inequality}{section.1.3}% 31
\BOOKMARK [1][-]{section.1.4}{The Game}{chapter.1}% 32
\BOOKMARK [2][-]{subsection.1.4.1}{Quantum computer}{section.1.4}% 33
\BOOKMARK [2][-]{subsection.1.4.2}{Cbits \046 their states}{section.1.4}% 34
\BOOKMARK [2][-]{subsection.1.4.3}{Reversible operations on Cbits}{section.1.4}% 35
\BOOKMARK [2][-]{subsection.1.4.4}{Manipulating operations on Cbits}{section.1.4}% 36
\BOOKMARK [2][-]{subsection.1.4.5}{Qbits \046 their states}{section.1.4}% 37
\BOOKMARK [2][-]{subsection.1.4.6}{Reversible operations on Qbits}{section.1.4}% 38
\BOOKMARK [2][-]{subsection.1.4.7}{Circuit diagrams}{section.1.4}% 39
\BOOKMARK [2][-]{subsection.1.4.8}{Measurement gates and the Born rule}{section.1.4}% 40
\BOOKMARK [2][-]{subsection.1.4.9}{The generalized Born rule}{section.1.4}% 41
\BOOKMARK [2][-]{subsection.1.4.10}{Measurement gates and state preparation}{section.1.4}% 42
\BOOKMARK [2][-]{subsection.1.4.11}{Constructing arbitrary 1- and 2-Qbit state}{section.1.4}% 43
\BOOKMARK [2][-]{subsection.1.4.12}{Summary}{section.1.4}% 44
\BOOKMARK [0][-]{chapter.2}{Quantum Information \046 Quantum Computation}{}% 45
