This is pdfTeX, Version 3.141592653-2.6-1.40.24 (TeX Live 2022) (preloaded format=pdflatex 2022.10.1)  13 JAN 2023 13:39
entering extended mode
 restricted \write18 enabled.
 file:line:error style messages enabled.
 %&-line parsing enabled.
**BEC1_CUA_Retreat_2023.tex
(./BEC1_CUA_Retreat_2023.tex
LaTeX2e <2021-11-15> patch level 1
L3 programming layer <2022-02-24>
(/usr/local/texlive/2022/texmf-dist/tex/latex/tikzposter/tikzposter.cls
Document Class: tikzposter 2014/01/15 v2.0 LaTeX document class for Posters
(/usr/local/texlive/2022/texmf-dist/tex/latex/xkeyval/xkeyval.sty
Package: xkeyval 2020/11/20 v2.8 package option processing (HA)

(/usr/local/texlive/2022/texmf-dist/tex/generic/xkeyval/xkeyval.tex
(/usr/local/texlive/2022/texmf-dist/tex/generic/xkeyval/xkvutils.tex
\XKV@toks=\toks16
\XKV@tempa@toks=\toks17

(/usr/local/texlive/2022/texmf-dist/tex/generic/xkeyval/keyval.tex))
\XKV@depth=\count185
File: xkeyval.tex 2014/12/03 v2.7a key=value parser (HA)
))
(/usr/local/texlive/2022/texmf-dist/tex/latex/tools/calc.sty
Package: calc 2017/05/25 v4.3 Infix arithmetic (KKT,FJ)
\calc@Acount=\count186
\calc@Bcount=\count187
\calc@Adimen=\dimen138
\calc@Bdimen=\dimen139
\calc@Askip=\skip47
\calc@Bskip=\skip48
LaTeX Info: Redefining \setlength on input line 80.
LaTeX Info: Redefining \addtolength on input line 81.
\calc@Ccount=\count188
\calc@Cskip=\skip49
)
(/usr/local/texlive/2022/texmf-dist/tex/latex/base/ifthen.sty
Package: ifthen 2020/11/24 v1.1c Standard LaTeX ifthen package (DPC)
)
(/usr/local/texlive/2022/texmf-dist/tex/latex/ae/ae.sty
Package: ae 2001/02/12 1.3 Almost European Computer Modern

(/usr/local/texlive/2022/texmf-dist/tex/latex/base/fontenc.sty
Package: fontenc 2021/04/29 v2.0v Standard LaTeX package
))
(/usr/local/texlive/2022/texmf-dist/tex/generic/xstring/xstring.sty
(/usr/local/texlive/2022/texmf-dist/tex/generic/xstring/xstring.tex
\integerpart=\count189
\decimalpart=\count190
)
Package: xstring 2021/07/21 v1.84 String manipulations (CT)
)
(/usr/local/texlive/2022/texmf-dist/tex/latex/etoolbox/etoolbox.sty
Package: etoolbox 2020/10/05 v2.5k e-TeX tools for LaTeX (JAW)
\etb@tempcnta=\count191
)
(/usr/local/texlive/2022/texmf-dist/tex/latex/pgf/frontendlayer/tikz.sty
(/usr/local/texlive/2022/texmf-dist/tex/latex/pgf/basiclayer/pgf.sty
(/usr/local/texlive/2022/texmf-dist/tex/latex/pgf/utilities/pgfrcs.sty
(/usr/local/texlive/2022/texmf-dist/tex/generic/pgf/utilities/pgfutil-common.te
x
\pgfutil@everybye=\toks18
\pgfutil@tempdima=\dimen140
\pgfutil@tempdimb=\dimen141

(/usr/local/texlive/2022/texmf-dist/tex/generic/pgf/utilities/pgfutil-common-li
sts.tex))
(/usr/local/texlive/2022/texmf-dist/tex/generic/pgf/utilities/pgfutil-latex.def
\pgfutil@abb=\box50
) (/usr/local/texlive/2022/texmf-dist/tex/generic/pgf/utilities/pgfrcs.code.tex
(/usr/local/texlive/2022/texmf-dist/tex/generic/pgf/pgf.revision.tex)
Package: pgfrcs 2021/05/15 v3.1.9a (3.1.9a)
))
Package: pgf 2021/05/15 v3.1.9a (3.1.9a)

(/usr/local/texlive/2022/texmf-dist/tex/latex/pgf/basiclayer/pgfcore.sty
(/usr/local/texlive/2022/texmf-dist/tex/latex/graphics/graphicx.sty
Package: graphicx 2021/09/16 v1.2d Enhanced LaTeX Graphics (DPC,SPQR)

(/usr/local/texlive/2022/texmf-dist/tex/latex/graphics/graphics.sty
Package: graphics 2021/03/04 v1.4d Standard LaTeX Graphics (DPC,SPQR)

(/usr/local/texlive/2022/texmf-dist/tex/latex/graphics/trig.sty
Package: trig 2021/08/11 v1.11 sin cos tan (DPC)
)
(/usr/local/texlive/2022/texmf-dist/tex/latex/graphics-cfg/graphics.cfg
File: graphics.cfg 2016/06/04 v1.11 sample graphics configuration
)
Package graphics Info: Driver file: pdftex.def on input line 107.

(/usr/local/texlive/2022/texmf-dist/tex/latex/graphics-def/pdftex.def
File: pdftex.def 2020/10/05 v1.2a Graphics/color driver for pdftex
))
\Gin@req@height=\dimen142
\Gin@req@width=\dimen143
)
(/usr/local/texlive/2022/texmf-dist/tex/latex/pgf/systemlayer/pgfsys.sty
(/usr/local/texlive/2022/texmf-dist/tex/generic/pgf/systemlayer/pgfsys.code.tex
Package: pgfsys 2021/05/15 v3.1.9a (3.1.9a)
(/usr/local/texlive/2022/texmf-dist/tex/generic/pgf/utilities/pgfkeys.code.tex
\pgfkeys@pathtoks=\toks19
\pgfkeys@temptoks=\toks20

(/usr/local/texlive/2022/texmf-dist/tex/generic/pgf/utilities/pgfkeysfiltered.c
ode.tex
\pgfkeys@tmptoks=\toks21
))
\pgf@x=\dimen144
\pgf@y=\dimen145
\pgf@xa=\dimen146
\pgf@ya=\dimen147
\pgf@xb=\dimen148
\pgf@yb=\dimen149
\pgf@xc=\dimen150
\pgf@yc=\dimen151
\pgf@xd=\dimen152
\pgf@yd=\dimen153
\w@pgf@writea=\write3
\r@pgf@reada=\read2
\c@pgf@counta=\count192
\c@pgf@countb=\count193
\c@pgf@countc=\count194
\c@pgf@countd=\count195
\t@pgf@toka=\toks22
\t@pgf@tokb=\toks23
\t@pgf@tokc=\toks24
\pgf@sys@id@count=\count196

(/usr/local/texlive/2022/texmf-dist/tex/generic/pgf/systemlayer/pgf.cfg
File: pgf.cfg 2021/05/15 v3.1.9a (3.1.9a)
)
Driver file for pgf: pgfsys-pdftex.def

(/usr/local/texlive/2022/texmf-dist/tex/generic/pgf/systemlayer/pgfsys-pdftex.d
ef
File: pgfsys-pdftex.def 2021/05/15 v3.1.9a (3.1.9a)

(/usr/local/texlive/2022/texmf-dist/tex/generic/pgf/systemlayer/pgfsys-common-p
df.def
File: pgfsys-common-pdf.def 2021/05/15 v3.1.9a (3.1.9a)
)))
(/usr/local/texlive/2022/texmf-dist/tex/generic/pgf/systemlayer/pgfsyssoftpath.
code.tex
File: pgfsyssoftpath.code.tex 2021/05/15 v3.1.9a (3.1.9a)
\pgfsyssoftpath@smallbuffer@items=\count197
\pgfsyssoftpath@bigbuffer@items=\count198
)
(/usr/local/texlive/2022/texmf-dist/tex/generic/pgf/systemlayer/pgfsysprotocol.
code.tex
File: pgfsysprotocol.code.tex 2021/05/15 v3.1.9a (3.1.9a)
)) (/usr/local/texlive/2022/texmf-dist/tex/latex/xcolor/xcolor.sty
Package: xcolor 2021/10/31 v2.13 LaTeX color extensions (UK)

(/usr/local/texlive/2022/texmf-dist/tex/latex/graphics-cfg/color.cfg
File: color.cfg 2016/01/02 v1.6 sample color configuration
)
Package xcolor Info: Driver file: pdftex.def on input line 227.
Package xcolor Info: Model `cmy' substituted by `cmy0' on input line 1352.
Package xcolor Info: Model `hsb' substituted by `rgb' on input line 1356.
Package xcolor Info: Model `RGB' extended on input line 1368.
Package xcolor Info: Model `HTML' substituted by `rgb' on input line 1370.
Package xcolor Info: Model `Hsb' substituted by `hsb' on input line 1371.
Package xcolor Info: Model `tHsb' substituted by `hsb' on input line 1372.
Package xcolor Info: Model `HSB' substituted by `hsb' on input line 1373.
Package xcolor Info: Model `Gray' substituted by `gray' on input line 1374.
Package xcolor Info: Model `wave' substituted by `hsb' on input line 1375.
)
(/usr/local/texlive/2022/texmf-dist/tex/generic/pgf/basiclayer/pgfcore.code.tex
Package: pgfcore 2021/05/15 v3.1.9a (3.1.9a)
(/usr/local/texlive/2022/texmf-dist/tex/generic/pgf/math/pgfmath.code.tex
(/usr/local/texlive/2022/texmf-dist/tex/generic/pgf/math/pgfmathcalc.code.tex
(/usr/local/texlive/2022/texmf-dist/tex/generic/pgf/math/pgfmathutil.code.tex)
(/usr/local/texlive/2022/texmf-dist/tex/generic/pgf/math/pgfmathparser.code.tex
\pgfmath@dimen=\dimen154
\pgfmath@count=\count199
\pgfmath@box=\box51
\pgfmath@toks=\toks25
\pgfmath@stack@operand=\toks26
\pgfmath@stack@operation=\toks27
)
(/usr/local/texlive/2022/texmf-dist/tex/generic/pgf/math/pgfmathfunctions.code.
tex
(/usr/local/texlive/2022/texmf-dist/tex/generic/pgf/math/pgfmathfunctions.basic
.code.tex)
(/usr/local/texlive/2022/texmf-dist/tex/generic/pgf/math/pgfmathfunctions.trigo
nometric.code.tex)
(/usr/local/texlive/2022/texmf-dist/tex/generic/pgf/math/pgfmathfunctions.rando
m.code.tex)
(/usr/local/texlive/2022/texmf-dist/tex/generic/pgf/math/pgfmathfunctions.compa
rison.code.tex)
(/usr/local/texlive/2022/texmf-dist/tex/generic/pgf/math/pgfmathfunctions.base.
code.tex)
(/usr/local/texlive/2022/texmf-dist/tex/generic/pgf/math/pgfmathfunctions.round
.code.tex)
(/usr/local/texlive/2022/texmf-dist/tex/generic/pgf/math/pgfmathfunctions.misc.
code.tex)
(/usr/local/texlive/2022/texmf-dist/tex/generic/pgf/math/pgfmathfunctions.integ
erarithmetics.code.tex)))
(/usr/local/texlive/2022/texmf-dist/tex/generic/pgf/math/pgfmathfloat.code.tex
\c@pgfmathroundto@lastzeros=\count266
)) (/usr/local/texlive/2022/texmf-dist/tex/generic/pgf/math/pgfint.code.tex)
(/usr/local/texlive/2022/texmf-dist/tex/generic/pgf/basiclayer/pgfcorepoints.co
de.tex
File: pgfcorepoints.code.tex 2021/05/15 v3.1.9a (3.1.9a)
\pgf@picminx=\dimen155
\pgf@picmaxx=\dimen156
\pgf@picminy=\dimen157
\pgf@picmaxy=\dimen158
\pgf@pathminx=\dimen159
\pgf@pathmaxx=\dimen160
\pgf@pathminy=\dimen161
\pgf@pathmaxy=\dimen162
\pgf@xx=\dimen163
\pgf@xy=\dimen164
\pgf@yx=\dimen165
\pgf@yy=\dimen166
\pgf@zx=\dimen167
\pgf@zy=\dimen168
)
(/usr/local/texlive/2022/texmf-dist/tex/generic/pgf/basiclayer/pgfcorepathconst
ruct.code.tex
File: pgfcorepathconstruct.code.tex 2021/05/15 v3.1.9a (3.1.9a)
\pgf@path@lastx=\dimen169
\pgf@path@lasty=\dimen170
)
(/usr/local/texlive/2022/texmf-dist/tex/generic/pgf/basiclayer/pgfcorepathusage
.code.tex
File: pgfcorepathusage.code.tex 2021/05/15 v3.1.9a (3.1.9a)
\pgf@shorten@end@additional=\dimen171
\pgf@shorten@start@additional=\dimen172
)
(/usr/local/texlive/2022/texmf-dist/tex/generic/pgf/basiclayer/pgfcorescopes.co
de.tex
File: pgfcorescopes.code.tex 2021/05/15 v3.1.9a (3.1.9a)
\pgfpic=\box52
\pgf@hbox=\box53
\pgf@layerbox@main=\box54
\pgf@picture@serial@count=\count267
)
(/usr/local/texlive/2022/texmf-dist/tex/generic/pgf/basiclayer/pgfcoregraphicst
ate.code.tex
File: pgfcoregraphicstate.code.tex 2021/05/15 v3.1.9a (3.1.9a)
\pgflinewidth=\dimen173
)
(/usr/local/texlive/2022/texmf-dist/tex/generic/pgf/basiclayer/pgfcoretransform
ations.code.tex
File: pgfcoretransformations.code.tex 2021/05/15 v3.1.9a (3.1.9a)
\pgf@pt@x=\dimen174
\pgf@pt@y=\dimen175
\pgf@pt@temp=\dimen176
)
(/usr/local/texlive/2022/texmf-dist/tex/generic/pgf/basiclayer/pgfcorequick.cod
e.tex
File: pgfcorequick.code.tex 2021/05/15 v3.1.9a (3.1.9a)
)
(/usr/local/texlive/2022/texmf-dist/tex/generic/pgf/basiclayer/pgfcoreobjects.c
ode.tex
File: pgfcoreobjects.code.tex 2021/05/15 v3.1.9a (3.1.9a)
)
(/usr/local/texlive/2022/texmf-dist/tex/generic/pgf/basiclayer/pgfcorepathproce
ssing.code.tex
File: pgfcorepathprocessing.code.tex 2021/05/15 v3.1.9a (3.1.9a)
)
(/usr/local/texlive/2022/texmf-dist/tex/generic/pgf/basiclayer/pgfcorearrows.co
de.tex
File: pgfcorearrows.code.tex 2021/05/15 v3.1.9a (3.1.9a)
\pgfarrowsep=\dimen177
)
(/usr/local/texlive/2022/texmf-dist/tex/generic/pgf/basiclayer/pgfcoreshade.cod
e.tex
File: pgfcoreshade.code.tex 2021/05/15 v3.1.9a (3.1.9a)
\pgf@max=\dimen178
\pgf@sys@shading@range@num=\count268
\pgf@shadingcount=\count269
)
(/usr/local/texlive/2022/texmf-dist/tex/generic/pgf/basiclayer/pgfcoreimage.cod
e.tex
File: pgfcoreimage.code.tex 2021/05/15 v3.1.9a (3.1.9a)

(/usr/local/texlive/2022/texmf-dist/tex/generic/pgf/basiclayer/pgfcoreexternal.
code.tex
File: pgfcoreexternal.code.tex 2021/05/15 v3.1.9a (3.1.9a)
\pgfexternal@startupbox=\box55
))
(/usr/local/texlive/2022/texmf-dist/tex/generic/pgf/basiclayer/pgfcorelayers.co
de.tex
File: pgfcorelayers.code.tex 2021/05/15 v3.1.9a (3.1.9a)
)
(/usr/local/texlive/2022/texmf-dist/tex/generic/pgf/basiclayer/pgfcoretranspare
ncy.code.tex
File: pgfcoretransparency.code.tex 2021/05/15 v3.1.9a (3.1.9a)
)
(/usr/local/texlive/2022/texmf-dist/tex/generic/pgf/basiclayer/pgfcorepatterns.
code.tex
File: pgfcorepatterns.code.tex 2021/05/15 v3.1.9a (3.1.9a)
)
(/usr/local/texlive/2022/texmf-dist/tex/generic/pgf/basiclayer/pgfcorerdf.code.
tex
File: pgfcorerdf.code.tex 2021/05/15 v3.1.9a (3.1.9a)
)))
(/usr/local/texlive/2022/texmf-dist/tex/generic/pgf/modules/pgfmoduleshapes.cod
e.tex
File: pgfmoduleshapes.code.tex 2021/05/15 v3.1.9a (3.1.9a)
\pgfnodeparttextbox=\box56
)
(/usr/local/texlive/2022/texmf-dist/tex/generic/pgf/modules/pgfmoduleplot.code.
tex
File: pgfmoduleplot.code.tex 2021/05/15 v3.1.9a (3.1.9a)
)
(/usr/local/texlive/2022/texmf-dist/tex/latex/pgf/compatibility/pgfcomp-version
-0-65.sty
Package: pgfcomp-version-0-65 2021/05/15 v3.1.9a (3.1.9a)
\pgf@nodesepstart=\dimen179
\pgf@nodesepend=\dimen180
)
(/usr/local/texlive/2022/texmf-dist/tex/latex/pgf/compatibility/pgfcomp-version
-1-18.sty
Package: pgfcomp-version-1-18 2021/05/15 v3.1.9a (3.1.9a)
))
(/usr/local/texlive/2022/texmf-dist/tex/latex/pgf/utilities/pgffor.sty
(/usr/local/texlive/2022/texmf-dist/tex/latex/pgf/utilities/pgfkeys.sty
(/usr/local/texlive/2022/texmf-dist/tex/generic/pgf/utilities/pgfkeys.code.tex)
) (/usr/local/texlive/2022/texmf-dist/tex/latex/pgf/math/pgfmath.sty
(/usr/local/texlive/2022/texmf-dist/tex/generic/pgf/math/pgfmath.code.tex))
(/usr/local/texlive/2022/texmf-dist/tex/generic/pgf/utilities/pgffor.code.tex
Package: pgffor 2021/05/15 v3.1.9a (3.1.9a)

(/usr/local/texlive/2022/texmf-dist/tex/generic/pgf/math/pgfmath.code.tex)
\pgffor@iter=\dimen181
\pgffor@skip=\dimen182
\pgffor@stack=\toks28
\pgffor@toks=\toks29
))
(/usr/local/texlive/2022/texmf-dist/tex/generic/pgf/frontendlayer/tikz/tikz.cod
e.tex
Package: tikz 2021/05/15 v3.1.9a (3.1.9a)

(/usr/local/texlive/2022/texmf-dist/tex/generic/pgf/libraries/pgflibraryplothan
dlers.code.tex
File: pgflibraryplothandlers.code.tex 2021/05/15 v3.1.9a (3.1.9a)
\pgf@plot@mark@count=\count270
\pgfplotmarksize=\dimen183
)
\tikz@lastx=\dimen184
\tikz@lasty=\dimen185
\tikz@lastxsaved=\dimen186
\tikz@lastysaved=\dimen187
\tikz@lastmovetox=\dimen188
\tikz@lastmovetoy=\dimen189
\tikzleveldistance=\dimen190
\tikzsiblingdistance=\dimen191
\tikz@figbox=\box57
\tikz@figbox@bg=\box58
\tikz@tempbox=\box59
\tikz@tempbox@bg=\box60
\tikztreelevel=\count271
\tikznumberofchildren=\count272
\tikznumberofcurrentchild=\count273
\tikz@fig@count=\count274

(/usr/local/texlive/2022/texmf-dist/tex/generic/pgf/modules/pgfmodulematrix.cod
e.tex
File: pgfmodulematrix.code.tex 2021/05/15 v3.1.9a (3.1.9a)
\pgfmatrixcurrentrow=\count275
\pgfmatrixcurrentcolumn=\count276
\pgf@matrix@numberofcolumns=\count277
)
\tikz@expandcount=\count278

(/usr/local/texlive/2022/texmf-dist/tex/generic/pgf/frontendlayer/tikz/librarie
s/tikzlibrarytopaths.code.tex
File: tikzlibrarytopaths.code.tex 2021/05/15 v3.1.9a (3.1.9a)
)))
(/usr/local/texlive/2022/texmf-dist/tex/generic/pgf/frontendlayer/tikz/librarie
s/tikzlibraryshapes.code.tex
File: tikzlibraryshapes.code.tex 2021/05/15 v3.1.9a (3.1.9a)

(/usr/local/texlive/2022/texmf-dist/tex/generic/pgf/frontendlayer/tikz/librarie
s/tikzlibraryshapes.geometric.code.tex
File: tikzlibraryshapes.geometric.code.tex 2021/05/15 v3.1.9a (3.1.9a)

(/usr/local/texlive/2022/texmf-dist/tex/generic/pgf/libraries/shapes/pgflibrary
shapes.geometric.code.tex
File: pgflibraryshapes.geometric.code.tex 2021/05/15 v3.1.9a (3.1.9a)
))
(/usr/local/texlive/2022/texmf-dist/tex/generic/pgf/frontendlayer/tikz/librarie
s/tikzlibraryshapes.misc.code.tex
File: tikzlibraryshapes.misc.code.tex 2021/05/15 v3.1.9a (3.1.9a)

(/usr/local/texlive/2022/texmf-dist/tex/generic/pgf/libraries/shapes/pgflibrary
shapes.misc.code.tex
File: pgflibraryshapes.misc.code.tex 2021/05/15 v3.1.9a (3.1.9a)
))
(/usr/local/texlive/2022/texmf-dist/tex/generic/pgf/frontendlayer/tikz/librarie
s/tikzlibraryshapes.symbols.code.tex
File: tikzlibraryshapes.symbols.code.tex 2021/05/15 v3.1.9a (3.1.9a)

(/usr/local/texlive/2022/texmf-dist/tex/generic/pgf/libraries/shapes/pgflibrary
shapes.symbols.code.tex
File: pgflibraryshapes.symbols.code.tex 2021/05/15 v3.1.9a (3.1.9a)
))
(/usr/local/texlive/2022/texmf-dist/tex/generic/pgf/frontendlayer/tikz/librarie
s/tikzlibraryshapes.arrows.code.tex
File: tikzlibraryshapes.arrows.code.tex 2021/05/15 v3.1.9a (3.1.9a)

(/usr/local/texlive/2022/texmf-dist/tex/generic/pgf/libraries/shapes/pgflibrary
shapes.arrows.code.tex
File: pgflibraryshapes.arrows.code.tex 2021/05/15 v3.1.9a (3.1.9a)
))
(/usr/local/texlive/2022/texmf-dist/tex/generic/pgf/frontendlayer/tikz/librarie
s/tikzlibraryshapes.callouts.code.tex
(/usr/local/texlive/2022/texmf-dist/tex/generic/pgf/libraries/shapes/pgflibrary
shapes.callouts.code.tex))
(/usr/local/texlive/2022/texmf-dist/tex/generic/pgf/frontendlayer/tikz/librarie
s/tikzlibraryshapes.multipart.code.tex
File: tikzlibraryshapes.multipart.code.tex 2021/05/15 v3.1.9a (3.1.9a)

(/usr/local/texlive/2022/texmf-dist/tex/generic/pgf/libraries/shapes/pgflibrary
shapes.multipart.code.tex
File: pgflibraryshapes.multipart.code.tex 2021/05/15 v3.1.9a (3.1.9a)
\pgfnodepartlowerbox=\box61
\pgfnodeparttwobox=\box62
\pgfnodepartthreebox=\box63
\pgfnodepartfourbox=\box64
\pgfnodeparttwentybox=\box65
\pgfnodepartnineteenbox=\box66
\pgfnodeparteighteenbox=\box67
\pgfnodepartseventeenbox=\box68
\pgfnodepartsixteenbox=\box69
\pgfnodepartfifteenbox=\box70
\pgfnodepartfourteenbox=\box71
\pgfnodepartthirteenbox=\box72
\pgfnodeparttwelvebox=\box73
\pgfnodepartelevenbox=\box74
\pgfnodeparttenbox=\box75
\pgfnodepartninebox=\box76
\pgfnodeparteightbox=\box77
\pgfnodepartsevenbox=\box78
\pgfnodepartsixbox=\box79
\pgfnodepartfivebox=\box80
)))
(/usr/local/texlive/2022/texmf-dist/tex/generic/pgf/frontendlayer/tikz/librarie
s/tikzlibrarydecorations.code.tex
(/usr/local/texlive/2022/texmf-dist/tex/generic/pgf/modules/pgfmoduledecoration
s.code.tex
\pgfdecoratedcompleteddistance=\dimen192
\pgfdecoratedremainingdistance=\dimen193
\pgfdecoratedinputsegmentcompleteddistance=\dimen194
\pgfdecoratedinputsegmentremainingdistance=\dimen195
\pgf@decorate@distancetomove=\dimen196
\pgf@decorate@repeatstate=\count279
\pgfdecorationsegmentamplitude=\dimen197
\pgfdecorationsegmentlength=\dimen198
)
\tikz@lib@dec@box=\box81
)
(/usr/local/texlive/2022/texmf-dist/tex/generic/pgf/frontendlayer/tikz/librarie
s/tikzlibraryshadows.code.tex
File: tikzlibraryshadows.code.tex 2021/05/15 v3.1.9a (3.1.9a)

(/usr/local/texlive/2022/texmf-dist/tex/generic/pgf/frontendlayer/tikz/librarie
s/tikzlibraryfadings.code.tex
File: tikzlibraryfadings.code.tex 2021/05/15 v3.1.9a (3.1.9a)

(/usr/local/texlive/2022/texmf-dist/tex/generic/pgf/libraries/pgflibraryfadings
.code.tex
File: pgflibraryfadings.code.tex 2021/05/15 v3.1.9a (3.1.9a)
)))
(/usr/local/texlive/2022/texmf-dist/tex/generic/pgf/frontendlayer/tikz/librarie
s/tikzlibrarybackgrounds.code.tex
File: tikzlibrarybackgrounds.code.tex 2021/05/15 v3.1.9a (3.1.9a)
\pgf@layerbox@background=\box82
\pgf@layerboxsaved@background=\box83
)
(/usr/local/texlive/2022/texmf-dist/tex/generic/pgf/frontendlayer/tikz/librarie
s/tikzlibrarycalc.code.tex
File: tikzlibrarycalc.code.tex 2021/05/15 v3.1.9a (3.1.9a)
)
(/usr/local/texlive/2022/texmf-dist/tex/generic/pgf/frontendlayer/tikz/librarie
s/tikzlibraryfit.code.tex
File: tikzlibraryfit.code.tex 2021/05/15 v3.1.9a (3.1.9a)
)
(/usr/local/texlive/2022/texmf-dist/tex/generic/pgf/frontendlayer/tikz/librarie
s/tikzlibrarydecorations.pathmorphing.code.tex
(/usr/local/texlive/2022/texmf-dist/tex/generic/pgf/libraries/decorations/pgfli
brarydecorations.pathmorphing.code.tex))
(/usr/local/texlive/2022/texmf-dist/tex/generic/pgf/libraries/pgflibraryarrows.
code.tex
File: pgflibraryarrows.code.tex 2021/05/15 v3.1.9a (3.1.9a)
\arrowsize=\dimen199
)
\TP@innermargin=\dimen256
\TP@visibletextwidth=\dimen257
\TP@visibletextheight=\dimen258
\TP@titlewidth=\dimen259
\titlewidth=\dimen260
\TP@titlelinewidth=\dimen261
\titlelinewidth=\dimen262
\titleinnersep=\dimen263
\TP@titleinnersep=\dimen264
\TP@titletotopverticalspace=\dimen265
\titletotopverticalspace=\dimen266
\TP@titletoblockverticalspace=\dimen267
\TP@titleheight=\dimen268
\titleheight=\dimen269
\titlegraphicheight=\dimen270
\titleposleft=\dimen271
\titleposright=\dimen272
\titlepostop=\dimen273
\titleposbottom=\dimen274
\TP@titlegraphictotitledistance=\dimen275
\TP@colspace=\dimen276
\TP@coltop=\dimen277
\TP@colbottom=\dimen278
\TP@colcenter=\dimen279
\colwidth=\dimen280
\TP@subcolspace=\dimen281
\TP@subcoltop=\dimen282
\TP@subcolbottom=\dimen283
\TP@subcolcenter=\dimen284
\subcolwidth=\dimen285
\TP@blockverticalspace=\dimen286
\TP@blockcenter=\dimen287
\TP@blocktitleinnersep=\dimen288
\blocktitleinnersep=\dimen289
\TP@blockbodyinnersep=\dimen290
\blockbodyinnersep=\dimen291
\TP@blocktitlebox=\box84
\TP@blockbodybox=\box85
\TP@blocktitlewidth=\dimen292
\TP@blockbodywidth=\dimen293
\TP@blockbodyheight=\dimen294
\TP@blocktitleheight=\dimen295
\TP@blocktop=\dimen296
\TP@blocktitleoffsetx=\dimen297
\TP@blocktitleoffsety=\dimen298
\TP@blockbodyoffsetx=\dimen299
\TP@blockbodyoffsety=\dimen300
\TP@blockbodyverticalshift=\dimen301
\blocklinewidth=\dimen302
\TP@innerblockcenter=\dimen303
\TP@innerblocktitleinnersep=\dimen304
\innerblocktitleinnersep=\dimen305
\TP@innerblockbodyinnersep=\dimen306
\innerblockbodyinnersep=\dimen307
\TP@innerblocktitlebox=\box86
\TP@innerblockbodybox=\box87
\TP@innerblocktitlewidth=\dimen308
\TP@innerblockbodywidth=\dimen309
\TP@innerblockbodyheight=\dimen310
\TP@innerblocktitleheight=\dimen311
\TP@innerblocktitleoffsetx=\dimen312
\TP@innerblocktitleoffsety=\dimen313
\TP@innerblockbodyoffsetx=\dimen314
\TP@innerblockbodyoffsety=\dimen315
\TP@innerblockbodyverticalshift=\dimen316
\innerblocklinewidth=\dimen317
\TP@coloredbox=\box88
\TP@coloredboxwidth=\dimen318
\TP@coloredboxlinewidth=\dimen319
\TP@coloredboxinnersep=\dimen320
\TP@coloredboxheight=\dimen321
\TP@noteinnersep=\dimen322
\noteinnersep=\dimen323
\TP@notetargetoffsetx=\dimen324
\TP@notetargetoffsety=\dimen325
\TP@noteradius=\dimen326
\TP@notewidth=\dimen327
\TP@noteheight=\dimen328
\TP@notebox=\box89
\notelinewidth=\dimen329


Package tikzposter Warning: Unknown Option 26pt. on input line 204.


Package tikzposter Warning: Unknown Option paperwidth=36in. on input line 204.


Package tikzposter Warning: Unknown Option paperheight=48in. on input line 204.


(/usr/local/texlive/2022/texmf-dist/tex/latex/extsizes/extarticle.cls
Document Class: extarticle 1996/10/08 v1.0 Non Standard LaTeX document class
(/usr/local/texlive/2022/texmf-dist/tex/latex/base/size10.clo
File: size10.clo 2021/10/04 v1.4n Standard LaTeX file (size option)
)
(/usr/local/texlive/2022/texmf-dist/tex/latex/base/exscale.sty
Package: exscale 2018/09/24 v2.1i Standard LaTeX package exscale
LaTeX Font Info:    Redeclaring symbol font `largesymbols' on input line 57.
LaTeX Font Info:    Overwriting symbol font `largesymbols' in version `normal'
(Font)                  OMX/cmex/m/n --> OMX/cmex/m/n on input line 57.
LaTeX Font Info:    Overwriting symbol font `largesymbols' in version `bold'
(Font)                  OMX/cmex/m/n --> OMX/cmex/m/n on input line 57.
\big@size=\dimen330
)
\c@part=\count280
\c@section=\count281
\c@subsection=\count282
\c@subsubsection=\count283
\c@paragraph=\count284
\c@subparagraph=\count285
\c@figure=\count286
\c@table=\count287
\abovecaptionskip=\skip50
\belowcaptionskip=\skip51
\bibindent=\dimen331
)
(/usr/local/texlive/2022/texmf-dist/tex/latex/geometry/geometry.sty
Package: geometry 2020/01/02 v5.9 Page Geometry

(/usr/local/texlive/2022/texmf-dist/tex/generic/iftex/ifvtex.sty
Package: ifvtex 2019/10/25 v1.7 ifvtex legacy package. Use iftex instead.

(/usr/local/texlive/2022/texmf-dist/tex/generic/iftex/iftex.sty
Package: iftex 2022/02/03 v1.0f TeX engine tests
))
\Gm@cnth=\count288
\Gm@cntv=\count289
\c@Gm@tempcnt=\count290
\Gm@bindingoffset=\dimen332
\Gm@wd@mp=\dimen333
\Gm@odd@mp=\dimen334
\Gm@even@mp=\dimen335
\Gm@layoutwidth=\dimen336
\Gm@layoutheight=\dimen337
\Gm@layouthoffset=\dimen338
\Gm@layoutvoffset=\dimen339
\Gm@dimlist=\toks30
)
(/usr/local/texlive/2022/texmf-dist/tex/latex/a0poster/a0size.sty
File: a0size.sty 2004/01/31 v1.22b a0poster class (GK, MW)
LaTeX Font Info:    Redeclaring symbol font `largesymbols' on input line 229.
LaTeX Font Info:    Overwriting symbol font `largesymbols' in version `normal'
(Font)                  OMX/cmex/m/n --> OMX/cmex/m/n on input line 229.
LaTeX Font Info:    Overwriting symbol font `largesymbols' in version `bold'
(Font)                  OMX/cmex/m/n --> OMX/cmex/m/n on input line 229.
\big@size=\dimen340
)
\pgf@layerbox@backgroundlayer=\box90
\pgf@layerboxsaved@backgroundlayer=\box91
\pgf@layerbox@notelayer=\box92
\pgf@layerboxsaved@notelayer=\box93

(/usr/local/texlive/2022/texmf-dist/tex/latex/tikzposter/tikzposterColorpalette
s.tex)
(/usr/local/texlive/2022/texmf-dist/tex/latex/tikzposter/tikzposterColorstyles.
tex)
(/usr/local/texlive/2022/texmf-dist/tex/latex/tikzposter/tikzposterBackgroundst
yles.tex)
(/usr/local/texlive/2022/texmf-dist/tex/latex/tikzposter/tikzposterTitlestyles.
tex)
(/usr/local/texlive/2022/texmf-dist/tex/latex/tikzposter/tikzposterBlockstyles.
tex)
(/usr/local/texlive/2022/texmf-dist/tex/latex/tikzposter/tikzposterInnerblockst
yles.tex)
(/usr/local/texlive/2022/texmf-dist/tex/latex/tikzposter/tikzposterNotestyles.t
ex)
(/usr/local/texlive/2022/texmf-dist/tex/latex/tikzposter/tikzposterLayoutthemes
.tex)
\c@figurecounter=\count291
) (/usr/local/texlive/2022/texmf-dist/tex/latex/psnfss/helvet.sty
Package: helvet 2020/03/25 PSNFSS-v9.3 (WaS) 
)
(/usr/local/texlive/2022/texmf-dist/tex/latex/base/fontenc.sty
Package: fontenc 2021/04/29 v2.0v Standard LaTeX package
LaTeX Font Info:    Trying to load font information for T1+phv on input line 11
2.

(/usr/local/texlive/2022/texmf-dist/tex/latex/psnfss/t1phv.fd
File: t1phv.fd 2020/03/25 scalable font definitions for T1/phv.
))
(/usr/local/texlive/2022/texmf-dist/tex/latex/braket/braket.sty)
(/usr/local/texlive/2022/texmf-dist/tex/latex/caption/subcaption.sty
Package: subcaption 2022/01/07 v1.5 Sub-captions (AR)

(/usr/local/texlive/2022/texmf-dist/tex/latex/caption/caption.sty
Package: caption 2022/03/01 v3.6b Customizing captions (AR)

(/usr/local/texlive/2022/texmf-dist/tex/latex/caption/caption3.sty
Package: caption3 2022/03/17 v2.3b caption3 kernel (AR)
\caption@tempdima=\dimen341
\captionmargin=\dimen342
\caption@leftmargin=\dimen343
\caption@rightmargin=\dimen344
\caption@width=\dimen345
\caption@indent=\dimen346
\caption@parindent=\dimen347
\caption@hangindent=\dimen348
Package caption Info: Standard document class detected.
)
\c@caption@flags=\count292
\c@continuedfloat=\count293
)
\c@subfigure=\count294
\c@subtable=\count295
)
(/usr/local/texlive/2022/texmf-dist/tex/latex/adjustbox/adjustbox.sty
Package: adjustbox 2020/08/19 v1.3 Adjusting TeX boxes (trim, clip, ...)

(/usr/local/texlive/2022/texmf-dist/tex/latex/adjustbox/adjcalc.sty
Package: adjcalc 2012/05/16 v1.1 Provides advanced setlength with multiple back
-ends (calc, etex, pgfmath)
)
(/usr/local/texlive/2022/texmf-dist/tex/latex/adjustbox/trimclip.sty
Package: trimclip 2020/08/19 v1.2 Trim and clip general TeX material

(/usr/local/texlive/2022/texmf-dist/tex/latex/collectbox/collectbox.sty
Package: collectbox 2012/05/17 v0.4b Collect macro arguments as boxes
\collectedbox=\box94
)
\tc@llx=\dimen349
\tc@lly=\dimen350
\tc@urx=\dimen351
\tc@ury=\dimen352
Package trimclip Info: Using driver 'tc-pdftex.def'.

(/usr/local/texlive/2022/texmf-dist/tex/latex/adjustbox/tc-pdftex.def
File: tc-pdftex.def 2019/01/04 v2.2 Clipping driver for pdftex
))
\adjbox@Width=\dimen353
\adjbox@Height=\dimen354
\adjbox@Depth=\dimen355
\adjbox@Totalheight=\dimen356
\adjbox@pwidth=\dimen357
\adjbox@pheight=\dimen358
\adjbox@pdepth=\dimen359
\adjbox@ptotalheight=\dimen360

(/usr/local/texlive/2022/texmf-dist/tex/latex/ifoddpage/ifoddpage.sty
Package: ifoddpage 2016/04/23 v1.1 Conditionals for odd/even page detection
\c@checkoddpage=\count296
)
(/usr/local/texlive/2022/texmf-dist/tex/latex/varwidth/varwidth.sty
Package: varwidth 2009/03/30 ver 0.92;  Variable-width minipages
\@vwid@box=\box95
\sift@deathcycles=\count297
\@vwid@loff=\dimen361
\@vwid@roff=\dimen362
))
(/usr/local/texlive/2022/texmf-dist/tex/latex/contour/contour.sty
Package: contour 2004/11/18 v2.14 Print contoured text (HH, MH)
\con@length=\skip52

Loading configuration file `contour.cfg'.
(/usr/local/texlive/2022/texmf-dist/tex/latex/contour/contour.cfg
File: contour.cfg 2004/11/18 v2.14 Print contoured text (HH, MH)
)
contour: Using driver file `pdftex.cnt'.
(/usr/local/texlive/2022/texmf-dist/tex/latex/contour/pdftex.cnt
File: pdftex.cnt 2004/11/18 v2.14 Print contoured text (HH, MH)
))
(/usr/local/texlive/2022/texmf-dist/tex/latex/mathtools/mathtools.sty
Package: mathtools 2022/02/07 v1.28a mathematical typesetting tools

(/usr/local/texlive/2022/texmf-dist/tex/latex/mathtools/mhsetup.sty
Package: mhsetup 2021/03/18 v1.4 programming setup (MH)
)
(/usr/local/texlive/2022/texmf-dist/tex/latex/amsmath/amsmath.sty
Package: amsmath 2021/10/15 v2.17l AMS math features
\@mathmargin=\skip53

For additional information on amsmath, use the `?' option.
(/usr/local/texlive/2022/texmf-dist/tex/latex/amsmath/amstext.sty
Package: amstext 2021/08/26 v2.01 AMS text

(/usr/local/texlive/2022/texmf-dist/tex/latex/amsmath/amsgen.sty
File: amsgen.sty 1999/11/30 v2.0 generic functions
\@emptytoks=\toks31
\ex@=\dimen363
))
(/usr/local/texlive/2022/texmf-dist/tex/latex/amsmath/amsbsy.sty
Package: amsbsy 1999/11/29 v1.2d Bold Symbols
\pmbraise@=\dimen364
)
(/usr/local/texlive/2022/texmf-dist/tex/latex/amsmath/amsopn.sty
Package: amsopn 2021/08/26 v2.02 operator names
)
\inf@bad=\count298
LaTeX Info: Redefining \frac on input line 234.
\uproot@=\count299
\leftroot@=\count300
LaTeX Info: Redefining \overline on input line 399.
\classnum@=\count301
\DOTSCASE@=\count302
LaTeX Info: Redefining \ldots on input line 496.
LaTeX Info: Redefining \dots on input line 499.
LaTeX Info: Redefining \cdots on input line 620.
\Mathstrutbox@=\box96
\strutbox@=\box97
\big@size=\dimen365
LaTeX Font Info:    Redeclaring font encoding OML on input line 743.
LaTeX Font Info:    Redeclaring font encoding OMS on input line 744.
\macc@depth=\count303
\c@MaxMatrixCols=\count304
\dotsspace@=\muskip16
\c@parentequation=\count305
\dspbrk@lvl=\count306
\tag@help=\toks32
\row@=\count307
\column@=\count308
\maxfields@=\count309
\andhelp@=\toks33
\eqnshift@=\dimen366
\alignsep@=\dimen367
\tagshift@=\dimen368
\tagwidth@=\dimen369
\totwidth@=\dimen370
\lineht@=\dimen371
\@envbody=\toks34
\multlinegap=\skip54
\multlinetaggap=\skip55
\mathdisplay@stack=\toks35
LaTeX Info: Redefining \[ on input line 2938.
LaTeX Info: Redefining \] on input line 2939.
)
\g_MT_multlinerow_int=\count310
\l_MT_multwidth_dim=\dimen372
\origjot=\skip56
\l_MT_shortvdotswithinadjustabove_dim=\dimen373
\l_MT_shortvdotswithinadjustbelow_dim=\dimen374
\l_MT_above_intertext_sep=\dimen375
\l_MT_below_intertext_sep=\dimen376
\l_MT_above_shortintertext_sep=\dimen377
\l_MT_below_shortintertext_sep=\dimen378
\xmathstrut@box=\box98
\xmathstrut@dim=\dimen379
)
(/usr/local/texlive/2022/texmf-dist/tex/latex/blindtext/blindtext.sty
Package: blindtext 2012/01/06 V2.0 blindtext-Package

(/usr/local/texlive/2022/texmf-dist/tex/latex/tools/xspace.sty
Package: xspace 2014/10/28 v1.13 Space after command names (DPC,MH)
)
\c@blindtext=\count311
\c@Blindtext=\count312
\c@blind@countparstart=\count313
\blind@countxx=\count314
\blindtext@numBlindtext=\count315
\blind@countyy=\count316
\c@blindlist=\count317
\c@blindlistlevel=\count318
\c@blindlist@level=\count319
\blind@listitem=\count320
\c@blind@listcount=\count321
\c@blind@levelcount=\count322
\blind@mathformula=\count323
\blind@Mathformula=\count324
\c@blind@randomcount=\count325
\c@blind@randommax=\count326
\c@blind@pangramcount=\count327
\c@blind@pangrammax=\count328
)
(/usr/local/texlive/2022/texmf-dist/tex/latex/comment/comment.sty
\CommentStream=\write4

Excluding comment 'comment')
(/usr/local/texlive/2022/texmf-dist/tex/latex/l3backend/l3backend-pdftex.def
File: l3backend-pdftex.def 2022-02-07 L3 backend support: PDF output (pdfTeX)
\l__color_backend_stack_int=\count329
\l__pdf_internal_box=\box99
)

LaTeX Warning: Unused global option(s):
    [26pt,paperwidth=36in,paperheight=48in].

(./BEC1_CUA_Retreat_2023.aux)
\openout1 = `BEC1_CUA_Retreat_2023.aux'.

LaTeX Font Info:    Checking defaults for OML/cmm/m/it on input line 99.
LaTeX Font Info:    ... okay on input line 99.
LaTeX Font Info:    Checking defaults for OMS/cmsy/m/n on input line 99.
LaTeX Font Info:    ... okay on input line 99.
LaTeX Font Info:    Checking defaults for OT1/cmr/m/n on input line 99.
LaTeX Font Info:    ... okay on input line 99.
LaTeX Font Info:    Checking defaults for T1/cmr/m/n on input line 99.
LaTeX Font Info:    ... okay on input line 99.
LaTeX Font Info:    Checking defaults for TS1/cmr/m/n on input line 99.
LaTeX Font Info:    ... okay on input line 99.
LaTeX Font Info:    Checking defaults for OMX/cmex/m/n on input line 99.
LaTeX Font Info:    ... okay on input line 99.
LaTeX Font Info:    Checking defaults for U/cmr/m/n on input line 99.
LaTeX Font Info:    ... okay on input line 99.

(/usr/local/texlive/2022/texmf-dist/tex/context/base/mkii/supp-pdf.mkii
[Loading MPS to PDF converter (version 2006.09.02).]
\scratchcounter=\count330
\scratchdimen=\dimen380
\scratchbox=\box100
\nofMPsegments=\count331
\nofMParguments=\count332
\everyMPshowfont=\toks36
\MPscratchCnt=\count333
\MPscratchDim=\dimen381
\MPnumerator=\count334
\makeMPintoPDFobject=\count335
\everyMPtoPDFconversion=\toks37
) (/usr/local/texlive/2022/texmf-dist/tex/latex/epstopdf-pkg/epstopdf-base.sty
Package: epstopdf-base 2020-01-24 v2.11 Base part for package epstopdf
Package epstopdf-base Info: Redefining graphics rule for `.eps' on input line 4
85.

(/usr/local/texlive/2022/texmf-dist/tex/latex/latexconfig/epstopdf-sys.cfg
File: epstopdf-sys.cfg 2010/07/13 v1.3 Configuration of (r)epstopdf for TeX Liv
e
))
*geometry* driver: auto-detecting
*geometry* detected driver: pdftex
*geometry* verbose mode - [ preamble ] result:
* driver: pdftex
* paper: a0paper
* layout: <same size as paper>
* layoutoffset:(h,v)=(0.0pt,0.0pt)
* modes: 
* h-part:(L,W,R)=(0.0pt, 2392.87677pt, 0.0pt)
* v-part:(T,H,B)=(0.0pt, 3383.03267pt, 0.0pt)
* \paperwidth=2392.87677pt
* \paperheight=3383.03267pt
* \textwidth=2392.87677pt
* \textheight=3383.03267pt
* \oddsidemargin=-72.26999pt
* \evensidemargin=-72.26999pt
* \topmargin=-109.26999pt
* \headheight=12.0pt
* \headsep=25.0pt
* \topskip=10.0pt
* \footskip=30.0pt
* \marginparwidth=65.0pt
* \marginparsep=11.0pt
* \columnsep=10.0pt
* \skip\footins=9.0pt plus 4.0pt minus 2.0pt
* \hoffset=0.0pt
* \voffset=0.0pt
* \mag=1000
* \@twocolumnfalse
* \@twosidefalse
* \@mparswitchfalse
* \@reversemarginfalse
* (1in=72.27pt=25.4mm, 1cm=28.453pt)

Package caption Info: Begin \AtBeginDocument code.
Package caption Info: End \AtBeginDocument code.
Missing character: There is no 1 in font nullfont!
Missing character: There is no = in font nullfont!
Missing character: There is no 1 in font nullfont!
<figures/header/cua-logo.pdf, id=31, 876.27374pt x 303.1325pt>
File: figures/header/cua-logo.pdf Graphic file (type pdf)
<use figures/header/cua-logo.pdf>
Package pdftex.def Info: figures/header/cua-logo.pdf  used on input line 101.
(pdftex.def)             Requested size: 336.02716pt x 116.24152pt.
Package epstopdf Info: Source file: <figures/header/mit.eps>
(epstopdf)                    date: 2022-05-26 08:56:48
(epstopdf)                    size: 493702 bytes
(epstopdf)             Output file: <figures/header/mit-eps-converted-to.pdf>
(epstopdf)                    date: 2022-05-26 08:56:48
(epstopdf)                    size: 16344 bytes
(epstopdf)             Command: <repstopdf --outfile=figures/header/mit-eps-con
verted-to.pdf figures/header/mit.eps>
(epstopdf)             \includegraphics on input line 101.
Package epstopdf Info: Output file is already uptodate.
<figures/header/mit-eps-converted-to.pdf, id=32, 181.67876pt x 41.15375pt>
File: figures/header/mit-eps-converted-to.pdf Graphic file (type pdf)
<use figures/header/mit-eps-converted-to.pdf>
Package pdftex.def Info: figures/header/mit-eps-converted-to.pdf  used on input
 line 101.
(pdftex.def)             Requested size: 470.47221pt x 106.58337pt.
File: figures/header/cua-logo.pdf Graphic file (type pdf)
<use figures/header/cua-logo.pdf>
Package pdftex.def Info: figures/header/cua-logo.pdf  used on input line 101.
(pdftex.def)             Requested size: 336.02716pt x 116.24152pt.
Package epstopdf Info: Source file: <figures/header/mit.eps>
(epstopdf)                    date: 2022-05-26 08:56:48
(epstopdf)                    size: 493702 bytes
(epstopdf)             Output file: <figures/header/mit-eps-converted-to.pdf>
(epstopdf)                    date: 2022-05-26 08:56:48
(epstopdf)                    size: 16344 bytes
(epstopdf)             Command: <repstopdf --outfile=figures/header/mit-eps-con
verted-to.pdf figures/header/mit.eps>
(epstopdf)             \includegraphics on input line 101.
Package epstopdf Info: Output file is already uptodate.
File: figures/header/mit-eps-converted-to.pdf Graphic file (type pdf)
<use figures/header/mit-eps-converted-to.pdf>
Package pdftex.def Info: figures/header/mit-eps-converted-to.pdf  used on input
 line 101.
(pdftex.def)             Requested size: 470.47221pt x 106.58337pt.
LaTeX Font Info:    Trying to load font information for TS1+phv on input line 1
68.
(/usr/local/texlive/2022/texmf-dist/tex/latex/psnfss/ts1phv.fd
File: ts1phv.fd 2020/03/25 scalable font definitions for TS1/phv.
)
LaTeX Font Info:    Calculating math sizes for size <26> on input line 168.


LaTeX Font Warning: Font shape `OT1/cmr/m/n' in size <26> not available
(Font)              size <24.88> substituted on input line 168.


LaTeX Font Warning: Font shape `OT1/cmr/m/n' in size <18.19992> not available
(Font)              size <17.28> substituted on input line 168.


LaTeX Font Warning: Font shape `OT1/cmr/m/n' in size <13> not available
(Font)              size <12> substituted on input line 168.


LaTeX Font Warning: Font shape `OML/cmm/m/it' in size <26> not available
(Font)              size <24.88> substituted on input line 168.


LaTeX Font Warning: Font shape `OML/cmm/m/it' in size <18.19992> not available
(Font)              size <17.28> substituted on input line 168.


LaTeX Font Warning: Font shape `OML/cmm/m/it' in size <13> not available
(Font)              size <12> substituted on input line 168.


LaTeX Font Warning: Font shape `OMS/cmsy/m/n' in size <26> not available
(Font)              size <24.88> substituted on input line 168.


LaTeX Font Warning: Font shape `OMS/cmsy/m/n' in size <18.19992> not available
(Font)              size <17.28> substituted on input line 168.


LaTeX Font Warning: Font shape `OMS/cmsy/m/n' in size <13> not available
(Font)              size <12> substituted on input line 168.


LaTeX Font Warning: Font shape `OMX/cmex/m/n' in size <26> not available
(Font)              size <24.88> substituted on input line 168.


LaTeX Font Warning: Font shape `OMX/cmex/m/n' in size <18.19992> not available
(Font)              size <17.28> substituted on input line 168.


LaTeX Font Warning: Font shape `OMX/cmex/m/n' in size <13> not available
(Font)              size <12> substituted on input line 168.


LaTeX Font Warning: Font shape `OMX/cmex/m/n' in size <29.86> not available
(Font)              size <24.88> substituted on input line 168.

<figures/BreitRabiLi6.pdf, id=33, 356.79199pt x 265.45573pt>
File: figures/BreitRabiLi6.pdf Graphic file (type pdf)
<use figures/BreitRabiLi6.pdf>
Package pdftex.def Info: figures/BreitRabiLi6.pdf  used on input line 168.
(pdftex.def)             Requested size: 358.9169pt x 267.04288pt.
Package epstopdf Info: Source file: <figures/Feshbach_Plot_Redone.eps>
(epstopdf)                    date: 2022-05-26 13:41:32
(epstopdf)                    size: 659986 bytes
(epstopdf)             Output file: <figures/Feshbach_Plot_Redone-eps-converted
-to.pdf>
(epstopdf)                    date: 2022-05-26 14:00:36
(epstopdf)                    size: 28333 bytes
(epstopdf)             Command: <repstopdf --outfile=figures/Feshbach_Plot_Redo
ne-eps-converted-to.pdf figures/Feshbach_Plot_Redone.eps>
(epstopdf)             \includegraphics on input line 168.
Package epstopdf Info: Output file is already uptodate.
<figures/Feshbach_Plot_Redone-eps-converted-to.pdf, id=34, 500.87125pt x 336.25
626pt>
File: figures/Feshbach_Plot_Redone-eps-converted-to.pdf Graphic file (type pdf)

<use figures/Feshbach_Plot_Redone-eps-converted-to.pdf>
Package pdftex.def Info: figures/Feshbach_Plot_Redone-eps-converted-to.pdf  use
d on input line 168.
(pdftex.def)             Requested size: 412.75224pt x 277.1121pt.

Overfull \hbox (53.83534pt too wide) in paragraph at lines 168--168
[][] 
 []

<figures/box_cartoon.pdf, id=35, 409.27907pt x 221.91809pt>
File: figures/box_cartoon.pdf Graphic file (type pdf)
<use figures/box_cartoon.pdf>
Package pdftex.def Info: figures/box_cartoon.pdf  used on input line 168.
(pdftex.def)             Requested size: 511.59756pt x 277.39693pt.

Overfull \hbox (152.68066pt too wide) in paragraph at lines 168--168
 [][] 
 []

<figures_retreat/polrot_light_setup.png, id=36, 513.92pt x 662.475pt>
File: figures_retreat/polrot_light_setup.png Graphic file (type png)
<use figures_retreat/polrot_light_setup.png>
Package pdftex.def Info: figures_retreat/polrot_light_setup.png  used on input 
line 254.
(pdftex.def)             Requested size: 287.13461pt x 370.13435pt.
<figures_retreat/pr_box_B.png, id=38, 330.23375pt x 287.0725pt>
File: figures_retreat/pr_box_B.png Graphic file (type png)
<use figures_retreat/pr_box_B.png>
Package pdftex.def Info: figures_retreat/pr_box_B.png  used on input line 254.
(pdftex.def)             Requested size: 215.35233pt x 187.21254pt.
<figures_retreat/pr_box_A.png, id=39, 330.23375pt x 287.0725pt>
File: figures_retreat/pr_box_A.png Graphic file (type png)
<use figures_retreat/pr_box_A.png>
Package pdftex.def Info: figures_retreat/pr_box_A.png  used on input line 254.
(pdftex.def)             Requested size: 215.35233pt x 187.21254pt.
<figures_retreat/polrot_setup.png, id=40, 1167.36125pt x 287.0725pt>
File: figures_retreat/polrot_setup.png Graphic file (type png)
<use figures_retreat/polrot_setup.png>
Package pdftex.def Info: figures_retreat/polrot_setup.png  used on input line 2
54.
(pdftex.def)             Requested size: 837.49406pt x 205.96051pt.
<figures_retreat/box_abs_sound_A.png, id=41, 330.23375pt x 293.095pt>
File: figures_retreat/box_abs_sound_A.png Graphic file (type png)
<use figures_retreat/box_abs_sound_A.png>
Package pdftex.def Info: figures_retreat/box_abs_sound_A.png  used on input lin
e 254.
(pdftex.def)             Requested size: 191.42429pt x 169.90129pt.
<figures_retreat/with_PRI.png, id=42, 559.08875pt x 355.3275pt>
File: figures_retreat/with_PRI.png Graphic file (type png)
<use figures_retreat/with_PRI.png>
Package pdftex.def Info: figures_retreat/with_PRI.png  used on input line 254.
(pdftex.def)             Requested size: 191.42429pt x 121.66096pt.
<figures_retreat/pr_sound_A.png, id=43, 364.36125pt x 320.19624pt>
File: figures_retreat/pr_sound_A.png Graphic file (type png)
<use figures_retreat/pr_sound_A.png>
Package pdftex.def Info: figures_retreat/pr_sound_A.png  used on input line 254
.
(pdftex.def)             Requested size: 191.42429pt x 168.21791pt.

Overfull \hbox (154.7061pt too wide) in paragraph at lines 254--254
[]  [] 
 []

<figures_retreat/rapid_ramp.png, id=44, 970.62625pt x 664.4825pt>
File: figures_retreat/rapid_ramp.png Graphic file (type png)
<use figures_retreat/rapid_ramp.png>
Package pdftex.def Info: figures_retreat/rapid_ramp.png  used on input line 327
.
(pdftex.def)             Requested size: 447.4656pt x 306.33484pt.

Overfull \hbox (75.46397pt too wide) in paragraph at lines 327--327
[]  [] 
 []

<figures_retreat/no_RR_TOF.png, id=45, 592.2125pt x 202.7575pt>
File: figures_retreat/no_RR_TOF.png Graphic file (type png)
<use figures_retreat/no_RR_TOF.png>
Package pdftex.def Info: figures_retreat/no_RR_TOF.png  used on input line 327.

(pdftex.def)             Requested size: 418.76073pt x 143.37718pt.
<figures_retreat/rightarrow.png, id=46, 184.69pt x 170.6375pt>
File: figures_retreat/rightarrow.png Graphic file (type png)
<use figures_retreat/rightarrow.png>
Package pdftex.def Info: figures_retreat/rightarrow.png  used on input line 327
.
(pdftex.def)             Requested size: 119.65114pt x 110.54593pt.
<figures_retreat/RR_TOF.png, id=47, 592.2125pt x 202.7575pt>
File: figures_retreat/RR_TOF.png Graphic file (type png)
<use figures_retreat/RR_TOF.png>
Package pdftex.def Info: figures_retreat/RR_TOF.png  used on input line 327.
(pdftex.def)             Requested size: 418.76073pt x 143.37718pt.

Overfull \hbox (50.42113pt too wide) in paragraph at lines 327--327
[]$[]$ 
 []

<figures_retreat/Imbalance_Scan.pdf, id=48, 462.52798pt x 346.89601pt>
File: figures_retreat/Imbalance_Scan.pdf Graphic file (type pdf)
<use figures_retreat/Imbalance_Scan.pdf>
Package pdftex.def Info: figures_retreat/Imbalance_Scan.pdf  used on input line
 327.
(pdftex.def)             Requested size: 478.56804pt x 358.94247pt.
<figures_retreat/Condensate_Fraction_Evap_Calibration.pdf, id=49, 462.52798pt x
 346.89601pt>
File: figures_retreat/Condensate_Fraction_Evap_Calibration.pdf Graphic file (ty
pe pdf)
<use figures_retreat/Condensate_Fraction_Evap_Calibration.pdf>
Package pdftex.def Info: figures_retreat/Condensate_Fraction_Evap_Calibration.p
df  used on input line 327.
(pdftex.def)             Requested size: 478.56804pt x 358.94247pt.

Overfull \hbox (50.42113pt too wide) in paragraph at lines 327--327
[]$[]$ 
 []

<figures_retreat/Sound_Image.pdf, id=50, 372.9132pt x 248.5164pt>
File: figures_retreat/Sound_Image.pdf Graphic file (type pdf)
<use figures_retreat/Sound_Image.pdf>
Package pdftex.def Info: figures_retreat/Sound_Image.pdf  used on input line 40
0.
(pdftex.def)             Requested size: 267.99693pt x 178.59796pt.
<figures_retreat/No_Sound_Image.pdf, id=51, 372.9132pt x 248.5164pt>
File: figures_retreat/No_Sound_Image.pdf Graphic file (type pdf)
<use figures_retreat/No_Sound_Image.pdf>
Package pdftex.def Info: figures_retreat/No_Sound_Image.pdf  used on input line
 400.
(pdftex.def)             Requested size: 267.99693pt x 178.59796pt.
<figures_retreat/Sound_Subtracted_Image.pdf, id=52, 372.9132pt x 248.5164pt>
File: figures_retreat/Sound_Subtracted_Image.pdf Graphic file (type pdf)
<use figures_retreat/Sound_Subtracted_Image.pdf>
Package pdftex.def Info: figures_retreat/Sound_Subtracted_Image.pdf  used on in
put line 400.
(pdftex.def)             Requested size: 267.99693pt x 178.59796pt.
<figures_retreat/FFLO_phase_diagram.png, id=53, 845.1575pt x 581.17125pt>
File: figures_retreat/FFLO_phase_diagram.png Graphic file (type png)
<use figures_retreat/FFLO_phase_diagram.png>
Package pdftex.def Info: figures_retreat/FFLO_phase_diagram.png  used on input 
line 400.
(pdftex.def)             Requested size: 358.9169pt x 246.81271pt.
<figures_retreat/FFLO.png, id=54, 1058.95625pt x 351.3125pt>
File: figures_retreat/FFLO.png Graphic file (type png)
<use figures_retreat/FFLO.png>
Package pdftex.def Info: figures_retreat/FFLO.png  used on input line 400.
(pdftex.def)             Requested size: 598.21004pt x 198.45976pt.

Overfull \hbox (119.642pt too wide) in paragraph at lines 400--400
[][] 
 []


Overfull \hbox (24.82048pt too wide) in paragraph at lines 403--403
[]\T1/phv/m/n/24.88 [6] 
 []


Package pgf Warning: Returning node center instead of a point on node border. D
id you specify a point identical to the center of node ``notetarget''? on input
 line 403.


Overfull \hbox (24.82048pt too wide) in paragraph at lines 407--407
[]\T1/phv/m/n/24.88 [4] 
 []


Package pgf Warning: Returning node center instead of a point on node border. D
id you specify a point identical to the center of node ``notetarget''? on input
 line 407.


Overfull \hbox (27.28879pt too wide) in paragraph at lines 412--412
[]\T1/phv/m/n/51.6 = 
 []


Package pgf Warning: Returning node center instead of a point on node border. D
id you specify a point identical to the center of node ``notetarget''? on input
 line 412.


Overfull \hbox (14.33716pt too wide) in paragraph at lines 416--416
[]\T1/phv/m/n/51.6 -
 []


Underfull \hbox (badness 10000) in paragraph at lines 416--416

 []


Package pgf Warning: Returning node center instead of a point on node border. D
id you specify a point identical to the center of node ``notetarget''? on input
 line 416.

LaTeX Font Info:    Font shape `T1/phv/m/it' in size <26> not available
(Font)              Font shape `T1/phv/m/sl' tried instead on input line 444.
<Funding Logos/Air_Force_LogoAsset 16.png, id=55, 150.5625pt x 146.5475pt>
File: Funding Logos/Air_Force_LogoAsset 16.png Graphic file (type png)
<use Funding Logos/Air_Force_LogoAsset 16.png>
Package pdftex.def Info: Funding Logos/Air_Force_LogoAsset 16.png  used on inpu
t line 465.
(pdftex.def)             Requested size: 128.62198pt x 125.19194pt.
<Funding Logos/NSF_Logo.png, id=56, 149.55875pt x 150.5625pt>
File: Funding Logos/NSF_Logo.png Graphic file (type png)
<use Funding Logos/NSF_Logo.png>
Package pdftex.def Info: Funding Logos/NSF_Logo.png  used on input line 465.
(pdftex.def)             Requested size: 124.36192pt x 125.19194pt.
<Funding Logos/Office_of_Naval_Research_Official_Logo.png, id=57, 519.8622pt x 
237.0456pt>
File: Funding Logos/Office_of_Naval_Research_Official_Logo.png Graphic file (ty
pe png)
<use Funding Logos/Office_of_Naval_Research_Official_Logo.png>
Package pdftex.def Info: Funding Logos/Office_of_Naval_Research_Official_Logo.p
ng  used on input line 465.
(pdftex.def)             Requested size: 274.55789pt x 125.19194pt.

Overfull \hbox (20.1624pt too wide) in paragraph at lines 465--465
[]$[]$   $[]$
 []

[1

{/usr/local/texlive/2022/texmf-var/fonts/map/pdftex/updmap/pdftex.map} <./figur
es/header/cua-logo.pdf> <./figures/header/mit-eps-converted-to.pdf> <./figures/
BreitRabiLi6.pdf> <./figures/Feshbach_Plot_Redone-eps-converted-to.pdf> <./figu
res/box_cartoon.pdf

pdfTeX warning: /Library/TeX/texbin/pdflatex (file ./figures/box_cartoon.pdf): 
PDF inclusion: multiple pdfs with page group included in a single page
> <./figures_retreat/polrot_light_setup.png> <./figures_retreat/pr_box_B.png> <
./figures_retreat/pr_box_A.png> <./figures_retreat/polrot_setup.png> <./figures
_retreat/box_abs_sound_A.png> <./figures_retreat/with_PRI.png> <./figures_retre
at/pr_sound_A.png> <./figures_retreat/rapid_ramp.png> <./figures_retreat/no_RR_
TOF.png> <./figures_retreat/rightarrow.png> <./figures_retreat/RR_TOF.png> <./f
igures_retreat/Imbalance_Scan.pdf> <./figures_retreat/Condensate_Fraction_Evap_
Calibration.pdf> <./figures_retreat/Sound_Image.pdf> <./figures_retreat/No_Soun
d_Image.pdf> <./figures_retreat/Sound_Subtracted_Image.pdf> <./figures_retreat/
FFLO_phase_diagram.png> <./figures_retreat/FFLO.png> <./Funding Logos/Air_Force
_LogoAsset 16.png> <./Funding Logos/NSF_Logo.png> <./Funding Logos/Office_of_Na
val_Research_Official_Logo.png>] (./BEC1_CUA_Retreat_2023.aux)

LaTeX Font Warning: Size substitutions with differences
(Font)              up to 4.98pt have occurred.

 ) 
Here is how much of TeX's memory you used:
 21695 strings out of 478268
 472096 string characters out of 5846347
 816682 words of memory out of 5000000
 39445 multiletter control sequences out of 15000+600000
 508470 words of font info for 75 fonts, out of 8000000 for 9000
 1141 hyphenation exceptions out of 8191
 115i,15n,131p,512b,1065s stack positions out of 10000i,1000n,20000p,200000b,200000s
{/usr/local/texlive/2022/texmf-dist/fonts/enc/dvips/base/8r.enc}</usr/local/t
exlive/2022/texmf-dist/fonts/type1/public/amsfonts/cm/cmex10.pfb></usr/local/te
xlive/2022/texmf-dist/fonts/type1/public/amsfonts/cm/cmmi12.pfb></usr/local/tex
live/2022/texmf-dist/fonts/type1/public/amsfonts/cm/cmr12.pfb></usr/local/texli
ve/2022/texmf-dist/fonts/type1/public/amsfonts/cm/cmr17.pfb></usr/local/texlive
/2022/texmf-dist/fonts/type1/public/amsfonts/cm/cmsy10.pfb></usr/local/texlive/
2022/texmf-dist/fonts/type1/urw/helvetic/uhvb8a.pfb></usr/local/texlive/2022/te
xmf-dist/fonts/type1/urw/helvetic/uhvr8a.pfb></usr/local/texlive/2022/texmf-dis
t/fonts/type1/urw/helvetic/uhvro8a.pfb>
Output written on BEC1_CUA_Retreat_2023.pdf (1 page, 4954026 bytes).
PDF statistics:
 491 PDF objects out of 1000 (max. 8388607)
 198 compressed objects within 2 object streams
 0 named destinations out of 1000 (max. 500000)
 245 words of extra memory for PDF output out of 10000 (max. 10000000)

