\BOOKMARK [2][-]{section*.1}{Preface}{}% 1
\BOOKMARK [0][-]{chapter.1}{Quantum Information \046 Thermodynamics}{}% 2
\BOOKMARK [1][-]{section.1.1}{Introduction}{chapter.1}% 3
\BOOKMARK [1][-]{section.1.2}{Basic facts of Quantum Mechanics}{chapter.1}% 4
\BOOKMARK [1][-]{section.1.3}{Foundations of Quantum Statistical Mechanics \205 Entanglement \205 Time Evolution}{chapter.1}% 5
\BOOKMARK [2][-]{subsection.1.3.1}{Quantum StatMech in the density matrix formulation}{section.1.3}% 6
\BOOKMARK [2][-]{subsection.1.3.2}{Entanglement}{section.1.3}% 7
\BOOKMARK [2][-]{subsection.1.3.3}{Time evolution}{section.1.3}% 8
\BOOKMARK [1][-]{section.1.4}{Resource Theories and Quantum Information}{chapter.1}% 9
\BOOKMARK [1][-]{section.1.5}{Quantum Thermal Operations}{chapter.1}% 10
\BOOKMARK [1][-]{section.1.6}{Fluctuation Theorems and Quantum Information}{chapter.1}% 11
\BOOKMARK [1][-]{section.1.7}{Quantum Thermal Machines}{chapter.1}% 12
\BOOKMARK [1][-]{section.1.8}{Exercises}{chapter.1}% 13
\BOOKMARK [0][-]{chapter.2}{Numerical Methods \046 Condensed Matter Physics}{}% 14
\BOOKMARK [1][-]{section.2.1}{Introduction}{chapter.2}% 15
\BOOKMARK [1][-]{section.2.2}{L1: The Ising model: Motivation}{chapter.2}% 16
\BOOKMARK [1][-]{section.2.3}{L1: Introduction to many-particle states and operators}{chapter.2}% 17
\BOOKMARK [2][-]{subsection.2.3.1}{Spin 1/2 Systems}{section.2.3}% 18
\BOOKMARK [2][-]{subsection.2.3.2}{Operators on Spin-1/2 Systems}{section.2.3}% 19
\BOOKMARK [1][-]{section.2.4}{L1: The XXZ model}{chapter.2}% 20
\BOOKMARK [1][-]{section.2.5}{L1: Programming basics}{chapter.2}% 21
\BOOKMARK [1][-]{section.2.6}{L1 : Finding expectation values}{chapter.2}% 22
\BOOKMARK [1][-]{section.2.7}{L2: Exact diagonalization part 1}{chapter.2}% 23
\BOOKMARK [1][-]{section.2.8}{L2: Representing models}{chapter.2}% 24
\BOOKMARK [1][-]{section.2.9}{L2: Finding eigenstates}{chapter.2}% 25
\BOOKMARK [1][-]{section.2.10}{L2: Energy gaps}{chapter.2}% 26
\BOOKMARK [1][-]{section.2.11}{L2: Phase transitions}{chapter.2}% 27
\BOOKMARK [1][-]{section.2.12}{L3: Exact diagonalization part 2}{chapter.2}% 28
\BOOKMARK [1][-]{section.2.13}{L3: Limitations of the method}{chapter.2}% 29
\BOOKMARK [1][-]{section.2.14}{L3: Using symmetries}{chapter.2}% 30
\BOOKMARK [1][-]{section.2.15}{L3: Dynamics}{chapter.2}% 31
\BOOKMARK [1][-]{section.2.16}{L4: Matrix product states part 1}{chapter.2}% 32
\BOOKMARK [1][-]{section.2.17}{L4: Entanglement and the singular value decomposition}{chapter.2}% 33
\BOOKMARK [1][-]{section.2.18}{L4: What is a matrix product state and why is it useful}{chapter.2}% 34
\BOOKMARK [1][-]{section.2.19}{L5: Matrix product states part 2}{chapter.2}% 35
\BOOKMARK [1][-]{section.2.20}{L5: Algorithms for finding ground states using matrix product states: iTEBD }{chapter.2}% 36
\BOOKMARK [1][-]{section.2.21}{L5: Algorithms for finding ground states using matrix product states: DMRG}{chapter.2}% 37
\BOOKMARK [0][-]{chapter.3}{Path Integrals}{}% 38
\BOOKMARK [1][-]{section.3.1}{Introduction to path integrals and the semi-classical limit}{chapter.3}% 39
\BOOKMARK [2][-]{subsection.3.1.1}{Motivation \046 Definition}{section.3.1}% 40
\BOOKMARK [2][-]{subsection.3.1.2}{Some properties}{section.3.1}% 41
\BOOKMARK [1][-]{section.3.2}{Propagator in real and imaginary time}{chapter.3}% 42
\BOOKMARK [2][-]{subsection.3.2.1}{Free Path Integrals}{section.3.2}% 43
\BOOKMARK [1][-]{section.3.3}{Perturbation theory}{chapter.3}% 44
\BOOKMARK [1][-]{section.3.4}{Non-perturbative physics and quantum tunneling}{chapter.3}% 45
\BOOKMARK [1][-]{section.3.5}{Topology and path integrals}{chapter.3}% 46
\BOOKMARK [1][-]{section.3.6}{Exercises}{chapter.3}% 47
\BOOKMARK [0][-]{chapter.4}{Symmetries}{}% 48
\BOOKMARK [1][-]{section.4.1}{Review: Equivalence Classes}{chapter.4}% 49
\BOOKMARK [2][-]{subsection.4.1.1}{Equivalence relations}{section.4.1}% 50
\BOOKMARK [2][-]{subsection.4.1.2}{Equivalence Classes}{section.4.1}% 51
\BOOKMARK [1][-]{section.4.2}{L1: Definition of symmetry}{chapter.4}% 52
\BOOKMARK [1][-]{section.4.3}{L1: Elements of group theory}{chapter.4}% 53
\BOOKMARK [1][-]{section.4.4}{L1: Examples: Symmetry \046 Group Theory }{chapter.4}% 54
\BOOKMARK [1][-]{section.4.5}{L2: Continuous and discrete symmetries}{chapter.4}% 55
\BOOKMARK [2][-]{subsection.4.5.1}{Discrete Symmetries}{section.4.5}% 56
\BOOKMARK [2][-]{subsection.4.5.2}{Continuous Symmetries}{section.4.5}% 57
\BOOKMARK [1][-]{section.4.6}{L2: Infinitesimal symmetries}{chapter.4}% 58
\BOOKMARK [1][-]{section.4.7}{L2: Noether's theorem}{chapter.4}% 59
\BOOKMARK [1][-]{section.4.8}{L3: Lie groups and Lie algebras}{chapter.4}% 60
\BOOKMARK [1][-]{section.4.9}{L4: Symmetries in quantum mechanics}{chapter.4}% 61
\BOOKMARK [1][-]{section.4.10}{L5: Representation theory}{chapter.4}% 62
\BOOKMARK [1][-]{section.4.11}{Exercises}{chapter.4}% 63
\BOOKMARK [0][-]{chapter.5}{Research Project: Quantum Simulation}{}% 64
\BOOKMARK [1][-]{section.5.1}{Review: The density operator}{chapter.5}% 65
\BOOKMARK [2][-]{subsection.5.1.1}{Ensembles of Quantum States}{section.5.1}% 66
\BOOKMARK [2][-]{subsection.5.1.2}{General Properties of the Density Operator}{section.5.1}% 67
\BOOKMARK [2][-]{subsection.5.1.3}{The Reduced Density Operator}{section.5.1}% 68
\BOOKMARK [1][-]{section.5.2}{Quantum Computational Complexity: An Introduction}{chapter.5}% 69
\BOOKMARK [2][-]{subsection.5.2.1}{Introduction}{section.5.2}% 70
\BOOKMARK [1][-]{section.5.3}{Quantum Simulation: A Primer}{chapter.5}% 71
\BOOKMARK [2][-]{subsection.5.3.1}{Simulation in action}{section.5.3}% 72
\BOOKMARK [2][-]{subsection.5.3.2}{The quantum simulation algorithm}{section.5.3}% 73
\BOOKMARK [2][-]{subsection.5.3.3}{The algorithm}{section.5.3}% 74
\BOOKMARK [2][-]{subsection.5.3.4}{An illustrative example}{section.5.3}% 75
\BOOKMARK [2][-]{subsection.5.3.5}{Perspectives on quantum simulation}{section.5.3}% 76
\BOOKMARK [1][-]{section.5.4}{Problems in Quantum Simulations and Quantum Algorithms}{chapter.5}% 77
\BOOKMARK [2][-]{subsection.5.4.1}{Quantum Simulation: An Overview}{section.5.4}% 78
\BOOKMARK [2][-]{subsection.5.4.2}{Simulation challenges in molecular and materials science }{section.5.4}% 79
\BOOKMARK [2][-]{subsection.5.4.3}{Challenges for quantum algorithms in quantum simulation}{section.5.4}% 80
\BOOKMARK [1][-]{section.5.5}{Quantum Phase Estimation \(QPE\)}{chapter.5}% 81
\BOOKMARK [2][-]{subsection.5.5.1}{Performance and Requirements}{section.5.5}% 82
\BOOKMARK [2][-]{subsection.5.5.2}{The algorithm}{section.5.5}% 83
\BOOKMARK [1][-]{section.5.6}{Quantum Variational Eigensolver \(QVE\)}{chapter.5}% 84
\BOOKMARK [2][-]{subsection.5.6.1}{Quantum Expectation Estimation \(QEE\)}{section.5.6}% 85
\BOOKMARK [2][-]{subsection.5.6.2}{Quantum Variational Eigensolver \(QVE\)}{section.5.6}% 86
\BOOKMARK [1][-]{section.5.7}{Some Models in Quantum Statistical \046 Condensed-Matter Physics}{chapter.5}% 87
\BOOKMARK [2][-]{subsection.5.7.1}{The Ising Model}{section.5.7}% 88
\BOOKMARK [2][-]{subsection.5.7.2}{Transverse-field Ising model}{section.5.7}% 89
\BOOKMARK [2][-]{subsection.5.7.3}{The Hubbard Model}{section.5.7}% 90
\BOOKMARK [2][-]{subsection.5.7.4}{The Kitaev's Toric model}{section.5.7}% 91
\BOOKMARK [1][-]{section.5.8}{Locality in Quantum Systems}{chapter.5}% 92
\BOOKMARK [2][-]{subsection.5.8.1}{Introduction \046 Notation}{section.5.8}% 93
\BOOKMARK [2][-]{subsection.5.8.2}{Locality \046 The Lieb-Robinson bounds}{section.5.8}% 94
\BOOKMARK [1][-]{section.5.9}{Quantum Approximate Optimization Algorithm \(QAOA\)}{chapter.5}% 95
\BOOKMARK [1][-]{section.5.10}{Quantum Variational Factorization \(QVF\)}{chapter.5}% 96
\BOOKMARK [1][-]{section.5.11}{Variational Thermal Quantum Simulation via Thermofield Double States}{chapter.5}% 97
\BOOKMARK [2][-]{subsection.5.11.1}{Thermofield Double States \(TFD\)}{section.5.11}% 98
\BOOKMARK [1][-]{section.5.12}{Generation of TFD and Critical Ground States with a Quantum Computer }{chapter.5}% 99
\BOOKMARK [1][-]{section.5.13}{Efficient variational simulation of non-trivial quantum states}{chapter.5}% 100
\BOOKMARK [2][-]{subsection.5.13.1}{Introduction}{section.5.13}% 101
\BOOKMARK [2][-]{subsection.5.13.2}{Non-trivial quantum states}{section.5.13}% 102
\BOOKMARK [2][-]{subsection.5.13.3}{Variational Quantum-Classical Simulation \(VQCS\)}{section.5.13}% 103
\BOOKMARK [2][-]{subsection.5.13.4}{Using VQCS to prepare nontrivial quantum states}{section.5.13}% 104
\BOOKMARK [1][-]{section.5.14}{Measurement-based quantum computing: Briegel et al}{chapter.5}% 105
\BOOKMARK [1][-]{section.5.15}{Mesurement-based quantum computing: Jozsa}{chapter.5}% 106
