This is pdfTeX, Version 3.14159265-2.6-1.40.18 (MiKTeX 2.9.6500 64-bit) (preloaded format=pdflatex 2018.2.27)  31 MAY 2020 01:42
entering extended mode
**./HuanBui_Perimeter.tex
(HuanBui_Perimeter.tex
LaTeX2e <2017-04-15>
Babel <3.15> and hyphenation patterns for 76 language(s) loaded.
("C:\Program Files\MiKTeX 2.9\tex\latex\base\book.cls"
Document Class: book 2014/09/29 v1.4h Standard LaTeX document class
("C:\Program Files\MiKTeX 2.9\tex\latex\base\bk10.clo"
File: bk10.clo 2014/09/29 v1.4h Standard LaTeX file (size option)
)
\c@part=\count79
\c@chapter=\count80
\c@section=\count81
\c@subsection=\count82
\c@subsubsection=\count83
\c@paragraph=\count84
\c@subparagraph=\count85
\c@figure=\count86
\c@table=\count87
\abovecaptionskip=\skip41
\belowcaptionskip=\skip42
\bibindent=\dimen102
)
("C:\Program Files\MiKTeX 2.9\tex\latex\physics\physics.sty"
Package: physics 

("C:\Program Files\MiKTeX 2.9\tex\latex\l3packages\xparse\xparse.sty"
("C:\Program Files\MiKTeX 2.9\tex\latex\l3kernel\expl3.sty"
Package: expl3 2017/12/05 L3 programming layer (loader) 

("C:\Program Files\MiKTeX 2.9\tex\latex\l3kernel\expl3-code.tex"
Package: expl3 2017/12/05 L3 programming layer (code)
\c_max_int=\count88
\l_tmpa_int=\count89
\l_tmpb_int=\count90
\g_tmpa_int=\count91
\g_tmpb_int=\count92
\g__intarray_font_int=\count93
\g__prg_map_int=\count94
\c_log_iow=\count95
\l_iow_line_count_int=\count96
\l__iow_line_target_int=\count97
\l__iow_one_indent_int=\count98
\l__iow_indent_int=\count99
\c_zero_dim=\dimen103
\c_max_dim=\dimen104
\l_tmpa_dim=\dimen105
\l_tmpb_dim=\dimen106
\g_tmpa_dim=\dimen107
\g_tmpb_dim=\dimen108
\c_zero_skip=\skip43
\c_max_skip=\skip44
\l_tmpa_skip=\skip45
\l_tmpb_skip=\skip46
\g_tmpa_skip=\skip47
\g_tmpb_skip=\skip48
\c_zero_muskip=\muskip10
\c_max_muskip=\muskip11
\l_tmpa_muskip=\muskip12
\l_tmpb_muskip=\muskip13
\g_tmpa_muskip=\muskip14
\g_tmpb_muskip=\muskip15
\l_keys_choice_int=\count100
\c__fp_leading_shift_int=\count101
\c__fp_middle_shift_int=\count102
\c__fp_trailing_shift_int=\count103
\c__fp_big_leading_shift_int=\count104
\c__fp_big_middle_shift_int=\count105
\c__fp_big_trailing_shift_int=\count106
\c__fp_Bigg_leading_shift_int=\count107
\c__fp_Bigg_middle_shift_int=\count108
\c__fp_Bigg_trailing_shift_int=\count109
\c__fp_rand_size_int=\count110
\c__fp_rand_four_int=\count111
\c__fp_rand_eight_int=\count112
\l__sort_length_int=\count113
\l__sort_min_int=\count114
\l__sort_top_int=\count115
\l__sort_max_int=\count116
\l__sort_true_max_int=\count117
\l__sort_block_int=\count118
\l__sort_begin_int=\count119
\l__sort_end_int=\count120
\l__sort_A_int=\count121
\l__sort_B_int=\count122
\l__sort_C_int=\count123
\l__tl_build_start_index_int=\count124
\l__tl_build_index_int=\count125
\l__tl_analysis_normal_int=\count126
\l__tl_analysis_index_int=\count127
\l__tl_analysis_nesting_int=\count128
\l__tl_analysis_type_int=\count129
\l__regex_internal_a_int=\count130
\l__regex_internal_b_int=\count131
\l__regex_internal_c_int=\count132
\l__regex_balance_int=\count133
\l__regex_group_level_int=\count134
\l__regex_mode_int=\count135
\c__regex_cs_in_class_mode_int=\count136
\c__regex_cs_mode_int=\count137
\l__regex_catcodes_int=\count138
\l__regex_default_catcodes_int=\count139
\c__regex_catcode_D_int=\count140
\c__regex_catcode_S_int=\count141
\c__regex_catcode_L_int=\count142
\c__regex_catcode_O_int=\count143
\c__regex_catcode_A_int=\count144
\c__regex_all_catcodes_int=\count145
\l__regex_show_lines_int=\count146
\l__regex_min_state_int=\count147
\l__regex_max_state_int=\count148
\l__regex_left_state_int=\count149
\l__regex_right_state_int=\count150
\l__regex_capturing_group_int=\count151
\l__regex_min_pos_int=\count152
\l__regex_max_pos_int=\count153
\l__regex_curr_pos_int=\count154
\l__regex_start_pos_int=\count155
\l__regex_success_pos_int=\count156
\l__regex_curr_char_int=\count157
\l__regex_curr_catcode_int=\count158
\l__regex_last_char_int=\count159
\l__regex_case_changed_char_int=\count160
\l__regex_curr_state_int=\count161
\l__regex_step_int=\count162
\l__regex_min_active_int=\count163
\l__regex_max_active_int=\count164
\l__regex_replacement_csnames_int=\count165
\l__regex_match_count_int=\count166
\l__regex_min_submatch_int=\count167
\l__regex_submatch_int=\count168
\l__regex_zeroth_submatch_int=\count169
\g__debug_trace_regex_int=\count170
\c_empty_box=\box26
\l_tmpa_box=\box27
\l_tmpb_box=\box28
\g_tmpa_box=\box29
\g_tmpb_box=\box30
\l__box_top_dim=\dimen109
\l__box_bottom_dim=\dimen110
\l__box_left_dim=\dimen111
\l__box_right_dim=\dimen112
\l__box_top_new_dim=\dimen113
\l__box_bottom_new_dim=\dimen114
\l__box_left_new_dim=\dimen115
\l__box_right_new_dim=\dimen116
\l__box_internal_box=\box31
\l__coffin_internal_box=\box32
\l__coffin_internal_dim=\dimen117
\l__coffin_offset_x_dim=\dimen118
\l__coffin_offset_y_dim=\dimen119
\l__coffin_x_dim=\dimen120
\l__coffin_y_dim=\dimen121
\l__coffin_x_prime_dim=\dimen122
\l__coffin_y_prime_dim=\dimen123
\c_empty_coffin=\box33
\l__coffin_aligned_coffin=\box34
\l__coffin_aligned_internal_coffin=\box35
\l_tmpa_coffin=\box36
\l_tmpb_coffin=\box37
\l__coffin_display_coffin=\box38
\l__coffin_display_coord_coffin=\box39
\l__coffin_display_pole_coffin=\box40
\l__coffin_display_offset_dim=\dimen124
\l__coffin_display_x_dim=\dimen125
\l__coffin_display_y_dim=\dimen126
\l__coffin_bounding_shift_dim=\dimen127
\l__coffin_left_corner_dim=\dimen128
\l__coffin_right_corner_dim=\dimen129
\l__coffin_bottom_corner_dim=\dimen130
\l__coffin_top_corner_dim=\dimen131
\l__coffin_scaled_total_height_dim=\dimen132
\l__coffin_scaled_width_dim=\dimen133
)
("C:\Program Files\MiKTeX 2.9\tex\latex\l3kernel\l3pdfmode.def"
File: l3pdfmode.def 2017/03/18 v L3 Experimental driver: PDF mode
\l__driver_color_stack_int=\count171
\l__driver_tmp_box=\box41
))
Package: xparse 2017/12/05 L3 Experimental document command parser
\l__xparse_current_arg_int=\count172
\g__xparse_grabber_int=\count173
\l__xparse_m_args_int=\count174
\l__xparse_mandatory_args_int=\count175
\l__xparse_v_nesting_int=\count176
)
("C:\Program Files\MiKTeX 2.9\tex\latex\amsmath\amsmath.sty"
Package: amsmath 2017/09/02 v2.17a AMS math features
\@mathmargin=\skip49

For additional information on amsmath, use the `?' option.
("C:\Program Files\MiKTeX 2.9\tex\latex\amsmath\amstext.sty"
Package: amstext 2000/06/29 v2.01 AMS text

("C:\Program Files\MiKTeX 2.9\tex\latex\amsmath\amsgen.sty"
File: amsgen.sty 1999/11/30 v2.0 generic functions
\@emptytoks=\toks14
\ex@=\dimen134
))
("C:\Program Files\MiKTeX 2.9\tex\latex\amsmath\amsbsy.sty"
Package: amsbsy 1999/11/29 v1.2d Bold Symbols
\pmbraise@=\dimen135
)
("C:\Program Files\MiKTeX 2.9\tex\latex\amsmath\amsopn.sty"
Package: amsopn 2016/03/08 v2.02 operator names
)
\inf@bad=\count177
LaTeX Info: Redefining \frac on input line 213.
\uproot@=\count178
\leftroot@=\count179
LaTeX Info: Redefining \overline on input line 375.
\classnum@=\count180
\DOTSCASE@=\count181
LaTeX Info: Redefining \ldots on input line 472.
LaTeX Info: Redefining \dots on input line 475.
LaTeX Info: Redefining \cdots on input line 596.
\Mathstrutbox@=\box42
\strutbox@=\box43
\big@size=\dimen136
LaTeX Font Info:    Redeclaring font encoding OML on input line 712.
LaTeX Font Info:    Redeclaring font encoding OMS on input line 713.
\macc@depth=\count182
\c@MaxMatrixCols=\count183
\dotsspace@=\muskip16
\c@parentequation=\count184
\dspbrk@lvl=\count185
\tag@help=\toks15
\row@=\count186
\column@=\count187
\maxfields@=\count188
\andhelp@=\toks16
\eqnshift@=\dimen137
\alignsep@=\dimen138
\tagshift@=\dimen139
\tagwidth@=\dimen140
\totwidth@=\dimen141
\lineht@=\dimen142
\@envbody=\toks17
\multlinegap=\skip50
\multlinetaggap=\skip51
\mathdisplay@stack=\toks18
LaTeX Info: Redefining \[ on input line 2817.
LaTeX Info: Redefining \] on input line 2818.
)
.................................................
. LaTeX info: "xparse/define-command"
. 
. Defining command \vnabla with sig. '' on line 25.
.................................................
.................................................
. LaTeX info: "xparse/define-command"
. 
. Defining command \varE with sig. '' on line 29.
.................................................
.................................................
. LaTeX info: "xparse/define-command"
. 
. Defining command \ordersymbol with sig. '' on line 30.
.................................................
.................................................
. LaTeX info: "xparse/define-command"
. 
. Defining command \lparen with sig. '' on line 31.
.................................................
.................................................
. LaTeX info: "xparse/define-command"
. 
. Defining command \rparen with sig. '' on line 32.
.................................................
.................................................
. LaTeX info: "xparse/define-command"
. 
. Defining command \quantity with sig. '' on line 35.
.................................................
.................................................
. LaTeX info: "xparse/define-command"
. 
. Defining command \@quantity with sig. ' t\big t\Big t\bigg t\Bigg g o d()
. d|| ' on line 62.
.................................................

*************************************************
* LaTeX warning: "xparse/not-single-char"
* 
* Argument delimiter '\big ' for the command '\@quantity' should be a single
* character.
*************************************************
*************************************************
* LaTeX warning: "xparse/not-single-char"
* 
* Argument delimiter '\Big ' for the command '\@quantity' should be a single
* character.
*************************************************
*************************************************
* LaTeX warning: "xparse/not-single-char"
* 
* Argument delimiter '\bigg ' for the command '\@quantity' should be a single
* character.
*************************************************
*************************************************
* LaTeX warning: "xparse/not-single-char"
* 
* Argument delimiter '\Bigg ' for the command '\@quantity' should be a single
* character.
*************************************************
.................................................
. LaTeX info: "xparse/define-command"
. 
. Defining command \qty with sig. '' on line 63.
.................................................
.................................................
. LaTeX info: "xparse/define-command"
. 
. Defining command \pqty with sig. ' l m ' on line 64.
.................................................
.................................................
. LaTeX info: "xparse/define-command"
. 
. Defining command \bqty with sig. ' l m ' on line 65.
.................................................
.................................................
. LaTeX info: "xparse/define-command"
. 
. Defining command \Bqty with sig. ' l m ' on line 66.
.................................................
.................................................
. LaTeX info: "xparse/define-command"
. 
. Defining command \vqty with sig. ' l m ' on line 67.
.................................................
.................................................
. LaTeX info: "xparse/define-command"
. 
. Defining command \pmqty with sig. 'm' on line 70.
.................................................
.................................................
. LaTeX info: "xparse/define-command"
. 
. Defining command \Pmqty with sig. 'm' on line 71.
.................................................
.................................................
. LaTeX info: "xparse/define-command"
. 
. Defining command \bmqty with sig. 'm' on line 72.
.................................................
.................................................
. LaTeX info: "xparse/define-command"
. 
. Defining command \vmqty with sig. 'm' on line 73.
.................................................
.................................................
. LaTeX info: "xparse/define-command"
. 
. Defining command \matrixquantity with sig. '' on line 74.
.................................................
.................................................
. LaTeX info: "xparse/define-command"
. 
. Defining command \@matrixquantity with sig. ' s g o d() d|| ' on line 100.
.................................................
.................................................
. LaTeX info: "xparse/define-command"
. 
. Defining command \mqty with sig. '' on line 101.
.................................................
.................................................
. LaTeX info: "xparse/define-command"
. 
. Defining command \matrixdeterminant with sig. 'm' on line 102.
.................................................
.................................................
. LaTeX info: "xparse/define-command"
. 
. Defining command \mdet with sig. '' on line 103.
.................................................
.................................................
. LaTeX info: "xparse/define-command"
. 
. Defining command \spmqty with sig. 'm' on line 105.
.................................................
.................................................
. LaTeX info: "xparse/define-command"
. 
. Defining command \sPmqty with sig. 'm' on line 106.
.................................................
.................................................
. LaTeX info: "xparse/define-command"
. 
. Defining command \sbmqty with sig. 'm' on line 107.
.................................................
.................................................
. LaTeX info: "xparse/define-command"
. 
. Defining command \svmqty with sig. 'm' on line 108.
.................................................
.................................................
. LaTeX info: "xparse/define-command"
. 
. Defining command \smallmatrixquantity with sig. ' s g o d() d|| ' on line
. 133.
.................................................
.................................................
. LaTeX info: "xparse/define-command"
. 
. Defining command \smqty with sig. '' on line 134.
.................................................
.................................................
. LaTeX info: "xparse/define-command"
. 
. Defining command \smallmatrixdeterminant with sig. 'm' on line 135.
.................................................
.................................................
. LaTeX info: "xparse/define-command"
. 
. Defining command \smdet with sig. '' on line 136.
.................................................
.................................................
. LaTeX info: "xparse/define-command"
. 
. Defining command \argopen with sig. 's' on line 138.
.................................................
.................................................
. LaTeX info: "xparse/define-command"
. 
. Defining command \argclose with sig. 's' on line 139.
.................................................
.................................................
. LaTeX info: "xparse/define-command"
. 
. Defining command \braces with sig. '' on line 141.
.................................................
.................................................
. LaTeX info: "xparse/define-command"
. 
. Defining command \@braces with sig. ' s t\big t\Big t\bigg t\Bigg m m m ' on
. line 156.
.................................................
*************************************************
* LaTeX warning: "xparse/not-single-char"
* 
* Argument delimiter '\big ' for the command '\@braces' should be a single
* character.
*************************************************
*************************************************
* LaTeX warning: "xparse/not-single-char"
* 
* Argument delimiter '\Big ' for the command '\@braces' should be a single
* character.
*************************************************
*************************************************
* LaTeX warning: "xparse/not-single-char"
* 
* Argument delimiter '\bigg ' for the command '\@braces' should be a single
* character.
*************************************************
*************************************************
* LaTeX warning: "xparse/not-single-char"
* 
* Argument delimiter '\Bigg ' for the command '\@braces' should be a single
* character.
*************************************************
.................................................
. LaTeX info: "xparse/define-command"
. 
. Defining command \fbraces with sig. ' s t\big t\Big t\bigg t\Bigg m m m m '
. on line 174.
.................................................
*************************************************
* LaTeX warning: "xparse/not-single-char"
* 
* Argument delimiter '\big ' for the command '\fbraces' should be a single
* character.
*************************************************
*************************************************
* LaTeX warning: "xparse/not-single-char"
* 
* Argument delimiter '\Big ' for the command '\fbraces' should be a single
* character.
*************************************************
*************************************************
* LaTeX warning: "xparse/not-single-char"
* 
* Argument delimiter '\bigg ' for the command '\fbraces' should be a single
* character.
*************************************************
*************************************************
* LaTeX warning: "xparse/not-single-char"
* 
* Argument delimiter '\Bigg ' for the command '\fbraces' should be a single
* character.
*************************************************
.................................................
. LaTeX info: "xparse/define-command"
. 
. Defining command \absolutevalue with sig. ' l m ' on line 176.
.................................................
.................................................
. LaTeX info: "xparse/define-command"
. 
. Defining command \abs with sig. '' on line 177.
.................................................
.................................................
. LaTeX info: "xparse/define-command"
. 
. Defining command \norm with sig. ' l m ' on line 178.
.................................................
.................................................
. LaTeX info: "xparse/define-command"
. 
. Defining command \order with sig. ' l m ' on line 179.
.................................................
.................................................
. LaTeX info: "xparse/define-command"
. 
. Defining command \evaluated with sig. ' s g d[| d(| ' on line 194.
.................................................
.................................................
. LaTeX info: "xparse/define-command"
. 
. Defining command \eval with sig. '' on line 195.
.................................................
.................................................
. LaTeX info: "xparse/define-command"
. 
. Defining command \poissonbracket with sig. ' l m m ' on line 197.
.................................................
.................................................
. LaTeX info: "xparse/define-command"
. 
. Defining command \pb with sig. '' on line 198.
.................................................
.................................................
. LaTeX info: "xparse/define-command"
. 
. Defining command \commutator with sig. ' l m m ' on line 201.
.................................................
.................................................
. LaTeX info: "xparse/define-command"
. 
. Defining command \comm with sig. '' on line 202.
.................................................
.................................................
. LaTeX info: "xparse/define-command"
. 
. Defining command \anticommutator with sig. ' l m m ' on line 203.
.................................................
.................................................
. LaTeX info: "xparse/define-command"
. 
. Defining command \acommutator with sig. '' on line 204.
.................................................
.................................................
. LaTeX info: "xparse/define-command"
. 
. Defining command \acomm with sig. '' on line 205.
.................................................
.................................................
. LaTeX info: "xparse/define-command"
. 
. Defining command \vectorbold with sig. ' s m ' on line 208.
.................................................
.................................................
. LaTeX info: "xparse/define-command"
. 
. Defining command \vb with sig. '' on line 209.
.................................................
.................................................
. LaTeX info: "xparse/define-command"
. 
. Defining command \vectorarrow with sig. ' s m ' on line 211.
.................................................
.................................................
. LaTeX info: "xparse/define-command"
. 
. Defining command \va with sig. '' on line 212.
.................................................
.................................................
. LaTeX info: "xparse/define-command"
. 
. Defining command \vectorunit with sig. ' s m ' on line 214.
.................................................
.................................................
. LaTeX info: "xparse/define-command"
. 
. Defining command \vu with sig. '' on line 215.
.................................................
.................................................
. LaTeX info: "xparse/define-command"
. 
. Defining command \dotproduct with sig. '' on line 217.
.................................................
.................................................
. LaTeX info: "xparse/define-command"
. 
. Defining command \vdot with sig. '' on line 218.
.................................................
.................................................
. LaTeX info: "xparse/define-command"
. 
. Defining command \crossproduct with sig. '' on line 220.
.................................................
.................................................
. LaTeX info: "xparse/define-command"
. 
. Defining command \cross with sig. '' on line 221.
.................................................
.................................................
. LaTeX info: "xparse/define-command"
. 
. Defining command \cp with sig. '' on line 222.
.................................................
.................................................
. LaTeX info: "xparse/define-command"
. 
. Defining command \gradient with sig. ' g o d() ' on line 232.
.................................................
.................................................
. LaTeX info: "xparse/define-command"
. 
. Defining command \grad with sig. '' on line 233.
.................................................
.................................................
. LaTeX info: "xparse/define-command"
. 
. Defining command \divergence with sig. ' g o d() ' on line 243.
.................................................
.................................................
. LaTeX info: "xparse/define-command"
. 
. Defining command \div with sig. '' on line 246.
.................................................
.................................................
. LaTeX info: "xparse/define-command"
. 
. Defining command \curl with sig. ' g o d() ' on line 256.
.................................................
.................................................
. LaTeX info: "xparse/define-command"
. 
. Defining command \laplacian with sig. ' g o d() ' on line 266.
.................................................
.................................................
. LaTeX info: "xparse/define-command"
. 
. Defining command \principalvalue with sig. 'g' on line 274.
.................................................
.................................................
. LaTeX info: "xparse/define-command"
. 
. Defining command \pv with sig. '' on line 275.
.................................................
.................................................
. LaTeX info: "xparse/define-command"
. 
. Defining command \PV with sig. 'g' on line 276.
.................................................
.................................................
. LaTeX info: "xparse/redefine-command"
. 
. Redefining command \Re with sig. 'g' on line 277.
.................................................
.................................................
. LaTeX info: "xparse/redefine-command"
. 
. Redefining command \Im with sig. 'g' on line 278.
.................................................
.................................................
. LaTeX info: "xparse/define-command"
. 
. Defining command \opbraces with sig. ' m g o d() ' on line 299.
.................................................
.................................................
. LaTeX info: "xparse/define-command"
. 
. Defining command \trigbraces with sig. ' m o d() ' on line 305.
.................................................
.................................................
. LaTeX info: "xparse/redefine-command"
. 
. Redefining command \sin with sig. '' on line 309.
.................................................
.................................................
. LaTeX info: "xparse/redefine-command"
. 
. Redefining command \cos with sig. '' on line 310.
.................................................
.................................................
. LaTeX info: "xparse/redefine-command"
. 
. Redefining command \tan with sig. '' on line 311.
.................................................
.................................................
. LaTeX info: "xparse/redefine-command"
. 
. Redefining command \csc with sig. '' on line 312.
.................................................
.................................................
. LaTeX info: "xparse/redefine-command"
. 
. Redefining command \sec with sig. '' on line 313.
.................................................
.................................................
. LaTeX info: "xparse/redefine-command"
. 
. Redefining command \cot with sig. '' on line 314.
.................................................
.................................................
. LaTeX info: "xparse/redefine-command"
. 
. Redefining command \arcsin with sig. '' on line 316.
.................................................
.................................................
. LaTeX info: "xparse/redefine-command"
. 
. Redefining command \arccos with sig. '' on line 317.
.................................................
.................................................
. LaTeX info: "xparse/redefine-command"
. 
. Redefining command \arctan with sig. '' on line 318.
.................................................
.................................................
. LaTeX info: "xparse/define-command"
. 
. Defining command \arccsc with sig. '' on line 320.
.................................................
.................................................
. LaTeX info: "xparse/define-command"
. 
. Defining command \arcsec with sig. '' on line 322.
.................................................
.................................................
. LaTeX info: "xparse/define-command"
. 
. Defining command \arccot with sig. '' on line 324.
.................................................
.................................................
. LaTeX info: "xparse/define-command"
. 
. Defining command \asin with sig. '' on line 327.
.................................................
.................................................
. LaTeX info: "xparse/define-command"
. 
. Defining command \acos with sig. '' on line 329.
.................................................
.................................................
. LaTeX info: "xparse/define-command"
. 
. Defining command \atan with sig. '' on line 331.
.................................................
.................................................
. LaTeX info: "xparse/define-command"
. 
. Defining command \acsc with sig. '' on line 333.
.................................................
.................................................
. LaTeX info: "xparse/define-command"
. 
. Defining command \asec with sig. '' on line 335.
.................................................
.................................................
. LaTeX info: "xparse/define-command"
. 
. Defining command \acot with sig. '' on line 337.
.................................................
.................................................
. LaTeX info: "xparse/redefine-command"
. 
. Redefining command \sinh with sig. '' on line 339.
.................................................
.................................................
. LaTeX info: "xparse/redefine-command"
. 
. Redefining command \cosh with sig. '' on line 340.
.................................................
.................................................
. LaTeX info: "xparse/redefine-command"
. 
. Redefining command \tanh with sig. '' on line 341.
.................................................
.................................................
. LaTeX info: "xparse/define-command"
. 
. Defining command \csch with sig. '' on line 343.
.................................................
.................................................
. LaTeX info: "xparse/define-command"
. 
. Defining command \sech with sig. '' on line 345.
.................................................
.................................................
. LaTeX info: "xparse/redefine-command"
. 
. Redefining command \coth with sig. '' on line 346.
.................................................
.................................................
. LaTeX info: "xparse/redefine-command"
. 
. Redefining command \exp with sig. '' on line 348.
.................................................
.................................................
. LaTeX info: "xparse/redefine-command"
. 
. Redefining command \log with sig. '' on line 349.
.................................................
.................................................
. LaTeX info: "xparse/redefine-command"
. 
. Redefining command \ln with sig. '' on line 350.
.................................................
.................................................
. LaTeX info: "xparse/redefine-command"
. 
. Redefining command \det with sig. '' on line 351.
.................................................
.................................................
. LaTeX info: "xparse/redefine-command"
. 
. Redefining command \Pr with sig. '' on line 352.
.................................................
.................................................
. LaTeX info: "xparse/define-command"
. 
. Defining command \tr with sig. '' on line 353.
.................................................
.................................................
. LaTeX info: "xparse/define-command"
. 
. Defining command \Tr with sig. '' on line 354.
.................................................
.................................................
. LaTeX info: "xparse/define-command"
. 
. Defining command \Res with sig. '' on line 355.
.................................................
.................................................
. LaTeX info: "xparse/define-command"
. 
. Defining command \qqtext with sig. ' s m ' on line 377.
.................................................
.................................................
. LaTeX info: "xparse/define-command"
. 
. Defining command \qq with sig. '' on line 378.
.................................................
.................................................
. LaTeX info: "xparse/define-command"
. 
. Defining command \qcomma with sig. '' on line 380.
.................................................
.................................................
. LaTeX info: "xparse/define-command"
. 
. Defining command \qc with sig. '' on line 381.
.................................................
.................................................
. LaTeX info: "xparse/define-command"
. 
. Defining command \qif with sig. 's' on line 383.
.................................................
.................................................
. LaTeX info: "xparse/define-command"
. 
. Defining command \qthen with sig. 's' on line 384.
.................................................
.................................................
. LaTeX info: "xparse/define-command"
. 
. Defining command \qelse with sig. 's' on line 385.
.................................................
.................................................
. LaTeX info: "xparse/define-command"
. 
. Defining command \qotherwise with sig. 's' on line 386.
.................................................
.................................................
. LaTeX info: "xparse/define-command"
. 
. Defining command \qunless with sig. 's' on line 387.
.................................................
.................................................
. LaTeX info: "xparse/define-command"
. 
. Defining command \qgiven with sig. 's' on line 388.
.................................................
.................................................
. LaTeX info: "xparse/define-command"
. 
. Defining command \qusing with sig. 's' on line 389.
.................................................
.................................................
. LaTeX info: "xparse/define-command"
. 
. Defining command \qassume with sig. 's' on line 390.
.................................................
.................................................
. LaTeX info: "xparse/define-command"
. 
. Defining command \qsince with sig. 's' on line 391.
.................................................
.................................................
. LaTeX info: "xparse/define-command"
. 
. Defining command \qlet with sig. 's' on line 392.
.................................................
.................................................
. LaTeX info: "xparse/define-command"
. 
. Defining command \qfor with sig. 's' on line 393.
.................................................
.................................................
. LaTeX info: "xparse/define-command"
. 
. Defining command \qall with sig. 's' on line 394.
.................................................
.................................................
. LaTeX info: "xparse/define-command"
. 
. Defining command \qeven with sig. 's' on line 395.
.................................................
.................................................
. LaTeX info: "xparse/define-command"
. 
. Defining command \qodd with sig. 's' on line 396.
.................................................
.................................................
. LaTeX info: "xparse/define-command"
. 
. Defining command \qinteger with sig. 's' on line 397.
.................................................
.................................................
. LaTeX info: "xparse/define-command"
. 
. Defining command \qand with sig. 's' on line 398.
.................................................
.................................................
. LaTeX info: "xparse/define-command"
. 
. Defining command \qor with sig. 's' on line 399.
.................................................
.................................................
. LaTeX info: "xparse/define-command"
. 
. Defining command \qas with sig. 's' on line 400.
.................................................
.................................................
. LaTeX info: "xparse/define-command"
. 
. Defining command \qin with sig. 's' on line 401.
.................................................
.................................................
. LaTeX info: "xparse/define-command"
. 
. Defining command \qcc with sig. 's' on line 402.
.................................................
.................................................
. LaTeX info: "xparse/define-command"
. 
. Defining command \differential with sig. ' o g d() ' on line 415.
.................................................
.................................................
. LaTeX info: "xparse/define-command"
. 
. Defining command \dd with sig. '' on line 416.
.................................................
.................................................
. LaTeX info: "xparse/define-command"
. 
. Defining command \derivative with sig. ' s o m g d() ' on line 435.
.................................................
.................................................
. LaTeX info: "xparse/define-command"
. 
. Defining command \dv with sig. '' on line 436.
.................................................
.................................................
. LaTeX info: "xparse/define-command"
. 
. Defining command \partialderivative with sig. ' s o m g g d() ' on line 460.
.................................................
.................................................
. LaTeX info: "xparse/define-command"
. 
. Defining command \pderivative with sig. '' on line 461.
.................................................
.................................................
. LaTeX info: "xparse/define-command"
. 
. Defining command \pdv with sig. '' on line 462.
.................................................
.................................................
. LaTeX info: "xparse/define-command"
. 
. Defining command \variation with sig. ' o g d() ' on line 474.
.................................................
.................................................
. LaTeX info: "xparse/define-command"
. 
. Defining command \var with sig. '' on line 475.
.................................................
.................................................
. LaTeX info: "xparse/define-command"
. 
. Defining command \functionalderivative with sig. ' s o m g d() ' on line
. 494.
.................................................
.................................................
. LaTeX info: "xparse/define-command"
. 
. Defining command \fderivative with sig. '' on line 495.
.................................................
.................................................
. LaTeX info: "xparse/define-command"
. 
. Defining command \fdv with sig. '' on line 496.
.................................................
.................................................
. LaTeX info: "xparse/define-command"
. 
. Defining command \bra with sig. ' s m t\ket s g ' on line 526.
.................................................
*************************************************
* LaTeX warning: "xparse/not-single-char"
* 
* Argument delimiter '\ket ' for the command '\bra' should be a single
* character.
*************************************************
.................................................
. LaTeX info: "xparse/define-command"
. 
. Defining command \ket with sig. ' s m ' on line 533.
.................................................
.................................................
. LaTeX info: "xparse/define-command"
. 
. Defining command \innerproduct with sig. ' s m g ' on line 548.
.................................................
.................................................
. LaTeX info: "xparse/define-command"
. 
. Defining command \braket with sig. '' on line 549.
.................................................
.................................................
. LaTeX info: "xparse/define-command"
. 
. Defining command \ip with sig. '' on line 550.
.................................................
.................................................
. LaTeX info: "xparse/define-command"
. 
. Defining command \outerproduct with sig. ' s m g ' on line 565.
.................................................
.................................................
. LaTeX info: "xparse/define-command"
. 
. Defining command \dyad with sig. '' on line 566.
.................................................
.................................................
. LaTeX info: "xparse/define-command"
. 
. Defining command \op with sig. '' on line 567.
.................................................
.................................................
. LaTeX info: "xparse/define-command"
. 
. Defining command \ketbra with sig. '' on line 568.
.................................................
.................................................
. LaTeX info: "xparse/define-command"
. 
. Defining command \expectationvalue with sig. ' s s m g ' on line 587.
.................................................
.................................................
. LaTeX info: "xparse/define-command"
. 
. Defining command \expval with sig. '' on line 588.
.................................................
.................................................
. LaTeX info: "xparse/define-command"
. 
. Defining command \ev with sig. '' on line 589.
.................................................
.................................................
. LaTeX info: "xparse/define-command"
. 
. Defining command \vev with sig. ' m ' on line 590.
.................................................
.................................................
. LaTeX info: "xparse/define-command"
. 
. Defining command \matrixelement with sig. ' s s m m m ' on line 601.
.................................................
.................................................
. LaTeX info: "xparse/define-command"
. 
. Defining command \matrixel with sig. '' on line 602.
.................................................
.................................................
. LaTeX info: "xparse/define-command"
. 
. Defining command \mel with sig. '' on line 603.
.................................................
.................................................
. LaTeX info: "xparse/define-command"
. 
. Defining command \identitymatrix with sig. 'm' on line 633.
.................................................
.................................................
. LaTeX info: "xparse/define-command"
. 
. Defining command \imat with sig. '' on line 634.
.................................................
.................................................
. LaTeX info: "xparse/define-command"
. 
. Defining command \xmatrix with sig. ' s m m m ' on line 659.
.................................................
.................................................
. LaTeX info: "xparse/define-command"
. 
. Defining command \xmat with sig. '' on line 660.
.................................................
.................................................
. LaTeX info: "xparse/define-command"
. 
. Defining command \zeromatrix with sig. ' m g ' on line 662.
.................................................
.................................................
. LaTeX info: "xparse/define-command"
. 
. Defining command \zmat with sig. '' on line 663.
.................................................
.................................................
. LaTeX info: "xparse/define-command"
. 
. Defining command \paulixmatrix with sig. '' on line 665.
.................................................
.................................................
. LaTeX info: "xparse/define-command"
. 
. Defining command \pauliymatrix with sig. '' on line 666.
.................................................
.................................................
. LaTeX info: "xparse/define-command"
. 
. Defining command \paulizmatrix with sig. '' on line 667.
.................................................
.................................................
. LaTeX info: "xparse/define-command"
. 
. Defining command \paulimatrix with sig. 'm' on line 678.
.................................................
.................................................
. LaTeX info: "xparse/define-command"
. 
. Defining command \pmat with sig. '' on line 679.
.................................................
.................................................
. LaTeX info: "xparse/define-command"
. 
. Defining command \diagonalmatrix with sig. 'O{} >{\SplitList {,}}m ' on line
. 681.
.................................................
.................................................
. LaTeX info: "xparse/define-command"
. 
. Defining command \@dmat with sig. 'mmggggggg' on line 714.
.................................................
.................................................
. LaTeX info: "xparse/define-command"
. 
. Defining command \dmat with sig. '' on line 715.
.................................................
.................................................
. LaTeX info: "xparse/define-command"
. 
. Defining command \antidiagonalmatrix with sig. 'O{} >{\SplitList {,}}m ' on
. line 717.
.................................................
.................................................
. LaTeX info: "xparse/define-command"
. 
. Defining command \@admat with sig. 'mmggggggg' on line 750.
.................................................
.................................................
. LaTeX info: "xparse/define-command"
. 
. Defining command \admat with sig. '' on line 751.
.................................................
.................................................
. LaTeX info: "xparse/define-command"
. 
. Defining command \flatfrac with sig. ' m m ' on line 754.
.................................................
.................................................
. LaTeX info: "xparse/define-command"
. 
. Defining command \homework with sig. '' on line 764.
.................................................
) ("C:\Program Files\MiKTeX 2.9\tex\latex\graphics\graphicx.sty"
Package: graphicx 2017/06/01 v1.1a Enhanced LaTeX Graphics (DPC,SPQR)

("C:\Program Files\MiKTeX 2.9\tex\latex\graphics\keyval.sty"
Package: keyval 2014/10/28 v1.15 key=value parser (DPC)
\KV@toks@=\toks19
)
("C:\Program Files\MiKTeX 2.9\tex\latex\graphics\graphics.sty"
Package: graphics 2017/06/25 v1.2c Standard LaTeX Graphics (DPC,SPQR)

("C:\Program Files\MiKTeX 2.9\tex\latex\graphics\trig.sty"
Package: trig 2016/01/03 v1.10 sin cos tan (DPC)
)
("C:\Program Files\MiKTeX 2.9\tex\latex\graphics-cfg\graphics.cfg"
File: graphics.cfg 2016/06/04 v1.11 sample graphics configuration
)
Package graphics Info: Driver file: pdftex.def on input line 99.

("C:\Program Files\MiKTeX 2.9\tex\latex\graphics-def\pdftex.def"
File: pdftex.def 2017/12/07 v1.0i Graphics/color driver for pdftex
))
\Gin@req@height=\dimen143
\Gin@req@width=\dimen144
)
("C:\Program Files\MiKTeX 2.9\tex\latex\caption\caption.sty"
Package: caption 2016/02/21 v3.3-144 Customizing captions (AR)

("C:\Program Files\MiKTeX 2.9\tex\latex\caption\caption3.sty"
Package: caption3 2016/05/22 v1.7-166 caption3 kernel (AR)
Package caption3 Info: TeX engine: e-TeX on input line 67.
\captionmargin=\dimen145
\captionmargin@=\dimen146
\captionwidth=\dimen147
\caption@tempdima=\dimen148
\caption@indent=\dimen149
\caption@parindent=\dimen150
\caption@hangindent=\dimen151
)
\c@ContinuedFloat=\count189
)
("C:\Program Files\MiKTeX 2.9\tex\latex\tools\bm.sty"
Package: bm 2017/01/16 v1.2c Bold Symbol Support (DPC/FMi)
\symboldoperators=\mathgroup4
\symboldletters=\mathgroup5
\symboldsymbols=\mathgroup6
LaTeX Font Info:    Redeclaring math alphabet \mathbf on input line 141.
LaTeX Info: Redefining \bm on input line 207.
)
("C:\Program Files\MiKTeX 2.9\tex\latex\framed\framed.sty"
Package: framed 2011/10/22 v 0.96: framed or shaded text with page breaks
\OuterFrameSep=\skip52
\fb@frw=\dimen152
\fb@frh=\dimen153
\FrameRule=\dimen154
\FrameSep=\dimen155
)
("C:\Program Files\MiKTeX 2.9\tex\latex\preprint\authblk.sty"
Package: authblk 2001/02/27 1.3 (PWD)
\affilsep=\skip53
\@affilsep=\skip54
\c@Maxaffil=\count190
\c@authors=\count191
\c@affil=\count192
)
("C:\Program Files\MiKTeX 2.9\tex\latex\mathtools\empheq.sty"
Package: empheq 2017/03/31 v2.15 Emphasizing equations

("C:\Program Files\MiKTeX 2.9\tex\latex\mathtools\mhsetup.sty"
Package: mhsetup 2017/03/31 v1.3 programming setup (MH)
)
("C:\Program Files\MiKTeX 2.9\tex\latex\mathtools\mathtools.sty"
Package: mathtools 2017/10/30 v1.20 mathematical typesetting tools

("C:\Program Files\MiKTeX 2.9\tex\latex\tools\calc.sty"
Package: calc 2014/10/28 v4.3 Infix arithmetic (KKT,FJ)
\calc@Acount=\count193
\calc@Bcount=\count194
\calc@Adimen=\dimen156
\calc@Bdimen=\dimen157
\calc@Askip=\skip55
\calc@Bskip=\skip56
LaTeX Info: Redefining \setlength on input line 80.
LaTeX Info: Redefining \addtolength on input line 81.
\calc@Ccount=\count195
\calc@Cskip=\skip57
)
LaTeX Info: Thecontrolsequence`\('isalreadyrobust on input line 129.
LaTeX Info: Thecontrolsequence`\)'isalreadyrobust on input line 129.
LaTeX Info: Thecontrolsequence`\['isalreadyrobust on input line 129.
LaTeX Info: Thecontrolsequence`\]'isalreadyrobust on input line 129.
\g_MT_multlinerow_int=\count196
\l_MT_multwidth_dim=\dimen158
\origjot=\skip58
\l_MT_shortvdotswithinadjustabove_dim=\dimen159
\l_MT_shortvdotswithinadjustbelow_dim=\dimen160
\l_MT_above_intertext_sep=\dimen161
\l_MT_below_intertext_sep=\dimen162
\l_MT_above_shortintertext_sep=\dimen163
\l_MT_below_shortintertext_sep=\dimen164
)
\l_EQ_equationtype_int=\count197
\l_EQ_alignmentmode_int=\count198
\l_EQ_totalwidth_dim=\dimen165
\l_EQ_displaywidth_dim=\dimen166
\l_EQ_temp_linewidth_dim=\dimen167
\EmphEqdelimitershortfall=\dimen168
\EmphEqdelimiterfactor=\count199
\g_EQ_toptag_height_dim=\dimen169
\g_EQ_bottomtag_depth_dim=\dimen170
\g_EQ_toprow_height_dim=\dimen171
\g_EQ_bottomrow_depth_dim=\dimen172
\g_EQ_widesttag_dim=\dimen173
\EQ_mathdisplay_box=\box44
\EQ_tag_box=\box45
\g_EQ_temprow_int=\count266
)
("C:\Program Files\MiKTeX 2.9\tex\latex\amsfonts\amsfonts.sty"
Package: amsfonts 2013/01/14 v3.01 Basic AMSFonts support
\symAMSa=\mathgroup7
\symAMSb=\mathgroup8
LaTeX Font Info:    Overwriting math alphabet `\mathfrak' in version `bold'
(Font)                  U/euf/m/n --> U/euf/b/n on input line 106.
)
("C:\Program Files\MiKTeX 2.9\tex\latex\esint\esint.sty"
Package: esint 
\symlargesymbolsA=\mathgroup9
)
("C:\Program Files\MiKTeX 2.9\tex\latex\cancel\cancel.sty"
Package: cancel 2013/04/12 v2.2 Cancel math terms
)
("C:\Program Files\MiKTeX 2.9\tex\latex\doublestroke\dsfont.sty"
Package: dsfont 1995/08/01 v0.1 Double stroke roman fonts
)
("C:\Program Files\MiKTeX 2.9\tex\latex\oberdiek\centernot.sty"
Package: centernot 2016/05/16 v1.4 Centers the not symbol horizontally (HO)
)
("C:\Program Files\MiKTeX 2.9\tex\latex\bigints\bigints.sty"
Package: bigints 2010/02/15 Writing big integrals
Package bigints Info: This is Bigints by Merciadri Luca. on input line 5.
)
("C:\Program Files\MiKTeX 2.9\tex\latex\amscls\amsthm.sty"
Package: amsthm 2015/03/04 v2.20.2
\thm@style=\toks20
\thm@bodyfont=\toks21
\thm@headfont=\toks22
\thm@notefont=\toks23
\thm@headpunct=\toks24
\thm@preskip=\skip59
\thm@postskip=\skip60
\thm@headsep=\skip61
\dth@everypar=\toks25
)
\c@defn=\count267
\c@prop=\count268
\c@rmk=\count269
\c@thm=\count270
\c@exmp=\count271
\c@prob=\count272
\c@sln=\count273
\c@exer=\count274

("C:\Program Files\MiKTeX 2.9\tex\latex\hyperref\hyperref.sty"
Package: hyperref 2017/03/14 v6.85a Hypertext links for LaTeX

("C:\Program Files\MiKTeX 2.9\tex\generic\oberdiek\hobsub-hyperref.sty"
Package: hobsub-hyperref 2016/05/16 v1.14 Bundle oberdiek, subset hyperref (HO)


("C:\Program Files\MiKTeX 2.9\tex\generic\oberdiek\hobsub-generic.sty"
Package: hobsub-generic 2016/05/16 v1.14 Bundle oberdiek, subset generic (HO)
Package: hobsub 2016/05/16 v1.14 Construct package bundles (HO)
Package: infwarerr 2016/05/16 v1.4 Providing info/warning/error messages (HO)
Package: ltxcmds 2016/05/16 v1.23 LaTeX kernel commands for general use (HO)
Package: ifluatex 2016/05/16 v1.4 Provides the ifluatex switch (HO)
Package ifluatex Info: LuaTeX not detected.
Package: ifvtex 2016/05/16 v1.6 Detect VTeX and its facilities (HO)
Package ifvtex Info: VTeX not detected.
Package: intcalc 2016/05/16 v1.2 Expandable calculations with integers (HO)
Package: ifpdf 2017/03/15 v3.2 Provides the ifpdf switch
Package: etexcmds 2016/05/16 v1.6 Avoid name clashes with e-TeX commands (HO)
Package etexcmds Info: Could not find \expanded.
(etexcmds)             That can mean that you are not using pdfTeX 1.50 or
(etexcmds)             that some package has redefined \expanded.
(etexcmds)             In the latter case, load this package earlier.
Package: kvsetkeys 2016/05/16 v1.17 Key value parser (HO)
Package: kvdefinekeys 2016/05/16 v1.4 Define keys (HO)
Package: pdftexcmds 2017/03/19 v0.25 Utility functions of pdfTeX for LuaTeX (HO
)
Package pdftexcmds Info: LuaTeX not detected.
Package pdftexcmds Info: \pdf@primitive is available.
Package pdftexcmds Info: \pdf@ifprimitive is available.
Package pdftexcmds Info: \pdfdraftmode found.
Package: pdfescape 2016/05/16 v1.14 Implements pdfTeX's escape features (HO)
Package: bigintcalc 2016/05/16 v1.4 Expandable calculations on big integers (HO
)
Package: bitset 2016/05/16 v1.2 Handle bit-vector datatype (HO)
Package: uniquecounter 2016/05/16 v1.3 Provide unlimited unique counter (HO)
)
Package hobsub Info: Skipping package `hobsub' (already loaded).
Package: letltxmacro 2016/05/16 v1.5 Let assignment for LaTeX macros (HO)
Package: hopatch 2016/05/16 v1.3 Wrapper for package hooks (HO)
Package: xcolor-patch 2016/05/16 xcolor patch
Package: atveryend 2016/05/16 v1.9 Hooks at the very end of document (HO)
Package atveryend Info: \enddocument detected (standard20110627).
Package: atbegshi 2016/06/09 v1.18 At begin shipout hook (HO)
Package: refcount 2016/05/16 v3.5 Data extraction from label references (HO)
Package: hycolor 2016/05/16 v1.8 Color options for hyperref/bookmark (HO)
)
("C:\Program Files\MiKTeX 2.9\tex\generic\ifxetex\ifxetex.sty"
Package: ifxetex 2010/09/12 v0.6 Provides ifxetex conditional
)
("C:\Program Files\MiKTeX 2.9\tex\latex\oberdiek\auxhook.sty"
Package: auxhook 2016/05/16 v1.4 Hooks for auxiliary files (HO)
)
("C:\Program Files\MiKTeX 2.9\tex\latex\oberdiek\kvoptions.sty"
Package: kvoptions 2016/05/16 v3.12 Key value format for package options (HO)
)
\@linkdim=\dimen174
\Hy@linkcounter=\count275
\Hy@pagecounter=\count276

("C:\Program Files\MiKTeX 2.9\tex\latex\hyperref\pd1enc.def"
File: pd1enc.def 2017/03/14 v6.85a Hyperref: PDFDocEncoding definition (HO)
)
\Hy@SavedSpaceFactor=\count277

("C:\Program Files\MiKTeX 2.9\tex\latex\00miktex\hyperref.cfg"
File: hyperref.cfg 2002/06/06 v1.2 hyperref configuration of TeXLive
)
Package hyperref Info: Hyper figures OFF on input line 4498.
Package hyperref Info: Link nesting OFF on input line 4503.
Package hyperref Info: Hyper index ON on input line 4506.
Package hyperref Info: Plain pages OFF on input line 4513.
Package hyperref Info: Backreferencing OFF on input line 4518.
Package hyperref Info: Implicit mode ON; LaTeX internals redefined.
Package hyperref Info: Bookmarks ON on input line 4751.
\c@Hy@tempcnt=\count278

("C:\Program Files\MiKTeX 2.9\tex\latex\url\url.sty"
\Urlmuskip=\muskip17
Package: url 2013/09/16  ver 3.4  Verb mode for urls, etc.
)
LaTeX Info: Redefining \url on input line 5104.
\XeTeXLinkMargin=\dimen175
\Fld@menulength=\count279
\Field@Width=\dimen176
\Fld@charsize=\dimen177
Package hyperref Info: Hyper figures OFF on input line 6358.
Package hyperref Info: Link nesting OFF on input line 6363.
Package hyperref Info: Hyper index ON on input line 6366.
Package hyperref Info: backreferencing OFF on input line 6373.
Package hyperref Info: Link coloring OFF on input line 6378.
Package hyperref Info: Link coloring with OCG OFF on input line 6383.
Package hyperref Info: PDF/A mode OFF on input line 6388.
LaTeX Info: Redefining \ref on input line 6428.
LaTeX Info: Redefining \pageref on input line 6432.
\Hy@abspage=\count280
\c@Item=\count281
\c@Hfootnote=\count282
)

Package hyperref Message: Driver (autodetected): hpdftex.

("C:\Program Files\MiKTeX 2.9\tex\latex\hyperref\hpdftex.def"
File: hpdftex.def 2017/03/14 v6.85a Hyperref driver for pdfTeX
\Fld@listcount=\count283
\c@bookmark@seq@number=\count284

("C:\Program Files\MiKTeX 2.9\tex\latex\oberdiek\rerunfilecheck.sty"
Package: rerunfilecheck 2016/05/16 v1.8 Rerun checks for auxiliary files (HO)
Package uniquecounter Info: New unique counter `rerunfilecheck' on input line 2
82.
)
\Hy@SectionHShift=\skip62
)
("C:\Program Files\MiKTeX 2.9\tex\latex\tensor\tensor.sty"
Package: tensor 2004/12/20 v2.1 tensor indices package (PGR)
\tnsr@Sps=\toks26
\tnsr@Sbs=\toks27
\tnsr@Spe=\toks28
\tnsr@Sbe=\toks29
\ncld@Mno=\toks30
)
("C:\Program Files\MiKTeX 2.9\tex\latex\xcolor\xcolor.sty"
Package: xcolor 2016/05/11 v2.12 LaTeX color extensions (UK)

("C:\Program Files\MiKTeX 2.9\tex\latex\graphics-cfg\color.cfg"
File: color.cfg 2016/01/02 v1.6 sample color configuration
)
Package xcolor Info: Driver file: pdftex.def on input line 225.
Package xcolor Info: Model `cmy' substituted by `cmy0' on input line 1348.
Package xcolor Info: Model `hsb' substituted by `rgb' on input line 1352.
Package xcolor Info: Model `RGB' extended on input line 1364.
Package xcolor Info: Model `HTML' substituted by `rgb' on input line 1366.
Package xcolor Info: Model `Hsb' substituted by `hsb' on input line 1367.
Package xcolor Info: Model `tHsb' substituted by `hsb' on input line 1368.
Package xcolor Info: Model `HSB' substituted by `hsb' on input line 1369.
Package xcolor Info: Model `Gray' substituted by `gray' on input line 1370.
Package xcolor Info: Model `wave' substituted by `hsb' on input line 1371.
)
Package hyperref Info: Option `colorlinks' set `true' on input line 39.

("C:\Program Files\MiKTeX 2.9\tex\latex\subfig\subfig.sty"
Package: subfig 2005/06/28 ver: 1.3 subfig package
\c@KVtest=\count285
\sf@farskip=\skip63
\sf@captopadj=\dimen178
\sf@capskip=\skip64
\sf@nearskip=\skip65
\c@subfigure=\count286
\c@subfigure@save=\count287
\c@lofdepth=\count288
\c@subtable=\count289
\c@subtable@save=\count290
\c@lotdepth=\count291
\sf@top=\skip66
\sf@bottom=\skip67
)
("C:\Program Files\MiKTeX 2.9\tex\latex\listings\listings.sty"
\lst@mode=\count292
\lst@gtempboxa=\box46
\lst@token=\toks31
\lst@length=\count293
\lst@currlwidth=\dimen179
\lst@column=\count294
\lst@pos=\count295
\lst@lostspace=\dimen180
\lst@width=\dimen181
\lst@newlines=\count296
\lst@lineno=\count297
\lst@maxwidth=\dimen182

("C:\Program Files\MiKTeX 2.9\tex\latex\listings\lstmisc.sty"
File: lstmisc.sty 2015/06/04 1.6 (Carsten Heinz)
\c@lstnumber=\count298
\lst@skipnumbers=\count299
\lst@framebox=\box47
)
("C:\Program Files\MiKTeX 2.9\tex\latex\listings\listings.cfg"
File: listings.cfg 2015/06/04 1.6 listings configuration
))
Package: listings 2015/06/04 1.6 (Carsten Heinz)

("C:\Program Files\MiKTeX 2.9\tex\latex\listings\lstlang1.sty"
File: lstlang1.sty 2015/06/04 1.6 listings language file
)
("C:\Program Files\MiKTeX 2.9\tex\latex\listings\lstlang1.sty"
File: lstlang1.sty 2015/06/04 1.6 listings language file
)
("C:\Program Files\MiKTeX 2.9\tex\latex\listings\lstlang1.sty"
File: lstlang1.sty 2015/06/04 1.6 listings language file
)
(HuanBui_Perimeter.aux)
\openout1 = `HuanBui_Perimeter.aux'.

LaTeX Font Info:    Checking defaults for OML/cmm/m/it on input line 131.
LaTeX Font Info:    ... okay on input line 131.
LaTeX Font Info:    Checking defaults for T1/cmr/m/n on input line 131.
LaTeX Font Info:    ... okay on input line 131.
LaTeX Font Info:    Checking defaults for OT1/cmr/m/n on input line 131.
LaTeX Font Info:    ... okay on input line 131.
LaTeX Font Info:    Checking defaults for OMS/cmsy/m/n on input line 131.
LaTeX Font Info:    ... okay on input line 131.
LaTeX Font Info:    Checking defaults for OMX/cmex/m/n on input line 131.
LaTeX Font Info:    ... okay on input line 131.
LaTeX Font Info:    Checking defaults for U/cmr/m/n on input line 131.
LaTeX Font Info:    ... okay on input line 131.
LaTeX Font Info:    Checking defaults for PD1/pdf/m/n on input line 131.
LaTeX Font Info:    ... okay on input line 131.

("C:\Program Files\MiKTeX 2.9\tex\context\base\supp-pdf.mkii"
[Loading MPS to PDF converter (version 2006.09.02).]
\scratchcounter=\count300
\scratchdimen=\dimen183
\scratchbox=\box48
\nofMPsegments=\count301
\nofMParguments=\count302
\everyMPshowfont=\toks32
\MPscratchCnt=\count303
\MPscratchDim=\dimen184
\MPnumerator=\count304
\makeMPintoPDFobject=\count305
\everyMPtoPDFconversion=\toks33
) ("C:\Program Files\MiKTeX 2.9\tex\latex\oberdiek\epstopdf-base.sty"
Package: epstopdf-base 2016/05/15 v2.6 Base part for package epstopdf

("C:\Program Files\MiKTeX 2.9\tex\latex\oberdiek\grfext.sty"
Package: grfext 2016/05/16 v1.2 Manage graphics extensions (HO)
)
Package epstopdf-base Info: Redefining graphics rule for `.eps' on input line 4
38.
Package grfext Info: Graphics extension search list:
(grfext)             [.pdf,.png,.jpg,.mps,.jpeg,.jbig2,.jb2,.PDF,.PNG,.JPG,.JPE
G,.JBIG2,.JB2,.eps]
(grfext)             \AppendGraphicsExtensions on input line 456.
)
Package caption Info: Begin \AtBeginDocument code.
Package caption Info: subfig package v1.3 is loaded.
Package caption Info: hyperref package is loaded.
Package caption Info: listings package is loaded.
Package caption Info: End \AtBeginDocument code.
\AtBeginShipoutBox=\box49
Package hyperref Info: Link coloring ON on input line 131.

("C:\Program Files\MiKTeX 2.9\tex\latex\hyperref\nameref.sty"
Package: nameref 2016/05/21 v2.44 Cross-referencing by name of section

("C:\Program Files\MiKTeX 2.9\tex\generic\oberdiek\gettitlestring.sty"
Package: gettitlestring 2016/05/16 v1.5 Cleanup title references (HO)
)
\c@section@level=\count306
)
LaTeX Info: Redefining \ref on input line 131.
LaTeX Info: Redefining \pageref on input line 131.
LaTeX Info: Redefining \nameref on input line 131.

(HuanBui_Perimeter.out) (HuanBui_Perimeter.out)
\@outlinefile=\write3
\openout3 = `HuanBui_Perimeter.out'.

\c@lstlisting=\count307


LaTeX Font Warning: Font shape `OT1/cmr/bx/sc' undefined
(Font)              using `OT1/cmr/bx/n' instead on input line 140.

LaTeX Font Info:    Try loading font information for U+msa on input line 140.
("C:\Program Files\MiKTeX 2.9\tex\latex\amsfonts\umsa.fd"
File: umsa.fd 2013/01/14 v3.01 AMS symbols A
)
LaTeX Font Info:    Try loading font information for U+msb on input line 140.

("C:\Program Files\MiKTeX 2.9\tex\latex\amsfonts\umsb.fd"
File: umsb.fd 2013/01/14 v3.01 AMS symbols B
)
LaTeX Font Info:    Try loading font information for U+esint on input line 140.


("C:\Program Files\MiKTeX 2.9\tex\latex\esint\uesint.fd"
File: uesint.fd 
) [1




{C:/Users/buiqu/AppData/Local/MiKTeX/2.9/pdftex/config/pdftex.map}]
Underfull \hbox (badness 10000) in paragraph at lines 146--147

 []


Underfull \hbox (badness 10000) in paragraph at lines 148--149

 []


Underfull \hbox (badness 10000) in paragraph at lines 150--151

 []

[2] (HuanBui_Perimeter.toc [3

] [4])
\tf@toc=\write4
\openout4 = `HuanBui_Perimeter.toc'.

 [5] [6

]
Part 1.

Underfull \hbox (badness 10000) in paragraph at lines 166--167

 []

[7]
Underfull \hbox (badness 10000) in paragraph at lines 178--179

 []


Underfull \hbox (badness 10000) in paragraph at lines 180--181

 []


Underfull \hbox (badness 10000) in paragraph at lines 182--183

 []


Underfull \hbox (badness 10000) in paragraph at lines 184--185

 []


Underfull \hbox (badness 10000) in paragraph at lines 189--190

 []

[8] [9]
Underfull \hbox (badness 10000) in paragraph at lines 264--266

 []


Underfull \hbox (badness 10000) in paragraph at lines 288--290

 []


Underfull \hbox (badness 10000) in paragraph at lines 295--297

 []

[10]
Underfull \hbox (badness 10000) in paragraph at lines 312--314

 []


Underfull \hbox (badness 10000) in paragraph at lines 319--321

 []


Underfull \hbox (badness 10000) in paragraph at lines 329--331

 []


Underfull \hbox (badness 10000) in paragraph at lines 333--334

 []

[11]
<entropy.png, id=644, 590.205pt x 244.66406pt>
File: entropy.png Graphic file (type png)
<use entropy.png>
Package pdftex.def Info: entropy.png  used on input line 359.
(pdftex.def)             Requested size: 236.0778pt x 97.86388pt.
<entropy1.png, id=646, 611.28375pt x 465.99094pt>
File: entropy1.png Graphic file (type png)
<use entropy1.png>
Package pdftex.def Info: entropy1.png  used on input line 375.
(pdftex.def)             Requested size: 122.25458pt x 93.19653pt.
<entropy2.png, id=647, 496.10344pt x 259.7203pt>
File: entropy2.png Graphic file (type png)
<use entropy2.png>
Package pdftex.def Info: entropy2.png  used on input line 376.
(pdftex.def)             Requested size: 173.6388pt x 90.90346pt.

Underfull \hbox (badness 10000) in paragraph at lines 371--380

 []

[12 <./entropy.png>]
Overfull \hbox (83.3749pt too wide) has occurred while \output is active
\OT1/cmr/m/sl/10 1.3.  FOUNDATIONS OF QUANTUM STATMECH: DENSITY OPERATOR FORMUL
ATION \OT1/cmr/m/n/10 13
 []

[13 <./entropy1.png> <./entropy2.png>]
Underfull \hbox (badness 10000) in paragraph at lines 431--432

 []


Underfull \hbox (badness 10000) in paragraph at lines 434--435

 []


Underfull \hbox (badness 10000) in paragraph at lines 437--438

 []


Underfull \hbox (badness 10000) in paragraph at lines 452--454

 []


Underfull \hbox (badness 10000) in paragraph at lines 455--456

 []

[14]
Underfull \hbox (badness 10000) in paragraph at lines 457--458

 []


Overfull \hbox (83.3749pt too wide) has occurred while \output is active
\OT1/cmr/m/sl/10 1.3.  FOUNDATIONS OF QUANTUM STATMECH: DENSITY OPERATOR FORMUL
ATION \OT1/cmr/m/n/10 15
 []

[15]
Underfull \hbox (badness 10000) in paragraph at lines 472--473

 []


LaTeX Warning: Command \i invalid in math mode on input line 483.


Underfull \hbox (badness 10000) in paragraph at lines 509--511

 []


Underfull \hbox (badness 10000) in paragraph at lines 512--513

 []

[16]
Underfull \hbox (badness 10000) in paragraph at lines 533--534

 []

[17]
Missing character: There is no  in font cmr10!
Missing character: There is no  in font cmr10!

Underfull \hbox (badness 10000) in paragraph at lines 569--571

 []


Underfull \hbox (badness 10000) in paragraph at lines 579--580

 []

[18]
Underfull \hbox (badness 10000) in paragraph at lines 590--592

 []


LaTeX Warning: Command \i invalid in math mode on input line 594.


Underfull \hbox (badness 10000) in paragraph at lines 602--604

 []

[19]
Underfull \hbox (badness 10000) in paragraph at lines 629--630

 []


Underfull \hbox (badness 10000) in paragraph at lines 631--632

 []


Underfull \hbox (badness 10000) in paragraph at lines 633--634

 []

[20]
Underfull \hbox (badness 10000) in paragraph at lines 661--663

 []


Underfull \hbox (badness 10000) in paragraph at lines 664--665

 []


Underfull \hbox (badness 10000) in paragraph at lines 677--679

 []


Underfull \hbox (badness 10000) in paragraph at lines 689--690

 []

[21]
<quasi.png, id=750, 727.96968pt x 426.84468pt>
File: quasi.png Graphic file (type png)
<use quasi.png>
Package pdftex.def Info: quasi.png  used on input line 699.
(pdftex.def)             Requested size: 218.3926pt x 128.05438pt.
<typical.png, id=751, 544.28343pt x 220.57407pt>
File: typical.png Graphic file (type png)
<use typical.png>
Package pdftex.def Info: typical.png  used on input line 709.
(pdftex.def)             Requested size: 163.28629pt x 66.17271pt.

Underfull \hbox (badness 10000) in paragraph at lines 719--721

 []

<quasi2.png, id=752, 704.6325pt x 262.73157pt>
File: quasi2.png Graphic file (type png)
<use quasi2.png>
Package pdftex.def Info: quasi2.png  used on input line 725.
(pdftex.def)             Requested size: 211.39139pt x 78.82007pt.
[22 <./quasi.png> <./typical.png>] [23 <./quasi2.png>] [24] [25] [26] [27]
[28] [29]
Underfull \hbox (badness 10000) in paragraph at lines 876--877

 []

[30] [31] [32]
Overfull \hbox (23.74623pt too wide) in paragraph at lines 1036--1038
[]\OT1/cmr/bx/n/10 Time av-er-aged op-er-a-tor \OT1/cmr/m/n/10 De-fine the time
 av-er-age as $[] = [][] [] [][] \OML/cmm/m/it/10 X[] dt$\OT1/cmr/m/n/10 .
 []


Underfull \vbox (badness 1635) has occurred while \output is active []

 [33]
Overfull \hbox (3.06299pt too wide) in paragraph at lines 1091--1092
\OML/cmm/m/it/10 X[]$ \OT1/cmr/m/n/10 the time evo-lu-tion gen-er-ated by a non
-degenerate Hamil-to-nian $\OML/cmm/m/it/10 H \OT1/cmr/m/n/10 = [][] \OML/cmm/m
/it/10 E[]P[]$
 []

LaTeX Font Info:    Try loading font information for OMS+cmr on input line 1094
.
("C:\Program Files\MiKTeX 2.9\tex\latex\base\omscmr.fd"
File: omscmr.fd 2014/09/29 v2.5h Standard LaTeX font definitions
)
LaTeX Font Info:    Font shape `OMS/cmr/m/n' in size <10> not available
(Font)              Font shape `OMS/cmsy/m/n' tried instead on input line 1094.

 [34]
Underfull \vbox (badness 7151) has occurred while \output is active []

 [35]
[36] [37] [38

]
Part 2.

Underfull \hbox (badness 10000) in paragraph at lines 1214--1215

 []


Underfull \hbox (badness 10000) in paragraph at lines 1216--1217

 []


Underfull \hbox (badness 10000) in paragraph at lines 1225--1226

 []

[39] [40]
Underfull \hbox (badness 10000) in paragraph at lines 1251--1252

 []


Underfull \hbox (badness 10000) in paragraph at lines 1253--1254

 []


Underfull \hbox (badness 10000) in paragraph at lines 1255--1256

 []


Underfull \hbox (badness 10000) in paragraph at lines 1264--1266

 []


Underfull \hbox (badness 10000) in paragraph at lines 1294--1295

 []

[41]
Underfull \hbox (badness 10000) in paragraph at lines 1306--1308

 []


Underfull \hbox (badness 10000) in paragraph at lines 1309--1310

 []


Underfull \hbox (badness 10000) in paragraph at lines 1326--1328

 []


Underfull \hbox (badness 10000) in paragraph at lines 1333--1335

 []


Underfull \hbox (badness 10000) in paragraph at lines 1343--1345

 []


Underfull \hbox (badness 10000) in paragraph at lines 1346--1347

 []


Underfull \hbox (badness 10000) in paragraph at lines 1352--1353

 []

[42]
Underfull \hbox (badness 10000) in paragraph at lines 1365--1366

 []


Underfull \hbox (badness 10000) in paragraph at lines 1374--1376

 []


Underfull \hbox (badness 10000) in paragraph at lines 1386--1387

 []

[43]
Underfull \hbox (badness 10000) in paragraph at lines 1409--1410

 []

[44]
Underfull \hbox (badness 10000) in paragraph at lines 1487--1489

 []


Underfull \hbox (badness 10000) in paragraph at lines 1517--1519

 []


Underfull \hbox (badness 10000) in paragraph at lines 1520--1521

 []

[45]
Overfull \hbox (31.30598pt too wide) in paragraph at lines 1525--1527
\OT1/cmr/m/n/10 Obviously the eigen-states are ex-actly the vec-tors in the $\O
ML/cmm/m/it/10 ZZ$ \OT1/cmr/m/n/10 ba-sis: $\OMS/cmsy/m/n/10 f[] \OML/cmm/m/it/
10 ; [] ; [] ; []\OMS/cmsy/m/n/10 g$
 []


Underfull \hbox (badness 10000) in paragraph at lines 1525--1527

 []


Underfull \hbox (badness 10000) in paragraph at lines 1528--1529

 []


Overfull \hbox (24.04207pt too wide) in paragraph at lines 1537--1538
\OT1/cmr/m/n/10 val-ues are $\OMS/cmsy/m/n/10 f\OT1/cmr/m/n/10 1\OML/cmm/m/it/1
0 ; \OT1/cmr/m/n/10 0\OML/cmm/m/it/10 ; \OT1/cmr/m/n/10 0\OML/cmm/m/it/10 ; \OM
S/cmsy/m/n/10  \OT1/cmr/m/n/10 1\OMS/cmsy/m/n/10 g$ \OT1/cmr/m/n/10 re-spec-tiv
ely. These cor-re-spond with th eigen-val-ues $\OMS/cmsy/m/n/10  \OT1/cmr/m/n/1
0 2\OML/cmm/m/it/10 h; \OT1/cmr/m/n/10 0\OML/cmm/m/it/10 ; \OT1/cmr/m/n/10 0\OM
L/cmm/m/it/10 ; \OT1/cmr/m/n/10 2\OML/cmm/m/it/10 h$
 []


Underfull \hbox (badness 10000) in paragraph at lines 1537--1538

 []

[46] [47] [48] [49] [50]
Part 3.

Underfull \hbox (badness 10000) in paragraph at lines 1653--1654

 []

[51

]
Underfull \hbox (badness 10000) in paragraph at lines 1662--1663

 []

<double-slit.png, id=982, 408.77719pt x 249.93375pt>
File: double-slit.png Graphic file (type png)
<use double-slit.png>
Package pdftex.def Info: double-slit.png  used on input line 1670.
(pdftex.def)             Requested size: 327.02219pt x 199.94727pt.

Underfull \hbox (badness 10000) in paragraph at lines 1674--1675

 []

[52 <./double-slit.png>]
Underfull \hbox (badness 10000) in paragraph at lines 1683--1685

 []

<time.png, id=990, 502.87875pt x 277.035pt>
File: time.png Graphic file (type png)
<use time.png>
Package pdftex.def Info: time.png  used on input line 1690.
(pdftex.def)             Requested size: 251.43875pt x 138.51715pt.

Overfull \hbox (45.24754pt too wide) has occurred while \output is active
\OT1/cmr/m/sl/10 3.1.  INTRODUCTION TO PATH INTEGRALS AND THE SEMI-CLASSICAL LI
MIT \OT1/cmr/m/n/10 53
 []

[53 <./time.png>]
Underfull \hbox (badness 10000) in paragraph at lines 1729--1731

 []

LaTeX Font Info:    Try loading font information for U+euf on input line 1736.
("C:\Program Files\MiKTeX 2.9\tex\latex\amsfonts\ueuf.fd"
File: ueuf.fd 2013/01/14 v3.01 Euler Fraktur
)
Underfull \hbox (badness 10000) in paragraph at lines 1736--1738

 []

[54]
Underfull \hbox (badness 10000) in paragraph at lines 1761--1762

 []


Underfull \hbox (badness 10000) in paragraph at lines 1767--1769

 []


Underfull \hbox (badness 10000) in paragraph at lines 1786--1788

 []

[55]
Underfull \hbox (badness 10000) in paragraph at lines 1803--1805

 []

[56]
Underfull \hbox (badness 10000) in paragraph at lines 1835--1837

 []


Underfull \hbox (badness 10000) in paragraph at lines 1849--1851

 []


Underfull \hbox (badness 10000) in paragraph at lines 1853--1854

 []

[57]
Underfull \hbox (badness 10000) in paragraph at lines 1897--1899

 []


Underfull \hbox (badness 10000) in paragraph at lines 1903--1905

 []

[58] [59] [60] [61] [62]
Underfull \vbox (badness 2600) has occurred while \output is active []

 [63]
Overfull \hbox (27.93999pt too wide) detected at line 2109
[]
 []

[64] [65] [66] [67] [68]
Part 4.

Underfull \hbox (badness 10000) in paragraph at lines 2326--2327

 []

[69

]
Underfull \hbox (badness 10000) in paragraph at lines 2340--2342

 []


Underfull \hbox (badness 10000) in paragraph at lines 2343--2344

 []

[70]
Missing character: There is no  in font cmr10!
Missing character: There is no  in font cmr10!
Missing character: There is no  in font cmr10!
 [71]
Underfull \hbox (badness 10000) in paragraph at lines 2438--2440

 []

[72] [73]
Underfull \hbox (badness 10000) in paragraph at lines 2542--2543

 []

[74]
Underfull \hbox (badness 10000) in paragraph at lines 2636--2637

 []


Underfull \hbox (badness 10000) in paragraph at lines 2638--2639

 []

[75]
<polys.png, id=1222, 337.26pt x 313.9228pt>
File: polys.png Graphic file (type png)
<use polys.png>
Package pdftex.def Info: polys.png  used on input line 2668.
(pdftex.def)             Requested size: 168.62958pt x 156.96101pt.

Underfull \hbox (badness 10000) in paragraph at lines 2671--2672

 []

<circ.png, id=1223, 308.65312pt x 338.76563pt>
File: circ.png Graphic file (type png)
<use circ.png>
Package pdftex.def Info: circ.png  used on input line 2685.
(pdftex.def)             Requested size: 92.59665pt x 101.63046pt.

Underfull \hbox (badness 10000) in paragraph at lines 2689--2690

 []


Underfull \hbox (badness 10000) in paragraph at lines 2692--2693

 []

[76 <./polys.png> <./circ.png>]
Underfull \hbox (badness 10000) in paragraph at lines 2731--2732

 []


Underfull \hbox (badness 10000) in paragraph at lines 2740--2742

 []

[77]
Underfull \hbox (badness 10000) in paragraph at lines 2821--2822

 []


Underfull \hbox (badness 10000) in paragraph at lines 2823--2824

 []


Underfull \hbox (badness 10000) in paragraph at lines 2830--2831

 []


Underfull \hbox (badness 10000) in paragraph at lines 2832--2833

 []

[78]
Underfull \hbox (badness 10000) in paragraph at lines 2867--2869

 []

[79]
Overfull \hbox (46.48636pt too wide) detected at line 2900
[]
 []

[80] [81]
Overfull \hbox (8.60971pt too wide) in paragraph at lines 2995--2996
[]\OT1/cmr/m/n/10 In gen-eral, we have the Lie prod-uct for-mula: $\OML/cmm/m/i
t/10 e[] \OT1/cmr/m/n/10 = [][] [][]$. 
 []

[82]
Underfull \hbox (badness 10000) in paragraph at lines 3068--3069

 []


LaTeX Warning: Command \i invalid in math mode on input line 3078.

[83] [84] [85] [86] [87]
Overfull \hbox (0.5561pt too wide) in paragraph at lines 3261--3263
[]\OT1/cmr/m/n/10 Show that the con-served quan-tity is in-deed con-served if t
he Euler-Lagrange
 []

[88]
Part 5.

Underfull \hbox (badness 10000) in paragraph at lines 3308--3309

 []

[89

]
Underfull \hbox (badness 10000) in paragraph at lines 3343--3344

 []

[90] [91]
Underfull \hbox (badness 10000) in paragraph at lines 3498--3499

 []

[92]
Underfull \hbox (badness 10000) in paragraph at lines 3507--3509

 []

[93]
<complexity.png, id=1373, 907.89188pt x 679.03688pt>
File: complexity.png Graphic file (type png)
<use complexity.png>
Package pdftex.def Info: complexity.png  used on input line 3570.
(pdftex.def)             Requested size: 272.36966pt x 203.71263pt.
 [94]
Underfull \hbox (badness 10000) in paragraph at lines 3591--3592

 []


Underfull \hbox (badness 10000) in paragraph at lines 3599--3602

 []


Underfull \hbox (badness 10000) in paragraph at lines 3603--3604

 []

[95 <./complexity.png>]
Underfull \hbox (badness 10000) in paragraph at lines 3614--3618

 []


Underfull \hbox (badness 10000) in paragraph at lines 3648--3650

 []

[96]
Underfull \hbox (badness 10000) in paragraph at lines 3654--3656

 []


Underfull \hbox (badness 10000) in paragraph at lines 3657--3658

 []


Underfull \hbox (badness 10000) in paragraph at lines 3678--3679

 []

[97]
Underfull \hbox (badness 10000) in paragraph at lines 3700--3702

 []


Underfull \hbox (badness 10000) in paragraph at lines 3714--3716

 []


Underfull \hbox (badness 10000) in paragraph at lines 3720--3722

 []

[98]
Underfull \hbox (badness 10000) in paragraph at lines 3783--3784

 []

<qs1.png, id=1415, 1239.12938pt x 534.49687pt>
File: qs1.png Graphic file (type png)
<use qs1.png>
Package pdftex.def Info: qs1.png  used on input line 3792.
(pdftex.def)             Requested size: 309.78159pt x 133.62389pt.
[99]
Underfull \hbox (badness 10000) in paragraph at lines 3795--3796

 []


Underfull \hbox (badness 10000) in paragraph at lines 3800--3802

 []


Underfull \hbox (badness 10000) in paragraph at lines 3814--3815

 []

[100 <./qs1.png>]
Underfull \hbox (badness 10000) in paragraph at lines 3819--3821

 []

[101]
Overfull \hbox (7.88785pt too wide) in paragraph at lines 3841--3841
[]\OT1/cmr/bx/n/14.4 Problems in Quan-tum Sim-u-la-tions and Quan-
 []


Underfull \hbox (badness 10000) in paragraph at lines 3849--3850

 []


Underfull \hbox (badness 10000) in paragraph at lines 3860--3862

 []


Underfull \hbox (badness 10000) in paragraph at lines 3868--3869

 []

[102]
Underfull \hbox (badness 10000) in paragraph at lines 3870--3871

 []


Underfull \hbox (badness 10000) in paragraph at lines 3879--3880

 []


Overfull \hbox (43.99876pt too wide) has occurred while \output is active
\OT1/cmr/m/sl/10 5.4.  PROBLEMS IN QUANTUM SIMULATIONS AND QUANTUM ALGORITHMS \
OT1/cmr/m/n/10 103
 []

[103]
Overfull \hbox (0.2667pt too wide) in paragraph at lines 3891--3891
[]\OT1/cmr/bx/n/12 Simulation chal-lenges in molec-u-lar and ma-te-ri-als sci-
 []


Underfull \hbox (badness 10000) in paragraph at lines 3897--3898

 []


Underfull \hbox (badness 10000) in paragraph at lines 3911--3912

 []

[104]
Overfull \hbox (43.99876pt too wide) has occurred while \output is active
\OT1/cmr/m/sl/10 5.4.  PROBLEMS IN QUANTUM SIMULATIONS AND QUANTUM ALGORITHMS \
OT1/cmr/m/n/10 105
 []

[105]
Underfull \hbox (badness 10000) in paragraph at lines 3970--3971

 []


Underfull \hbox (badness 10000) in paragraph at lines 3973--3974

 []


Underfull \hbox (badness 10000) in paragraph at lines 3975--3976

 []


Underfull \hbox (badness 10000) in paragraph at lines 3988--3989

 []


Underfull \hbox (badness 10000) in paragraph at lines 3993--3995

 []

[106]
Underfull \hbox (badness 10000) in paragraph at lines 3996--3997

 []


Underfull \hbox (badness 10000) in paragraph at lines 3998--3999

 []


Underfull \hbox (badness 10000) in paragraph at lines 4012--4013

 []


Underfull \hbox (badness 10000) in paragraph at lines 4014--4015

 []


Underfull \hbox (badness 10000) in paragraph at lines 4016--4017

 []


Underfull \hbox (badness 10000) in paragraph at lines 4018--4019

 []


Underfull \hbox (badness 10000) in paragraph at lines 4020--4021

 []


Overfull \hbox (43.99876pt too wide) has occurred while \output is active
\OT1/cmr/m/sl/10 5.4.  PROBLEMS IN QUANTUM SIMULATIONS AND QUANTUM ALGORITHMS \
OT1/cmr/m/n/10 107
 []

[107]
Underfull \hbox (badness 10000) in paragraph at lines 4025--4026

 []

<jw.png, id=1480, 752.0597pt x 301.125pt>
File: jw.png Graphic file (type png)
<use jw.png>
Package pdftex.def Info: jw.png  used on input line 4030.
(pdftex.def)             Requested size: 225.61964pt x 90.33818pt.

Underfull \hbox (badness 10000) in paragraph at lines 4042--4046

 []


Underfull \hbox (badness 10000) in paragraph at lines 4048--4053

 []

[108 <./jw.png>]
Underfull \hbox (badness 10000) in paragraph at lines 4063--4064

 []


Underfull \hbox (badness 10000) in paragraph at lines 4072--4073

 []


Underfull \hbox (badness 10000) in paragraph at lines 4077--4079

 []


Underfull \hbox (badness 10000) in paragraph at lines 4083--4084

 []


Overfull \hbox (43.99876pt too wide) has occurred while \output is active
\OT1/cmr/m/sl/10 5.4.  PROBLEMS IN QUANTUM SIMULATIONS AND QUANTUM ALGORITHMS \
OT1/cmr/m/n/10 109
 []

[109]
Overfull \hbox (6.68336pt too wide) in paragraph at lines 4085--4088
\OT1/cmr/m/n/10 state as the long-time limit of the imaginary-time SE $\OMS/cms
y/m/n/10  \OML/cmm/m/it/10 @[] [] \OT1/cmr/m/n/10 = \OMS/cmsy/m/n/10 H []$\OT1/
cmr/m/n/10 : 
 []


Underfull \hbox (badness 10000) in paragraph at lines 4100--4102

 []


Underfull \hbox (badness 10000) in paragraph at lines 4107--4108

 []


Underfull \hbox (badness 10000) in paragraph at lines 4135--4139

 []

[110]
Underfull \hbox (badness 10000) in paragraph at lines 4146--4147

 []

<vqei.png, id=1507, 843.15pt x 780.66656pt>
File: vqei.png Graphic file (type png)
<use vqei.png>
Package pdftex.def Info: vqei.png  used on input line 4150.
(pdftex.def)             Requested size: 252.94695pt x 234.20177pt.

Underfull \hbox (badness 10000) in paragraph at lines 4156--4157

 []


Overfull \hbox (43.99876pt too wide) has occurred while \output is active
\OT1/cmr/m/sl/10 5.4.  PROBLEMS IN QUANTUM SIMULATIONS AND QUANTUM ALGORITHMS \
OT1/cmr/m/n/10 111
 []

[111 <./vqei.png>]
Underfull \hbox (badness 10000) in paragraph at lines 4171--4172

 []


Underfull \hbox (badness 10000) in paragraph at lines 4193--4194

 []


Underfull \hbox (badness 10000) in paragraph at lines 4196--4198

 []

Missing character: There is no  in font cmr10!
Missing character: There is no  in font cmr10!
[112]
Underfull \hbox (badness 10000) in paragraph at lines 4224--4225

 []


Underfull \hbox (badness 10000) in paragraph at lines 4237--4239

 []


Overfull \hbox (43.99876pt too wide) has occurred while \output is active
\OT1/cmr/m/sl/10 5.4.  PROBLEMS IN QUANTUM SIMULATIONS AND QUANTUM ALGORITHMS \
OT1/cmr/m/n/10 113
 []

[113]
Underfull \hbox (badness 10000) in paragraph at lines 4287--4288

 []


Underfull \hbox (badness 10000) in paragraph at lines 4289--4290

 []


Underfull \hbox (badness 10000) in paragraph at lines 4293--4294

 []

<qpe1.png, id=1535, 1324.19719pt x 730.98094pt>
File: qpe1.png Graphic file (type png)
<use qpe1.png>
Package pdftex.def Info: qpe1.png  used on input line 4298.
(pdftex.def)             Requested size: 331.0485pt x 182.74478pt.
[114 <./qpe1.png>]
Underfull \hbox (badness 10000) in paragraph at lines 4322--4323

 []


Underfull \hbox (badness 10000) in paragraph at lines 4325--4326

 []


Underfull \hbox (badness 10000) in paragraph at lines 4327--4328

 []


Overfull \hbox (5.97777pt too wide) detected at line 4334
[]
 []

<qpe2.png, id=1544, 1321.18594pt x 507.39563pt>
File: qpe2.png Graphic file (type png)
<use qpe2.png>
Package pdftex.def Info: qpe2.png  used on input line 4341.
(pdftex.def)             Requested size: 330.29567pt x 126.84859pt.
[115]
Underfull \hbox (badness 10000) in paragraph at lines 4358--4359

 []


Underfull \hbox (badness 10000) in paragraph at lines 4368--4370

 []

[116 <./qpe2.png>] [117]
Underfull \hbox (badness 10000) in paragraph at lines 4425--4426

 []

[118] [119]
Underfull \hbox (badness 10000) in paragraph at lines 4469--4470

 []


Underfull \hbox (badness 10000) in paragraph at lines 4472--4473

 []


Underfull \hbox (badness 10000) in paragraph at lines 4474--4480

 []


Underfull \hbox (badness 10000) in paragraph at lines 4493--4495

 []

[120]
Underfull \hbox (badness 10000) in paragraph at lines 4499--4501

 []


Overfull \hbox (5.13754pt too wide) in paragraph at lines 4502--4503
\OT1/cmr/m/n/10 com-pose $\OMS/cmsy/m/n/10 H$ \OT1/cmr/m/n/10 into $[][] \OMS/c
msy/m/n/10 H[]$ \OT1/cmr/m/n/10 where $\OMS/cmsy/m/n/10 H[]$\OT1/cmr/m/n/10 's 
all com-mute (mak-ing di-ag-o-nal-iza-tion straight-
 []


Underfull \hbox (badness 10000) in paragraph at lines 4505--4507

 []


Underfull \hbox (badness 10000) in paragraph at lines 4510--4511

 []


Overfull \hbox (24.43106pt too wide) in paragraph at lines 4512--4513
[]\OT1/cmr/m/n/10 This is pos-si-ble with a clas-si-cal com-puter, but it suf-f
ers from the $\OML/cmm/m/it/10 N$\OT1/cmr/m/n/10 -representability
 []


Overfull \hbox (4.12546pt too wide) in paragraph at lines 4512--4513
\OT1/cmr/m/n/10 sources than re-quired by clas-si-cal hard-ware, and as a re-su
lt the $\OML/cmm/m/it/10 N$\OT1/cmr/m/n/10 -representability
 []


Underfull \hbox (badness 10000) in paragraph at lines 4512--4513

 []

[121]
Underfull \hbox (badness 10000) in paragraph at lines 4519--4521

 []

[122]
<qvei.png, id=1604, 1493.58pt x 718.18312pt>
File: qvei.png Graphic file (type png)
<use qvei.png>
Package pdftex.def Info: qvei.png  used on input line 4546.
(pdftex.def)             Requested size: 298.71071pt x 143.63408pt.
Missing character: There is no  in font cmr10!
Missing character: There is no  in font cmr10!
Missing character: There is no  in font cmr10!
Missing character: There is no  in font cmr10!
Missing character: There is no  in font cmr10!
Missing character: There is no  in font cmr10!

Underfull \hbox (badness 10000) in paragraph at lines 4554--4560

 []


Underfull \hbox (badness 10000) in paragraph at lines 4561--4570

 []

[123 <./qvei.png>]
Underfull \hbox (badness 10000) in paragraph at lines 4585--4587

 []

Missing character: There is no  in font cmr10!
Missing character: There is no  in font cmr10!
Missing character: There is no  in font cmr10!
Missing character: There is no  in font cmr10!
Missing character: There is no  in font cmr10!
Missing character: There is no  in font cmr10!
[124]
Overfull \hbox (48.29454pt too wide) in paragraph at lines 4625--4625
[]\OT1/cmr/bx/n/14.4 Some Mod-els in Quan-tum Sta-tis-ti-cal & Condensed-
 []


Underfull \hbox (badness 10000) in paragraph at lines 4631--4632

 []


Underfull \hbox (badness 10000) in paragraph at lines 4633--4634

 []


Underfull \hbox (badness 10000) in paragraph at lines 4637--4638

 []


Underfull \hbox (badness 10000) in paragraph at lines 4646--4648

 []


Underfull \hbox (badness 10000) in paragraph at lines 4649--4650

 []


Underfull \hbox (badness 10000) in paragraph at lines 4651--4652

 []


Overfull \hbox (75.7349pt too wide) has occurred while \output is active
\OT1/cmr/m/sl/10 5.7.  SOME MODELS IN QUANTUM STATISTICAL & CONDENSED-MATTER PH
YSICS \OT1/cmr/m/n/10 125
 []

[125]
Underfull \hbox (badness 10000) in paragraph at lines 4694--4696

 []

[126]
Overfull \hbox (75.7349pt too wide) has occurred while \output is active
\OT1/cmr/m/sl/10 5.7.  SOME MODELS IN QUANTUM STATISTICAL & CONDENSED-MATTER PH
YSICS \OT1/cmr/m/n/10 127
 []

[127]
Underfull \hbox (badness 10000) in paragraph at lines 4795--4798

 []


Underfull \hbox (badness 10000) in paragraph at lines 4803--4805

 []


Underfull \hbox (badness 10000) in paragraph at lines 4806--4807

 []


Underfull \hbox (badness 10000) in paragraph at lines 4808--4809

 []

[128]
Underfull \hbox (badness 10000) in paragraph at lines 4813--4815

 []


Underfull \hbox (badness 10000) in paragraph at lines 4816--4817

 []

[129]
Underfull \hbox (badness 10000) in paragraph at lines 4840--4842

 []

[130]
Overfull \hbox (10.66753pt too wide) has occurred while \output is active
\OT1/cmr/m/sl/10 5.9.  QUANTUM APPROXIMATE OPTIMIZATION ALGORITHM (QAOA) \OT1/c
mr/m/n/10 131
 []

[131] [132]
Overfull \hbox (131.15056pt too wide) has occurred while \output is active
\OT1/cmr/m/sl/10 5.11.  VARIATIONAL THERMAL QUANTUM SIMULATION VIA THERMOFIELD 
DOUBLE STATES \OT1/cmr/m/n/10 133
 []

[133] [134]
Overfull \hbox (7.8728pt too wide) in paragraph at lines 4885--4885
[]\OT1/cmr/bx/n/14.4 Efficient vari-a-tional sim-u-la-tion of non-trivial
 []


Underfull \hbox (badness 10000) in paragraph at lines 4888--4889

 []


Underfull \hbox (badness 10000) in paragraph at lines 4890--4891

 []


Underfull \hbox (badness 10000) in paragraph at lines 4901--4902

 []


Underfull \hbox (badness 10000) in paragraph at lines 4903--4904

 []


Underfull \hbox (badness 10000) in paragraph at lines 4905--4906

 []


Underfull \hbox (badness 10000) in paragraph at lines 4908--4909

 []


Underfull \hbox (badness 10000) in paragraph at lines 4910--4911

 []


Overfull \hbox (78.096pt too wide) has occurred while \output is active
\OT1/cmr/m/sl/10 5.13.  EFFICIENT VARIATIONAL SIMULATION OF NON-TRIVIAL QUANTUM
 STATES \OT1/cmr/m/n/10 135
 []

[135]
Underfull \hbox (badness 10000) in paragraph at lines 4912--4913

 []


Underfull \hbox (badness 10000) in paragraph at lines 4921--4922

 []


Underfull \hbox (badness 10000) in paragraph at lines 4923--4924

 []


Underfull \hbox (badness 10000) in paragraph at lines 4925--4926

 []


Underfull \hbox (badness 10000) in paragraph at lines 4929--4930

 []

[136]
Underfull \hbox (badness 10000) in paragraph at lines 4939--4941

 []


Underfull \hbox (badness 10000) in paragraph at lines 4979--4980

 []


Underfull \hbox (badness 10000) in paragraph at lines 4982--4983

 []


Overfull \hbox (78.096pt too wide) has occurred while \output is active
\OT1/cmr/m/sl/10 5.13.  EFFICIENT VARIATIONAL SIMULATION OF NON-TRIVIAL QUANTUM
 STATES \OT1/cmr/m/n/10 137
 []

[137]
Underfull \hbox (badness 10000) in paragraph at lines 4995--4997

 []


Underfull \hbox (badness 10000) in paragraph at lines 4998--4999

 []


Underfull \hbox (badness 10000) in paragraph at lines 5013--5015

 []

[138]
Underfull \hbox (badness 10000) in paragraph at lines 5045--5047

 []


Underfull \hbox (badness 10000) in paragraph at lines 5048--5049

 []

<vqcs.png, id=1717, 1081.79156pt x 648.17157pt>
File: vqcs.png Graphic file (type png)
<use vqcs.png>
Package pdftex.def Info: vqcs.png  used on input line 5057.
(pdftex.def)             Requested size: 324.53998pt x 194.45297pt.

Underfull \hbox (badness 10000) in paragraph at lines 5053--5060

 []

<ghz.png, id=1718, 1332.47812pt x 772.38562pt>
File: ghz.png Graphic file (type png)
<use ghz.png>
Package pdftex.def Info: ghz.png  used on input line 5065.
(pdftex.def)             Requested size: 333.11871pt x 193.09593pt.

Overfull \hbox (78.096pt too wide) has occurred while \output is active
\OT1/cmr/m/sl/10 5.13.  EFFICIENT VARIATIONAL SIMULATION OF NON-TRIVIAL QUANTUM
 STATES \OT1/cmr/m/n/10 139
 []

[139]
Underfull \hbox (badness 10000) in paragraph at lines 5068--5069

 []

<critical.png, id=1728, 1341.51187pt x 718.18312pt>
File: critical.png Graphic file (type png)
<use critical.png>
Package pdftex.def Info: critical.png  used on input line 5086.
(pdftex.def)             Requested size: 335.37715pt x 179.54533pt.

Overfull \hbox (15.973pt too wide) in paragraph at lines 5082--5088
\OT1/cmr/m/n/10 As be-fore, we as-sume the same op-er-a-tors $\OML/cmm/m/it/10 
H[] \OT1/cmr/m/n/10 = \OMS/cmsy/m/n/10   [][] \OML/cmm/m/it/10 X[]$ \OT1/cmr/m/
n/10 and $\OML/cmm/m/it/10 H[] \OT1/cmr/m/n/10 = \OMS/cmsy/m/n/10   [][] \OML/c
mm/m/it/10 Z[]Z[]$
 []

[140 <./vqcs.png>]
Underfull \vbox (badness 10000) has occurred while \output is active []


Overfull \hbox (78.096pt too wide) has occurred while \output is active
\OT1/cmr/m/sl/10 5.13.  EFFICIENT VARIATIONAL SIMULATION OF NON-TRIVIAL QUANTUM
 STATES \OT1/cmr/m/n/10 141
 []

[141 <./ghz.png> <./critical.png>]
Underfull \hbox (badness 10000) in paragraph at lines 5101--5103

 []


Underfull \hbox (badness 10000) in paragraph at lines 5125--5126

 []

[142]
<afm.png, id=1755, 1212.78094pt x 447.17062pt>
File: afm.png Graphic file (type png)
<use afm.png>
Package pdftex.def Info: afm.png  used on input line 5147.
(pdftex.def)             Requested size: 363.83708pt x 134.15222pt.

Overfull \hbox (18.83708pt too wide) in paragraph at lines 5147--5148
 [][] 
 []


Overfull \hbox (78.096pt too wide) has occurred while \output is active
\OT1/cmr/m/sl/10 5.13.  EFFICIENT VARIATIONAL SIMULATION OF NON-TRIVIAL QUANTUM
 STATES \OT1/cmr/m/n/10 143
 []

[143 <./afm.png>] [144]
Overfull \hbox (26.36125pt too wide) in paragraph at lines 5185--5185
[]\OT1/cmr/bx/n/14.4 Mesurement-based quan-tum com-put-ing: Jozsa 
 []


Package caption Warning: Unused \captionsetup[lstlisting] on input line 100.
See the caption package documentation for explanation.

Package atveryend Info: Empty hook `BeforeClearDocument' on input line 5196.
[145]
Package atveryend Info: Empty hook `AfterLastShipout' on input line 5196.
 (HuanBui_Perimeter.aux)
Package atveryend Info: Executing hook `AtVeryEndDocument' on input line 5196.
Package atveryend Info: Executing hook `AtEndAfterFileList' on input line 5196.

Package rerunfilecheck Info: File `HuanBui_Perimeter.out' has not changed.
(rerunfilecheck)             Checksum: 1AC457BAB2CC88D938CFB3619180F0FC;8915.


LaTeX Font Warning: Some font shapes were not available, defaults substituted.

Package atveryend Info: Empty hook `AtVeryVeryEnd' on input line 5196.
 ) 
Here is how much of TeX's memory you used:
 19703 strings out of 493308
 338339 string characters out of 3138768
 595939 words of memory out of 3000000
 22261 multiletter control sequences out of 15000+200000
 546675 words of font info for 86 fonts, out of 3000000 for 9000
 1141 hyphenation exceptions out of 8191
 39i,16n,60p,10416b,490s stack positions out of 5000i,500n,10000p,200000b,50000s
<C:/Program Files/MiKTeX 2.9/fonts/type1/public/amsfonts/cm/cmbx10.pfb><C:/Pr
ogram Files/MiKTeX 2.9/fonts/type1/public/amsfonts/cm/cmbx12.pfb><C:/Program Fi
les/MiKTeX 2.9/fonts/type1/public/amsfonts/cm/cmex10.pfb><C:/Program Files/MiKT
eX 2.9/fonts/type1/public/amsfonts/cmextra/cmex7.pfb><C:/Program Files/MiKTeX 2
.9/fonts/type1/public/amsfonts/cm/cmmi10.pfb><C:/Program Files/MiKTeX 2.9/fonts
/type1/public/amsfonts/cm/cmmi5.pfb><C:/Program Files/MiKTeX 2.9/fonts/type1/pu
blic/amsfonts/cm/cmmi7.pfb><C:/Program Files/MiKTeX 2.9/fonts/type1/public/amsf
onts/cm/cmmib10.pfb><C:/Program Files/MiKTeX 2.9/fonts/type1/public/amsfonts/cm
/cmr10.pfb><C:/Program Files/MiKTeX 2.9/fonts/type1/public/amsfonts/cm/cmr12.pf
b><C:/Program Files/MiKTeX 2.9/fonts/type1/public/amsfonts/cm/cmr17.pfb><C:/Pro
gram Files/MiKTeX 2.9/fonts/type1/public/amsfonts/cm/cmr5.pfb><C:/Program Files
/MiKTeX 2.9/fonts/type1/public/amsfonts/cm/cmr7.pfb><C:/Program Files/MiKTeX 2.
9/fonts/type1/public/amsfonts/cm/cmsl10.pfb><C:/Program Files/MiKTeX 2.9/fonts/
type1/public/amsfonts/cm/cmsy10.pfb><C:/Program Files/MiKTeX 2.9/fonts/type1/pu
blic/amsfonts/cm/cmsy5.pfb><C:/Program Files/MiKTeX 2.9/fonts/type1/public/amsf
onts/cm/cmsy7.pfb><C:/Program Files/MiKTeX 2.9/fonts/type1/public/amsfonts/cm/c
mti10.pfb><C:/Program Files/MiKTeX 2.9/fonts/type1/public/esint/esint10.pfb><C:
/Program Files/MiKTeX 2.9/fonts/type1/public/amsfonts/euler/eufm10.pfb><C:/Prog
ram Files/MiKTeX 2.9/fonts/type1/public/amsfonts/symbols/msam10.pfb><C:/Program
 Files/MiKTeX 2.9/fonts/type1/public/amsfonts/symbols/msbm10.pfb><C:/Program Fi
les/MiKTeX 2.9/fonts/type1/public/amsfonts/symbols/msbm5.pfb><C:/Program Files/
MiKTeX 2.9/fonts/type1/public/amsfonts/symbols/msbm7.pfb>
Output written on HuanBui_Perimeter.pdf (145 pages, 3248809 bytes).
PDF statistics:
 2014 PDF objects out of 2073 (max. 8388607)
 787 named destinations out of 1000 (max. 500000)
 986 words of extra memory for PDF output out of 10000 (max. 10000000)

