This is pdfTeX, Version 3.141592653-2.6-1.40.24 (MiKTeX 22.3) (preloaded format=pdflatex 2022.6.29)  10 JAN 2023 00:27
entering extended mode
 restricted \write18 enabled.
 %&-line parsing enabled.
**./BEC1_CUA_Retreat_2023.tex
(BEC1_CUA_Retreat_2023.tex
LaTeX2e <2021-11-15> patch level 1
L3 programming layer <2022-02-24>
(C:\Users\huanium\AppData\Local\Programs\MiKTeX\tex/latex/tikzposter\tikzposter
.cls
Document Class: tikzposter 2014/01/15 v2.0 LaTeX document class for Posters
(C:\Users\huanium\AppData\Local\Programs\MiKTeX\tex/latex/xkeyval\xkeyval.sty
Package: xkeyval 2020/11/20 v2.8 package option processing (HA)

(C:\Users\huanium\AppData\Local\Programs\MiKTeX\tex/generic/xkeyval\xkeyval.tex

(C:\Users\huanium\AppData\Local\Programs\MiKTeX\tex/generic/xkeyval\xkvutils.te
x
\XKV@toks=\toks16
\XKV@tempa@toks=\toks17

(C:\Users\huanium\AppData\Local\Programs\MiKTeX\tex/generic/xkeyval\keyval.tex)
)
\XKV@depth=\count185
File: xkeyval.tex 2014/12/03 v2.7a key=value parser (HA)
)) (C:\Users\huanium\AppData\Local\Programs\MiKTeX\tex/latex/tools\calc.sty
Package: calc 2017/05/25 v4.3 Infix arithmetic (KKT,FJ)
\calc@Acount=\count186
\calc@Bcount=\count187
\calc@Adimen=\dimen138
\calc@Bdimen=\dimen139
\calc@Askip=\skip47
\calc@Bskip=\skip48
LaTeX Info: Redefining \setlength on input line 80.
LaTeX Info: Redefining \addtolength on input line 81.
\calc@Ccount=\count188
\calc@Cskip=\skip49
)
(C:\Users\huanium\AppData\Local\Programs\MiKTeX\tex/latex/base\ifthen.sty
Package: ifthen 2020/11/24 v1.1c Standard LaTeX ifthen package (DPC)
)
(C:\Users\huanium\AppData\Local\Programs\MiKTeX\tex/latex/ae\ae.sty
Package: ae 2001/02/12 1.3 Almost European Computer Modern

(C:\Users\huanium\AppData\Local\Programs\MiKTeX\tex/latex/base\fontenc.sty
Package: fontenc 2021/04/29 v2.0v Standard LaTeX package
))
(C:\Users\huanium\AppData\Local\Programs\MiKTeX\tex/latex/xstring\xstring.sty
(C:\Users\huanium\AppData\Local\Programs\MiKTeX\tex/generic/xstring\xstring.tex
\integerpart=\count189
\decimalpart=\count190
)
Package: xstring 2021/07/21 v1.84 String manipulations (CT)
)
(C:\Users\huanium\AppData\Local\Programs\MiKTeX\tex/latex/etoolbox\etoolbox.sty
Package: etoolbox 2020/10/05 v2.5k e-TeX tools for LaTeX (JAW)
\etb@tempcnta=\count191
)
(C:\Users\huanium\AppData\Local\Programs\MiKTeX\tex/latex/pgf/frontendlayer\tik
z.sty
(C:\Users\huanium\AppData\Local\Programs\MiKTeX\tex/latex/pgf/basiclayer\pgf.st
y
(C:\Users\huanium\AppData\Local\Programs\MiKTeX\tex/latex/pgf/utilities\pgfrcs.
sty
(C:\Users\huanium\AppData\Local\Programs\MiKTeX\tex/generic/pgf/utilities\pgfut
il-common.tex
\pgfutil@everybye=\toks18
\pgfutil@tempdima=\dimen140
\pgfutil@tempdimb=\dimen141

(C:\Users\huanium\AppData\Local\Programs\MiKTeX\tex/generic/pgf/utilities\pgfut
il-common-lists.tex))
(C:\Users\huanium\AppData\Local\Programs\MiKTeX\tex/generic/pgf/utilities\pgfut
il-latex.def
\pgfutil@abb=\box50
)
(C:\Users\huanium\AppData\Local\Programs\MiKTeX\tex/generic/pgf/utilities\pgfrc
s.code.tex
(C:\Users\huanium\AppData\Local\Programs\MiKTeX\tex/generic/pgf\pgf.revision.te
x)
Package: pgfrcs 2021/05/15 v3.1.9a (3.1.9a)
))
Package: pgf 2021/05/15 v3.1.9a (3.1.9a)

(C:\Users\huanium\AppData\Local\Programs\MiKTeX\tex/latex/pgf/basiclayer\pgfcor
e.sty
(C:\Users\huanium\AppData\Local\Programs\MiKTeX\tex/latex/graphics\graphicx.sty
Package: graphicx 2021/09/16 v1.2d Enhanced LaTeX Graphics (DPC,SPQR)

(C:\Users\huanium\AppData\Local\Programs\MiKTeX\tex/latex/graphics\graphics.sty
Package: graphics 2021/03/04 v1.4d Standard LaTeX Graphics (DPC,SPQR)
(C:\Users\huanium\AppData\Local\Programs\MiKTeX\tex/latex/graphics\trig.sty
Package: trig 2021/08/11 v1.11 sin cos tan (DPC)
)
(C:\Users\huanium\AppData\Local\Programs\MiKTeX\tex/latex/graphics-cfg\graphics
.cfg
File: graphics.cfg 2016/06/04 v1.11 sample graphics configuration
)
Package graphics Info: Driver file: pdftex.def on input line 107.

(C:\Users\huanium\AppData\Local\Programs\MiKTeX\tex/latex/graphics-def\pdftex.d
ef
File: pdftex.def 2020/10/05 v1.2a Graphics/color driver for pdftex
))
\Gin@req@height=\dimen142
\Gin@req@width=\dimen143
)
(C:\Users\huanium\AppData\Local\Programs\MiKTeX\tex/latex/pgf/systemlayer\pgfsy
s.sty
(C:\Users\huanium\AppData\Local\Programs\MiKTeX\tex/generic/pgf/systemlayer\pgf
sys.code.tex
Package: pgfsys 2021/05/15 v3.1.9a (3.1.9a)

(C:\Users\huanium\AppData\Local\Programs\MiKTeX\tex/generic/pgf/utilities\pgfke
ys.code.tex
\pgfkeys@pathtoks=\toks19
\pgfkeys@temptoks=\toks20

(C:\Users\huanium\AppData\Local\Programs\MiKTeX\tex/generic/pgf/utilities\pgfke
ysfiltered.code.tex
\pgfkeys@tmptoks=\toks21
))
\pgf@x=\dimen144
\pgf@y=\dimen145
\pgf@xa=\dimen146
\pgf@ya=\dimen147
\pgf@xb=\dimen148
\pgf@yb=\dimen149
\pgf@xc=\dimen150
\pgf@yc=\dimen151
\pgf@xd=\dimen152
\pgf@yd=\dimen153
\w@pgf@writea=\write3
\r@pgf@reada=\read2
\c@pgf@counta=\count192
\c@pgf@countb=\count193
\c@pgf@countc=\count194
\c@pgf@countd=\count195
\t@pgf@toka=\toks22
\t@pgf@tokb=\toks23
\t@pgf@tokc=\toks24
\pgf@sys@id@count=\count196

(C:\Users\huanium\AppData\Local\Programs\MiKTeX\tex/generic/pgf/systemlayer\pgf
.cfg
File: pgf.cfg 2021/05/15 v3.1.9a (3.1.9a)
)
Driver file for pgf: pgfsys-pdftex.def

(C:\Users\huanium\AppData\Local\Programs\MiKTeX\tex/generic/pgf/systemlayer\pgf
sys-pdftex.def
File: pgfsys-pdftex.def 2021/05/15 v3.1.9a (3.1.9a)

(C:\Users\huanium\AppData\Local\Programs\MiKTeX\tex/generic/pgf/systemlayer\pgf
sys-common-pdf.def
File: pgfsys-common-pdf.def 2021/05/15 v3.1.9a (3.1.9a)
)))
(C:\Users\huanium\AppData\Local\Programs\MiKTeX\tex/generic/pgf/systemlayer\pgf
syssoftpath.code.tex
File: pgfsyssoftpath.code.tex 2021/05/15 v3.1.9a (3.1.9a)
\pgfsyssoftpath@smallbuffer@items=\count197
\pgfsyssoftpath@bigbuffer@items=\count198
)
(C:\Users\huanium\AppData\Local\Programs\MiKTeX\tex/generic/pgf/systemlayer\pgf
sysprotocol.code.tex
File: pgfsysprotocol.code.tex 2021/05/15 v3.1.9a (3.1.9a)
))
(C:\Users\huanium\AppData\Local\Programs\MiKTeX\tex/latex/xcolor\xcolor.sty
Package: xcolor 2021/10/31 v2.13 LaTeX color extensions (UK)

(C:\Users\huanium\AppData\Local\Programs\MiKTeX\tex/latex/graphics-cfg\color.cf
g
File: color.cfg 2016/01/02 v1.6 sample color configuration
)
Package xcolor Info: Driver file: pdftex.def on input line 227.
Package xcolor Info: Model `cmy' substituted by `cmy0' on input line 1352.
Package xcolor Info: Model `hsb' substituted by `rgb' on input line 1356.
Package xcolor Info: Model `RGB' extended on input line 1368.
Package xcolor Info: Model `HTML' substituted by `rgb' on input line 1370.
Package xcolor Info: Model `Hsb' substituted by `hsb' on input line 1371.
Package xcolor Info: Model `tHsb' substituted by `hsb' on input line 1372.
Package xcolor Info: Model `HSB' substituted by `hsb' on input line 1373.
Package xcolor Info: Model `Gray' substituted by `gray' on input line 1374.
Package xcolor Info: Model `wave' substituted by `hsb' on input line 1375.
)
(C:\Users\huanium\AppData\Local\Programs\MiKTeX\tex/generic/pgf/basiclayer\pgfc
ore.code.tex
Package: pgfcore 2021/05/15 v3.1.9a (3.1.9a)

(C:\Users\huanium\AppData\Local\Programs\MiKTeX\tex/generic/pgf/math\pgfmath.co
de.tex
(C:\Users\huanium\AppData\Local\Programs\MiKTeX\tex/generic/pgf/math\pgfmathcal
c.code.tex
(C:\Users\huanium\AppData\Local\Programs\MiKTeX\tex/generic/pgf/math\pgfmathuti
l.code.tex)
(C:\Users\huanium\AppData\Local\Programs\MiKTeX\tex/generic/pgf/math\pgfmathpar
ser.code.tex
\pgfmath@dimen=\dimen154
\pgfmath@count=\count199
\pgfmath@box=\box51
\pgfmath@toks=\toks25
\pgfmath@stack@operand=\toks26
\pgfmath@stack@operation=\toks27
)
(C:\Users\huanium\AppData\Local\Programs\MiKTeX\tex/generic/pgf/math\pgfmathfun
ctions.code.tex
(C:\Users\huanium\AppData\Local\Programs\MiKTeX\tex/generic/pgf/math\pgfmathfun
ctions.basic.code.tex)
(C:\Users\huanium\AppData\Local\Programs\MiKTeX\tex/generic/pgf/math\pgfmathfun
ctions.trigonometric.code.tex)
(C:\Users\huanium\AppData\Local\Programs\MiKTeX\tex/generic/pgf/math\pgfmathfun
ctions.random.code.tex)
(C:\Users\huanium\AppData\Local\Programs\MiKTeX\tex/generic/pgf/math\pgfmathfun
ctions.comparison.code.tex)
(C:\Users\huanium\AppData\Local\Programs\MiKTeX\tex/generic/pgf/math\pgfmathfun
ctions.base.code.tex)
(C:\Users\huanium\AppData\Local\Programs\MiKTeX\tex/generic/pgf/math\pgfmathfun
ctions.round.code.tex)
(C:\Users\huanium\AppData\Local\Programs\MiKTeX\tex/generic/pgf/math\pgfmathfun
ctions.misc.code.tex)
(C:\Users\huanium\AppData\Local\Programs\MiKTeX\tex/generic/pgf/math\pgfmathfun
ctions.integerarithmetics.code.tex)))
(C:\Users\huanium\AppData\Local\Programs\MiKTeX\tex/generic/pgf/math\pgfmathflo
at.code.tex
\c@pgfmathroundto@lastzeros=\count266
))
(C:\Users\huanium\AppData\Local\Programs\MiKTeX\tex/generic/pgf/math\pgfint.cod
e.tex)
(C:\Users\huanium\AppData\Local\Programs\MiKTeX\tex/generic/pgf/basiclayer\pgfc
orepoints.code.tex
File: pgfcorepoints.code.tex 2021/05/15 v3.1.9a (3.1.9a)
\pgf@picminx=\dimen155
\pgf@picmaxx=\dimen156
\pgf@picminy=\dimen157
\pgf@picmaxy=\dimen158
\pgf@pathminx=\dimen159
\pgf@pathmaxx=\dimen160
\pgf@pathminy=\dimen161
\pgf@pathmaxy=\dimen162
\pgf@xx=\dimen163
\pgf@xy=\dimen164
\pgf@yx=\dimen165
\pgf@yy=\dimen166
\pgf@zx=\dimen167
\pgf@zy=\dimen168
)
(C:\Users\huanium\AppData\Local\Programs\MiKTeX\tex/generic/pgf/basiclayer\pgfc
orepathconstruct.code.tex
File: pgfcorepathconstruct.code.tex 2021/05/15 v3.1.9a (3.1.9a)
\pgf@path@lastx=\dimen169
\pgf@path@lasty=\dimen170
)
(C:\Users\huanium\AppData\Local\Programs\MiKTeX\tex/generic/pgf/basiclayer\pgfc
orepathusage.code.tex
File: pgfcorepathusage.code.tex 2021/05/15 v3.1.9a (3.1.9a)
\pgf@shorten@end@additional=\dimen171
\pgf@shorten@start@additional=\dimen172
)
(C:\Users\huanium\AppData\Local\Programs\MiKTeX\tex/generic/pgf/basiclayer\pgfc
orescopes.code.tex
File: pgfcorescopes.code.tex 2021/05/15 v3.1.9a (3.1.9a)
\pgfpic=\box52
\pgf@hbox=\box53
\pgf@layerbox@main=\box54
\pgf@picture@serial@count=\count267
)
(C:\Users\huanium\AppData\Local\Programs\MiKTeX\tex/generic/pgf/basiclayer\pgfc
oregraphicstate.code.tex
File: pgfcoregraphicstate.code.tex 2021/05/15 v3.1.9a (3.1.9a)
\pgflinewidth=\dimen173
)
(C:\Users\huanium\AppData\Local\Programs\MiKTeX\tex/generic/pgf/basiclayer\pgfc
oretransformations.code.tex
File: pgfcoretransformations.code.tex 2021/05/15 v3.1.9a (3.1.9a)
\pgf@pt@x=\dimen174
\pgf@pt@y=\dimen175
\pgf@pt@temp=\dimen176
)
(C:\Users\huanium\AppData\Local\Programs\MiKTeX\tex/generic/pgf/basiclayer\pgfc
orequick.code.tex
File: pgfcorequick.code.tex 2021/05/15 v3.1.9a (3.1.9a)
)
(C:\Users\huanium\AppData\Local\Programs\MiKTeX\tex/generic/pgf/basiclayer\pgfc
oreobjects.code.tex
File: pgfcoreobjects.code.tex 2021/05/15 v3.1.9a (3.1.9a)
)
(C:\Users\huanium\AppData\Local\Programs\MiKTeX\tex/generic/pgf/basiclayer\pgfc
orepathprocessing.code.tex
File: pgfcorepathprocessing.code.tex 2021/05/15 v3.1.9a (3.1.9a)
)
(C:\Users\huanium\AppData\Local\Programs\MiKTeX\tex/generic/pgf/basiclayer\pgfc
orearrows.code.tex
File: pgfcorearrows.code.tex 2021/05/15 v3.1.9a (3.1.9a)
\pgfarrowsep=\dimen177
)
(C:\Users\huanium\AppData\Local\Programs\MiKTeX\tex/generic/pgf/basiclayer\pgfc
oreshade.code.tex
File: pgfcoreshade.code.tex 2021/05/15 v3.1.9a (3.1.9a)
\pgf@max=\dimen178
\pgf@sys@shading@range@num=\count268
\pgf@shadingcount=\count269
)
(C:\Users\huanium\AppData\Local\Programs\MiKTeX\tex/generic/pgf/basiclayer\pgfc
oreimage.code.tex
File: pgfcoreimage.code.tex 2021/05/15 v3.1.9a (3.1.9a)

(C:\Users\huanium\AppData\Local\Programs\MiKTeX\tex/generic/pgf/basiclayer\pgfc
oreexternal.code.tex
File: pgfcoreexternal.code.tex 2021/05/15 v3.1.9a (3.1.9a)
\pgfexternal@startupbox=\box55
))
(C:\Users\huanium\AppData\Local\Programs\MiKTeX\tex/generic/pgf/basiclayer\pgfc
orelayers.code.tex
File: pgfcorelayers.code.tex 2021/05/15 v3.1.9a (3.1.9a)
)
(C:\Users\huanium\AppData\Local\Programs\MiKTeX\tex/generic/pgf/basiclayer\pgfc
oretransparency.code.tex
File: pgfcoretransparency.code.tex 2021/05/15 v3.1.9a (3.1.9a)
)
(C:\Users\huanium\AppData\Local\Programs\MiKTeX\tex/generic/pgf/basiclayer\pgfc
orepatterns.code.tex
File: pgfcorepatterns.code.tex 2021/05/15 v3.1.9a (3.1.9a)
)
(C:\Users\huanium\AppData\Local\Programs\MiKTeX\tex/generic/pgf/basiclayer\pgfc
orerdf.code.tex
File: pgfcorerdf.code.tex 2021/05/15 v3.1.9a (3.1.9a)
)))
(C:\Users\huanium\AppData\Local\Programs\MiKTeX\tex/generic/pgf/modules\pgfmodu
leshapes.code.tex
File: pgfmoduleshapes.code.tex 2021/05/15 v3.1.9a (3.1.9a)
\pgfnodeparttextbox=\box56
)
(C:\Users\huanium\AppData\Local\Programs\MiKTeX\tex/generic/pgf/modules\pgfmodu
leplot.code.tex
File: pgfmoduleplot.code.tex 2021/05/15 v3.1.9a (3.1.9a)
)
(C:\Users\huanium\AppData\Local\Programs\MiKTeX\tex/latex/pgf/compatibility\pgf
comp-version-0-65.sty
Package: pgfcomp-version-0-65 2021/05/15 v3.1.9a (3.1.9a)
\pgf@nodesepstart=\dimen179
\pgf@nodesepend=\dimen180
)
(C:\Users\huanium\AppData\Local\Programs\MiKTeX\tex/latex/pgf/compatibility\pgf
comp-version-1-18.sty
Package: pgfcomp-version-1-18 2021/05/15 v3.1.9a (3.1.9a)
))
(C:\Users\huanium\AppData\Local\Programs\MiKTeX\tex/latex/pgf/utilities\pgffor.
sty
(C:\Users\huanium\AppData\Local\Programs\MiKTeX\tex/latex/pgf/utilities\pgfkeys
.sty
(C:\Users\huanium\AppData\Local\Programs\MiKTeX\tex/generic/pgf/utilities\pgfke
ys.code.tex))
(C:\Users\huanium\AppData\Local\Programs\MiKTeX\tex/latex/pgf/math\pgfmath.sty
(C:\Users\huanium\AppData\Local\Programs\MiKTeX\tex/generic/pgf/math\pgfmath.co
de.tex))
(C:\Users\huanium\AppData\Local\Programs\MiKTeX\tex/generic/pgf/utilities\pgffo
r.code.tex
Package: pgffor 2021/05/15 v3.1.9a (3.1.9a)

(C:\Users\huanium\AppData\Local\Programs\MiKTeX\tex/generic/pgf/math\pgfmath.co
de.tex)
\pgffor@iter=\dimen181
\pgffor@skip=\dimen182
\pgffor@stack=\toks28
\pgffor@toks=\toks29
))
(C:\Users\huanium\AppData\Local\Programs\MiKTeX\tex/generic/pgf/frontendlayer/t
ikz\tikz.code.tex
Package: tikz 2021/05/15 v3.1.9a (3.1.9a)

(C:\Users\huanium\AppData\Local\Programs\MiKTeX\tex/generic/pgf/libraries\pgfli
braryplothandlers.code.tex
File: pgflibraryplothandlers.code.tex 2021/05/15 v3.1.9a (3.1.9a)
\pgf@plot@mark@count=\count270
\pgfplotmarksize=\dimen183
)
\tikz@lastx=\dimen184
\tikz@lasty=\dimen185
\tikz@lastxsaved=\dimen186
\tikz@lastysaved=\dimen187
\tikz@lastmovetox=\dimen188
\tikz@lastmovetoy=\dimen189
\tikzleveldistance=\dimen190
\tikzsiblingdistance=\dimen191
\tikz@figbox=\box57
\tikz@figbox@bg=\box58
\tikz@tempbox=\box59
\tikz@tempbox@bg=\box60
\tikztreelevel=\count271
\tikznumberofchildren=\count272
\tikznumberofcurrentchild=\count273
\tikz@fig@count=\count274

(C:\Users\huanium\AppData\Local\Programs\MiKTeX\tex/generic/pgf/modules\pgfmodu
lematrix.code.tex
File: pgfmodulematrix.code.tex 2021/05/15 v3.1.9a (3.1.9a)
\pgfmatrixcurrentrow=\count275
\pgfmatrixcurrentcolumn=\count276
\pgf@matrix@numberofcolumns=\count277
)
\tikz@expandcount=\count278

(C:\Users\huanium\AppData\Local\Programs\MiKTeX\tex/generic/pgf/frontendlayer/t
ikz/libraries\tikzlibrarytopaths.code.tex
File: tikzlibrarytopaths.code.tex 2021/05/15 v3.1.9a (3.1.9a)
)))
(C:\Users\huanium\AppData\Local\Programs\MiKTeX\tex/generic/pgf/frontendlayer/t
ikz/libraries\tikzlibraryshapes.code.tex
File: tikzlibraryshapes.code.tex 2021/05/15 v3.1.9a (3.1.9a)

(C:\Users\huanium\AppData\Local\Programs\MiKTeX\tex/generic/pgf/frontendlayer/t
ikz/libraries\tikzlibraryshapes.geometric.code.tex
File: tikzlibraryshapes.geometric.code.tex 2021/05/15 v3.1.9a (3.1.9a)

(C:\Users\huanium\AppData\Local\Programs\MiKTeX\tex/generic/pgf/libraries/shape
s\pgflibraryshapes.geometric.code.tex
File: pgflibraryshapes.geometric.code.tex 2021/05/15 v3.1.9a (3.1.9a)
))
(C:\Users\huanium\AppData\Local\Programs\MiKTeX\tex/generic/pgf/frontendlayer/t
ikz/libraries\tikzlibraryshapes.misc.code.tex
File: tikzlibraryshapes.misc.code.tex 2021/05/15 v3.1.9a (3.1.9a)

(C:\Users\huanium\AppData\Local\Programs\MiKTeX\tex/generic/pgf/libraries/shape
s\pgflibraryshapes.misc.code.tex
File: pgflibraryshapes.misc.code.tex 2021/05/15 v3.1.9a (3.1.9a)
))
(C:\Users\huanium\AppData\Local\Programs\MiKTeX\tex/generic/pgf/frontendlayer/t
ikz/libraries\tikzlibraryshapes.symbols.code.tex
File: tikzlibraryshapes.symbols.code.tex 2021/05/15 v3.1.9a (3.1.9a)

(C:\Users\huanium\AppData\Local\Programs\MiKTeX\tex/generic/pgf/libraries/shape
s\pgflibraryshapes.symbols.code.tex
File: pgflibraryshapes.symbols.code.tex 2021/05/15 v3.1.9a (3.1.9a)
))
(C:\Users\huanium\AppData\Local\Programs\MiKTeX\tex/generic/pgf/frontendlayer/t
ikz/libraries\tikzlibraryshapes.arrows.code.tex
File: tikzlibraryshapes.arrows.code.tex 2021/05/15 v3.1.9a (3.1.9a)

(C:\Users\huanium\AppData\Local\Programs\MiKTeX\tex/generic/pgf/libraries/shape
s\pgflibraryshapes.arrows.code.tex
File: pgflibraryshapes.arrows.code.tex 2021/05/15 v3.1.9a (3.1.9a)
))
(C:\Users\huanium\AppData\Local\Programs\MiKTeX\tex/generic/pgf/frontendlayer/t
ikz/libraries\tikzlibraryshapes.callouts.code.tex
(C:\Users\huanium\AppData\Local\Programs\MiKTeX\tex/generic/pgf/libraries/shape
s\pgflibraryshapes.callouts.code.tex))
(C:\Users\huanium\AppData\Local\Programs\MiKTeX\tex/generic/pgf/frontendlayer/t
ikz/libraries\tikzlibraryshapes.multipart.code.tex
File: tikzlibraryshapes.multipart.code.tex 2021/05/15 v3.1.9a (3.1.9a)

(C:\Users\huanium\AppData\Local\Programs\MiKTeX\tex/generic/pgf/libraries/shape
s\pgflibraryshapes.multipart.code.tex
File: pgflibraryshapes.multipart.code.tex 2021/05/15 v3.1.9a (3.1.9a)
\pgfnodepartlowerbox=\box61
\pgfnodeparttwobox=\box62
\pgfnodepartthreebox=\box63
\pgfnodepartfourbox=\box64
\pgfnodeparttwentybox=\box65
\pgfnodepartnineteenbox=\box66
\pgfnodeparteighteenbox=\box67
\pgfnodepartseventeenbox=\box68
\pgfnodepartsixteenbox=\box69
\pgfnodepartfifteenbox=\box70
\pgfnodepartfourteenbox=\box71
\pgfnodepartthirteenbox=\box72
\pgfnodeparttwelvebox=\box73
\pgfnodepartelevenbox=\box74
\pgfnodeparttenbox=\box75
\pgfnodepartninebox=\box76
\pgfnodeparteightbox=\box77
\pgfnodepartsevenbox=\box78
\pgfnodepartsixbox=\box79
\pgfnodepartfivebox=\box80
)))
(C:\Users\huanium\AppData\Local\Programs\MiKTeX\tex/generic/pgf/frontendlayer/t
ikz/libraries\tikzlibrarydecorations.code.tex
(C:\Users\huanium\AppData\Local\Programs\MiKTeX\tex/generic/pgf/modules\pgfmodu
ledecorations.code.tex
\pgfdecoratedcompleteddistance=\dimen192
\pgfdecoratedremainingdistance=\dimen193
\pgfdecoratedinputsegmentcompleteddistance=\dimen194
\pgfdecoratedinputsegmentremainingdistance=\dimen195
\pgf@decorate@distancetomove=\dimen196
\pgf@decorate@repeatstate=\count279
\pgfdecorationsegmentamplitude=\dimen197
\pgfdecorationsegmentlength=\dimen198
)
\tikz@lib@dec@box=\box81
)
(C:\Users\huanium\AppData\Local\Programs\MiKTeX\tex/generic/pgf/frontendlayer/t
ikz/libraries\tikzlibraryshadows.code.tex
File: tikzlibraryshadows.code.tex 2021/05/15 v3.1.9a (3.1.9a)

(C:\Users\huanium\AppData\Local\Programs\MiKTeX\tex/generic/pgf/frontendlayer/t
ikz/libraries\tikzlibraryfadings.code.tex
File: tikzlibraryfadings.code.tex 2021/05/15 v3.1.9a (3.1.9a)

(C:\Users\huanium\AppData\Local\Programs\MiKTeX\tex/generic/pgf/libraries\pgfli
braryfadings.code.tex
File: pgflibraryfadings.code.tex 2021/05/15 v3.1.9a (3.1.9a)
)))
(C:\Users\huanium\AppData\Local\Programs\MiKTeX\tex/generic/pgf/frontendlayer/t
ikz/libraries\tikzlibrarybackgrounds.code.tex
File: tikzlibrarybackgrounds.code.tex 2021/05/15 v3.1.9a (3.1.9a)
\pgf@layerbox@background=\box82
\pgf@layerboxsaved@background=\box83
)
(C:\Users\huanium\AppData\Local\Programs\MiKTeX\tex/generic/pgf/frontendlayer/t
ikz/libraries\tikzlibrarycalc.code.tex
File: tikzlibrarycalc.code.tex 2021/05/15 v3.1.9a (3.1.9a)
)
(C:\Users\huanium\AppData\Local\Programs\MiKTeX\tex/generic/pgf/frontendlayer/t
ikz/libraries\tikzlibraryfit.code.tex
File: tikzlibraryfit.code.tex 2021/05/15 v3.1.9a (3.1.9a)
)
(C:\Users\huanium\AppData\Local\Programs\MiKTeX\tex/generic/pgf/frontendlayer/t
ikz/libraries\tikzlibrarydecorations.pathmorphing.code.tex
(C:\Users\huanium\AppData\Local\Programs\MiKTeX\tex/generic/pgf/libraries/decor
ations\pgflibrarydecorations.pathmorphing.code.tex))
(C:\Users\huanium\AppData\Local\Programs\MiKTeX\tex/generic/pgf/libraries\pgfli
braryarrows.code.tex
File: pgflibraryarrows.code.tex 2021/05/15 v3.1.9a (3.1.9a)
\arrowsize=\dimen199
)
\TP@innermargin=\dimen256
\TP@visibletextwidth=\dimen257
\TP@visibletextheight=\dimen258
\TP@titlewidth=\dimen259
\titlewidth=\dimen260
\TP@titlelinewidth=\dimen261
\titlelinewidth=\dimen262
\titleinnersep=\dimen263
\TP@titleinnersep=\dimen264
\TP@titletotopverticalspace=\dimen265
\titletotopverticalspace=\dimen266
\TP@titletoblockverticalspace=\dimen267
\TP@titleheight=\dimen268
\titleheight=\dimen269
\titlegraphicheight=\dimen270
\titleposleft=\dimen271
\titleposright=\dimen272
\titlepostop=\dimen273
\titleposbottom=\dimen274
\TP@titlegraphictotitledistance=\dimen275
\TP@colspace=\dimen276
\TP@coltop=\dimen277
\TP@colbottom=\dimen278
\TP@colcenter=\dimen279
\colwidth=\dimen280
\TP@subcolspace=\dimen281
\TP@subcoltop=\dimen282
\TP@subcolbottom=\dimen283
\TP@subcolcenter=\dimen284
\subcolwidth=\dimen285
\TP@blockverticalspace=\dimen286
\TP@blockcenter=\dimen287
\TP@blocktitleinnersep=\dimen288
\blocktitleinnersep=\dimen289
\TP@blockbodyinnersep=\dimen290
\blockbodyinnersep=\dimen291
\TP@blocktitlebox=\box84
\TP@blockbodybox=\box85
\TP@blocktitlewidth=\dimen292
\TP@blockbodywidth=\dimen293
\TP@blockbodyheight=\dimen294
\TP@blocktitleheight=\dimen295
\TP@blocktop=\dimen296
\TP@blocktitleoffsetx=\dimen297
\TP@blocktitleoffsety=\dimen298
\TP@blockbodyoffsetx=\dimen299
\TP@blockbodyoffsety=\dimen300
\TP@blockbodyverticalshift=\dimen301
\blocklinewidth=\dimen302
\TP@innerblockcenter=\dimen303
\TP@innerblocktitleinnersep=\dimen304
\innerblocktitleinnersep=\dimen305
\TP@innerblockbodyinnersep=\dimen306
\innerblockbodyinnersep=\dimen307
\TP@innerblocktitlebox=\box86
\TP@innerblockbodybox=\box87
\TP@innerblocktitlewidth=\dimen308
\TP@innerblockbodywidth=\dimen309
\TP@innerblockbodyheight=\dimen310
\TP@innerblocktitleheight=\dimen311
\TP@innerblocktitleoffsetx=\dimen312
\TP@innerblocktitleoffsety=\dimen313
\TP@innerblockbodyoffsetx=\dimen314
\TP@innerblockbodyoffsety=\dimen315
\TP@innerblockbodyverticalshift=\dimen316
\innerblocklinewidth=\dimen317
\TP@coloredbox=\box88
\TP@coloredboxwidth=\dimen318
\TP@coloredboxlinewidth=\dimen319
\TP@coloredboxinnersep=\dimen320
\TP@coloredboxheight=\dimen321
\TP@noteinnersep=\dimen322
\noteinnersep=\dimen323
\TP@notetargetoffsetx=\dimen324
\TP@notetargetoffsety=\dimen325
\TP@noteradius=\dimen326
\TP@notewidth=\dimen327
\TP@noteheight=\dimen328
\TP@notebox=\box89
\notelinewidth=\dimen329


Package tikzposter Warning: Unknown Option 26pt. on input line 204.


Package tikzposter Warning: Unknown Option paperwidth=36in. on input line 204.


Package tikzposter Warning: Unknown Option paperheight=48in. on input line 204.



(C:\Users\huanium\AppData\Local\Programs\MiKTeX\tex/latex/extsizes\extarticle.c
ls
Document Class: extarticle 1996/10/08 v1.0 Non Standard LaTeX document class
(C:\Users\huanium\AppData\Local\Programs\MiKTeX\tex/latex/base\size10.clo
File: size10.clo 2021/10/04 v1.4n Standard LaTeX file (size option)
)
(C:\Users\huanium\AppData\Local\Programs\MiKTeX\tex/latex/base\exscale.sty
Package: exscale 2018/09/24 v2.1i Standard LaTeX package exscale
LaTeX Font Info:    Redeclaring symbol font `largesymbols' on input line 57.
LaTeX Font Info:    Overwriting symbol font `largesymbols' in version `normal'
(Font)                  OMX/cmex/m/n --> OMX/cmex/m/n on input line 57.
LaTeX Font Info:    Overwriting symbol font `largesymbols' in version `bold'
(Font)                  OMX/cmex/m/n --> OMX/cmex/m/n on input line 57.
\big@size=\dimen330
)
\c@part=\count280
\c@section=\count281
\c@subsection=\count282
\c@subsubsection=\count283
\c@paragraph=\count284
\c@subparagraph=\count285
\c@figure=\count286
\c@table=\count287
\abovecaptionskip=\skip50
\belowcaptionskip=\skip51
\bibindent=\dimen331
)
(C:\Users\huanium\AppData\Local\Programs\MiKTeX\tex/latex/geometry\geometry.sty
Package: geometry 2020/01/02 v5.9 Page Geometry
(C:\Users\huanium\AppData\Local\Programs\MiKTeX\tex/generic/iftex\ifvtex.sty
Package: ifvtex 2019/10/25 v1.7 ifvtex legacy package. Use iftex instead.

(C:\Users\huanium\AppData\Local\Programs\MiKTeX\tex/generic/iftex\iftex.sty
Package: iftex 2022/02/03 v1.0f TeX engine tests
))
\Gm@cnth=\count288
\Gm@cntv=\count289
\c@Gm@tempcnt=\count290
\Gm@bindingoffset=\dimen332
\Gm@wd@mp=\dimen333
\Gm@odd@mp=\dimen334
\Gm@even@mp=\dimen335
\Gm@layoutwidth=\dimen336
\Gm@layoutheight=\dimen337
\Gm@layouthoffset=\dimen338
\Gm@layoutvoffset=\dimen339
\Gm@dimlist=\toks30

(C:\Users\huanium\AppData\Local\Programs\MiKTeX\tex/latex/geometry\geometry.cfg
))
(C:\Users\huanium\AppData\Local\Programs\MiKTeX\tex/latex/a0poster\a0size.sty
File: a0size.sty 2004/01/31 v1.22b a0poster class (GK, MW)
LaTeX Font Info:    Redeclaring symbol font `largesymbols' on input line 229.
LaTeX Font Info:    Overwriting symbol font `largesymbols' in version `normal'
(Font)                  OMX/cmex/m/n --> OMX/cmex/m/n on input line 229.
LaTeX Font Info:    Overwriting symbol font `largesymbols' in version `bold'
(Font)                  OMX/cmex/m/n --> OMX/cmex/m/n on input line 229.
\big@size=\dimen340
)
\pgf@layerbox@backgroundlayer=\box90
\pgf@layerboxsaved@backgroundlayer=\box91
\pgf@layerbox@notelayer=\box92
\pgf@layerboxsaved@notelayer=\box93

(C:\Users\huanium\AppData\Local\Programs\MiKTeX\tex/latex/tikzposter\tikzposter
Colorpalettes.tex)
(C:\Users\huanium\AppData\Local\Programs\MiKTeX\tex/latex/tikzposter\tikzposter
Colorstyles.tex)
(C:\Users\huanium\AppData\Local\Programs\MiKTeX\tex/latex/tikzposter\tikzposter
Backgroundstyles.tex)
(C:\Users\huanium\AppData\Local\Programs\MiKTeX\tex/latex/tikzposter\tikzposter
Titlestyles.tex)
(C:\Users\huanium\AppData\Local\Programs\MiKTeX\tex/latex/tikzposter\tikzposter
Blockstyles.tex)
(C:\Users\huanium\AppData\Local\Programs\MiKTeX\tex/latex/tikzposter\tikzposter
Innerblockstyles.tex)
(C:\Users\huanium\AppData\Local\Programs\MiKTeX\tex/latex/tikzposter\tikzposter
Notestyles.tex)
(C:\Users\huanium\AppData\Local\Programs\MiKTeX\tex/latex/tikzposter\tikzposter
Layoutthemes.tex)
\c@figurecounter=\count291
)
(C:\Users\huanium\AppData\Local\Programs\MiKTeX\tex/latex/psnfss\helvet.sty
Package: helvet 2020/03/25 PSNFSS-v9.3 (WaS) 
)
(C:\Users\huanium\AppData\Local\Programs\MiKTeX\tex/latex/base\fontenc.sty
Package: fontenc 2021/04/29 v2.0v Standard LaTeX package
LaTeX Font Info:    Trying to load font information for T1+phv on input line 11
2.

(C:\Users\huanium\AppData\Local\Programs\MiKTeX\tex/latex/psnfss\t1phv.fd
File: t1phv.fd 2020/03/25 scalable font definitions for T1/phv.
))
(C:\Users\huanium\AppData\Local\Programs\MiKTeX\tex/latex/braket\braket.sty)
(C:\Users\huanium\AppData\Local\Programs\MiKTeX\tex/latex/caption\subcaption.st
y
Package: subcaption 2022/01/07 v1.5 Sub-captions (AR)
 (C:\Users\huanium\AppData\Local\Programs\MiKTeX\tex/latex/caption\caption.sty
Package: caption 2022/03/01 v3.6b Customizing captions (AR)
(C:\Users\huanium\AppData\Local\Programs\MiKTeX\tex/latex/caption\caption3.sty
Package: caption3 2022/03/17 v2.3b caption3 kernel (AR)
\caption@tempdima=\dimen341
\captionmargin=\dimen342
\caption@leftmargin=\dimen343
\caption@rightmargin=\dimen344
\caption@width=\dimen345
\caption@indent=\dimen346
\caption@parindent=\dimen347
\caption@hangindent=\dimen348
Package caption Info: Standard document class detected.
)
\c@caption@flags=\count292
\c@continuedfloat=\count293
)
\c@subfigure=\count294
\c@subtable=\count295
)
(C:\Users\huanium\AppData\Local\Programs\MiKTeX\tex/latex/adjustbox\adjustbox.s
ty
Package: adjustbox 2022/10/17 v1.3a Adjusting TeX boxes (trim, clip, ...)

(C:\Users\huanium\AppData\Local\Programs\MiKTeX\tex/latex/adjustbox\adjcalc.sty
Package: adjcalc 2012/05/16 v1.1 Provides advanced setlength with multiple back
-ends (calc, etex, pgfmath)
)
(C:\Users\huanium\AppData\Local\Programs\MiKTeX\tex/latex/adjustbox\trimclip.st
y
Package: trimclip 2020/08/19 v1.2 Trim and clip general TeX material

(C:\Users\huanium\AppData\Local\Programs\MiKTeX\tex/latex/collectbox\collectbox
.sty
Package: collectbox 2022/10/17 v0.4c Collect macro arguments as boxes
\collectedbox=\box94
)
\tc@llx=\dimen349
\tc@lly=\dimen350
\tc@urx=\dimen351
\tc@ury=\dimen352
Package trimclip Info: Using driver 'tc-pdftex.def'.

(C:\Users\huanium\AppData\Local\Programs\MiKTeX\tex/latex/adjustbox\tc-pdftex.d
ef
File: tc-pdftex.def 2019/01/04 v2.2 Clipping driver for pdftex
))
\adjbox@Width=\dimen353
\adjbox@Height=\dimen354
\adjbox@Depth=\dimen355
\adjbox@Totalheight=\dimen356
\adjbox@pwidth=\dimen357
\adjbox@pheight=\dimen358
\adjbox@pdepth=\dimen359
\adjbox@ptotalheight=\dimen360

(C:\Users\huanium\AppData\Local\Programs\MiKTeX\tex/latex/ifoddpage\ifoddpage.s
ty
Package: ifoddpage 2022/10/18 v1.2 Conditionals for odd/even page detection
\c@checkoddpage=\count296
)
(C:\Users\huanium\AppData\Local\Programs\MiKTeX\tex/latex/varwidth\varwidth.sty
Package: varwidth 2009/03/30 ver 0.92;  Variable-width minipages
\@vwid@box=\box95
\sift@deathcycles=\count297
\@vwid@loff=\dimen361
\@vwid@roff=\dimen362
))
(C:\Users\huanium\AppData\Local\Programs\MiKTeX\tex/latex/blindtext\blindtext.s
ty
Package: blindtext 2012/01/06 V2.0 blindtext-Package
 (C:\Users\huanium\AppData\Local\Programs\MiKTeX\tex/latex/tools\xspace.sty
Package: xspace 2014/10/28 v1.13 Space after command names (DPC,MH)
)
\c@blindtext=\count298
\c@Blindtext=\count299
\c@blind@countparstart=\count300
\blind@countxx=\count301
\blindtext@numBlindtext=\count302
\blind@countyy=\count303
\c@blindlist=\count304
\c@blindlistlevel=\count305
\c@blindlist@level=\count306
\blind@listitem=\count307
\c@blind@listcount=\count308
\c@blind@levelcount=\count309
\blind@mathformula=\count310
\blind@Mathformula=\count311
\c@blind@randomcount=\count312
\c@blind@randommax=\count313
\c@blind@pangramcount=\count314
\c@blind@pangrammax=\count315
) (C:\Users\huanium\AppData\Local\Programs\MiKTeX\tex/latex/comment\comment.sty
\CommentStream=\write4

Excluding comment 'comment')
(C:\Users\huanium\AppData\Local\Programs\MiKTeX\tex/latex/l3backend\l3backend-p
dftex.def
File: l3backend-pdftex.def 2022-02-07 L3 backend support: PDF output (pdfTeX)
\l__color_backend_stack_int=\count316
\l__pdf_internal_box=\box96
)

LaTeX Warning: Unused global option(s):
    [26pt,paperwidth=36in,paperheight=48in].

(BEC1_CUA_Retreat_2023.aux)
\openout1 = `BEC1_CUA_Retreat_2023.aux'.

LaTeX Font Info:    Checking defaults for OML/cmm/m/it on input line 101.
LaTeX Font Info:    ... okay on input line 101.
LaTeX Font Info:    Checking defaults for OMS/cmsy/m/n on input line 101.
LaTeX Font Info:    ... okay on input line 101.
LaTeX Font Info:    Checking defaults for OT1/cmr/m/n on input line 101.
LaTeX Font Info:    ... okay on input line 101.
LaTeX Font Info:    Checking defaults for T1/cmr/m/n on input line 101.
LaTeX Font Info:    ... okay on input line 101.
LaTeX Font Info:    Checking defaults for TS1/cmr/m/n on input line 101.
LaTeX Font Info:    ... okay on input line 101.
LaTeX Font Info:    Checking defaults for OMX/cmex/m/n on input line 101.
LaTeX Font Info:    ... okay on input line 101.
LaTeX Font Info:    Checking defaults for U/cmr/m/n on input line 101.
LaTeX Font Info:    ... okay on input line 101.

(C:\Users\huanium\AppData\Local\Programs\MiKTeX\tex/context/base/mkii\supp-pdf.
mkii
[Loading MPS to PDF converter (version 2006.09.02).]
\scratchcounter=\count317
\scratchdimen=\dimen363
\scratchbox=\box97
\nofMPsegments=\count318
\nofMParguments=\count319
\everyMPshowfont=\toks31
\MPscratchCnt=\count320
\MPscratchDim=\dimen364
\MPnumerator=\count321
\makeMPintoPDFobject=\count322
\everyMPtoPDFconversion=\toks32
)
(C:\Users\huanium\AppData\Local\Programs\MiKTeX\tex/latex/epstopdf-pkg\epstopdf
-base.sty
Package: epstopdf-base 2020-01-24 v2.11 Base part for package epstopdf
Package epstopdf-base Info: Redefining graphics rule for `.eps' on input line 4
85.

(C:\Users\huanium\AppData\Local\Programs\MiKTeX\tex/latex/00miktex\epstopdf-sys
.cfg
File: epstopdf-sys.cfg 2021/03/18 v2.0 Configuration of epstopdf for MiKTeX
))
*geometry* driver: auto-detecting
*geometry* detected driver: pdftex
*geometry* verbose mode - [ preamble ] result:
* driver: pdftex
* paper: a0paper
* layout: <same size as paper>
* layoutoffset:(h,v)=(0.0pt,0.0pt)
* modes: 
* h-part:(L,W,R)=(0.0pt, 2392.87677pt, 0.0pt)
* v-part:(T,H,B)=(0.0pt, 3383.03267pt, 0.0pt)
* \paperwidth=2392.87677pt
* \paperheight=3383.03267pt
* \textwidth=2392.87677pt
* \textheight=3383.03267pt
* \oddsidemargin=-72.26999pt
* \evensidemargin=-72.26999pt
* \topmargin=-109.26999pt
* \headheight=12.0pt
* \headsep=25.0pt
* \topskip=10.0pt
* \footskip=30.0pt
* \marginparwidth=65.0pt
* \marginparsep=11.0pt
* \columnsep=10.0pt
* \skip\footins=9.0pt plus 4.0pt minus 2.0pt
* \hoffset=0.0pt
* \voffset=0.0pt
* \mag=1000
* \@twocolumnfalse
* \@twosidefalse
* \@mparswitchfalse
* \@reversemarginfalse
* (1in=72.27pt=25.4mm, 1cm=28.453pt)

Package caption Info: Begin \AtBeginDocument code.
Package caption Info: End \AtBeginDocument code.
Missing character: There is no 1 in font nullfont!
Missing character: There is no = in font nullfont!
Missing character: There is no 1 in font nullfont!
LaTeX Font Info:    Trying to load font information for TS1+phv on input line 1
69.
(C:\Users\huanium\AppData\Local\Programs\MiKTeX\tex/latex/psnfss\ts1phv.fd
File: ts1phv.fd 2020/03/25 scalable font definitions for TS1/phv.
)
LaTeX Font Info:    Calculating math sizes for size <24> on input line 169.


LaTeX Font Warning: Font shape `OT1/cmr/m/n' in size <24> not available
(Font)              size <24.88> substituted on input line 169.


LaTeX Font Warning: Font shape `OT1/cmr/m/n' in size <16.79993> not available
(Font)              size <17.28> substituted on input line 169.


LaTeX Font Warning: Font shape `OML/cmm/m/it' in size <24> not available
(Font)              size <24.88> substituted on input line 169.


LaTeX Font Warning: Font shape `OML/cmm/m/it' in size <16.79993> not available
(Font)              size <17.28> substituted on input line 169.


LaTeX Font Warning: Font shape `OMS/cmsy/m/n' in size <24> not available
(Font)              size <24.88> substituted on input line 169.


LaTeX Font Warning: Font shape `OMS/cmsy/m/n' in size <16.79993> not available
(Font)              size <17.28> substituted on input line 169.


LaTeX Font Warning: Font shape `OMX/cmex/m/n' in size <24> not available
(Font)              size <24.88> substituted on input line 169.


LaTeX Font Warning: Font shape `OMX/cmex/m/n' in size <16.79993> not available
(Font)              size <17.28> substituted on input line 169.

Package epstopdf Info: Source file: <figures/Feshbach_Plot_Redone.eps>
(epstopdf)                    date: 2022-06-29 00:27:43
(epstopdf)                    size: 659986 bytes
(epstopdf)             Output file: <figures/Feshbach_Plot_Redone-eps-converted
-to.pdf>
(epstopdf)                    date: 2022-06-29 00:27:43
(epstopdf)                    size: 28333 bytes
(epstopdf)             Command: <miktex-epstopdf --outfile=figures/Feshbach_Plo
t_Redone-eps-converted-to.pdf figures/Feshbach_Plot_Redone.eps>
(epstopdf)             \includegraphics on input line 169.
Package epstopdf Info: Output file is already uptodate.
<figures/Feshbach_Plot_Redone-eps-converted-to.pdf, id=30, 500.87125pt x 336.25
626pt>
File: figures/Feshbach_Plot_Redone-eps-converted-to.pdf Graphic file (type pdf)

<use figures/Feshbach_Plot_Redone-eps-converted-to.pdf>
Package pdftex.def Info: figures/Feshbach_Plot_Redone-eps-converted-to.pdf  use
d on input line 169.
(pdftex.def)             Requested size: 412.75224pt x 277.1121pt.

Overfull \hbox (53.83534pt too wide) in paragraph at lines 169--169
[][] 
 []

<figures/fundamental_modes_redone.pdf, id=31, 426.91695pt x 209.65227pt>
File: figures/fundamental_modes_redone.pdf Graphic file (type pdf)
<use figures/fundamental_modes_redone.pdf>
Package pdftex.def Info: figures/fundamental_modes_redone.pdf  used on input li
ne 255.
(pdftex.def)             Requested size: 256.0748pt x 392.76752pt.
<figures/SecondSoundExcitationRedone.png, id=33, 216.81pt x 86.724pt>
File: figures/SecondSoundExcitationRedone.png Graphic file (type png)
<use figures/SecondSoundExcitationRedone.png>
Package pdftex.def Info: figures/SecondSoundExcitationRedone.png  used on input
 line 348.
(pdftex.def)             Requested size: 610.15762pt x 244.12894pt.
<figures/local_thermometer_redone.pdf, id=35, 243.91125pt x 172.44025pt>
File: figures/local_thermometer_redone.pdf Graphic file (type pdf)
<use figures/local_thermometer_redone.pdf>
Package pdftex.def Info: figures/local_thermometer_redone.pdf  used on input li
ne 348.
(pdftex.def)             Requested size: 610.15762pt x 203.6348pt.

Overfull \hbox (251.24072pt too wide) in paragraph at lines 348--348
 [] 
 []


Overfull \hbox (251.24072pt too wide) in paragraph at lines 348--348
 [] 
 []

File: figures/local_thermometer_redone.pdf Graphic file (type pdf)
<use figures/local_thermometer_redone.pdf>
Package pdftex.def Info: figures/local_thermometer_redone.pdf  used on input li
ne 348.
(pdftex.def)             Requested size: 284.52756pt x 195.0667pt.

Underfull \hbox (badness 10000) in paragraph at lines 348--348

 []

File: figures/local_thermometer_redone.pdf Graphic file (type pdf)
<use figures/local_thermometer_redone.pdf>
Package pdftex.def Info: figures/local_thermometer_redone.pdf  used on input li
ne 348.
(pdftex.def)             Requested size: 284.52756pt x 195.0667pt.

Package pgf Warning: Returning node center instead of a point on node border. D
id you specify a point identical to the center of node ``notetarget''? on input
 line 367.


Overfull \hbox (10.51987pt too wide) in paragraph at lines 436--436
 []$ 
 []

LaTeX Font Info:    Font shape `T1/phv/m/it' in size <24> not available
(Font)              Font shape `T1/phv/m/sl' tried instead on input line 473.
<Funding Logos/Air_Force_LogoAsset 16.png, id=39, 150.5625pt x 146.5475pt>
File: Funding Logos/Air_Force_LogoAsset 16.png Graphic file (type png)
<use Funding Logos/Air_Force_LogoAsset 16.png>
Package pdftex.def Info: Funding Logos/Air_Force_LogoAsset 16.png  used on inpu
t line 494.
(pdftex.def)             Requested size: 128.62198pt x 125.19194pt.
<Funding Logos/NSF_Logo.png, id=40, 149.55875pt x 150.5625pt>
File: Funding Logos/NSF_Logo.png Graphic file (type png)
<use Funding Logos/NSF_Logo.png>
Package pdftex.def Info: Funding Logos/NSF_Logo.png  used on input line 494.
(pdftex.def)             Requested size: 124.36192pt x 125.19194pt.
<Funding Logos/Office_of_Naval_Research_Official_Logo.png, id=41, 519.8622pt x 
237.0456pt>
File: Funding Logos/Office_of_Naval_Research_Official_Logo.png Graphic file (ty
pe png)
<use Funding Logos/Office_of_Naval_Research_Official_Logo.png>
Package pdftex.def Info: Funding Logos/Office_of_Naval_Research_Official_Logo.p
ng  used on input line 494.
(pdftex.def)             Requested size: 274.55789pt x 125.19194pt.

Overfull \hbox (20.1624pt too wide) in paragraph at lines 494--494
[]$[]$   $[]$
 []

[1

{C:/Users/huanium/AppData/Local/MiKTeX/fonts/map/pdftex/pdftex.map} <./figures/
fundamental_modes_redone.pdf> <./figures/local_thermometer_redone.pdf> <./figur
es/Feshbach_Plot_Redone-eps-converted-to.pdf> <./figures/SecondSoundExcitationR
edone.png> <./Funding Logos/Air_Force_LogoAsset 16.png> <./Funding Logos/NSF_Lo
go.png> <./Funding Logos/Office_of_Naval_Research_Official_Logo.png>]
(BEC1_CUA_Retreat_2023.aux)

LaTeX Font Warning: Size substitutions with differences
(Font)              up to 0.88pt have occurred.

 ) 
Here is how much of TeX's memory you used:
 20302 strings out of 478582
 451486 string characters out of 2843400
 778953 words of memory out of 3000000
 38079 multiletter control sequences out of 15000+600000
 506546 words of font info for 74 fonts, out of 8000000 for 9000
 1141 hyphenation exceptions out of 8191
 115i,12n,131p,514b,969s stack positions out of 10000i,1000n,20000p,200000b,80000s
{C:/Users/huanium/AppData/Local/Programs/MiKTeX/fonts/enc/dvips/base/8r.enc}<
C:/Users/huanium/AppData/Local/Programs/MiKTeX/fonts/type1/public/amsfonts/cm/c
mmi12.pfb><C:/Users/huanium/AppData/Local/Programs/MiKTeX/fonts/type1/public/am
sfonts/cm/cmr17.pfb><C:/Users/huanium/AppData/Local/Programs/MiKTeX/fonts/type1
/public/amsfonts/cm/cmsy10.pfb><C:/Users/huanium/AppData/Local/Programs/MiKTeX/
fonts/type1/urw/helvetic/uhvb8a.pfb><C:/Users/huanium/AppData/Local/Programs/Mi
KTeX/fonts/type1/urw/helvetic/uhvr8a.pfb><C:/Users/huanium/AppData/Local/Progra
ms/MiKTeX/fonts/type1/urw/helvetic/uhvro8a.pfb>
Output written on BEC1_CUA_Retreat_2023.pdf (1 page, 2983910 bytes).
PDF statistics:
 6189 PDF objects out of 7423 (max. 8388607)
 0 named destinations out of 1000 (max. 500000)
 174 words of extra memory for PDF output out of 10000 (max. 10000000)

