This is pdfTeX, Version 3.14159265-2.6-1.40.18 (MiKTeX 2.9.6500 64-bit) (preloaded format=pdflatex 2018.2.27)  4 SEP 2020 11:47
entering extended mode
**./HuanBui_NonLinear.tex
(HuanBui_NonLinear.tex
LaTeX2e <2017-04-15>
Babel <3.15> and hyphenation patterns for 76 language(s) loaded.
("C:\Program Files\MiKTeX 2.9\tex\latex\base\book.cls"
Document Class: book 2014/09/29 v1.4h Standard LaTeX document class
("C:\Program Files\MiKTeX 2.9\tex\latex\base\bk10.clo"
File: bk10.clo 2014/09/29 v1.4h Standard LaTeX file (size option)
)
\c@part=\count79
\c@chapter=\count80
\c@section=\count81
\c@subsection=\count82
\c@subsubsection=\count83
\c@paragraph=\count84
\c@subparagraph=\count85
\c@figure=\count86
\c@table=\count87
\abovecaptionskip=\skip41
\belowcaptionskip=\skip42
\bibindent=\dimen102
)
("C:\Program Files\MiKTeX 2.9\tex\latex\physics\physics.sty"
Package: physics 

("C:\Program Files\MiKTeX 2.9\tex\latex\l3packages\xparse\xparse.sty"
("C:\Program Files\MiKTeX 2.9\tex\latex\l3kernel\expl3.sty"
Package: expl3 2017/12/05 L3 programming layer (loader) 

("C:\Program Files\MiKTeX 2.9\tex\latex\l3kernel\expl3-code.tex"
Package: expl3 2017/12/05 L3 programming layer (code)
\c_max_int=\count88
\l_tmpa_int=\count89
\l_tmpb_int=\count90
\g_tmpa_int=\count91
\g_tmpb_int=\count92
\g__intarray_font_int=\count93
\g__prg_map_int=\count94
\c_log_iow=\count95
\l_iow_line_count_int=\count96
\l__iow_line_target_int=\count97
\l__iow_one_indent_int=\count98
\l__iow_indent_int=\count99
\c_zero_dim=\dimen103
\c_max_dim=\dimen104
\l_tmpa_dim=\dimen105
\l_tmpb_dim=\dimen106
\g_tmpa_dim=\dimen107
\g_tmpb_dim=\dimen108
\c_zero_skip=\skip43
\c_max_skip=\skip44
\l_tmpa_skip=\skip45
\l_tmpb_skip=\skip46
\g_tmpa_skip=\skip47
\g_tmpb_skip=\skip48
\c_zero_muskip=\muskip10
\c_max_muskip=\muskip11
\l_tmpa_muskip=\muskip12
\l_tmpb_muskip=\muskip13
\g_tmpa_muskip=\muskip14
\g_tmpb_muskip=\muskip15
\l_keys_choice_int=\count100
\c__fp_leading_shift_int=\count101
\c__fp_middle_shift_int=\count102
\c__fp_trailing_shift_int=\count103
\c__fp_big_leading_shift_int=\count104
\c__fp_big_middle_shift_int=\count105
\c__fp_big_trailing_shift_int=\count106
\c__fp_Bigg_leading_shift_int=\count107
\c__fp_Bigg_middle_shift_int=\count108
\c__fp_Bigg_trailing_shift_int=\count109
\c__fp_rand_size_int=\count110
\c__fp_rand_four_int=\count111
\c__fp_rand_eight_int=\count112
\l__sort_length_int=\count113
\l__sort_min_int=\count114
\l__sort_top_int=\count115
\l__sort_max_int=\count116
\l__sort_true_max_int=\count117
\l__sort_block_int=\count118
\l__sort_begin_int=\count119
\l__sort_end_int=\count120
\l__sort_A_int=\count121
\l__sort_B_int=\count122
\l__sort_C_int=\count123
\l__tl_build_start_index_int=\count124
\l__tl_build_index_int=\count125
\l__tl_analysis_normal_int=\count126
\l__tl_analysis_index_int=\count127
\l__tl_analysis_nesting_int=\count128
\l__tl_analysis_type_int=\count129
\l__regex_internal_a_int=\count130
\l__regex_internal_b_int=\count131
\l__regex_internal_c_int=\count132
\l__regex_balance_int=\count133
\l__regex_group_level_int=\count134
\l__regex_mode_int=\count135
\c__regex_cs_in_class_mode_int=\count136
\c__regex_cs_mode_int=\count137
\l__regex_catcodes_int=\count138
\l__regex_default_catcodes_int=\count139
\c__regex_catcode_D_int=\count140
\c__regex_catcode_S_int=\count141
\c__regex_catcode_L_int=\count142
\c__regex_catcode_O_int=\count143
\c__regex_catcode_A_int=\count144
\c__regex_all_catcodes_int=\count145
\l__regex_show_lines_int=\count146
\l__regex_min_state_int=\count147
\l__regex_max_state_int=\count148
\l__regex_left_state_int=\count149
\l__regex_right_state_int=\count150
\l__regex_capturing_group_int=\count151
\l__regex_min_pos_int=\count152
\l__regex_max_pos_int=\count153
\l__regex_curr_pos_int=\count154
\l__regex_start_pos_int=\count155
\l__regex_success_pos_int=\count156
\l__regex_curr_char_int=\count157
\l__regex_curr_catcode_int=\count158
\l__regex_last_char_int=\count159
\l__regex_case_changed_char_int=\count160
\l__regex_curr_state_int=\count161
\l__regex_step_int=\count162
\l__regex_min_active_int=\count163
\l__regex_max_active_int=\count164
\l__regex_replacement_csnames_int=\count165
\l__regex_match_count_int=\count166
\l__regex_min_submatch_int=\count167
\l__regex_submatch_int=\count168
\l__regex_zeroth_submatch_int=\count169
\g__debug_trace_regex_int=\count170
\c_empty_box=\box26
\l_tmpa_box=\box27
\l_tmpb_box=\box28
\g_tmpa_box=\box29
\g_tmpb_box=\box30
\l__box_top_dim=\dimen109
\l__box_bottom_dim=\dimen110
\l__box_left_dim=\dimen111
\l__box_right_dim=\dimen112
\l__box_top_new_dim=\dimen113
\l__box_bottom_new_dim=\dimen114
\l__box_left_new_dim=\dimen115
\l__box_right_new_dim=\dimen116
\l__box_internal_box=\box31
\l__coffin_internal_box=\box32
\l__coffin_internal_dim=\dimen117
\l__coffin_offset_x_dim=\dimen118
\l__coffin_offset_y_dim=\dimen119
\l__coffin_x_dim=\dimen120
\l__coffin_y_dim=\dimen121
\l__coffin_x_prime_dim=\dimen122
\l__coffin_y_prime_dim=\dimen123
\c_empty_coffin=\box33
\l__coffin_aligned_coffin=\box34
\l__coffin_aligned_internal_coffin=\box35
\l_tmpa_coffin=\box36
\l_tmpb_coffin=\box37
\l__coffin_display_coffin=\box38
\l__coffin_display_coord_coffin=\box39
\l__coffin_display_pole_coffin=\box40
\l__coffin_display_offset_dim=\dimen124
\l__coffin_display_x_dim=\dimen125
\l__coffin_display_y_dim=\dimen126
\l__coffin_bounding_shift_dim=\dimen127
\l__coffin_left_corner_dim=\dimen128
\l__coffin_right_corner_dim=\dimen129
\l__coffin_bottom_corner_dim=\dimen130
\l__coffin_top_corner_dim=\dimen131
\l__coffin_scaled_total_height_dim=\dimen132
\l__coffin_scaled_width_dim=\dimen133
)
("C:\Program Files\MiKTeX 2.9\tex\latex\l3kernel\l3pdfmode.def"
File: l3pdfmode.def 2017/03/18 v L3 Experimental driver: PDF mode
\l__driver_color_stack_int=\count171
\l__driver_tmp_box=\box41
))
Package: xparse 2017/12/05 L3 Experimental document command parser
\l__xparse_current_arg_int=\count172
\g__xparse_grabber_int=\count173
\l__xparse_m_args_int=\count174
\l__xparse_mandatory_args_int=\count175
\l__xparse_v_nesting_int=\count176
)
("C:\Program Files\MiKTeX 2.9\tex\latex\amsmath\amsmath.sty"
Package: amsmath 2017/09/02 v2.17a AMS math features
\@mathmargin=\skip49

For additional information on amsmath, use the `?' option.
("C:\Program Files\MiKTeX 2.9\tex\latex\amsmath\amstext.sty"
Package: amstext 2000/06/29 v2.01 AMS text

("C:\Program Files\MiKTeX 2.9\tex\latex\amsmath\amsgen.sty"
File: amsgen.sty 1999/11/30 v2.0 generic functions
\@emptytoks=\toks14
\ex@=\dimen134
))
("C:\Program Files\MiKTeX 2.9\tex\latex\amsmath\amsbsy.sty"
Package: amsbsy 1999/11/29 v1.2d Bold Symbols
\pmbraise@=\dimen135
)
("C:\Program Files\MiKTeX 2.9\tex\latex\amsmath\amsopn.sty"
Package: amsopn 2016/03/08 v2.02 operator names
)
\inf@bad=\count177
LaTeX Info: Redefining \frac on input line 213.
\uproot@=\count178
\leftroot@=\count179
LaTeX Info: Redefining \overline on input line 375.
\classnum@=\count180
\DOTSCASE@=\count181
LaTeX Info: Redefining \ldots on input line 472.
LaTeX Info: Redefining \dots on input line 475.
LaTeX Info: Redefining \cdots on input line 596.
\Mathstrutbox@=\box42
\strutbox@=\box43
\big@size=\dimen136
LaTeX Font Info:    Redeclaring font encoding OML on input line 712.
LaTeX Font Info:    Redeclaring font encoding OMS on input line 713.
\macc@depth=\count182
\c@MaxMatrixCols=\count183
\dotsspace@=\muskip16
\c@parentequation=\count184
\dspbrk@lvl=\count185
\tag@help=\toks15
\row@=\count186
\column@=\count187
\maxfields@=\count188
\andhelp@=\toks16
\eqnshift@=\dimen137
\alignsep@=\dimen138
\tagshift@=\dimen139
\tagwidth@=\dimen140
\totwidth@=\dimen141
\lineht@=\dimen142
\@envbody=\toks17
\multlinegap=\skip50
\multlinetaggap=\skip51
\mathdisplay@stack=\toks18
LaTeX Info: Redefining \[ on input line 2817.
LaTeX Info: Redefining \] on input line 2818.
)
.................................................
. LaTeX info: "xparse/define-command"
. 
. Defining command \vnabla with sig. '' on line 25.
.................................................
.................................................
. LaTeX info: "xparse/define-command"
. 
. Defining command \varE with sig. '' on line 29.
.................................................
.................................................
. LaTeX info: "xparse/define-command"
. 
. Defining command \ordersymbol with sig. '' on line 30.
.................................................
.................................................
. LaTeX info: "xparse/define-command"
. 
. Defining command \lparen with sig. '' on line 31.
.................................................
.................................................
. LaTeX info: "xparse/define-command"
. 
. Defining command \rparen with sig. '' on line 32.
.................................................
.................................................
. LaTeX info: "xparse/define-command"
. 
. Defining command \quantity with sig. '' on line 35.
.................................................
.................................................
. LaTeX info: "xparse/define-command"
. 
. Defining command \@quantity with sig. ' t\big t\Big t\bigg t\Bigg g o d()
. d|| ' on line 62.
.................................................

*************************************************
* LaTeX warning: "xparse/not-single-char"
* 
* Argument delimiter '\big ' for the command '\@quantity' should be a single
* character.
*************************************************
*************************************************
* LaTeX warning: "xparse/not-single-char"
* 
* Argument delimiter '\Big ' for the command '\@quantity' should be a single
* character.
*************************************************
*************************************************
* LaTeX warning: "xparse/not-single-char"
* 
* Argument delimiter '\bigg ' for the command '\@quantity' should be a single
* character.
*************************************************
*************************************************
* LaTeX warning: "xparse/not-single-char"
* 
* Argument delimiter '\Bigg ' for the command '\@quantity' should be a single
* character.
*************************************************
.................................................
. LaTeX info: "xparse/define-command"
. 
. Defining command \qty with sig. '' on line 63.
.................................................
.................................................
. LaTeX info: "xparse/define-command"
. 
. Defining command \pqty with sig. ' l m ' on line 64.
.................................................
.................................................
. LaTeX info: "xparse/define-command"
. 
. Defining command \bqty with sig. ' l m ' on line 65.
.................................................
.................................................
. LaTeX info: "xparse/define-command"
. 
. Defining command \Bqty with sig. ' l m ' on line 66.
.................................................
.................................................
. LaTeX info: "xparse/define-command"
. 
. Defining command \vqty with sig. ' l m ' on line 67.
.................................................
.................................................
. LaTeX info: "xparse/define-command"
. 
. Defining command \pmqty with sig. 'm' on line 70.
.................................................
.................................................
. LaTeX info: "xparse/define-command"
. 
. Defining command \Pmqty with sig. 'm' on line 71.
.................................................
.................................................
. LaTeX info: "xparse/define-command"
. 
. Defining command \bmqty with sig. 'm' on line 72.
.................................................
.................................................
. LaTeX info: "xparse/define-command"
. 
. Defining command \vmqty with sig. 'm' on line 73.
.................................................
.................................................
. LaTeX info: "xparse/define-command"
. 
. Defining command \matrixquantity with sig. '' on line 74.
.................................................
.................................................
. LaTeX info: "xparse/define-command"
. 
. Defining command \@matrixquantity with sig. ' s g o d() d|| ' on line 100.
.................................................
.................................................
. LaTeX info: "xparse/define-command"
. 
. Defining command \mqty with sig. '' on line 101.
.................................................
.................................................
. LaTeX info: "xparse/define-command"
. 
. Defining command \matrixdeterminant with sig. 'm' on line 102.
.................................................
.................................................
. LaTeX info: "xparse/define-command"
. 
. Defining command \mdet with sig. '' on line 103.
.................................................
.................................................
. LaTeX info: "xparse/define-command"
. 
. Defining command \spmqty with sig. 'm' on line 105.
.................................................
.................................................
. LaTeX info: "xparse/define-command"
. 
. Defining command \sPmqty with sig. 'm' on line 106.
.................................................
.................................................
. LaTeX info: "xparse/define-command"
. 
. Defining command \sbmqty with sig. 'm' on line 107.
.................................................
.................................................
. LaTeX info: "xparse/define-command"
. 
. Defining command \svmqty with sig. 'm' on line 108.
.................................................
.................................................
. LaTeX info: "xparse/define-command"
. 
. Defining command \smallmatrixquantity with sig. ' s g o d() d|| ' on line
. 133.
.................................................
.................................................
. LaTeX info: "xparse/define-command"
. 
. Defining command \smqty with sig. '' on line 134.
.................................................
.................................................
. LaTeX info: "xparse/define-command"
. 
. Defining command \smallmatrixdeterminant with sig. 'm' on line 135.
.................................................
.................................................
. LaTeX info: "xparse/define-command"
. 
. Defining command \smdet with sig. '' on line 136.
.................................................
.................................................
. LaTeX info: "xparse/define-command"
. 
. Defining command \argopen with sig. 's' on line 138.
.................................................
.................................................
. LaTeX info: "xparse/define-command"
. 
. Defining command \argclose with sig. 's' on line 139.
.................................................
.................................................
. LaTeX info: "xparse/define-command"
. 
. Defining command \braces with sig. '' on line 141.
.................................................
.................................................
. LaTeX info: "xparse/define-command"
. 
. Defining command \@braces with sig. ' s t\big t\Big t\bigg t\Bigg m m m ' on
. line 156.
.................................................
*************************************************
* LaTeX warning: "xparse/not-single-char"
* 
* Argument delimiter '\big ' for the command '\@braces' should be a single
* character.
*************************************************
*************************************************
* LaTeX warning: "xparse/not-single-char"
* 
* Argument delimiter '\Big ' for the command '\@braces' should be a single
* character.
*************************************************
*************************************************
* LaTeX warning: "xparse/not-single-char"
* 
* Argument delimiter '\bigg ' for the command '\@braces' should be a single
* character.
*************************************************
*************************************************
* LaTeX warning: "xparse/not-single-char"
* 
* Argument delimiter '\Bigg ' for the command '\@braces' should be a single
* character.
*************************************************
.................................................
. LaTeX info: "xparse/define-command"
. 
. Defining command \fbraces with sig. ' s t\big t\Big t\bigg t\Bigg m m m m '
. on line 174.
.................................................
*************************************************
* LaTeX warning: "xparse/not-single-char"
* 
* Argument delimiter '\big ' for the command '\fbraces' should be a single
* character.
*************************************************
*************************************************
* LaTeX warning: "xparse/not-single-char"
* 
* Argument delimiter '\Big ' for the command '\fbraces' should be a single
* character.
*************************************************
*************************************************
* LaTeX warning: "xparse/not-single-char"
* 
* Argument delimiter '\bigg ' for the command '\fbraces' should be a single
* character.
*************************************************
*************************************************
* LaTeX warning: "xparse/not-single-char"
* 
* Argument delimiter '\Bigg ' for the command '\fbraces' should be a single
* character.
*************************************************
.................................................
. LaTeX info: "xparse/define-command"
. 
. Defining command \absolutevalue with sig. ' l m ' on line 176.
.................................................
.................................................
. LaTeX info: "xparse/define-command"
. 
. Defining command \abs with sig. '' on line 177.
.................................................
.................................................
. LaTeX info: "xparse/define-command"
. 
. Defining command \norm with sig. ' l m ' on line 178.
.................................................
.................................................
. LaTeX info: "xparse/define-command"
. 
. Defining command \order with sig. ' l m ' on line 179.
.................................................
.................................................
. LaTeX info: "xparse/define-command"
. 
. Defining command \evaluated with sig. ' s g d[| d(| ' on line 194.
.................................................
.................................................
. LaTeX info: "xparse/define-command"
. 
. Defining command \eval with sig. '' on line 195.
.................................................
.................................................
. LaTeX info: "xparse/define-command"
. 
. Defining command \poissonbracket with sig. ' l m m ' on line 197.
.................................................
.................................................
. LaTeX info: "xparse/define-command"
. 
. Defining command \pb with sig. '' on line 198.
.................................................
.................................................
. LaTeX info: "xparse/define-command"
. 
. Defining command \commutator with sig. ' l m m ' on line 201.
.................................................
.................................................
. LaTeX info: "xparse/define-command"
. 
. Defining command \comm with sig. '' on line 202.
.................................................
.................................................
. LaTeX info: "xparse/define-command"
. 
. Defining command \anticommutator with sig. ' l m m ' on line 203.
.................................................
.................................................
. LaTeX info: "xparse/define-command"
. 
. Defining command \acommutator with sig. '' on line 204.
.................................................
.................................................
. LaTeX info: "xparse/define-command"
. 
. Defining command \acomm with sig. '' on line 205.
.................................................
.................................................
. LaTeX info: "xparse/define-command"
. 
. Defining command \vectorbold with sig. ' s m ' on line 208.
.................................................
.................................................
. LaTeX info: "xparse/define-command"
. 
. Defining command \vb with sig. '' on line 209.
.................................................
.................................................
. LaTeX info: "xparse/define-command"
. 
. Defining command \vectorarrow with sig. ' s m ' on line 211.
.................................................
.................................................
. LaTeX info: "xparse/define-command"
. 
. Defining command \va with sig. '' on line 212.
.................................................
.................................................
. LaTeX info: "xparse/define-command"
. 
. Defining command \vectorunit with sig. ' s m ' on line 214.
.................................................
.................................................
. LaTeX info: "xparse/define-command"
. 
. Defining command \vu with sig. '' on line 215.
.................................................
.................................................
. LaTeX info: "xparse/define-command"
. 
. Defining command \dotproduct with sig. '' on line 217.
.................................................
.................................................
. LaTeX info: "xparse/define-command"
. 
. Defining command \vdot with sig. '' on line 218.
.................................................
.................................................
. LaTeX info: "xparse/define-command"
. 
. Defining command \crossproduct with sig. '' on line 220.
.................................................
.................................................
. LaTeX info: "xparse/define-command"
. 
. Defining command \cross with sig. '' on line 221.
.................................................
.................................................
. LaTeX info: "xparse/define-command"
. 
. Defining command \cp with sig. '' on line 222.
.................................................
.................................................
. LaTeX info: "xparse/define-command"
. 
. Defining command \gradient with sig. ' g o d() ' on line 232.
.................................................
.................................................
. LaTeX info: "xparse/define-command"
. 
. Defining command \grad with sig. '' on line 233.
.................................................
.................................................
. LaTeX info: "xparse/define-command"
. 
. Defining command \divergence with sig. ' g o d() ' on line 243.
.................................................
.................................................
. LaTeX info: "xparse/define-command"
. 
. Defining command \div with sig. '' on line 246.
.................................................
.................................................
. LaTeX info: "xparse/define-command"
. 
. Defining command \curl with sig. ' g o d() ' on line 256.
.................................................
.................................................
. LaTeX info: "xparse/define-command"
. 
. Defining command \laplacian with sig. ' g o d() ' on line 266.
.................................................
.................................................
. LaTeX info: "xparse/define-command"
. 
. Defining command \principalvalue with sig. 'g' on line 274.
.................................................
.................................................
. LaTeX info: "xparse/define-command"
. 
. Defining command \pv with sig. '' on line 275.
.................................................
.................................................
. LaTeX info: "xparse/define-command"
. 
. Defining command \PV with sig. 'g' on line 276.
.................................................
.................................................
. LaTeX info: "xparse/redefine-command"
. 
. Redefining command \Re with sig. 'g' on line 277.
.................................................
.................................................
. LaTeX info: "xparse/redefine-command"
. 
. Redefining command \Im with sig. 'g' on line 278.
.................................................
.................................................
. LaTeX info: "xparse/define-command"
. 
. Defining command \opbraces with sig. ' m g o d() ' on line 299.
.................................................
.................................................
. LaTeX info: "xparse/define-command"
. 
. Defining command \trigbraces with sig. ' m o d() ' on line 305.
.................................................
.................................................
. LaTeX info: "xparse/redefine-command"
. 
. Redefining command \sin with sig. '' on line 309.
.................................................
.................................................
. LaTeX info: "xparse/redefine-command"
. 
. Redefining command \cos with sig. '' on line 310.
.................................................
.................................................
. LaTeX info: "xparse/redefine-command"
. 
. Redefining command \tan with sig. '' on line 311.
.................................................
.................................................
. LaTeX info: "xparse/redefine-command"
. 
. Redefining command \csc with sig. '' on line 312.
.................................................
.................................................
. LaTeX info: "xparse/redefine-command"
. 
. Redefining command \sec with sig. '' on line 313.
.................................................
.................................................
. LaTeX info: "xparse/redefine-command"
. 
. Redefining command \cot with sig. '' on line 314.
.................................................
.................................................
. LaTeX info: "xparse/redefine-command"
. 
. Redefining command \arcsin with sig. '' on line 316.
.................................................
.................................................
. LaTeX info: "xparse/redefine-command"
. 
. Redefining command \arccos with sig. '' on line 317.
.................................................
.................................................
. LaTeX info: "xparse/redefine-command"
. 
. Redefining command \arctan with sig. '' on line 318.
.................................................
.................................................
. LaTeX info: "xparse/define-command"
. 
. Defining command \arccsc with sig. '' on line 320.
.................................................
.................................................
. LaTeX info: "xparse/define-command"
. 
. Defining command \arcsec with sig. '' on line 322.
.................................................
.................................................
. LaTeX info: "xparse/define-command"
. 
. Defining command \arccot with sig. '' on line 324.
.................................................
.................................................
. LaTeX info: "xparse/define-command"
. 
. Defining command \asin with sig. '' on line 327.
.................................................
.................................................
. LaTeX info: "xparse/define-command"
. 
. Defining command \acos with sig. '' on line 329.
.................................................
.................................................
. LaTeX info: "xparse/define-command"
. 
. Defining command \atan with sig. '' on line 331.
.................................................
.................................................
. LaTeX info: "xparse/define-command"
. 
. Defining command \acsc with sig. '' on line 333.
.................................................
.................................................
. LaTeX info: "xparse/define-command"
. 
. Defining command \asec with sig. '' on line 335.
.................................................
.................................................
. LaTeX info: "xparse/define-command"
. 
. Defining command \acot with sig. '' on line 337.
.................................................
.................................................
. LaTeX info: "xparse/redefine-command"
. 
. Redefining command \sinh with sig. '' on line 339.
.................................................
.................................................
. LaTeX info: "xparse/redefine-command"
. 
. Redefining command \cosh with sig. '' on line 340.
.................................................
.................................................
. LaTeX info: "xparse/redefine-command"
. 
. Redefining command \tanh with sig. '' on line 341.
.................................................
.................................................
. LaTeX info: "xparse/define-command"
. 
. Defining command \csch with sig. '' on line 343.
.................................................
.................................................
. LaTeX info: "xparse/define-command"
. 
. Defining command \sech with sig. '' on line 345.
.................................................
.................................................
. LaTeX info: "xparse/redefine-command"
. 
. Redefining command \coth with sig. '' on line 346.
.................................................
.................................................
. LaTeX info: "xparse/redefine-command"
. 
. Redefining command \exp with sig. '' on line 348.
.................................................
.................................................
. LaTeX info: "xparse/redefine-command"
. 
. Redefining command \log with sig. '' on line 349.
.................................................
.................................................
. LaTeX info: "xparse/redefine-command"
. 
. Redefining command \ln with sig. '' on line 350.
.................................................
.................................................
. LaTeX info: "xparse/redefine-command"
. 
. Redefining command \det with sig. '' on line 351.
.................................................
.................................................
. LaTeX info: "xparse/redefine-command"
. 
. Redefining command \Pr with sig. '' on line 352.
.................................................
.................................................
. LaTeX info: "xparse/define-command"
. 
. Defining command \tr with sig. '' on line 353.
.................................................
.................................................
. LaTeX info: "xparse/define-command"
. 
. Defining command \Tr with sig. '' on line 354.
.................................................
.................................................
. LaTeX info: "xparse/define-command"
. 
. Defining command \Res with sig. '' on line 355.
.................................................
.................................................
. LaTeX info: "xparse/define-command"
. 
. Defining command \qqtext with sig. ' s m ' on line 377.
.................................................
.................................................
. LaTeX info: "xparse/define-command"
. 
. Defining command \qq with sig. '' on line 378.
.................................................
.................................................
. LaTeX info: "xparse/define-command"
. 
. Defining command \qcomma with sig. '' on line 380.
.................................................
.................................................
. LaTeX info: "xparse/define-command"
. 
. Defining command \qc with sig. '' on line 381.
.................................................
.................................................
. LaTeX info: "xparse/define-command"
. 
. Defining command \qif with sig. 's' on line 383.
.................................................
.................................................
. LaTeX info: "xparse/define-command"
. 
. Defining command \qthen with sig. 's' on line 384.
.................................................
.................................................
. LaTeX info: "xparse/define-command"
. 
. Defining command \qelse with sig. 's' on line 385.
.................................................
.................................................
. LaTeX info: "xparse/define-command"
. 
. Defining command \qotherwise with sig. 's' on line 386.
.................................................
.................................................
. LaTeX info: "xparse/define-command"
. 
. Defining command \qunless with sig. 's' on line 387.
.................................................
.................................................
. LaTeX info: "xparse/define-command"
. 
. Defining command \qgiven with sig. 's' on line 388.
.................................................
.................................................
. LaTeX info: "xparse/define-command"
. 
. Defining command \qusing with sig. 's' on line 389.
.................................................
.................................................
. LaTeX info: "xparse/define-command"
. 
. Defining command \qassume with sig. 's' on line 390.
.................................................
.................................................
. LaTeX info: "xparse/define-command"
. 
. Defining command \qsince with sig. 's' on line 391.
.................................................
.................................................
. LaTeX info: "xparse/define-command"
. 
. Defining command \qlet with sig. 's' on line 392.
.................................................
.................................................
. LaTeX info: "xparse/define-command"
. 
. Defining command \qfor with sig. 's' on line 393.
.................................................
.................................................
. LaTeX info: "xparse/define-command"
. 
. Defining command \qall with sig. 's' on line 394.
.................................................
.................................................
. LaTeX info: "xparse/define-command"
. 
. Defining command \qeven with sig. 's' on line 395.
.................................................
.................................................
. LaTeX info: "xparse/define-command"
. 
. Defining command \qodd with sig. 's' on line 396.
.................................................
.................................................
. LaTeX info: "xparse/define-command"
. 
. Defining command \qinteger with sig. 's' on line 397.
.................................................
.................................................
. LaTeX info: "xparse/define-command"
. 
. Defining command \qand with sig. 's' on line 398.
.................................................
.................................................
. LaTeX info: "xparse/define-command"
. 
. Defining command \qor with sig. 's' on line 399.
.................................................
.................................................
. LaTeX info: "xparse/define-command"
. 
. Defining command \qas with sig. 's' on line 400.
.................................................
.................................................
. LaTeX info: "xparse/define-command"
. 
. Defining command \qin with sig. 's' on line 401.
.................................................
.................................................
. LaTeX info: "xparse/define-command"
. 
. Defining command \qcc with sig. 's' on line 402.
.................................................
.................................................
. LaTeX info: "xparse/define-command"
. 
. Defining command \differential with sig. ' o g d() ' on line 415.
.................................................
.................................................
. LaTeX info: "xparse/define-command"
. 
. Defining command \dd with sig. '' on line 416.
.................................................
.................................................
. LaTeX info: "xparse/define-command"
. 
. Defining command \derivative with sig. ' s o m g d() ' on line 435.
.................................................
.................................................
. LaTeX info: "xparse/define-command"
. 
. Defining command \dv with sig. '' on line 436.
.................................................
.................................................
. LaTeX info: "xparse/define-command"
. 
. Defining command \partialderivative with sig. ' s o m g g d() ' on line 460.
.................................................
.................................................
. LaTeX info: "xparse/define-command"
. 
. Defining command \pderivative with sig. '' on line 461.
.................................................
.................................................
. LaTeX info: "xparse/define-command"
. 
. Defining command \pdv with sig. '' on line 462.
.................................................
.................................................
. LaTeX info: "xparse/define-command"
. 
. Defining command \variation with sig. ' o g d() ' on line 474.
.................................................
.................................................
. LaTeX info: "xparse/define-command"
. 
. Defining command \var with sig. '' on line 475.
.................................................
.................................................
. LaTeX info: "xparse/define-command"
. 
. Defining command \functionalderivative with sig. ' s o m g d() ' on line
. 494.
.................................................
.................................................
. LaTeX info: "xparse/define-command"
. 
. Defining command \fderivative with sig. '' on line 495.
.................................................
.................................................
. LaTeX info: "xparse/define-command"
. 
. Defining command \fdv with sig. '' on line 496.
.................................................
.................................................
. LaTeX info: "xparse/define-command"
. 
. Defining command \bra with sig. ' s m t\ket s g ' on line 526.
.................................................
*************************************************
* LaTeX warning: "xparse/not-single-char"
* 
* Argument delimiter '\ket ' for the command '\bra' should be a single
* character.
*************************************************
.................................................
. LaTeX info: "xparse/define-command"
. 
. Defining command \ket with sig. ' s m ' on line 533.
.................................................
.................................................
. LaTeX info: "xparse/define-command"
. 
. Defining command \innerproduct with sig. ' s m g ' on line 548.
.................................................
.................................................
. LaTeX info: "xparse/define-command"
. 
. Defining command \braket with sig. '' on line 549.
.................................................
.................................................
. LaTeX info: "xparse/define-command"
. 
. Defining command \ip with sig. '' on line 550.
.................................................
.................................................
. LaTeX info: "xparse/define-command"
. 
. Defining command \outerproduct with sig. ' s m g ' on line 565.
.................................................
.................................................
. LaTeX info: "xparse/define-command"
. 
. Defining command \dyad with sig. '' on line 566.
.................................................
.................................................
. LaTeX info: "xparse/define-command"
. 
. Defining command \op with sig. '' on line 567.
.................................................
.................................................
. LaTeX info: "xparse/define-command"
. 
. Defining command \ketbra with sig. '' on line 568.
.................................................
.................................................
. LaTeX info: "xparse/define-command"
. 
. Defining command \expectationvalue with sig. ' s s m g ' on line 587.
.................................................
.................................................
. LaTeX info: "xparse/define-command"
. 
. Defining command \expval with sig. '' on line 588.
.................................................
.................................................
. LaTeX info: "xparse/define-command"
. 
. Defining command \ev with sig. '' on line 589.
.................................................
.................................................
. LaTeX info: "xparse/define-command"
. 
. Defining command \vev with sig. ' m ' on line 590.
.................................................
.................................................
. LaTeX info: "xparse/define-command"
. 
. Defining command \matrixelement with sig. ' s s m m m ' on line 601.
.................................................
.................................................
. LaTeX info: "xparse/define-command"
. 
. Defining command \matrixel with sig. '' on line 602.
.................................................
.................................................
. LaTeX info: "xparse/define-command"
. 
. Defining command \mel with sig. '' on line 603.
.................................................
.................................................
. LaTeX info: "xparse/define-command"
. 
. Defining command \identitymatrix with sig. 'm' on line 633.
.................................................
.................................................
. LaTeX info: "xparse/define-command"
. 
. Defining command \imat with sig. '' on line 634.
.................................................
.................................................
. LaTeX info: "xparse/define-command"
. 
. Defining command \xmatrix with sig. ' s m m m ' on line 659.
.................................................
.................................................
. LaTeX info: "xparse/define-command"
. 
. Defining command \xmat with sig. '' on line 660.
.................................................
.................................................
. LaTeX info: "xparse/define-command"
. 
. Defining command \zeromatrix with sig. ' m g ' on line 662.
.................................................
.................................................
. LaTeX info: "xparse/define-command"
. 
. Defining command \zmat with sig. '' on line 663.
.................................................
.................................................
. LaTeX info: "xparse/define-command"
. 
. Defining command \paulixmatrix with sig. '' on line 665.
.................................................
.................................................
. LaTeX info: "xparse/define-command"
. 
. Defining command \pauliymatrix with sig. '' on line 666.
.................................................
.................................................
. LaTeX info: "xparse/define-command"
. 
. Defining command \paulizmatrix with sig. '' on line 667.
.................................................
.................................................
. LaTeX info: "xparse/define-command"
. 
. Defining command \paulimatrix with sig. 'm' on line 678.
.................................................
.................................................
. LaTeX info: "xparse/define-command"
. 
. Defining command \pmat with sig. '' on line 679.
.................................................
.................................................
. LaTeX info: "xparse/define-command"
. 
. Defining command \diagonalmatrix with sig. 'O{} >{\SplitList {,}}m ' on line
. 681.
.................................................
.................................................
. LaTeX info: "xparse/define-command"
. 
. Defining command \@dmat with sig. 'mmggggggg' on line 714.
.................................................
.................................................
. LaTeX info: "xparse/define-command"
. 
. Defining command \dmat with sig. '' on line 715.
.................................................
.................................................
. LaTeX info: "xparse/define-command"
. 
. Defining command \antidiagonalmatrix with sig. 'O{} >{\SplitList {,}}m ' on
. line 717.
.................................................
.................................................
. LaTeX info: "xparse/define-command"
. 
. Defining command \@admat with sig. 'mmggggggg' on line 750.
.................................................
.................................................
. LaTeX info: "xparse/define-command"
. 
. Defining command \admat with sig. '' on line 751.
.................................................
.................................................
. LaTeX info: "xparse/define-command"
. 
. Defining command \flatfrac with sig. ' m m ' on line 754.
.................................................
.................................................
. LaTeX info: "xparse/define-command"
. 
. Defining command \homework with sig. '' on line 764.
.................................................
) ("C:\Program Files\MiKTeX 2.9\tex\latex\graphics\graphicx.sty"
Package: graphicx 2017/06/01 v1.1a Enhanced LaTeX Graphics (DPC,SPQR)

("C:\Program Files\MiKTeX 2.9\tex\latex\graphics\keyval.sty"
Package: keyval 2014/10/28 v1.15 key=value parser (DPC)
\KV@toks@=\toks19
)
("C:\Program Files\MiKTeX 2.9\tex\latex\graphics\graphics.sty"
Package: graphics 2017/06/25 v1.2c Standard LaTeX Graphics (DPC,SPQR)

("C:\Program Files\MiKTeX 2.9\tex\latex\graphics\trig.sty"
Package: trig 2016/01/03 v1.10 sin cos tan (DPC)
)
("C:\Program Files\MiKTeX 2.9\tex\latex\graphics-cfg\graphics.cfg"
File: graphics.cfg 2016/06/04 v1.11 sample graphics configuration
)
Package graphics Info: Driver file: pdftex.def on input line 99.

("C:\Program Files\MiKTeX 2.9\tex\latex\graphics-def\pdftex.def"
File: pdftex.def 2017/12/07 v1.0i Graphics/color driver for pdftex
))
\Gin@req@height=\dimen143
\Gin@req@width=\dimen144
)
("C:\Program Files\MiKTeX 2.9\tex\latex\caption\caption.sty"
Package: caption 2016/02/21 v3.3-144 Customizing captions (AR)

("C:\Program Files\MiKTeX 2.9\tex\latex\caption\caption3.sty"
Package: caption3 2016/05/22 v1.7-166 caption3 kernel (AR)
Package caption3 Info: TeX engine: e-TeX on input line 67.
\captionmargin=\dimen145
\captionmargin@=\dimen146
\captionwidth=\dimen147
\caption@tempdima=\dimen148
\caption@indent=\dimen149
\caption@parindent=\dimen150
\caption@hangindent=\dimen151
)
\c@ContinuedFloat=\count189
)
("C:\Program Files\MiKTeX 2.9\tex\latex\caption\subcaption.sty"
Package: subcaption 2016/05/22 v1.1-161 Sub-captions (AR)
\c@subfigure=\count190
\c@subtable=\count191
)
("C:\Program Files\MiKTeX 2.9\tex\latex\tools\bm.sty"
Package: bm 2017/01/16 v1.2c Bold Symbol Support (DPC/FMi)
\symboldoperators=\mathgroup4
\symboldletters=\mathgroup5
\symboldsymbols=\mathgroup6
LaTeX Font Info:    Redeclaring math alphabet \mathbf on input line 141.
LaTeX Info: Redefining \bm on input line 207.
)
("C:\Program Files\MiKTeX 2.9\tex\latex\framed\framed.sty"
Package: framed 2011/10/22 v 0.96: framed or shaded text with page breaks
\OuterFrameSep=\skip52
\fb@frw=\dimen152
\fb@frh=\dimen153
\FrameRule=\dimen154
\FrameSep=\dimen155
)
("C:\Program Files\MiKTeX 2.9\tex\latex\preprint\authblk.sty"
Package: authblk 2001/02/27 1.3 (PWD)
\affilsep=\skip53
\@affilsep=\skip54
\c@Maxaffil=\count192
\c@authors=\count193
\c@affil=\count194
)
("C:\Program Files\MiKTeX 2.9\tex\latex\mathtools\empheq.sty"
Package: empheq 2017/03/31 v2.15 Emphasizing equations

("C:\Program Files\MiKTeX 2.9\tex\latex\mathtools\mhsetup.sty"
Package: mhsetup 2017/03/31 v1.3 programming setup (MH)
)
("C:\Program Files\MiKTeX 2.9\tex\latex\mathtools\mathtools.sty"
Package: mathtools 2017/10/30 v1.20 mathematical typesetting tools

("C:\Program Files\MiKTeX 2.9\tex\latex\tools\calc.sty"
Package: calc 2014/10/28 v4.3 Infix arithmetic (KKT,FJ)
\calc@Acount=\count195
\calc@Bcount=\count196
\calc@Adimen=\dimen156
\calc@Bdimen=\dimen157
\calc@Askip=\skip55
\calc@Bskip=\skip56
LaTeX Info: Redefining \setlength on input line 80.
LaTeX Info: Redefining \addtolength on input line 81.
\calc@Ccount=\count197
\calc@Cskip=\skip57
)
LaTeX Info: Thecontrolsequence`\('isalreadyrobust on input line 129.
LaTeX Info: Thecontrolsequence`\)'isalreadyrobust on input line 129.
LaTeX Info: Thecontrolsequence`\['isalreadyrobust on input line 129.
LaTeX Info: Thecontrolsequence`\]'isalreadyrobust on input line 129.
\g_MT_multlinerow_int=\count198
\l_MT_multwidth_dim=\dimen158
\origjot=\skip58
\l_MT_shortvdotswithinadjustabove_dim=\dimen159
\l_MT_shortvdotswithinadjustbelow_dim=\dimen160
\l_MT_above_intertext_sep=\dimen161
\l_MT_below_intertext_sep=\dimen162
\l_MT_above_shortintertext_sep=\dimen163
\l_MT_below_shortintertext_sep=\dimen164
)
\l_EQ_equationtype_int=\count199
\l_EQ_alignmentmode_int=\count266
\l_EQ_totalwidth_dim=\dimen165
\l_EQ_displaywidth_dim=\dimen166
\l_EQ_temp_linewidth_dim=\dimen167
\EmphEqdelimitershortfall=\dimen168
\EmphEqdelimiterfactor=\count267
\g_EQ_toptag_height_dim=\dimen169
\g_EQ_bottomtag_depth_dim=\dimen170
\g_EQ_toprow_height_dim=\dimen171
\g_EQ_bottomrow_depth_dim=\dimen172
\g_EQ_widesttag_dim=\dimen173
\EQ_mathdisplay_box=\box44
\EQ_tag_box=\box45
\g_EQ_temprow_int=\count268
)
("C:\Program Files\MiKTeX 2.9\tex\latex\amsfonts\amsfonts.sty"
Package: amsfonts 2013/01/14 v3.01 Basic AMSFonts support
\symAMSa=\mathgroup7
\symAMSb=\mathgroup8
LaTeX Font Info:    Overwriting math alphabet `\mathfrak' in version `bold'
(Font)                  U/euf/m/n --> U/euf/b/n on input line 106.
)
("C:\Program Files\MiKTeX 2.9\tex\latex\esint\esint.sty"
Package: esint 
\symlargesymbolsA=\mathgroup9
)
("C:\Program Files\MiKTeX 2.9\tex\latex\cancel\cancel.sty"
Package: cancel 2013/04/12 v2.2 Cancel math terms
)
("C:\Program Files\MiKTeX 2.9\tex\latex\doublestroke\dsfont.sty"
Package: dsfont 1995/08/01 v0.1 Double stroke roman fonts
)
("C:\Program Files\MiKTeX 2.9\tex\latex\geometry\geometry.sty"
Package: geometry 2010/09/12 v5.6 Page Geometry

("C:\Program Files\MiKTeX 2.9\tex\generic\oberdiek\ifpdf.sty"
Package: ifpdf 2017/03/15 v3.2 Provides the ifpdf switch
)
("C:\Program Files\MiKTeX 2.9\tex\generic\oberdiek\ifvtex.sty"
Package: ifvtex 2016/05/16 v1.6 Detect VTeX and its facilities (HO)
Package ifvtex Info: VTeX not detected.
)
("C:\Program Files\MiKTeX 2.9\tex\generic\ifxetex\ifxetex.sty"
Package: ifxetex 2010/09/12 v0.6 Provides ifxetex conditional
)
\Gm@cnth=\count269
\Gm@cntv=\count270
\c@Gm@tempcnt=\count271
\Gm@bindingoffset=\dimen174
\Gm@wd@mp=\dimen175
\Gm@odd@mp=\dimen176
\Gm@even@mp=\dimen177
\Gm@layoutwidth=\dimen178
\Gm@layoutheight=\dimen179
\Gm@layouthoffset=\dimen180
\Gm@layoutvoffset=\dimen181
\Gm@dimlist=\toks20

("C:\Program Files\MiKTeX 2.9\tex\latex\geometry\geometry.cfg"))
("C:\Program Files\MiKTeX 2.9\tex\latex\oberdiek\centernot.sty"
Package: centernot 2016/05/16 v1.4 Centers the not symbol horizontally (HO)
)
("C:\Program Files\MiKTeX 2.9\tex\latex\bigints\bigints.sty"
Package: bigints 2010/02/15 Writing big integrals
Package bigints Info: This is Bigints by Merciadri Luca. on input line 5.
)
("C:\Program Files\MiKTeX 2.9\tex\latex\amscls\amsthm.sty"
Package: amsthm 2015/03/04 v2.20.2
\thm@style=\toks21
\thm@bodyfont=\toks22
\thm@headfont=\toks23
\thm@notefont=\toks24
\thm@headpunct=\toks25
\thm@preskip=\skip59
\thm@postskip=\skip60
\thm@headsep=\skip61
\dth@everypar=\toks26
)
\c@defn=\count272
\c@prop=\count273
\c@rmk=\count274
\c@thm=\count275
\c@exmp=\count276
\c@prob=\count277
\c@sln=\count278
\c@exer=\count279

("C:\Program Files\MiKTeX 2.9\tex\latex\hyperref\hyperref.sty"
Package: hyperref 2017/03/14 v6.85a Hypertext links for LaTeX

("C:\Program Files\MiKTeX 2.9\tex\generic\oberdiek\hobsub-hyperref.sty"
Package: hobsub-hyperref 2016/05/16 v1.14 Bundle oberdiek, subset hyperref (HO)


("C:\Program Files\MiKTeX 2.9\tex\generic\oberdiek\hobsub-generic.sty"
Package: hobsub-generic 2016/05/16 v1.14 Bundle oberdiek, subset generic (HO)
Package: hobsub 2016/05/16 v1.14 Construct package bundles (HO)
Package: infwarerr 2016/05/16 v1.4 Providing info/warning/error messages (HO)
Package: ltxcmds 2016/05/16 v1.23 LaTeX kernel commands for general use (HO)
Package: ifluatex 2016/05/16 v1.4 Provides the ifluatex switch (HO)
Package ifluatex Info: LuaTeX not detected.
Package hobsub Info: Skipping package `ifvtex' (already loaded).
Package: intcalc 2016/05/16 v1.2 Expandable calculations with integers (HO)
Package hobsub Info: Skipping package `ifpdf' (already loaded).
Package: etexcmds 2016/05/16 v1.6 Avoid name clashes with e-TeX commands (HO)
Package etexcmds Info: Could not find \expanded.
(etexcmds)             That can mean that you are not using pdfTeX 1.50 or
(etexcmds)             that some package has redefined \expanded.
(etexcmds)             In the latter case, load this package earlier.
Package: kvsetkeys 2016/05/16 v1.17 Key value parser (HO)
Package: kvdefinekeys 2016/05/16 v1.4 Define keys (HO)
Package: pdftexcmds 2017/03/19 v0.25 Utility functions of pdfTeX for LuaTeX (HO
)
Package pdftexcmds Info: LuaTeX not detected.
Package pdftexcmds Info: \pdf@primitive is available.
Package pdftexcmds Info: \pdf@ifprimitive is available.
Package pdftexcmds Info: \pdfdraftmode found.
Package: pdfescape 2016/05/16 v1.14 Implements pdfTeX's escape features (HO)
Package: bigintcalc 2016/05/16 v1.4 Expandable calculations on big integers (HO
)
Package: bitset 2016/05/16 v1.2 Handle bit-vector datatype (HO)
Package: uniquecounter 2016/05/16 v1.3 Provide unlimited unique counter (HO)
)
Package hobsub Info: Skipping package `hobsub' (already loaded).
Package: letltxmacro 2016/05/16 v1.5 Let assignment for LaTeX macros (HO)
Package: hopatch 2016/05/16 v1.3 Wrapper for package hooks (HO)
Package: xcolor-patch 2016/05/16 xcolor patch
Package: atveryend 2016/05/16 v1.9 Hooks at the very end of document (HO)
Package atveryend Info: \enddocument detected (standard20110627).
Package: atbegshi 2016/06/09 v1.18 At begin shipout hook (HO)
Package: refcount 2016/05/16 v3.5 Data extraction from label references (HO)
Package: hycolor 2016/05/16 v1.8 Color options for hyperref/bookmark (HO)
)
("C:\Program Files\MiKTeX 2.9\tex\latex\oberdiek\auxhook.sty"
Package: auxhook 2016/05/16 v1.4 Hooks for auxiliary files (HO)
)
("C:\Program Files\MiKTeX 2.9\tex\latex\oberdiek\kvoptions.sty"
Package: kvoptions 2016/05/16 v3.12 Key value format for package options (HO)
)
\@linkdim=\dimen182
\Hy@linkcounter=\count280
\Hy@pagecounter=\count281

("C:\Program Files\MiKTeX 2.9\tex\latex\hyperref\pd1enc.def"
File: pd1enc.def 2017/03/14 v6.85a Hyperref: PDFDocEncoding definition (HO)
)
\Hy@SavedSpaceFactor=\count282

("C:\Program Files\MiKTeX 2.9\tex\latex\00miktex\hyperref.cfg"
File: hyperref.cfg 2002/06/06 v1.2 hyperref configuration of TeXLive
)
Package hyperref Info: Hyper figures OFF on input line 4498.
Package hyperref Info: Link nesting OFF on input line 4503.
Package hyperref Info: Hyper index ON on input line 4506.
Package hyperref Info: Plain pages OFF on input line 4513.
Package hyperref Info: Backreferencing OFF on input line 4518.
Package hyperref Info: Implicit mode ON; LaTeX internals redefined.
Package hyperref Info: Bookmarks ON on input line 4751.
\c@Hy@tempcnt=\count283

("C:\Program Files\MiKTeX 2.9\tex\latex\url\url.sty"
\Urlmuskip=\muskip17
Package: url 2013/09/16  ver 3.4  Verb mode for urls, etc.
)
LaTeX Info: Redefining \url on input line 5104.
\XeTeXLinkMargin=\dimen183
\Fld@menulength=\count284
\Field@Width=\dimen184
\Fld@charsize=\dimen185
Package hyperref Info: Hyper figures OFF on input line 6358.
Package hyperref Info: Link nesting OFF on input line 6363.
Package hyperref Info: Hyper index ON on input line 6366.
Package hyperref Info: backreferencing OFF on input line 6373.
Package hyperref Info: Link coloring OFF on input line 6378.
Package hyperref Info: Link coloring with OCG OFF on input line 6383.
Package hyperref Info: PDF/A mode OFF on input line 6388.
LaTeX Info: Redefining \ref on input line 6428.
LaTeX Info: Redefining \pageref on input line 6432.
\Hy@abspage=\count285
\c@Item=\count286
\c@Hfootnote=\count287
)

Package hyperref Message: Driver (autodetected): hpdftex.

("C:\Program Files\MiKTeX 2.9\tex\latex\hyperref\hpdftex.def"
File: hpdftex.def 2017/03/14 v6.85a Hyperref driver for pdfTeX
\Fld@listcount=\count288
\c@bookmark@seq@number=\count289

("C:\Program Files\MiKTeX 2.9\tex\latex\oberdiek\rerunfilecheck.sty"
Package: rerunfilecheck 2016/05/16 v1.8 Rerun checks for auxiliary files (HO)
Package uniquecounter Info: New unique counter `rerunfilecheck' on input line 2
82.
)
\Hy@SectionHShift=\skip62
)
("C:\Program Files\MiKTeX 2.9\tex\latex\tensor\tensor.sty"
Package: tensor 2004/12/20 v2.1 tensor indices package (PGR)
\tnsr@Sps=\toks27
\tnsr@Sbs=\toks28
\tnsr@Spe=\toks29
\tnsr@Sbe=\toks30
\ncld@Mno=\toks31
)
("C:\Program Files\MiKTeX 2.9\tex\latex\xcolor\xcolor.sty"
Package: xcolor 2016/05/11 v2.12 LaTeX color extensions (UK)

("C:\Program Files\MiKTeX 2.9\tex\latex\graphics-cfg\color.cfg"
File: color.cfg 2016/01/02 v1.6 sample color configuration
)
Package xcolor Info: Driver file: pdftex.def on input line 225.
Package xcolor Info: Model `cmy' substituted by `cmy0' on input line 1348.
Package xcolor Info: Model `hsb' substituted by `rgb' on input line 1352.
Package xcolor Info: Model `RGB' extended on input line 1364.
Package xcolor Info: Model `HTML' substituted by `rgb' on input line 1366.
Package xcolor Info: Model `Hsb' substituted by `hsb' on input line 1367.
Package xcolor Info: Model `tHsb' substituted by `hsb' on input line 1368.
Package xcolor Info: Model `HSB' substituted by `hsb' on input line 1369.
Package xcolor Info: Model `Gray' substituted by `gray' on input line 1370.
Package xcolor Info: Model `wave' substituted by `hsb' on input line 1371.
)
Package hyperref Info: Option `colorlinks' set `true' on input line 41.

(HuanBui_NonLinear.aux)
\openout1 = `HuanBui_NonLinear.aux'.

LaTeX Font Info:    Checking defaults for OML/cmm/m/it on input line 104.
LaTeX Font Info:    ... okay on input line 104.
LaTeX Font Info:    Checking defaults for T1/cmr/m/n on input line 104.
LaTeX Font Info:    ... okay on input line 104.
LaTeX Font Info:    Checking defaults for OT1/cmr/m/n on input line 104.
LaTeX Font Info:    ... okay on input line 104.
LaTeX Font Info:    Checking defaults for OMS/cmsy/m/n on input line 104.
LaTeX Font Info:    ... okay on input line 104.
LaTeX Font Info:    Checking defaults for OMX/cmex/m/n on input line 104.
LaTeX Font Info:    ... okay on input line 104.
LaTeX Font Info:    Checking defaults for U/cmr/m/n on input line 104.
LaTeX Font Info:    ... okay on input line 104.
LaTeX Font Info:    Checking defaults for PD1/pdf/m/n on input line 104.
LaTeX Font Info:    ... okay on input line 104.

("C:\Program Files\MiKTeX 2.9\tex\context\base\supp-pdf.mkii"
[Loading MPS to PDF converter (version 2006.09.02).]
\scratchcounter=\count290
\scratchdimen=\dimen186
\scratchbox=\box46
\nofMPsegments=\count291
\nofMParguments=\count292
\everyMPshowfont=\toks32
\MPscratchCnt=\count293
\MPscratchDim=\dimen187
\MPnumerator=\count294
\makeMPintoPDFobject=\count295
\everyMPtoPDFconversion=\toks33
) ("C:\Program Files\MiKTeX 2.9\tex\latex\oberdiek\epstopdf-base.sty"
Package: epstopdf-base 2016/05/15 v2.6 Base part for package epstopdf

("C:\Program Files\MiKTeX 2.9\tex\latex\oberdiek\grfext.sty"
Package: grfext 2016/05/16 v1.2 Manage graphics extensions (HO)
)
Package epstopdf-base Info: Redefining graphics rule for `.eps' on input line 4
38.
Package grfext Info: Graphics extension search list:
(grfext)             [.pdf,.png,.jpg,.mps,.jpeg,.jbig2,.jb2,.PDF,.PNG,.JPG,.JPE
G,.JBIG2,.JB2,.eps]
(grfext)             \AppendGraphicsExtensions on input line 456.
)
Package caption Info: Begin \AtBeginDocument code.
Package caption Info: hyperref package is loaded.
Package caption Info: End \AtBeginDocument code.

*geometry* driver: auto-detecting
*geometry* detected driver: pdftex
*geometry* verbose mode - [ preamble ] result:
* driver: pdftex
* paper: <default>
* layout: <same size as paper>
* layoutoffset:(h,v)=(0.0pt,0.0pt)
* modes: twoside 
* h-part:(L,W,R)=(72.26999pt, 469.75502pt, 72.26999pt)
* v-part:(T,H,B)=(72.26999pt, 650.43001pt, 72.26999pt)
* \paperwidth=614.295pt
* \paperheight=794.96999pt
* \textwidth=469.75502pt
* \textheight=650.43001pt
* \oddsidemargin=0.0pt
* \evensidemargin=0.0pt
* \topmargin=-30.06749pt
* \headheight=12.0pt
* \headsep=18.06749pt
* \topskip=10.0pt
* \footskip=18.06749pt
* \marginparwidth=125.0pt
* \marginparsep=7.0pt
* \columnsep=10.0pt
* \skip\footins=9.0pt plus 4.0pt minus 2.0pt
* \hoffset=0.0pt
* \voffset=0.0pt
* \mag=1000
* \@twocolumnfalse
* \@twosidetrue
* \@mparswitchtrue
* \@reversemarginfalse
* (1in=72.27pt=25.4mm, 1cm=28.453pt)

\AtBeginShipoutBox=\box47
Package hyperref Info: Link coloring ON on input line 104.
("C:\Program Files\MiKTeX 2.9\tex\latex\hyperref\nameref.sty"
Package: nameref 2016/05/21 v2.44 Cross-referencing by name of section

("C:\Program Files\MiKTeX 2.9\tex\generic\oberdiek\gettitlestring.sty"
Package: gettitlestring 2016/05/16 v1.5 Cleanup title references (HO)
)
\c@section@level=\count296
)
LaTeX Info: Redefining \ref on input line 104.
LaTeX Info: Redefining \pageref on input line 104.
LaTeX Info: Redefining \nameref on input line 104.

(HuanBui_NonLinear.out) (HuanBui_NonLinear.out)
\@outlinefile=\write3
\openout3 = `HuanBui_NonLinear.out'.

LaTeX Font Info:    Try loading font information for U+msa on input line 113.

("C:\Program Files\MiKTeX 2.9\tex\latex\amsfonts\umsa.fd"
File: umsa.fd 2013/01/14 v3.01 AMS symbols A
)
LaTeX Font Info:    Try loading font information for U+msb on input line 113.

("C:\Program Files\MiKTeX 2.9\tex\latex\amsfonts\umsb.fd"
File: umsb.fd 2013/01/14 v3.01 AMS symbols B
)
LaTeX Font Info:    Try loading font information for U+esint on input line 113.


("C:\Program Files\MiKTeX 2.9\tex\latex\esint\uesint.fd"
File: uesint.fd 
) [1




{C:/Users/buiqu/AppData/Local/MiKTeX/2.9/pdftex/config/pdftex.map}] [2] (HuanBu
i_NonLinear.toc)
\tf@toc=\write4
\openout4 = `HuanBui_NonLinear.toc'.


[3

] [4

]
Part 1.
[5]
Package epstopdf Info: Source file: <FHN_lab/V_t_1.eps>
(epstopdf)                    date: 2020-09-03 20:18:47
(epstopdf)                    size: 17932 bytes
(epstopdf)             Output file: <FHN_lab/V_t_1-eps-converted-to.pdf>
(epstopdf)                    date: 2020-09-03 20:19:37
(epstopdf)                    size: 4189 bytes
(epstopdf)             Command: <epstopdf --outfile=FHN_lab/V_t_1-eps-converted
-to.pdf FHN_lab/V_t_1.eps>
(epstopdf)             \includegraphics on input line 232.
Package epstopdf Info: Output file is already uptodate.
<FHN_lab/V_t_1-eps-converted-to.pdf, id=98, 421.575pt x 316.18124pt>
File: FHN_lab/V_t_1-eps-converted-to.pdf Graphic file (type pdf)
<use FHN_lab/V_t_1-eps-converted-to.pdf>
Package pdftex.def Info: FHN_lab/V_t_1-eps-converted-to.pdf  used on input line
 232.
(pdftex.def)             Requested size: 252.94695pt x 189.7102pt.

Overfull \hbox (18.06944pt too wide) in paragraph at lines 232--233
 [][] 
 []

Package epstopdf Info: Source file: <FHN_lab/W_t_1.eps>
(epstopdf)                    date: 2020-09-03 20:18:28
(epstopdf)                    size: 19254 bytes
(epstopdf)             Output file: <FHN_lab/W_t_1-eps-converted-to.pdf>
(epstopdf)                    date: 2020-09-03 20:19:38
(epstopdf)                    size: 4234 bytes
(epstopdf)             Command: <epstopdf --outfile=FHN_lab/W_t_1-eps-converted
-to.pdf FHN_lab/W_t_1.eps>
(epstopdf)             \includegraphics on input line 236.
Package epstopdf Info: Output file is already uptodate.
<FHN_lab/W_t_1-eps-converted-to.pdf, id=99, 421.575pt x 316.18124pt>
File: FHN_lab/W_t_1-eps-converted-to.pdf Graphic file (type pdf)
<use FHN_lab/W_t_1-eps-converted-to.pdf>
Package pdftex.def Info: FHN_lab/W_t_1-eps-converted-to.pdf  used on input line
 236.
(pdftex.def)             Requested size: 252.94695pt x 189.7102pt.

Overfull \hbox (18.06944pt too wide) in paragraph at lines 236--237
 [][] 
 []

Package epstopdf Info: Source file: <FHN_lab/V_W_1.eps>
(epstopdf)                    date: 2020-09-03 20:17:07
(epstopdf)                    size: 16972 bytes
(epstopdf)             Output file: <FHN_lab/V_W_1-eps-converted-to.pdf>
(epstopdf)                    date: 2020-09-03 20:17:29
(epstopdf)                    size: 4134 bytes
(epstopdf)             Command: <epstopdf --outfile=FHN_lab/V_W_1-eps-converted
-to.pdf FHN_lab/V_W_1.eps>
(epstopdf)             \includegraphics on input line 244.
Package epstopdf Info: Output file is already uptodate.
<FHN_lab/V_W_1-eps-converted-to.pdf, id=100, 421.575pt x 316.18124pt>
File: FHN_lab/V_W_1-eps-converted-to.pdf Graphic file (type pdf)
<use FHN_lab/V_W_1-eps-converted-to.pdf>
Package pdftex.def Info: FHN_lab/V_W_1-eps-converted-to.pdf  used on input line
 244.
(pdftex.def)             Requested size: 252.94695pt x 189.7102pt.
Package epstopdf Info: Source file: <FHN_lab/V_t_2.eps>
(epstopdf)                    date: 2020-09-03 20:49:57
(epstopdf)                    size: 22686 bytes
(epstopdf)             Output file: <FHN_lab/V_t_2-eps-converted-to.pdf>
(epstopdf)                    date: 2020-09-03 20:50:39
(epstopdf)                    size: 5593 bytes
(epstopdf)             Command: <epstopdf --outfile=FHN_lab/V_t_2-eps-converted
-to.pdf FHN_lab/V_t_2.eps>
(epstopdf)             \includegraphics on input line 260.
Package epstopdf Info: Output file is already uptodate.
<FHN_lab/V_t_2-eps-converted-to.pdf, id=104, 421.575pt x 316.18124pt>
File: FHN_lab/V_t_2-eps-converted-to.pdf Graphic file (type pdf)
<use FHN_lab/V_t_2-eps-converted-to.pdf>
Package pdftex.def Info: FHN_lab/V_t_2-eps-converted-to.pdf  used on input line
 260.
(pdftex.def)             Requested size: 252.94695pt x 189.7102pt.

Overfull \hbox (18.06944pt too wide) in paragraph at lines 260--261
 [][] 
 []

Package epstopdf Info: Source file: <FHN_lab/V_t_3.eps>
(epstopdf)                    date: 2020-09-03 21:09:30
(epstopdf)                    size: 51799 bytes
(epstopdf)             Output file: <FHN_lab/V_t_3-eps-converted-to.pdf>
(epstopdf)                    date: 2020-09-03 21:10:30
(epstopdf)                    size: 16866 bytes
(epstopdf)             Command: <epstopdf --outfile=FHN_lab/V_t_3-eps-converted
-to.pdf FHN_lab/V_t_3.eps>
(epstopdf)             \includegraphics on input line 264.
Package epstopdf Info: Output file is already uptodate.
<FHN_lab/V_t_3-eps-converted-to.pdf, id=105, 421.575pt x 316.18124pt>
File: FHN_lab/V_t_3-eps-converted-to.pdf Graphic file (type pdf)
<use FHN_lab/V_t_3-eps-converted-to.pdf>
Package pdftex.def Info: FHN_lab/V_t_3-eps-converted-to.pdf  used on input line
 264.
(pdftex.def)             Requested size: 252.94695pt x 189.7102pt.

Overfull \hbox (18.06944pt too wide) in paragraph at lines 264--265
 [][] 
 []

[6]
Package epstopdf Info: Source file: <FHN_lab/W_t_2.eps>
(epstopdf)                    date: 2020-09-03 20:50:31
(epstopdf)                    size: 24166 bytes
(epstopdf)             Output file: <FHN_lab/W_t_2-eps-converted-to.pdf>
(epstopdf)                    date: 2020-09-03 20:50:43
(epstopdf)                    size: 5569 bytes
(epstopdf)             Command: <epstopdf --outfile=FHN_lab/W_t_2-eps-converted
-to.pdf FHN_lab/W_t_2.eps>
(epstopdf)             \includegraphics on input line 274.
Package epstopdf Info: Output file is already uptodate.
<FHN_lab/W_t_2-eps-converted-to.pdf, id=112, 421.575pt x 316.18124pt>
File: FHN_lab/W_t_2-eps-converted-to.pdf Graphic file (type pdf)
<use FHN_lab/W_t_2-eps-converted-to.pdf>
Package pdftex.def Info: FHN_lab/W_t_2-eps-converted-to.pdf  used on input line
 274.
(pdftex.def)             Requested size: 252.94695pt x 189.7102pt.

Overfull \hbox (18.06944pt too wide) in paragraph at lines 274--275
 [][] 
 []

Package epstopdf Info: Source file: <FHN_lab/W_t_3.eps>
(epstopdf)                    date: 2020-09-03 21:08:58
(epstopdf)                    size: 50723 bytes
(epstopdf)             Output file: <FHN_lab/W_t_3-eps-converted-to.pdf>
(epstopdf)                    date: 2020-09-03 21:10:34
(epstopdf)                    size: 16434 bytes
(epstopdf)             Command: <epstopdf --outfile=FHN_lab/W_t_3-eps-converted
-to.pdf FHN_lab/W_t_3.eps>
(epstopdf)             \includegraphics on input line 278.
Package epstopdf Info: Output file is already uptodate.
<FHN_lab/W_t_3-eps-converted-to.pdf, id=113, 421.575pt x 316.18124pt>
File: FHN_lab/W_t_3-eps-converted-to.pdf Graphic file (type pdf)
<use FHN_lab/W_t_3-eps-converted-to.pdf>
Package pdftex.def Info: FHN_lab/W_t_3-eps-converted-to.pdf  used on input line
 278.
(pdftex.def)             Requested size: 252.94695pt x 189.7102pt.

Overfull \hbox (18.06944pt too wide) in paragraph at lines 278--279
 [][] 
 []

Package epstopdf Info: Source file: <FHN_lab/V_W_2.eps>
(epstopdf)                    date: 2020-09-03 20:48:51
(epstopdf)                    size: 22651 bytes
(epstopdf)             Output file: <FHN_lab/V_W_2-eps-converted-to.pdf>
(epstopdf)                    date: 2020-09-03 20:50:47
(epstopdf)                    size: 5151 bytes
(epstopdf)             Command: <epstopdf --outfile=FHN_lab/V_W_2-eps-converted
-to.pdf FHN_lab/V_W_2.eps>
(epstopdf)             \includegraphics on input line 288.
Package epstopdf Info: Output file is already uptodate.
<FHN_lab/V_W_2-eps-converted-to.pdf, id=114, 421.575pt x 316.18124pt>
File: FHN_lab/V_W_2-eps-converted-to.pdf Graphic file (type pdf)
<use FHN_lab/V_W_2-eps-converted-to.pdf>
Package pdftex.def Info: FHN_lab/V_W_2-eps-converted-to.pdf  used on input line
 288.
(pdftex.def)             Requested size: 252.94695pt x 189.7102pt.

Overfull \hbox (18.06944pt too wide) in paragraph at lines 288--289
 [][] 
 []

Package epstopdf Info: Source file: <FHN_lab/V_W_3.eps>
(epstopdf)                    date: 2020-09-03 21:10:20
(epstopdf)                    size: 49829 bytes
(epstopdf)             Output file: <FHN_lab/V_W_3-eps-converted-to.pdf>
(epstopdf)                    date: 2020-09-03 21:10:37
(epstopdf)                    size: 16014 bytes
(epstopdf)             Command: <epstopdf --outfile=FHN_lab/V_W_3-eps-converted
-to.pdf FHN_lab/V_W_3.eps>
(epstopdf)             \includegraphics on input line 292.
Package epstopdf Info: Output file is already uptodate.
<FHN_lab/V_W_3-eps-converted-to.pdf, id=115, 421.575pt x 316.18124pt>
File: FHN_lab/V_W_3-eps-converted-to.pdf Graphic file (type pdf)
<use FHN_lab/V_W_3-eps-converted-to.pdf>
Package pdftex.def Info: FHN_lab/V_W_3-eps-converted-to.pdf  used on input line
 292.
(pdftex.def)             Requested size: 252.94695pt x 189.7102pt.

Overfull \hbox (18.06944pt too wide) in paragraph at lines 292--293
 [][] 
 []


Underfull \vbox (badness 10000) has occurred while \output is active []

 [7 <./FHN_lab/V_t_1-eps-converted-to.pdf> <./FHN_lab/W_t_1-eps-converted-to.pd
f> <./FHN_lab/V_W_1-eps-converted-to.pdf>] [8 <./FHN_lab/V_t_2-eps-converted-to
.pdf> <./FHN_lab/V_t_3-eps-converted-to.pdf> <./FHN_lab/W_t_2-eps-converted-to.
pdf> <./FHN_lab/W_t_3-eps-converted-to.pdf>]
Underfull \vbox (badness 4229) has occurred while \output is active []

 [9 <./FHN_lab/V_W_2-eps-converted-to.pdf> <./FHN_lab/V_W_3-eps-converted-to.pd
f>]
Package epstopdf Info: Source file: <FHN_lab/V_t_4.eps>
(epstopdf)                    date: 2020-09-03 21:56:44
(epstopdf)                    size: 110673 bytes
(epstopdf)             Output file: <FHN_lab/V_t_4-eps-converted-to.pdf>
(epstopdf)                    date: 2020-09-03 21:56:55
(epstopdf)                    size: 41599 bytes
(epstopdf)             Command: <epstopdf --outfile=FHN_lab/V_t_4-eps-converted
-to.pdf FHN_lab/V_t_4.eps>
(epstopdf)             \includegraphics on input line 369.
Package epstopdf Info: Output file is already uptodate.
<FHN_lab/V_t_4-eps-converted-to.pdf, id=170, 421.575pt x 316.18124pt>
File: FHN_lab/V_t_4-eps-converted-to.pdf Graphic file (type pdf)
<use FHN_lab/V_t_4-eps-converted-to.pdf>
Package pdftex.def Info: FHN_lab/V_t_4-eps-converted-to.pdf  used on input line
 369.
(pdftex.def)             Requested size: 252.94695pt x 189.7102pt.

Overfull \hbox (18.06944pt too wide) in paragraph at lines 369--370
 [][] 
 []

Package epstopdf Info: Source file: <FHN_lab/W_t_4.eps>
(epstopdf)                    date: 2020-09-03 21:56:29
(epstopdf)                    size: 113162 bytes
(epstopdf)             Output file: <FHN_lab/W_t_4-eps-converted-to.pdf>
(epstopdf)                    date: 2020-09-03 21:56:56
(epstopdf)                    size: 42238 bytes
(epstopdf)             Command: <epstopdf --outfile=FHN_lab/W_t_4-eps-converted
-to.pdf FHN_lab/W_t_4.eps>
(epstopdf)             \includegraphics on input line 373.
Package epstopdf Info: Output file is already uptodate.
<FHN_lab/W_t_4-eps-converted-to.pdf, id=171, 421.575pt x 316.18124pt>
File: FHN_lab/W_t_4-eps-converted-to.pdf Graphic file (type pdf)
<use FHN_lab/W_t_4-eps-converted-to.pdf>
Package pdftex.def Info: FHN_lab/W_t_4-eps-converted-to.pdf  used on input line
 373.
(pdftex.def)             Requested size: 252.94695pt x 189.7102pt.

Overfull \hbox (18.06944pt too wide) in paragraph at lines 373--374
 [][] 
 []

Package epstopdf Info: Source file: <FHN_lab/V_W_4.eps>
(epstopdf)                    date: 2020-09-03 21:56:14
(epstopdf)                    size: 113452 bytes
(epstopdf)             Output file: <FHN_lab/V_W_4-eps-converted-to.pdf>
(epstopdf)                    date: 2020-09-03 21:56:57
(epstopdf)                    size: 40845 bytes
(epstopdf)             Command: <epstopdf --outfile=FHN_lab/V_W_4-eps-converted
-to.pdf FHN_lab/V_W_4.eps>
(epstopdf)             \includegraphics on input line 384.
Package epstopdf Info: Output file is already uptodate.
<FHN_lab/V_W_4-eps-converted-to.pdf, id=172, 421.575pt x 316.18124pt>
File: FHN_lab/V_W_4-eps-converted-to.pdf Graphic file (type pdf)
<use FHN_lab/V_W_4-eps-converted-to.pdf>
Package pdftex.def Info: FHN_lab/V_W_4-eps-converted-to.pdf  used on input line
 384.
(pdftex.def)             Requested size: 252.94695pt x 189.7102pt.

Overfull \hbox (18.06944pt too wide) in paragraph at lines 384--385
 [][] 
 []

Package epstopdf Info: Source file: <FHN_lab/thres_4.eps>
(epstopdf)                    date: 2020-09-03 22:16:13
(epstopdf)                    size: 20052 bytes
(epstopdf)             Output file: <FHN_lab/thres_4-eps-converted-to.pdf>
(epstopdf)                    date: 2020-09-03 22:16:23
(epstopdf)                    size: 6111 bytes
(epstopdf)             Command: <epstopdf --outfile=FHN_lab/thres_4-eps-convert
ed-to.pdf FHN_lab/thres_4.eps>
(epstopdf)             \includegraphics on input line 388.
Package epstopdf Info: Output file is already uptodate.
<FHN_lab/thres_4-eps-converted-to.pdf, id=173, 421.575pt x 316.18124pt>
File: FHN_lab/thres_4-eps-converted-to.pdf Graphic file (type pdf)
<use FHN_lab/thres_4-eps-converted-to.pdf>
Package pdftex.def Info: FHN_lab/thres_4-eps-converted-to.pdf  used on input li
ne 388.
(pdftex.def)             Requested size: 252.94695pt x 189.7102pt.

Overfull \hbox (18.06944pt too wide) in paragraph at lines 388--389
 [][] 
 []

Package epstopdf Info: Source file: <FHN_lab/V_W_5.eps>
(epstopdf)                    date: 2020-09-03 22:26:36
(epstopdf)                    size: 291095 bytes
(epstopdf)             Output file: <FHN_lab/V_W_5-eps-converted-to.pdf>
(epstopdf)                    date: 2020-09-03 22:28:10
(epstopdf)                    size: 99891 bytes
(epstopdf)             Command: <epstopdf --outfile=FHN_lab/V_W_5-eps-converted
-to.pdf FHN_lab/V_W_5.eps>
(epstopdf)             \includegraphics on input line 412.
Package epstopdf Info: Output file is already uptodate.
<FHN_lab/V_W_5-eps-converted-to.pdf, id=176, 421.575pt x 316.18124pt>
File: FHN_lab/V_W_5-eps-converted-to.pdf Graphic file (type pdf)
<use FHN_lab/V_W_5-eps-converted-to.pdf>
Package pdftex.def Info: FHN_lab/V_W_5-eps-converted-to.pdf  used on input line
 412.
(pdftex.def)             Requested size: 252.94695pt x 189.7102pt.

Overfull \hbox (18.06944pt too wide) in paragraph at lines 412--413
 [][] 
 []

Package epstopdf Info: Source file: <FHN_lab/thres_5.eps>
(epstopdf)                    date: 2020-09-03 22:27:36
(epstopdf)                    size: 19012 bytes
(epstopdf)             Output file: <FHN_lab/thres_5-eps-converted-to.pdf>
(epstopdf)                    date: 2020-09-03 22:28:13
(epstopdf)                    size: 7240 bytes
(epstopdf)             Command: <epstopdf --outfile=FHN_lab/thres_5-eps-convert
ed-to.pdf FHN_lab/thres_5.eps>
(epstopdf)             \includegraphics on input line 416.
Package epstopdf Info: Output file is already uptodate.
<FHN_lab/thres_5-eps-converted-to.pdf, id=177, 421.575pt x 316.18124pt>
File: FHN_lab/thres_5-eps-converted-to.pdf Graphic file (type pdf)
<use FHN_lab/thres_5-eps-converted-to.pdf>
Package pdftex.def Info: FHN_lab/thres_5-eps-converted-to.pdf  used on input li
ne 416.
(pdftex.def)             Requested size: 252.94695pt x 189.7102pt.

Overfull \hbox (18.06944pt too wide) in paragraph at lines 416--417
 [][] 
 []

[10 <./FHN_lab/V_t_4-eps-converted-to.pdf> <./FHN_lab/W_t_4-eps-converted-to.pd
f> <./FHN_lab/V_W_4-eps-converted-to.pdf> <./FHN_lab/thres_4-eps-converted-to.p
df>]
Package epstopdf Info: Source file: <FHN_lab/V_t_5.eps>
(epstopdf)                    date: 2020-09-03 22:27:08
(epstopdf)                    size: 179887 bytes
(epstopdf)             Output file: <FHN_lab/V_t_5-eps-converted-to.pdf>
(epstopdf)                    date: 2020-09-03 22:28:17
(epstopdf)                    size: 66220 bytes
(epstopdf)             Command: <epstopdf --outfile=FHN_lab/V_t_5-eps-converted
-to.pdf FHN_lab/V_t_5.eps>
(epstopdf)             \includegraphics on input line 434.
Package epstopdf Info: Output file is already uptodate.
<FHN_lab/V_t_5-eps-converted-to.pdf, id=202, 421.575pt x 316.18124pt>
File: FHN_lab/V_t_5-eps-converted-to.pdf Graphic file (type pdf)
<use FHN_lab/V_t_5-eps-converted-to.pdf>
Package pdftex.def Info: FHN_lab/V_t_5-eps-converted-to.pdf  used on input line
 434.
(pdftex.def)             Requested size: 252.94695pt x 189.7102pt.

Overfull \hbox (18.06944pt too wide) in paragraph at lines 434--435
 [][] 
 []

Package epstopdf Info: Source file: <FHN_lab/W_t_5.eps>
(epstopdf)                    date: 2020-09-03 22:26:52
(epstopdf)                    size: 179482 bytes
(epstopdf)             Output file: <FHN_lab/W_t_5-eps-converted-to.pdf>
(epstopdf)                    date: 2020-09-03 22:28:21
(epstopdf)                    size: 66457 bytes
(epstopdf)             Command: <epstopdf --outfile=FHN_lab/W_t_5-eps-converted
-to.pdf FHN_lab/W_t_5.eps>
(epstopdf)             \includegraphics on input line 438.
Package epstopdf Info: Output file is already uptodate.
<FHN_lab/W_t_5-eps-converted-to.pdf, id=203, 421.575pt x 316.18124pt>
File: FHN_lab/W_t_5-eps-converted-to.pdf Graphic file (type pdf)
<use FHN_lab/W_t_5-eps-converted-to.pdf>
Package pdftex.def Info: FHN_lab/W_t_5-eps-converted-to.pdf  used on input line
 438.
(pdftex.def)             Requested size: 252.94695pt x 189.7102pt.

Overfull \hbox (18.06944pt too wide) in paragraph at lines 438--439
 [][] 
 []

[11 <./FHN_lab/V_W_5-eps-converted-to.pdf> <./FHN_lab/thres_5-eps-converted-to.
pdf> <./FHN_lab/V_t_5-eps-converted-to.pdf> <./FHN_lab/W_t_5-eps-converted-to.p
df>]
Package epstopdf Info: Source file: <FHN_lab/V_t_I_1.eps>
(epstopdf)                    date: 2020-09-03 23:43:28
(epstopdf)                    size: 339085 bytes
(epstopdf)             Output file: <FHN_lab/V_t_I_1-eps-converted-to.pdf>
(epstopdf)                    date: 2020-09-04 00:04:32
(epstopdf)                    size: 102866 bytes
(epstopdf)             Command: <epstopdf --outfile=FHN_lab/V_t_I_1-eps-convert
ed-to.pdf FHN_lab/V_t_I_1.eps>
(epstopdf)             \includegraphics on input line 461.
Package epstopdf Info: Output file is already uptodate.
<FHN_lab/V_t_I_1-eps-converted-to.pdf, id=227, 421.575pt x 316.18124pt>
File: FHN_lab/V_t_I_1-eps-converted-to.pdf Graphic file (type pdf)
<use FHN_lab/V_t_I_1-eps-converted-to.pdf>
Package pdftex.def Info: FHN_lab/V_t_I_1-eps-converted-to.pdf  used on input li
ne 461.
(pdftex.def)             Requested size: 252.94695pt x 189.7102pt.

Overfull \hbox (18.06944pt too wide) in paragraph at lines 461--462
 [][] 
 []

Package epstopdf Info: Source file: <FHN_lab/W_t_I_1.eps>
(epstopdf)                    date: 2020-09-03 23:43:18
(epstopdf)                    size: 338695 bytes
(epstopdf)             Output file: <FHN_lab/W_t_I_1-eps-converted-to.pdf>
(epstopdf)                    date: 2020-09-04 00:04:37
(epstopdf)                    size: 101033 bytes
(epstopdf)             Command: <epstopdf --outfile=FHN_lab/W_t_I_1-eps-convert
ed-to.pdf FHN_lab/W_t_I_1.eps>
(epstopdf)             \includegraphics on input line 465.
Package epstopdf Info: Output file is already uptodate.
<FHN_lab/W_t_I_1-eps-converted-to.pdf, id=228, 421.575pt x 316.18124pt>
File: FHN_lab/W_t_I_1-eps-converted-to.pdf Graphic file (type pdf)
<use FHN_lab/W_t_I_1-eps-converted-to.pdf>
Package pdftex.def Info: FHN_lab/W_t_I_1-eps-converted-to.pdf  used on input li
ne 465.
(pdftex.def)             Requested size: 252.94695pt x 189.7102pt.

Overfull \hbox (18.06944pt too wide) in paragraph at lines 465--466
 [][] 
 []

Package epstopdf Info: Source file: <FHN_lab/V_W_I_1.eps>
(epstopdf)                    date: 2020-09-03 23:43:03
(epstopdf)                    size: 595544 bytes
(epstopdf)             Output file: <FHN_lab/V_W_I_1-eps-converted-to.pdf>
(epstopdf)                    date: 2020-09-04 00:04:41
(epstopdf)                    size: 172411 bytes
(epstopdf)             Command: <epstopdf --outfile=FHN_lab/V_W_I_1-eps-convert
ed-to.pdf FHN_lab/V_W_I_1.eps>
(epstopdf)             \includegraphics on input line 477.
Package epstopdf Info: Output file is already uptodate.
<FHN_lab/V_W_I_1-eps-converted-to.pdf, id=229, 421.575pt x 316.18124pt>
File: FHN_lab/V_W_I_1-eps-converted-to.pdf Graphic file (type pdf)
<use FHN_lab/V_W_I_1-eps-converted-to.pdf>
Package pdftex.def Info: FHN_lab/V_W_I_1-eps-converted-to.pdf  used on input li
ne 477.
(pdftex.def)             Requested size: 252.94695pt x 189.7102pt.

Overfull \hbox (18.06944pt too wide) in paragraph at lines 477--478
 [][] 
 []

Package epstopdf Info: Source file: <FHN_lab/thres_I_1.eps>
(epstopdf)                    date: 2020-09-03 23:43:39
(epstopdf)                    size: 22711 bytes
(epstopdf)             Output file: <FHN_lab/thres_I_1-eps-converted-to.pdf>
(epstopdf)                    date: 2020-09-04 00:11:40
(epstopdf)                    size: 7771 bytes
(epstopdf)             Command: <epstopdf --outfile=FHN_lab/thres_I_1-eps-conve
rted-to.pdf FHN_lab/thres_I_1.eps>
(epstopdf)             \includegraphics on input line 481.
Package epstopdf Info: Output file is already uptodate.
<FHN_lab/thres_I_1-eps-converted-to.pdf, id=230, 421.575pt x 316.18124pt>
File: FHN_lab/thres_I_1-eps-converted-to.pdf Graphic file (type pdf)
<use FHN_lab/thres_I_1-eps-converted-to.pdf>
Package pdftex.def Info: FHN_lab/thres_I_1-eps-converted-to.pdf  used on input 
line 481.
(pdftex.def)             Requested size: 252.94695pt x 189.7102pt.

Overfull \hbox (18.06944pt too wide) in paragraph at lines 481--482
 [][] 
 []

Package epstopdf Info: Source file: <FHN_lab/V_t_I_2.eps>
(epstopdf)                    date: 2020-09-04 00:09:26
(epstopdf)                    size: 1381094 bytes
(epstopdf)             Output file: <FHN_lab/V_t_I_2-eps-converted-to.pdf>
(epstopdf)                    date: 2020-09-04 00:11:45
(epstopdf)                    size: 471913 bytes
(epstopdf)             Command: <epstopdf --outfile=FHN_lab/V_t_I_2-eps-convert
ed-to.pdf FHN_lab/V_t_I_2.eps>
(epstopdf)             \includegraphics on input line 497.
Package epstopdf Info: Output file is already uptodate.
<FHN_lab/V_t_I_2-eps-converted-to.pdf, id=231, 421.575pt x 316.18124pt>
File: FHN_lab/V_t_I_2-eps-converted-to.pdf Graphic file (type pdf)
<use FHN_lab/V_t_I_2-eps-converted-to.pdf>
Package pdftex.def Info: FHN_lab/V_t_I_2-eps-converted-to.pdf  used on input li
ne 497.
(pdftex.def)             Requested size: 252.94695pt x 189.7102pt.

Overfull \hbox (18.06944pt too wide) in paragraph at lines 497--498
 [][] 
 []

Package epstopdf Info: Source file: <FHN_lab/W_t_I_2.eps>
(epstopdf)                    date: 2020-09-04 00:10:08
(epstopdf)                    size: 606647 bytes
(epstopdf)             Output file: <FHN_lab/W_t_I_2-eps-converted-to.pdf>
(epstopdf)                    date: 2020-09-04 00:11:50
(epstopdf)                    size: 191657 bytes
(epstopdf)             Command: <epstopdf --outfile=FHN_lab/W_t_I_2-eps-convert
ed-to.pdf FHN_lab/W_t_I_2.eps>
(epstopdf)             \includegraphics on input line 501.
Package epstopdf Info: Output file is already uptodate.
<FHN_lab/W_t_I_2-eps-converted-to.pdf, id=232, 421.575pt x 316.18124pt>
File: FHN_lab/W_t_I_2-eps-converted-to.pdf Graphic file (type pdf)
<use FHN_lab/W_t_I_2-eps-converted-to.pdf>
Package pdftex.def Info: FHN_lab/W_t_I_2-eps-converted-to.pdf  used on input li
ne 501.
(pdftex.def)             Requested size: 252.94695pt x 189.7102pt.

Overfull \hbox (18.06944pt too wide) in paragraph at lines 501--502
 [][] 
 []

Package epstopdf Info: Source file: <FHN_lab/V_W_I_2.eps>
(epstopdf)                    date: 2020-09-04 00:12:29
(epstopdf)                    size: 870945 bytes
(epstopdf)             Output file: <FHN_lab/V_W_I_2-eps-converted-to.pdf>
(epstopdf)                    date: 2020-09-04 00:12:35
(epstopdf)                    size: 257300 bytes
(epstopdf)             Command: <epstopdf --outfile=FHN_lab/V_W_I_2-eps-convert
ed-to.pdf FHN_lab/V_W_I_2.eps>
(epstopdf)             \includegraphics on input line 513.
Package epstopdf Info: Output file is already uptodate.
<FHN_lab/V_W_I_2-eps-converted-to.pdf, id=233, 421.575pt x 316.18124pt>
File: FHN_lab/V_W_I_2-eps-converted-to.pdf Graphic file (type pdf)
<use FHN_lab/V_W_I_2-eps-converted-to.pdf>
Package pdftex.def Info: FHN_lab/V_W_I_2-eps-converted-to.pdf  used on input li
ne 513.
(pdftex.def)             Requested size: 252.94695pt x 189.7102pt.

Overfull \hbox (18.06944pt too wide) in paragraph at lines 513--514
 [][] 
 []

Package epstopdf Info: Source file: <FHN_lab/thres_I_2.eps>
(epstopdf)                    date: 2020-09-04 00:10:49
(epstopdf)                    size: 24005 bytes
(epstopdf)             Output file: <FHN_lab/thres_I_2-eps-converted-to.pdf>
(epstopdf)                    date: 2020-09-04 00:11:58
(epstopdf)                    size: 9834 bytes
(epstopdf)             Command: <epstopdf --outfile=FHN_lab/thres_I_2-eps-conve
rted-to.pdf FHN_lab/thres_I_2.eps>
(epstopdf)             \includegraphics on input line 517.
Package epstopdf Info: Output file is already uptodate.
<FHN_lab/thres_I_2-eps-converted-to.pdf, id=234, 421.575pt x 316.18124pt>
File: FHN_lab/thres_I_2-eps-converted-to.pdf Graphic file (type pdf)
<use FHN_lab/thres_I_2-eps-converted-to.pdf>
Package pdftex.def Info: FHN_lab/thres_I_2-eps-converted-to.pdf  used on input 
line 517.
(pdftex.def)             Requested size: 252.94695pt x 189.7102pt.

Overfull \hbox (18.06944pt too wide) in paragraph at lines 517--518
 [][] 
 []


Underfull \vbox (badness 3049) has occurred while \output is active []

 [12 <./FHN_lab/V_t_I_1-eps-converted-to.pdf> <./FHN_lab/W_t_I_1-eps-converted-
to.pdf> <./FHN_lab/V_W_I_1-eps-converted-to.pdf> <./FHN_lab/thres_I_1-eps-conve
rted-to.pdf>]
Package epstopdf Info: Source file: <FHN_lab/V_t_I_3.eps>
(epstopdf)                    date: 2020-09-04 00:36:27
(epstopdf)                    size: 597893 bytes
(epstopdf)             Output file: <FHN_lab/V_t_I_3-eps-converted-to.pdf>
(epstopdf)                    date: 2020-09-04 00:37:15
(epstopdf)                    size: 220629 bytes
(epstopdf)             Command: <epstopdf --outfile=FHN_lab/V_t_I_3-eps-convert
ed-to.pdf FHN_lab/V_t_I_3.eps>
(epstopdf)             \includegraphics on input line 537.
Package epstopdf Info: Output file is already uptodate.
<FHN_lab/V_t_I_3-eps-converted-to.pdf, id=260, 421.575pt x 316.18124pt>
File: FHN_lab/V_t_I_3-eps-converted-to.pdf Graphic file (type pdf)
<use FHN_lab/V_t_I_3-eps-converted-to.pdf>
Package pdftex.def Info: FHN_lab/V_t_I_3-eps-converted-to.pdf  used on input li
ne 537.
(pdftex.def)             Requested size: 252.94695pt x 189.7102pt.

Overfull \hbox (18.06944pt too wide) in paragraph at lines 537--538
 [][] 
 []

Package epstopdf Info: Source file: <FHN_lab/W_t_I_3.eps>
(epstopdf)                    date: 2020-09-04 00:36:04
(epstopdf)                    size: 604650 bytes
(epstopdf)             Output file: <FHN_lab/W_t_I_3-eps-converted-to.pdf>
(epstopdf)                    date: 2020-09-04 00:37:19
(epstopdf)                    size: 218261 bytes
(epstopdf)             Command: <epstopdf --outfile=FHN_lab/W_t_I_3-eps-convert
ed-to.pdf FHN_lab/W_t_I_3.eps>
(epstopdf)             \includegraphics on input line 541.
Package epstopdf Info: Output file is already uptodate.
<FHN_lab/W_t_I_3-eps-converted-to.pdf, id=261, 421.575pt x 316.18124pt>
File: FHN_lab/W_t_I_3-eps-converted-to.pdf Graphic file (type pdf)
<use FHN_lab/W_t_I_3-eps-converted-to.pdf>
Package pdftex.def Info: FHN_lab/W_t_I_3-eps-converted-to.pdf  used on input li
ne 541.
(pdftex.def)             Requested size: 252.94695pt x 189.7102pt.

Overfull \hbox (18.06944pt too wide) in paragraph at lines 541--542
 [][] 
 []

Package epstopdf Info: Source file: <FHN_lab/V_W_I_3.eps>
(epstopdf)                    date: 2020-09-04 00:36:52
(epstopdf)                    size: 826164 bytes
(epstopdf)             Output file: <FHN_lab/V_W_I_3-eps-converted-to.pdf>
(epstopdf)                    date: 2020-09-04 00:37:24
(epstopdf)                    size: 272298 bytes
(epstopdf)             Command: <epstopdf --outfile=FHN_lab/V_W_I_3-eps-convert
ed-to.pdf FHN_lab/V_W_I_3.eps>
(epstopdf)             \includegraphics on input line 554.
Package epstopdf Info: Output file is already uptodate.
<FHN_lab/V_W_I_3-eps-converted-to.pdf, id=262, 421.575pt x 316.18124pt>
File: FHN_lab/V_W_I_3-eps-converted-to.pdf Graphic file (type pdf)
<use FHN_lab/V_W_I_3-eps-converted-to.pdf>
Package pdftex.def Info: FHN_lab/V_W_I_3-eps-converted-to.pdf  used on input li
ne 554.
(pdftex.def)             Requested size: 252.94695pt x 189.7102pt.

Overfull \hbox (18.06944pt too wide) in paragraph at lines 554--555
 [][] 
 []

Package epstopdf Info: Source file: <FHN_lab/V_W_I_6.eps>
(epstopdf)                    date: 2020-09-04 00:55:20
(epstopdf)                    size: 629615 bytes
(epstopdf)             Output file: <FHN_lab/V_W_I_6-eps-converted-to.pdf>
(epstopdf)                    date: 2020-09-04 00:56:23
(epstopdf)                    size: 215065 bytes
(epstopdf)             Command: <epstopdf --outfile=FHN_lab/V_W_I_6-eps-convert
ed-to.pdf FHN_lab/V_W_I_6.eps>
(epstopdf)             \includegraphics on input line 558.
Package epstopdf Info: Output file is already uptodate.
<FHN_lab/V_W_I_6-eps-converted-to.pdf, id=263, 421.575pt x 316.18124pt>
File: FHN_lab/V_W_I_6-eps-converted-to.pdf Graphic file (type pdf)
<use FHN_lab/V_W_I_6-eps-converted-to.pdf>
Package pdftex.def Info: FHN_lab/V_W_I_6-eps-converted-to.pdf  used on input li
ne 558.
(pdftex.def)             Requested size: 252.94695pt x 189.7102pt.

Overfull \hbox (18.06944pt too wide) in paragraph at lines 558--559
 [][] 
 []


Underfull \vbox (badness 10000) has occurred while \output is active []

 [13 <./FHN_lab/V_t_I_2-eps-converted-to.pdf> <./FHN_lab/W_t_I_2-eps-converted-
to.pdf> <./FHN_lab/V_W_I_2-eps-converted-to.pdf> <./FHN_lab/thres_I_2-eps-conve
rted-to.pdf>]
Package epstopdf Info: Source file: <FHN_lab/refrac.eps>
(epstopdf)                    date: 2020-09-04 11:16:15
(epstopdf)                    size: 54623 bytes
(epstopdf)             Output file: <FHN_lab/refrac-eps-converted-to.pdf>
(epstopdf)                    date: 2020-09-04 11:17:34
(epstopdf)                    size: 14754 bytes
(epstopdf)             Command: <epstopdf --outfile=FHN_lab/refrac-eps-converte
d-to.pdf FHN_lab/refrac.eps>
(epstopdf)             \includegraphics on input line 575.
Package epstopdf Info: Output file is already uptodate.
<FHN_lab/refrac-eps-converted-to.pdf, id=290, 421.575pt x 316.18124pt>
File: FHN_lab/refrac-eps-converted-to.pdf Graphic file (type pdf)
<use FHN_lab/refrac-eps-converted-to.pdf>
Package pdftex.def Info: FHN_lab/refrac-eps-converted-to.pdf  used on input lin
e 575.
(pdftex.def)             Requested size: 252.94695pt x 189.7102pt.
LaTeX Font Info:    Try loading font information for OMS+cmr on input line 585.

 ("C:\Program Files\MiKTeX 2.9\tex\latex\base\omscmr.fd"
File: omscmr.fd 2014/09/29 v2.5h Standard LaTeX font definitions
)
LaTeX Font Info:    Font shape `OMS/cmr/m/n' in size <10> not available
(Font)              Font shape `OMS/cmsy/m/n' tried instead on input line 585.
 [14 <./FHN_lab/V_t_I_3-eps-converted-to.pdf> <./FHN_lab/W_t_I_3-eps-converted-
to.pdf> <./FHN_lab/V_W_I_3-eps-converted-to.pdf> <./FHN_lab/V_W_I_6-eps-convert
ed-to.pdf>] [15 <./FHN_lab/refrac-eps-converted-to.pdf>] [16

]
Part 2.
Package atveryend Info: Empty hook `BeforeClearDocument' on input line 598.
[17]
Package atveryend Info: Empty hook `AfterLastShipout' on input line 598.
 (HuanBui_NonLinear.aux)
Package atveryend Info: Executing hook `AtVeryEndDocument' on input line 598.
Package atveryend Info: Executing hook `AtEndAfterFileList' on input line 598.
Package rerunfilecheck Info: File `HuanBui_NonLinear.out' has not changed.
(rerunfilecheck)             Checksum: F17BB6BB34BBEC374AD7418EDDC4F555;887.
Package atveryend Info: Empty hook `AtVeryVeryEnd' on input line 598.
 ) 
Here is how much of TeX's memory you used:
 18004 strings out of 493308
 318280 string characters out of 3138768
 398350 words of memory out of 3000000
 21306 multiletter control sequences out of 15000+200000
 546170 words of font info for 85 fonts, out of 3000000 for 9000
 1141 hyphenation exceptions out of 8191
 39i,9n,39p,10416b,410s stack positions out of 5000i,500n,10000p,200000b,50000s
<C:/Program Files/MiKTeX 2.9/fonts/type1/public/amsfonts/cm/cmbx10.pfb><C:/Pr
ogram Files/MiKTeX 2.9/fonts/type1/public/amsfonts/cm/cmbx12.pfb><C:/Program Fi
les/MiKTeX 2.9/fonts/type1/public/amsfonts/cm/cmex10.pfb><C:/Program Files/MiKT
eX 2.9/fonts/type1/public/amsfonts/cm/cmmi10.pfb><C:/Program Files/MiKTeX 2.9/f
onts/type1/public/amsfonts/cm/cmmi7.pfb><C:/Program Files/MiKTeX 2.9/fonts/type
1/public/amsfonts/cm/cmr10.pfb><C:/Program Files/MiKTeX 2.9/fonts/type1/public/
amsfonts/cm/cmr12.pfb><C:/Program Files/MiKTeX 2.9/fonts/type1/public/amsfonts/
cm/cmr5.pfb><C:/Program Files/MiKTeX 2.9/fonts/type1/public/amsfonts/cm/cmr7.pf
b><C:/Program Files/MiKTeX 2.9/fonts/type1/public/amsfonts/cm/cmsl10.pfb><C:/Pr
ogram Files/MiKTeX 2.9/fonts/type1/public/amsfonts/cm/cmsy10.pfb><C:/Program Fi
les/MiKTeX 2.9/fonts/type1/public/amsfonts/cm/cmti10.pfb><C:/Program Files/MiKT
eX 2.9/fonts/type1/public/amsfonts/cm/cmtt10.pfb>
Output written on HuanBui_NonLinear.pdf (17 pages, 2851599 bytes).
PDF statistics:
 382 PDF objects out of 1000 (max. 8388607)
 47 named destinations out of 1000 (max. 500000)
 247 words of extra memory for PDF output out of 10000 (max. 10000000)

