This is pdfTeX, Version 3.141592653-2.6-1.40.24 (TeX Live 2022) (preloaded format=pdflatex 2022.10.1)  13 JAN 2023 00:12
entering extended mode
 restricted \write18 enabled.
 file:line:error style messages enabled.
 %&-line parsing enabled.
**BEC1_DAMOP_2022.tex
(./BEC1_DAMOP_2022.tex
LaTeX2e <2021-11-15> patch level 1
L3 programming layer <2022-02-24>
(/usr/local/texlive/2022/texmf-dist/tex/latex/tikzposter/tikzposter.cls
Document Class: tikzposter 2014/01/15 v2.0 LaTeX document class for Posters
(/usr/local/texlive/2022/texmf-dist/tex/latex/xkeyval/xkeyval.sty
Package: xkeyval 2020/11/20 v2.8 package option processing (HA)

(/usr/local/texlive/2022/texmf-dist/tex/generic/xkeyval/xkeyval.tex
(/usr/local/texlive/2022/texmf-dist/tex/generic/xkeyval/xkvutils.tex
\XKV@toks=\toks16
\XKV@tempa@toks=\toks17

(/usr/local/texlive/2022/texmf-dist/tex/generic/xkeyval/keyval.tex))
\XKV@depth=\count185
File: xkeyval.tex 2014/12/03 v2.7a key=value parser (HA)
))
(/usr/local/texlive/2022/texmf-dist/tex/latex/tools/calc.sty
Package: calc 2017/05/25 v4.3 Infix arithmetic (KKT,FJ)
\calc@Acount=\count186
\calc@Bcount=\count187
\calc@Adimen=\dimen138
\calc@Bdimen=\dimen139
\calc@Askip=\skip47
\calc@Bskip=\skip48
LaTeX Info: Redefining \setlength on input line 80.
LaTeX Info: Redefining \addtolength on input line 81.
\calc@Ccount=\count188
\calc@Cskip=\skip49
)
(/usr/local/texlive/2022/texmf-dist/tex/latex/base/ifthen.sty
Package: ifthen 2020/11/24 v1.1c Standard LaTeX ifthen package (DPC)
)
(/usr/local/texlive/2022/texmf-dist/tex/latex/ae/ae.sty
Package: ae 2001/02/12 1.3 Almost European Computer Modern

(/usr/local/texlive/2022/texmf-dist/tex/latex/base/fontenc.sty
Package: fontenc 2021/04/29 v2.0v Standard LaTeX package
))
(/usr/local/texlive/2022/texmf-dist/tex/generic/xstring/xstring.sty
(/usr/local/texlive/2022/texmf-dist/tex/generic/xstring/xstring.tex
\integerpart=\count189
\decimalpart=\count190
)
Package: xstring 2021/07/21 v1.84 String manipulations (CT)
)
(/usr/local/texlive/2022/texmf-dist/tex/latex/etoolbox/etoolbox.sty
Package: etoolbox 2020/10/05 v2.5k e-TeX tools for LaTeX (JAW)
\etb@tempcnta=\count191
)
(/usr/local/texlive/2022/texmf-dist/tex/latex/pgf/frontendlayer/tikz.sty
(/usr/local/texlive/2022/texmf-dist/tex/latex/pgf/basiclayer/pgf.sty
(/usr/local/texlive/2022/texmf-dist/tex/latex/pgf/utilities/pgfrcs.sty
(/usr/local/texlive/2022/texmf-dist/tex/generic/pgf/utilities/pgfutil-common.te
x
\pgfutil@everybye=\toks18
\pgfutil@tempdima=\dimen140
\pgfutil@tempdimb=\dimen141

(/usr/local/texlive/2022/texmf-dist/tex/generic/pgf/utilities/pgfutil-common-li
sts.tex))
(/usr/local/texlive/2022/texmf-dist/tex/generic/pgf/utilities/pgfutil-latex.def
\pgfutil@abb=\box50
) (/usr/local/texlive/2022/texmf-dist/tex/generic/pgf/utilities/pgfrcs.code.tex
(/usr/local/texlive/2022/texmf-dist/tex/generic/pgf/pgf.revision.tex)
Package: pgfrcs 2021/05/15 v3.1.9a (3.1.9a)
))
Package: pgf 2021/05/15 v3.1.9a (3.1.9a)

(/usr/local/texlive/2022/texmf-dist/tex/latex/pgf/basiclayer/pgfcore.sty
(/usr/local/texlive/2022/texmf-dist/tex/latex/graphics/graphicx.sty
Package: graphicx 2021/09/16 v1.2d Enhanced LaTeX Graphics (DPC,SPQR)

(/usr/local/texlive/2022/texmf-dist/tex/latex/graphics/graphics.sty
Package: graphics 2021/03/04 v1.4d Standard LaTeX Graphics (DPC,SPQR)

(/usr/local/texlive/2022/texmf-dist/tex/latex/graphics/trig.sty
Package: trig 2021/08/11 v1.11 sin cos tan (DPC)
)
(/usr/local/texlive/2022/texmf-dist/tex/latex/graphics-cfg/graphics.cfg
File: graphics.cfg 2016/06/04 v1.11 sample graphics configuration
)
Package graphics Info: Driver file: pdftex.def on input line 107.

(/usr/local/texlive/2022/texmf-dist/tex/latex/graphics-def/pdftex.def
File: pdftex.def 2020/10/05 v1.2a Graphics/color driver for pdftex
))
\Gin@req@height=\dimen142
\Gin@req@width=\dimen143
)
(/usr/local/texlive/2022/texmf-dist/tex/latex/pgf/systemlayer/pgfsys.sty
(/usr/local/texlive/2022/texmf-dist/tex/generic/pgf/systemlayer/pgfsys.code.tex
Package: pgfsys 2021/05/15 v3.1.9a (3.1.9a)
(/usr/local/texlive/2022/texmf-dist/tex/generic/pgf/utilities/pgfkeys.code.tex
\pgfkeys@pathtoks=\toks19
\pgfkeys@temptoks=\toks20

(/usr/local/texlive/2022/texmf-dist/tex/generic/pgf/utilities/pgfkeysfiltered.c
ode.tex
\pgfkeys@tmptoks=\toks21
))
\pgf@x=\dimen144
\pgf@y=\dimen145
\pgf@xa=\dimen146
\pgf@ya=\dimen147
\pgf@xb=\dimen148
\pgf@yb=\dimen149
\pgf@xc=\dimen150
\pgf@yc=\dimen151
\pgf@xd=\dimen152
\pgf@yd=\dimen153
\w@pgf@writea=\write3
\r@pgf@reada=\read2
\c@pgf@counta=\count192
\c@pgf@countb=\count193
\c@pgf@countc=\count194
\c@pgf@countd=\count195
\t@pgf@toka=\toks22
\t@pgf@tokb=\toks23
\t@pgf@tokc=\toks24
\pgf@sys@id@count=\count196

(/usr/local/texlive/2022/texmf-dist/tex/generic/pgf/systemlayer/pgf.cfg
File: pgf.cfg 2021/05/15 v3.1.9a (3.1.9a)
)
Driver file for pgf: pgfsys-pdftex.def

(/usr/local/texlive/2022/texmf-dist/tex/generic/pgf/systemlayer/pgfsys-pdftex.d
ef
File: pgfsys-pdftex.def 2021/05/15 v3.1.9a (3.1.9a)

(/usr/local/texlive/2022/texmf-dist/tex/generic/pgf/systemlayer/pgfsys-common-p
df.def
File: pgfsys-common-pdf.def 2021/05/15 v3.1.9a (3.1.9a)
)))
(/usr/local/texlive/2022/texmf-dist/tex/generic/pgf/systemlayer/pgfsyssoftpath.
code.tex
File: pgfsyssoftpath.code.tex 2021/05/15 v3.1.9a (3.1.9a)
\pgfsyssoftpath@smallbuffer@items=\count197
\pgfsyssoftpath@bigbuffer@items=\count198
)
(/usr/local/texlive/2022/texmf-dist/tex/generic/pgf/systemlayer/pgfsysprotocol.
code.tex
File: pgfsysprotocol.code.tex 2021/05/15 v3.1.9a (3.1.9a)
)) (/usr/local/texlive/2022/texmf-dist/tex/latex/xcolor/xcolor.sty
Package: xcolor 2021/10/31 v2.13 LaTeX color extensions (UK)

(/usr/local/texlive/2022/texmf-dist/tex/latex/graphics-cfg/color.cfg
File: color.cfg 2016/01/02 v1.6 sample color configuration
)
Package xcolor Info: Driver file: pdftex.def on input line 227.
Package xcolor Info: Model `cmy' substituted by `cmy0' on input line 1352.
Package xcolor Info: Model `hsb' substituted by `rgb' on input line 1356.
Package xcolor Info: Model `RGB' extended on input line 1368.
Package xcolor Info: Model `HTML' substituted by `rgb' on input line 1370.
Package xcolor Info: Model `Hsb' substituted by `hsb' on input line 1371.
Package xcolor Info: Model `tHsb' substituted by `hsb' on input line 1372.
Package xcolor Info: Model `HSB' substituted by `hsb' on input line 1373.
Package xcolor Info: Model `Gray' substituted by `gray' on input line 1374.
Package xcolor Info: Model `wave' substituted by `hsb' on input line 1375.
)
(/usr/local/texlive/2022/texmf-dist/tex/generic/pgf/basiclayer/pgfcore.code.tex
Package: pgfcore 2021/05/15 v3.1.9a (3.1.9a)
(/usr/local/texlive/2022/texmf-dist/tex/generic/pgf/math/pgfmath.code.tex
(/usr/local/texlive/2022/texmf-dist/tex/generic/pgf/math/pgfmathcalc.code.tex
(/usr/local/texlive/2022/texmf-dist/tex/generic/pgf/math/pgfmathutil.code.tex)
(/usr/local/texlive/2022/texmf-dist/tex/generic/pgf/math/pgfmathparser.code.tex
\pgfmath@dimen=\dimen154
\pgfmath@count=\count199
\pgfmath@box=\box51
\pgfmath@toks=\toks25
\pgfmath@stack@operand=\toks26
\pgfmath@stack@operation=\toks27
)
(/usr/local/texlive/2022/texmf-dist/tex/generic/pgf/math/pgfmathfunctions.code.
tex
(/usr/local/texlive/2022/texmf-dist/tex/generic/pgf/math/pgfmathfunctions.basic
.code.tex)
(/usr/local/texlive/2022/texmf-dist/tex/generic/pgf/math/pgfmathfunctions.trigo
nometric.code.tex)
(/usr/local/texlive/2022/texmf-dist/tex/generic/pgf/math/pgfmathfunctions.rando
m.code.tex)
(/usr/local/texlive/2022/texmf-dist/tex/generic/pgf/math/pgfmathfunctions.compa
rison.code.tex)
(/usr/local/texlive/2022/texmf-dist/tex/generic/pgf/math/pgfmathfunctions.base.
code.tex)
(/usr/local/texlive/2022/texmf-dist/tex/generic/pgf/math/pgfmathfunctions.round
.code.tex)
(/usr/local/texlive/2022/texmf-dist/tex/generic/pgf/math/pgfmathfunctions.misc.
code.tex)
(/usr/local/texlive/2022/texmf-dist/tex/generic/pgf/math/pgfmathfunctions.integ
erarithmetics.code.tex)))
(/usr/local/texlive/2022/texmf-dist/tex/generic/pgf/math/pgfmathfloat.code.tex
\c@pgfmathroundto@lastzeros=\count266
)) (/usr/local/texlive/2022/texmf-dist/tex/generic/pgf/math/pgfint.code.tex)
(/usr/local/texlive/2022/texmf-dist/tex/generic/pgf/basiclayer/pgfcorepoints.co
de.tex
File: pgfcorepoints.code.tex 2021/05/15 v3.1.9a (3.1.9a)
\pgf@picminx=\dimen155
\pgf@picmaxx=\dimen156
\pgf@picminy=\dimen157
\pgf@picmaxy=\dimen158
\pgf@pathminx=\dimen159
\pgf@pathmaxx=\dimen160
\pgf@pathminy=\dimen161
\pgf@pathmaxy=\dimen162
\pgf@xx=\dimen163
\pgf@xy=\dimen164
\pgf@yx=\dimen165
\pgf@yy=\dimen166
\pgf@zx=\dimen167
\pgf@zy=\dimen168
)
(/usr/local/texlive/2022/texmf-dist/tex/generic/pgf/basiclayer/pgfcorepathconst
ruct.code.tex
File: pgfcorepathconstruct.code.tex 2021/05/15 v3.1.9a (3.1.9a)
\pgf@path@lastx=\dimen169
\pgf@path@lasty=\dimen170
)
(/usr/local/texlive/2022/texmf-dist/tex/generic/pgf/basiclayer/pgfcorepathusage
.code.tex
File: pgfcorepathusage.code.tex 2021/05/15 v3.1.9a (3.1.9a)
\pgf@shorten@end@additional=\dimen171
\pgf@shorten@start@additional=\dimen172
)
(/usr/local/texlive/2022/texmf-dist/tex/generic/pgf/basiclayer/pgfcorescopes.co
de.tex
File: pgfcorescopes.code.tex 2021/05/15 v3.1.9a (3.1.9a)
\pgfpic=\box52
\pgf@hbox=\box53
\pgf@layerbox@main=\box54
\pgf@picture@serial@count=\count267
)
(/usr/local/texlive/2022/texmf-dist/tex/generic/pgf/basiclayer/pgfcoregraphicst
ate.code.tex
File: pgfcoregraphicstate.code.tex 2021/05/15 v3.1.9a (3.1.9a)
\pgflinewidth=\dimen173
)
(/usr/local/texlive/2022/texmf-dist/tex/generic/pgf/basiclayer/pgfcoretransform
ations.code.tex
File: pgfcoretransformations.code.tex 2021/05/15 v3.1.9a (3.1.9a)
\pgf@pt@x=\dimen174
\pgf@pt@y=\dimen175
\pgf@pt@temp=\dimen176
)
(/usr/local/texlive/2022/texmf-dist/tex/generic/pgf/basiclayer/pgfcorequick.cod
e.tex
File: pgfcorequick.code.tex 2021/05/15 v3.1.9a (3.1.9a)
)
(/usr/local/texlive/2022/texmf-dist/tex/generic/pgf/basiclayer/pgfcoreobjects.c
ode.tex
File: pgfcoreobjects.code.tex 2021/05/15 v3.1.9a (3.1.9a)
)
(/usr/local/texlive/2022/texmf-dist/tex/generic/pgf/basiclayer/pgfcorepathproce
ssing.code.tex
File: pgfcorepathprocessing.code.tex 2021/05/15 v3.1.9a (3.1.9a)
)
(/usr/local/texlive/2022/texmf-dist/tex/generic/pgf/basiclayer/pgfcorearrows.co
de.tex
File: pgfcorearrows.code.tex 2021/05/15 v3.1.9a (3.1.9a)
\pgfarrowsep=\dimen177
)
(/usr/local/texlive/2022/texmf-dist/tex/generic/pgf/basiclayer/pgfcoreshade.cod
e.tex
File: pgfcoreshade.code.tex 2021/05/15 v3.1.9a (3.1.9a)
\pgf@max=\dimen178
\pgf@sys@shading@range@num=\count268
\pgf@shadingcount=\count269
)
(/usr/local/texlive/2022/texmf-dist/tex/generic/pgf/basiclayer/pgfcoreimage.cod
e.tex
File: pgfcoreimage.code.tex 2021/05/15 v3.1.9a (3.1.9a)

(/usr/local/texlive/2022/texmf-dist/tex/generic/pgf/basiclayer/pgfcoreexternal.
code.tex
File: pgfcoreexternal.code.tex 2021/05/15 v3.1.9a (3.1.9a)
\pgfexternal@startupbox=\box55
))
(/usr/local/texlive/2022/texmf-dist/tex/generic/pgf/basiclayer/pgfcorelayers.co
de.tex
File: pgfcorelayers.code.tex 2021/05/15 v3.1.9a (3.1.9a)
)
(/usr/local/texlive/2022/texmf-dist/tex/generic/pgf/basiclayer/pgfcoretranspare
ncy.code.tex
File: pgfcoretransparency.code.tex 2021/05/15 v3.1.9a (3.1.9a)
)
(/usr/local/texlive/2022/texmf-dist/tex/generic/pgf/basiclayer/pgfcorepatterns.
code.tex
File: pgfcorepatterns.code.tex 2021/05/15 v3.1.9a (3.1.9a)
)
(/usr/local/texlive/2022/texmf-dist/tex/generic/pgf/basiclayer/pgfcorerdf.code.
tex
File: pgfcorerdf.code.tex 2021/05/15 v3.1.9a (3.1.9a)
)))
(/usr/local/texlive/2022/texmf-dist/tex/generic/pgf/modules/pgfmoduleshapes.cod
e.tex
File: pgfmoduleshapes.code.tex 2021/05/15 v3.1.9a (3.1.9a)
\pgfnodeparttextbox=\box56
)
(/usr/local/texlive/2022/texmf-dist/tex/generic/pgf/modules/pgfmoduleplot.code.
tex
File: pgfmoduleplot.code.tex 2021/05/15 v3.1.9a (3.1.9a)
)
(/usr/local/texlive/2022/texmf-dist/tex/latex/pgf/compatibility/pgfcomp-version
-0-65.sty
Package: pgfcomp-version-0-65 2021/05/15 v3.1.9a (3.1.9a)
\pgf@nodesepstart=\dimen179
\pgf@nodesepend=\dimen180
)
(/usr/local/texlive/2022/texmf-dist/tex/latex/pgf/compatibility/pgfcomp-version
-1-18.sty
Package: pgfcomp-version-1-18 2021/05/15 v3.1.9a (3.1.9a)
))
(/usr/local/texlive/2022/texmf-dist/tex/latex/pgf/utilities/pgffor.sty
(/usr/local/texlive/2022/texmf-dist/tex/latex/pgf/utilities/pgfkeys.sty
(/usr/local/texlive/2022/texmf-dist/tex/generic/pgf/utilities/pgfkeys.code.tex)
) (/usr/local/texlive/2022/texmf-dist/tex/latex/pgf/math/pgfmath.sty
(/usr/local/texlive/2022/texmf-dist/tex/generic/pgf/math/pgfmath.code.tex))
(/usr/local/texlive/2022/texmf-dist/tex/generic/pgf/utilities/pgffor.code.tex
Package: pgffor 2021/05/15 v3.1.9a (3.1.9a)

(/usr/local/texlive/2022/texmf-dist/tex/generic/pgf/math/pgfmath.code.tex)
\pgffor@iter=\dimen181
\pgffor@skip=\dimen182
\pgffor@stack=\toks28
\pgffor@toks=\toks29
))
(/usr/local/texlive/2022/texmf-dist/tex/generic/pgf/frontendlayer/tikz/tikz.cod
e.tex
Package: tikz 2021/05/15 v3.1.9a (3.1.9a)

(/usr/local/texlive/2022/texmf-dist/tex/generic/pgf/libraries/pgflibraryplothan
dlers.code.tex
File: pgflibraryplothandlers.code.tex 2021/05/15 v3.1.9a (3.1.9a)
\pgf@plot@mark@count=\count270
\pgfplotmarksize=\dimen183
)
\tikz@lastx=\dimen184
\tikz@lasty=\dimen185
\tikz@lastxsaved=\dimen186
\tikz@lastysaved=\dimen187
\tikz@lastmovetox=\dimen188
\tikz@lastmovetoy=\dimen189
\tikzleveldistance=\dimen190
\tikzsiblingdistance=\dimen191
\tikz@figbox=\box57
\tikz@figbox@bg=\box58
\tikz@tempbox=\box59
\tikz@tempbox@bg=\box60
\tikztreelevel=\count271
\tikznumberofchildren=\count272
\tikznumberofcurrentchild=\count273
\tikz@fig@count=\count274

(/usr/local/texlive/2022/texmf-dist/tex/generic/pgf/modules/pgfmodulematrix.cod
e.tex
File: pgfmodulematrix.code.tex 2021/05/15 v3.1.9a (3.1.9a)
\pgfmatrixcurrentrow=\count275
\pgfmatrixcurrentcolumn=\count276
\pgf@matrix@numberofcolumns=\count277
)
\tikz@expandcount=\count278

(/usr/local/texlive/2022/texmf-dist/tex/generic/pgf/frontendlayer/tikz/librarie
s/tikzlibrarytopaths.code.tex
File: tikzlibrarytopaths.code.tex 2021/05/15 v3.1.9a (3.1.9a)
)))
(/usr/local/texlive/2022/texmf-dist/tex/generic/pgf/frontendlayer/tikz/librarie
s/tikzlibraryshapes.code.tex
File: tikzlibraryshapes.code.tex 2021/05/15 v3.1.9a (3.1.9a)

(/usr/local/texlive/2022/texmf-dist/tex/generic/pgf/frontendlayer/tikz/librarie
s/tikzlibraryshapes.geometric.code.tex
File: tikzlibraryshapes.geometric.code.tex 2021/05/15 v3.1.9a (3.1.9a)

(/usr/local/texlive/2022/texmf-dist/tex/generic/pgf/libraries/shapes/pgflibrary
shapes.geometric.code.tex
File: pgflibraryshapes.geometric.code.tex 2021/05/15 v3.1.9a (3.1.9a)
))
(/usr/local/texlive/2022/texmf-dist/tex/generic/pgf/frontendlayer/tikz/librarie
s/tikzlibraryshapes.misc.code.tex
File: tikzlibraryshapes.misc.code.tex 2021/05/15 v3.1.9a (3.1.9a)

(/usr/local/texlive/2022/texmf-dist/tex/generic/pgf/libraries/shapes/pgflibrary
shapes.misc.code.tex
File: pgflibraryshapes.misc.code.tex 2021/05/15 v3.1.9a (3.1.9a)
))
(/usr/local/texlive/2022/texmf-dist/tex/generic/pgf/frontendlayer/tikz/librarie
s/tikzlibraryshapes.symbols.code.tex
File: tikzlibraryshapes.symbols.code.tex 2021/05/15 v3.1.9a (3.1.9a)

(/usr/local/texlive/2022/texmf-dist/tex/generic/pgf/libraries/shapes/pgflibrary
shapes.symbols.code.tex
File: pgflibraryshapes.symbols.code.tex 2021/05/15 v3.1.9a (3.1.9a)
))
(/usr/local/texlive/2022/texmf-dist/tex/generic/pgf/frontendlayer/tikz/librarie
s/tikzlibraryshapes.arrows.code.tex
File: tikzlibraryshapes.arrows.code.tex 2021/05/15 v3.1.9a (3.1.9a)

(/usr/local/texlive/2022/texmf-dist/tex/generic/pgf/libraries/shapes/pgflibrary
shapes.arrows.code.tex
File: pgflibraryshapes.arrows.code.tex 2021/05/15 v3.1.9a (3.1.9a)
))
(/usr/local/texlive/2022/texmf-dist/tex/generic/pgf/frontendlayer/tikz/librarie
s/tikzlibraryshapes.callouts.code.tex
(/usr/local/texlive/2022/texmf-dist/tex/generic/pgf/libraries/shapes/pgflibrary
shapes.callouts.code.tex))
(/usr/local/texlive/2022/texmf-dist/tex/generic/pgf/frontendlayer/tikz/librarie
s/tikzlibraryshapes.multipart.code.tex
File: tikzlibraryshapes.multipart.code.tex 2021/05/15 v3.1.9a (3.1.9a)

(/usr/local/texlive/2022/texmf-dist/tex/generic/pgf/libraries/shapes/pgflibrary
shapes.multipart.code.tex
File: pgflibraryshapes.multipart.code.tex 2021/05/15 v3.1.9a (3.1.9a)
\pgfnodepartlowerbox=\box61
\pgfnodeparttwobox=\box62
\pgfnodepartthreebox=\box63
\pgfnodepartfourbox=\box64
\pgfnodeparttwentybox=\box65
\pgfnodepartnineteenbox=\box66
\pgfnodeparteighteenbox=\box67
\pgfnodepartseventeenbox=\box68
\pgfnodepartsixteenbox=\box69
\pgfnodepartfifteenbox=\box70
\pgfnodepartfourteenbox=\box71
\pgfnodepartthirteenbox=\box72
\pgfnodeparttwelvebox=\box73
\pgfnodepartelevenbox=\box74
\pgfnodeparttenbox=\box75
\pgfnodepartninebox=\box76
\pgfnodeparteightbox=\box77
\pgfnodepartsevenbox=\box78
\pgfnodepartsixbox=\box79
\pgfnodepartfivebox=\box80
)))
(/usr/local/texlive/2022/texmf-dist/tex/generic/pgf/frontendlayer/tikz/librarie
s/tikzlibrarydecorations.code.tex
(/usr/local/texlive/2022/texmf-dist/tex/generic/pgf/modules/pgfmoduledecoration
s.code.tex
\pgfdecoratedcompleteddistance=\dimen192
\pgfdecoratedremainingdistance=\dimen193
\pgfdecoratedinputsegmentcompleteddistance=\dimen194
\pgfdecoratedinputsegmentremainingdistance=\dimen195
\pgf@decorate@distancetomove=\dimen196
\pgf@decorate@repeatstate=\count279
\pgfdecorationsegmentamplitude=\dimen197
\pgfdecorationsegmentlength=\dimen198
)
\tikz@lib@dec@box=\box81
)
(/usr/local/texlive/2022/texmf-dist/tex/generic/pgf/frontendlayer/tikz/librarie
s/tikzlibraryshadows.code.tex
File: tikzlibraryshadows.code.tex 2021/05/15 v3.1.9a (3.1.9a)

(/usr/local/texlive/2022/texmf-dist/tex/generic/pgf/frontendlayer/tikz/librarie
s/tikzlibraryfadings.code.tex
File: tikzlibraryfadings.code.tex 2021/05/15 v3.1.9a (3.1.9a)

(/usr/local/texlive/2022/texmf-dist/tex/generic/pgf/libraries/pgflibraryfadings
.code.tex
File: pgflibraryfadings.code.tex 2021/05/15 v3.1.9a (3.1.9a)
)))
(/usr/local/texlive/2022/texmf-dist/tex/generic/pgf/frontendlayer/tikz/librarie
s/tikzlibrarybackgrounds.code.tex
File: tikzlibrarybackgrounds.code.tex 2021/05/15 v3.1.9a (3.1.9a)
\pgf@layerbox@background=\box82
\pgf@layerboxsaved@background=\box83
)
(/usr/local/texlive/2022/texmf-dist/tex/generic/pgf/frontendlayer/tikz/librarie
s/tikzlibrarycalc.code.tex
File: tikzlibrarycalc.code.tex 2021/05/15 v3.1.9a (3.1.9a)
)
(/usr/local/texlive/2022/texmf-dist/tex/generic/pgf/frontendlayer/tikz/librarie
s/tikzlibraryfit.code.tex
File: tikzlibraryfit.code.tex 2021/05/15 v3.1.9a (3.1.9a)
)
(/usr/local/texlive/2022/texmf-dist/tex/generic/pgf/frontendlayer/tikz/librarie
s/tikzlibrarydecorations.pathmorphing.code.tex
(/usr/local/texlive/2022/texmf-dist/tex/generic/pgf/libraries/decorations/pgfli
brarydecorations.pathmorphing.code.tex))
(/usr/local/texlive/2022/texmf-dist/tex/generic/pgf/libraries/pgflibraryarrows.
code.tex
File: pgflibraryarrows.code.tex 2021/05/15 v3.1.9a (3.1.9a)
\arrowsize=\dimen199
)
\TP@innermargin=\dimen256
\TP@visibletextwidth=\dimen257
\TP@visibletextheight=\dimen258
\TP@titlewidth=\dimen259
\titlewidth=\dimen260
\TP@titlelinewidth=\dimen261
\titlelinewidth=\dimen262
\titleinnersep=\dimen263
\TP@titleinnersep=\dimen264
\TP@titletotopverticalspace=\dimen265
\titletotopverticalspace=\dimen266
\TP@titletoblockverticalspace=\dimen267
\TP@titleheight=\dimen268
\titleheight=\dimen269
\titlegraphicheight=\dimen270
\titleposleft=\dimen271
\titleposright=\dimen272
\titlepostop=\dimen273
\titleposbottom=\dimen274
\TP@titlegraphictotitledistance=\dimen275
\TP@colspace=\dimen276
\TP@coltop=\dimen277
\TP@colbottom=\dimen278
\TP@colcenter=\dimen279
\colwidth=\dimen280
\TP@subcolspace=\dimen281
\TP@subcoltop=\dimen282
\TP@subcolbottom=\dimen283
\TP@subcolcenter=\dimen284
\subcolwidth=\dimen285
\TP@blockverticalspace=\dimen286
\TP@blockcenter=\dimen287
\TP@blocktitleinnersep=\dimen288
\blocktitleinnersep=\dimen289
\TP@blockbodyinnersep=\dimen290
\blockbodyinnersep=\dimen291
\TP@blocktitlebox=\box84
\TP@blockbodybox=\box85
\TP@blocktitlewidth=\dimen292
\TP@blockbodywidth=\dimen293
\TP@blockbodyheight=\dimen294
\TP@blocktitleheight=\dimen295
\TP@blocktop=\dimen296
\TP@blocktitleoffsetx=\dimen297
\TP@blocktitleoffsety=\dimen298
\TP@blockbodyoffsetx=\dimen299
\TP@blockbodyoffsety=\dimen300
\TP@blockbodyverticalshift=\dimen301
\blocklinewidth=\dimen302
\TP@innerblockcenter=\dimen303
\TP@innerblocktitleinnersep=\dimen304
\innerblocktitleinnersep=\dimen305
\TP@innerblockbodyinnersep=\dimen306
\innerblockbodyinnersep=\dimen307
\TP@innerblocktitlebox=\box86
\TP@innerblockbodybox=\box87
\TP@innerblocktitlewidth=\dimen308
\TP@innerblockbodywidth=\dimen309
\TP@innerblockbodyheight=\dimen310
\TP@innerblocktitleheight=\dimen311
\TP@innerblocktitleoffsetx=\dimen312
\TP@innerblocktitleoffsety=\dimen313
\TP@innerblockbodyoffsetx=\dimen314
\TP@innerblockbodyoffsety=\dimen315
\TP@innerblockbodyverticalshift=\dimen316
\innerblocklinewidth=\dimen317
\TP@coloredbox=\box88
\TP@coloredboxwidth=\dimen318
\TP@coloredboxlinewidth=\dimen319
\TP@coloredboxinnersep=\dimen320
\TP@coloredboxheight=\dimen321
\TP@noteinnersep=\dimen322
\noteinnersep=\dimen323
\TP@notetargetoffsetx=\dimen324
\TP@notetargetoffsety=\dimen325
\TP@noteradius=\dimen326
\TP@notewidth=\dimen327
\TP@noteheight=\dimen328
\TP@notebox=\box89
\notelinewidth=\dimen329


Package tikzposter Warning: Unknown Option 26pt. on input line 204.


Package tikzposter Warning: Unknown Option paperwidth=36in. on input line 204.


Package tikzposter Warning: Unknown Option paperheight=48in. on input line 204.


(/usr/local/texlive/2022/texmf-dist/tex/latex/extsizes/extarticle.cls
Document Class: extarticle 1996/10/08 v1.0 Non Standard LaTeX document class
(/usr/local/texlive/2022/texmf-dist/tex/latex/base/size10.clo
File: size10.clo 2021/10/04 v1.4n Standard LaTeX file (size option)
)
(/usr/local/texlive/2022/texmf-dist/tex/latex/base/exscale.sty
Package: exscale 2018/09/24 v2.1i Standard LaTeX package exscale
LaTeX Font Info:    Redeclaring symbol font `largesymbols' on input line 57.
LaTeX Font Info:    Overwriting symbol font `largesymbols' in version `normal'
(Font)                  OMX/cmex/m/n --> OMX/cmex/m/n on input line 57.
LaTeX Font Info:    Overwriting symbol font `largesymbols' in version `bold'
(Font)                  OMX/cmex/m/n --> OMX/cmex/m/n on input line 57.
\big@size=\dimen330
)
\c@part=\count280
\c@section=\count281
\c@subsection=\count282
\c@subsubsection=\count283
\c@paragraph=\count284
\c@subparagraph=\count285
\c@figure=\count286
\c@table=\count287
\abovecaptionskip=\skip50
\belowcaptionskip=\skip51
\bibindent=\dimen331
)
(/usr/local/texlive/2022/texmf-dist/tex/latex/geometry/geometry.sty
Package: geometry 2020/01/02 v5.9 Page Geometry

(/usr/local/texlive/2022/texmf-dist/tex/generic/iftex/ifvtex.sty
Package: ifvtex 2019/10/25 v1.7 ifvtex legacy package. Use iftex instead.

(/usr/local/texlive/2022/texmf-dist/tex/generic/iftex/iftex.sty
Package: iftex 2022/02/03 v1.0f TeX engine tests
))
\Gm@cnth=\count288
\Gm@cntv=\count289
\c@Gm@tempcnt=\count290
\Gm@bindingoffset=\dimen332
\Gm@wd@mp=\dimen333
\Gm@odd@mp=\dimen334
\Gm@even@mp=\dimen335
\Gm@layoutwidth=\dimen336
\Gm@layoutheight=\dimen337
\Gm@layouthoffset=\dimen338
\Gm@layoutvoffset=\dimen339
\Gm@dimlist=\toks30
)
(/usr/local/texlive/2022/texmf-dist/tex/latex/a0poster/a0size.sty
File: a0size.sty 2004/01/31 v1.22b a0poster class (GK, MW)
LaTeX Font Info:    Redeclaring symbol font `largesymbols' on input line 229.
LaTeX Font Info:    Overwriting symbol font `largesymbols' in version `normal'
(Font)                  OMX/cmex/m/n --> OMX/cmex/m/n on input line 229.
LaTeX Font Info:    Overwriting symbol font `largesymbols' in version `bold'
(Font)                  OMX/cmex/m/n --> OMX/cmex/m/n on input line 229.
\big@size=\dimen340
)
\pgf@layerbox@backgroundlayer=\box90
\pgf@layerboxsaved@backgroundlayer=\box91
\pgf@layerbox@notelayer=\box92
\pgf@layerboxsaved@notelayer=\box93

(/usr/local/texlive/2022/texmf-dist/tex/latex/tikzposter/tikzposterColorpalette
s.tex)
(/usr/local/texlive/2022/texmf-dist/tex/latex/tikzposter/tikzposterColorstyles.
tex)
(/usr/local/texlive/2022/texmf-dist/tex/latex/tikzposter/tikzposterBackgroundst
yles.tex)
(/usr/local/texlive/2022/texmf-dist/tex/latex/tikzposter/tikzposterTitlestyles.
tex)
(/usr/local/texlive/2022/texmf-dist/tex/latex/tikzposter/tikzposterBlockstyles.
tex)
(/usr/local/texlive/2022/texmf-dist/tex/latex/tikzposter/tikzposterInnerblockst
yles.tex)
(/usr/local/texlive/2022/texmf-dist/tex/latex/tikzposter/tikzposterNotestyles.t
ex)
(/usr/local/texlive/2022/texmf-dist/tex/latex/tikzposter/tikzposterLayoutthemes
.tex)
\c@figurecounter=\count291
) (/usr/local/texlive/2022/texmf-dist/tex/latex/psnfss/helvet.sty
Package: helvet 2020/03/25 PSNFSS-v9.3 (WaS) 
)
(/usr/local/texlive/2022/texmf-dist/tex/latex/base/fontenc.sty
Package: fontenc 2021/04/29 v2.0v Standard LaTeX package
LaTeX Font Info:    Trying to load font information for T1+phv on input line 11
2.

(/usr/local/texlive/2022/texmf-dist/tex/latex/psnfss/t1phv.fd
File: t1phv.fd 2020/03/25 scalable font definitions for T1/phv.
))
(/usr/local/texlive/2022/texmf-dist/tex/latex/braket/braket.sty)
(/usr/local/texlive/2022/texmf-dist/tex/latex/caption/subcaption.sty
Package: subcaption 2022/01/07 v1.5 Sub-captions (AR)

(/usr/local/texlive/2022/texmf-dist/tex/latex/caption/caption.sty
Package: caption 2022/03/01 v3.6b Customizing captions (AR)

(/usr/local/texlive/2022/texmf-dist/tex/latex/caption/caption3.sty
Package: caption3 2022/03/17 v2.3b caption3 kernel (AR)
\caption@tempdima=\dimen341
\captionmargin=\dimen342
\caption@leftmargin=\dimen343
\caption@rightmargin=\dimen344
\caption@width=\dimen345
\caption@indent=\dimen346
\caption@parindent=\dimen347
\caption@hangindent=\dimen348
Package caption Info: Standard document class detected.
)
\c@caption@flags=\count292
\c@continuedfloat=\count293
)
\c@subfigure=\count294
\c@subtable=\count295
)
(/usr/local/texlive/2022/texmf-dist/tex/latex/adjustbox/adjustbox.sty
Package: adjustbox 2020/08/19 v1.3 Adjusting TeX boxes (trim, clip, ...)

(/usr/local/texlive/2022/texmf-dist/tex/latex/adjustbox/adjcalc.sty
Package: adjcalc 2012/05/16 v1.1 Provides advanced setlength with multiple back
-ends (calc, etex, pgfmath)
)
(/usr/local/texlive/2022/texmf-dist/tex/latex/adjustbox/trimclip.sty
Package: trimclip 2020/08/19 v1.2 Trim and clip general TeX material

(/usr/local/texlive/2022/texmf-dist/tex/latex/collectbox/collectbox.sty
Package: collectbox 2012/05/17 v0.4b Collect macro arguments as boxes
\collectedbox=\box94
)
\tc@llx=\dimen349
\tc@lly=\dimen350
\tc@urx=\dimen351
\tc@ury=\dimen352
Package trimclip Info: Using driver 'tc-pdftex.def'.

(/usr/local/texlive/2022/texmf-dist/tex/latex/adjustbox/tc-pdftex.def
File: tc-pdftex.def 2019/01/04 v2.2 Clipping driver for pdftex
))
\adjbox@Width=\dimen353
\adjbox@Height=\dimen354
\adjbox@Depth=\dimen355
\adjbox@Totalheight=\dimen356
\adjbox@pwidth=\dimen357
\adjbox@pheight=\dimen358
\adjbox@pdepth=\dimen359
\adjbox@ptotalheight=\dimen360

(/usr/local/texlive/2022/texmf-dist/tex/latex/ifoddpage/ifoddpage.sty
Package: ifoddpage 2016/04/23 v1.1 Conditionals for odd/even page detection
\c@checkoddpage=\count296
)
(/usr/local/texlive/2022/texmf-dist/tex/latex/varwidth/varwidth.sty
Package: varwidth 2009/03/30 ver 0.92;  Variable-width minipages
\@vwid@box=\box95
\sift@deathcycles=\count297
\@vwid@loff=\dimen361
\@vwid@roff=\dimen362
))
(/usr/local/texlive/2022/texmf-dist/tex/latex/blindtext/blindtext.sty
Package: blindtext 2012/01/06 V2.0 blindtext-Package

(/usr/local/texlive/2022/texmf-dist/tex/latex/tools/xspace.sty
Package: xspace 2014/10/28 v1.13 Space after command names (DPC,MH)
)
\c@blindtext=\count298
\c@Blindtext=\count299
\c@blind@countparstart=\count300
\blind@countxx=\count301
\blindtext@numBlindtext=\count302
\blind@countyy=\count303
\c@blindlist=\count304
\c@blindlistlevel=\count305
\c@blindlist@level=\count306
\blind@listitem=\count307
\c@blind@listcount=\count308
\c@blind@levelcount=\count309
\blind@mathformula=\count310
\blind@Mathformula=\count311
\c@blind@randomcount=\count312
\c@blind@randommax=\count313
\c@blind@pangramcount=\count314
\c@blind@pangrammax=\count315
)
(/usr/local/texlive/2022/texmf-dist/tex/latex/comment/comment.sty
\CommentStream=\write4

Excluding comment 'comment')
(/usr/local/texlive/2022/texmf-dist/tex/latex/l3backend/l3backend-pdftex.def
File: l3backend-pdftex.def 2022-02-07 L3 backend support: PDF output (pdfTeX)
\l__color_backend_stack_int=\count316
\l__pdf_internal_box=\box96
)

LaTeX Warning: Unused global option(s):
    [26pt,paperwidth=36in,paperheight=48in].

(./BEC1_DAMOP_2022.aux)
\openout1 = `BEC1_DAMOP_2022.aux'.

LaTeX Font Info:    Checking defaults for OML/cmm/m/it on input line 101.
LaTeX Font Info:    ... okay on input line 101.
LaTeX Font Info:    Checking defaults for OMS/cmsy/m/n on input line 101.
LaTeX Font Info:    ... okay on input line 101.
LaTeX Font Info:    Checking defaults for OT1/cmr/m/n on input line 101.
LaTeX Font Info:    ... okay on input line 101.
LaTeX Font Info:    Checking defaults for T1/cmr/m/n on input line 101.
LaTeX Font Info:    ... okay on input line 101.
LaTeX Font Info:    Checking defaults for TS1/cmr/m/n on input line 101.
LaTeX Font Info:    ... okay on input line 101.
LaTeX Font Info:    Checking defaults for OMX/cmex/m/n on input line 101.
LaTeX Font Info:    ... okay on input line 101.
LaTeX Font Info:    Checking defaults for U/cmr/m/n on input line 101.
LaTeX Font Info:    ... okay on input line 101.

(/usr/local/texlive/2022/texmf-dist/tex/context/base/mkii/supp-pdf.mkii
[Loading MPS to PDF converter (version 2006.09.02).]
\scratchcounter=\count317
\scratchdimen=\dimen363
\scratchbox=\box97
\nofMPsegments=\count318
\nofMParguments=\count319
\everyMPshowfont=\toks31
\MPscratchCnt=\count320
\MPscratchDim=\dimen364
\MPnumerator=\count321
\makeMPintoPDFobject=\count322
\everyMPtoPDFconversion=\toks32
) (/usr/local/texlive/2022/texmf-dist/tex/latex/epstopdf-pkg/epstopdf-base.sty
Package: epstopdf-base 2020-01-24 v2.11 Base part for package epstopdf
Package epstopdf-base Info: Redefining graphics rule for `.eps' on input line 4
85.

(/usr/local/texlive/2022/texmf-dist/tex/latex/latexconfig/epstopdf-sys.cfg
File: epstopdf-sys.cfg 2010/07/13 v1.3 Configuration of (r)epstopdf for TeX Liv
e
))
*geometry* driver: auto-detecting
*geometry* detected driver: pdftex
*geometry* verbose mode - [ preamble ] result:
* driver: pdftex
* paper: a0paper
* layout: <same size as paper>
* layoutoffset:(h,v)=(0.0pt,0.0pt)
* modes: 
* h-part:(L,W,R)=(0.0pt, 2392.87677pt, 0.0pt)
* v-part:(T,H,B)=(0.0pt, 3383.03267pt, 0.0pt)
* \paperwidth=2392.87677pt
* \paperheight=3383.03267pt
* \textwidth=2392.87677pt
* \textheight=3383.03267pt
* \oddsidemargin=-72.26999pt
* \evensidemargin=-72.26999pt
* \topmargin=-109.26999pt
* \headheight=12.0pt
* \headsep=25.0pt
* \topskip=10.0pt
* \footskip=30.0pt
* \marginparwidth=65.0pt
* \marginparsep=11.0pt
* \columnsep=10.0pt
* \skip\footins=9.0pt plus 4.0pt minus 2.0pt
* \hoffset=0.0pt
* \voffset=0.0pt
* \mag=1000
* \@twocolumnfalse
* \@twosidefalse
* \@mparswitchfalse
* \@reversemarginfalse
* (1in=72.27pt=25.4mm, 1cm=28.453pt)

Package caption Info: Begin \AtBeginDocument code.
Package caption Info: End \AtBeginDocument code.
Missing character: There is no 1 in font nullfont!
Missing character: There is no = in font nullfont!
Missing character: There is no 1 in font nullfont!
<figures/header/cua-logo.pdf, id=31, 876.27374pt x 303.1325pt>
File: figures/header/cua-logo.pdf Graphic file (type pdf)
<use figures/header/cua-logo.pdf>
Package pdftex.def Info: figures/header/cua-logo.pdf  used on input line 103.
(pdftex.def)             Requested size: 380.84218pt x 131.74593pt.
Package epstopdf Info: Source file: <figures/header/mit.eps>
(epstopdf)                    date: 2022-05-26 08:56:48
(epstopdf)                    size: 493702 bytes
(epstopdf)             Output file: <figures/header/mit-eps-converted-to.pdf>
(epstopdf)                    date: 2022-05-26 08:56:48
(epstopdf)                    size: 16344 bytes
(epstopdf)             Command: <repstopdf --outfile=figures/header/mit-eps-con
verted-to.pdf figures/header/mit.eps>
(epstopdf)             \includegraphics on input line 103.
Package epstopdf Info: Output file is already uptodate.
<figures/header/mit-eps-converted-to.pdf, id=32, 181.67876pt x 41.15375pt>
File: figures/header/mit-eps-converted-to.pdf Graphic file (type pdf)
<use figures/header/mit-eps-converted-to.pdf>
Package pdftex.def Info: figures/header/mit-eps-converted-to.pdf  used on input
 line 103.
(pdftex.def)             Requested size: 515.25304pt x 116.7487pt.
File: figures/header/cua-logo.pdf Graphic file (type pdf)
<use figures/header/cua-logo.pdf>
Package pdftex.def Info: figures/header/cua-logo.pdf  used on input line 103.
(pdftex.def)             Requested size: 380.84218pt x 131.74593pt.
Package epstopdf Info: Source file: <figures/header/mit.eps>
(epstopdf)                    date: 2022-05-26 08:56:48
(epstopdf)                    size: 493702 bytes
(epstopdf)             Output file: <figures/header/mit-eps-converted-to.pdf>
(epstopdf)                    date: 2022-05-26 08:56:48
(epstopdf)                    size: 16344 bytes
(epstopdf)             Command: <repstopdf --outfile=figures/header/mit-eps-con
verted-to.pdf figures/header/mit.eps>
(epstopdf)             \includegraphics on input line 103.
Package epstopdf Info: Output file is already uptodate.
File: figures/header/mit-eps-converted-to.pdf Graphic file (type pdf)
<use figures/header/mit-eps-converted-to.pdf>
Package pdftex.def Info: figures/header/mit-eps-converted-to.pdf  used on input
 line 103.
(pdftex.def)             Requested size: 515.25304pt x 116.7487pt.
LaTeX Font Info:    Trying to load font information for TS1+phv on input line 1
83.
(/usr/local/texlive/2022/texmf-dist/tex/latex/psnfss/ts1phv.fd
File: ts1phv.fd 2020/03/25 scalable font definitions for TS1/phv.
)
LaTeX Font Info:    Calculating math sizes for size <24> on input line 183.


LaTeX Font Warning: Font shape `OT1/cmr/m/n' in size <24> not available
(Font)              size <24.88> substituted on input line 183.


LaTeX Font Warning: Font shape `OT1/cmr/m/n' in size <16.79993> not available
(Font)              size <17.28> substituted on input line 183.


LaTeX Font Warning: Font shape `OML/cmm/m/it' in size <24> not available
(Font)              size <24.88> substituted on input line 183.


LaTeX Font Warning: Font shape `OML/cmm/m/it' in size <16.79993> not available
(Font)              size <17.28> substituted on input line 183.


LaTeX Font Warning: Font shape `OMS/cmsy/m/n' in size <24> not available
(Font)              size <24.88> substituted on input line 183.


LaTeX Font Warning: Font shape `OMS/cmsy/m/n' in size <16.79993> not available
(Font)              size <17.28> substituted on input line 183.


LaTeX Font Warning: Font shape `OMX/cmex/m/n' in size <24> not available
(Font)              size <24.88> substituted on input line 183.


LaTeX Font Warning: Font shape `OMX/cmex/m/n' in size <16.79993> not available
(Font)              size <17.28> substituted on input line 183.

<figures/BreitRabiLi6.pdf, id=33, 356.79199pt x 265.45573pt>
File: figures/BreitRabiLi6.pdf Graphic file (type pdf)
<use figures/BreitRabiLi6.pdf>
Package pdftex.def Info: figures/BreitRabiLi6.pdf  used on input line 183.
(pdftex.def)             Requested size: 358.9169pt x 267.04288pt.
Package epstopdf Info: Source file: <figures/Feshbach_Plot_Redone.eps>
(epstopdf)                    date: 2022-05-26 13:41:32
(epstopdf)                    size: 659986 bytes
(epstopdf)             Output file: <figures/Feshbach_Plot_Redone-eps-converted
-to.pdf>
(epstopdf)                    date: 2022-05-26 14:00:36
(epstopdf)                    size: 28333 bytes
(epstopdf)             Command: <repstopdf --outfile=figures/Feshbach_Plot_Redo
ne-eps-converted-to.pdf figures/Feshbach_Plot_Redone.eps>
(epstopdf)             \includegraphics on input line 183.
Package epstopdf Info: Output file is already uptodate.
<figures/Feshbach_Plot_Redone-eps-converted-to.pdf, id=34, 500.87125pt x 336.25
626pt>
File: figures/Feshbach_Plot_Redone-eps-converted-to.pdf Graphic file (type pdf)

<use figures/Feshbach_Plot_Redone-eps-converted-to.pdf>
Package pdftex.def Info: figures/Feshbach_Plot_Redone-eps-converted-to.pdf  use
d on input line 183.
(pdftex.def)             Requested size: 412.75224pt x 277.1121pt.

Overfull \hbox (53.83534pt too wide) in paragraph at lines 183--183
[][] 
 []

<figures/box_cartoon.pdf, id=35, 409.27907pt x 221.91809pt>
File: figures/box_cartoon.pdf Graphic file (type pdf)
<use figures/box_cartoon.pdf>
Package pdftex.def Info: figures/box_cartoon.pdf  used on input line 183.
(pdftex.def)             Requested size: 491.13242pt x 266.30037pt.

Overfull \hbox (132.21552pt too wide) in paragraph at lines 183--183
 [][] 
 []

<figures/first_sound_cartoon.pdf, id=36, 464.49333pt x 260.17201pt>
File: figures/first_sound_cartoon.pdf Graphic file (type pdf)
<use figures/first_sound_cartoon.pdf>
Package pdftex.def Info: figures/first_sound_cartoon.pdf  used on input line 18
3.
(pdftex.def)             Requested size: 351.76039pt x 197.03406pt.
<figures/second_sound_cartoon.pdf, id=37, 462.52798pt x 260.17201pt>
File: figures/second_sound_cartoon.pdf Graphic file (type pdf)
<use figures/second_sound_cartoon.pdf>
Package pdftex.def Info: figures/second_sound_cartoon.pdf  used on input line 1
83.
(pdftex.def)             Requested size: 351.76039pt x 197.87569pt.
<figures/first_sound_injection.png, id=38, 264.99pt x 227.85126pt>
File: figures/first_sound_injection.png Graphic file (type png)
<use figures/first_sound_injection.png>
Package pdftex.def Info: figures/first_sound_injection.png  used on input line 
269.
(pdftex.def)             Requested size: 215.35416pt x 186.01678pt.
<figures/first_sound_shake.pdf, id=41, 57.23784pt x 57.23784pt>
File: figures/first_sound_shake.pdf Graphic file (type pdf)
<use figures/first_sound_shake.pdf>
Package pdftex.def Info: figures/first_sound_shake.pdf  used on input line 269.

(pdftex.def)             Requested size: 186.64233pt x 186.65305pt.
<figures/first_sound_background.pdf, id=42, 57.23784pt x 57.23784pt>
File: figures/first_sound_background.pdf Graphic file (type pdf)
<use figures/first_sound_background.pdf>
Package pdftex.def Info: figures/first_sound_background.pdf  used on input line
 269.
(pdftex.def)             Requested size: 186.64233pt x 186.65305pt.
<figures/shake-minus-background.pdf, id=43, 73.4745pt x 68.95763pt>
File: figures/shake-minus-background.pdf Graphic file (type pdf)
<use figures/shake-minus-background.pdf>
Package pdftex.def Info: figures/shake-minus-background.pdf  used on input line
 269.
(pdftex.def)             Requested size: 186.64233pt x 175.1809pt.
<figures/sound_diff_disp_redone.pdf, id=44, 520.34402pt x 173.448pt>
File: figures/sound_diff_disp_redone.pdf Graphic file (type pdf)
<use figures/sound_diff_disp_redone.pdf>
Package pdftex.def Info: figures/sound_diff_disp_redone.pdf  used on input line
 269.
(pdftex.def)             Requested size: 789.66174pt x 408.39153pt.

Overfull \hbox (71.79141pt too wide) in paragraph at lines 269--269
 [] 
 []

<figures/fundamental_modes_redone.pdf, id=46, 426.91695pt x 209.65227pt>
File: figures/fundamental_modes_redone.pdf Graphic file (type pdf)
<use figures/fundamental_modes_redone.pdf>
Package pdftex.def Info: figures/fundamental_modes_redone.pdf  used on input li
ne 269.
(pdftex.def)             Requested size: 256.0748pt x 392.76752pt.
<figures/First Sound Resonance Widths.pdf, id=48, 252.945pt x 317.34058pt>
File: figures/First Sound Resonance Widths.pdf Graphic file (type pdf)
<use figures/First Sound Resonance Widths.pdf>
Package pdftex.def Info: figures/First Sound Resonance Widths.pdf  used on inpu
t line 269.
(pdftex.def)             Requested size: 284.52756pt x 356.96852pt.
<figures/sound_diffusivity.pdf, id=49, 247.42236pt x 306.61252pt>
File: figures/sound_diffusivity.pdf Graphic file (type pdf)
<use figures/sound_diffusivity.pdf>
Package pdftex.def Info: figures/sound_diffusivity.pdf  used on input line 269.

(pdftex.def)             Requested size: 312.9803pt x 387.87772pt.

Overfull \hbox (91.41405pt too wide) in paragraph at lines 269--269
[]$[]$   $[]$   $[]$
 []

<figures/SecondSoundExcitationRedone.png, id=50, 216.81pt x 86.724pt>
File: figures/SecondSoundExcitationRedone.png Graphic file (type png)
<use figures/SecondSoundExcitationRedone.png>
Package pdftex.def Info: figures/SecondSoundExcitationRedone.png  used on input
 line 362.
(pdftex.def)             Requested size: 610.15762pt x 244.12894pt.
<figures/local_thermometer_redone.pdf, id=51, 243.91125pt x 172.44025pt>
File: figures/local_thermometer_redone.pdf Graphic file (type pdf)
<use figures/local_thermometer_redone.pdf>
Package pdftex.def Info: figures/local_thermometer_redone.pdf  used on input li
ne 362.
(pdftex.def)             Requested size: 610.15762pt x 203.6348pt.

Overfull \hbox (251.24072pt too wide) in paragraph at lines 362--362
 [] 
 []


Overfull \hbox (251.24072pt too wide) in paragraph at lines 362--362
 [] 
 []

File: figures/local_thermometer_redone.pdf Graphic file (type pdf)
<use figures/local_thermometer_redone.pdf>
Package pdftex.def Info: figures/local_thermometer_redone.pdf  used on input li
ne 362.
(pdftex.def)             Requested size: 284.52756pt x 195.0667pt.

Underfull \hbox (badness 10000) in paragraph at lines 362--362

 []

File: figures/local_thermometer_redone.pdf Graphic file (type pdf)
<use figures/local_thermometer_redone.pdf>
Package pdftex.def Info: figures/local_thermometer_redone.pdf  used on input li
ne 362.
(pdftex.def)             Requested size: 284.52756pt x 195.0667pt.
<figures/TimeEvolution_Slides_noedge.pdf, id=55, 325.215pt x 325.215pt>
File: figures/TimeEvolution_Slides_noedge.pdf Graphic file (type pdf)
<use figures/TimeEvolution_Slides_noedge.pdf>
Package pdftex.def Info: figures/TimeEvolution_Slides_noedge.pdf  used on input
 line 362.
(pdftex.def)             Requested size: 483.69684pt x 263.66174pt.
File: figures/TimeEvolution_Slides_noedge.pdf Graphic file (type pdf)
<use figures/TimeEvolution_Slides_noedge.pdf>
Package pdftex.def Info: figures/TimeEvolution_Slides_noedge.pdf  used on input
 line 362.
(pdftex.def)             Requested size: 483.69684pt x 74.48552pt.

Overfull \hbox (5.1288pt too wide) in paragraph at lines 362--362
[][] 
 []


Overfull \hbox (5.1288pt too wide) in paragraph at lines 362--362
[] 
 []


Underfull \hbox (badness 10000) in paragraph at lines 362--362

 []

<figures/thermal_diffusivity.png, id=58, 151.5261pt x 125.5089pt>
File: figures/thermal_diffusivity.png Graphic file (type png)
<use figures/thermal_diffusivity.png>
Package pdftex.def Info: figures/thermal_diffusivity.png  used on input line 36
2.
(pdftex.def)             Requested size: 312.9803pt x 259.28467pt.


pdfTeX warning: /Library/TeX/texbin/pdflatex (file ./figures/LocalHeater_Waterf
all 6.pdf): PDF inclusion: found PDF version <1.6>, but at most version <1.5> a
llowed
<figures/LocalHeater_Waterfall 6.pdf, id=59, 150.26338pt x 162.6075pt>
File: figures/LocalHeater_Waterfall 6.pdf Graphic file (type pdf)
<use figures/LocalHeater_Waterfall 6.pdf>
Package pdftex.def Info: figures/LocalHeater_Waterfall 6.pdf  used on input lin
e 362.
(pdftex.def)             Requested size: 441.01772pt x 477.28618pt.

Overfull \hbox (82.10081pt too wide) in paragraph at lines 362--362
[][] 
 []

Package epstopdf Info: Source file: <figures/Spin_Flip_Picture_3.eps>
(epstopdf)                    date: 2022-05-26 08:56:48
(epstopdf)                    size: 47164 bytes
(epstopdf)             Output file: <figures/Spin_Flip_Picture_3-eps-converted-
to.pdf>
(epstopdf)                    date: 2022-05-26 08:56:48
(epstopdf)                    size: 14181 bytes
(epstopdf)             Command: <repstopdf --outfile=figures/Spin_Flip_Picture_
3-eps-converted-to.pdf figures/Spin_Flip_Picture_3.eps>
(epstopdf)             \includegraphics on input line 381.
Package epstopdf Info: Output file is already uptodate.
<figures/Spin_Flip_Picture_3-eps-converted-to.pdf, id=60, 34.1275pt x 16.06pt>
File: figures/Spin_Flip_Picture_3-eps-converted-to.pdf Graphic file (type pdf)
<use figures/Spin_Flip_Picture_3-eps-converted-to.pdf>
Package pdftex.def Info: figures/Spin_Flip_Picture_3-eps-converted-to.pdf  used
 on input line 381.
(pdftex.def)             Requested size: 71.13188pt x 33.47603pt.

Overfull \hbox (68.28644pt too wide) in paragraph at lines 381--381
[][] 
 []


Package pgf Warning: Returning node center instead of a point on node border. D
id you specify a point identical to the center of node ``notetarget''? on input
 line 381.

<figures/transport.pdf, id=61, 614.295pt x 794.97pt>
File: figures/transport.pdf Graphic file (type pdf)
<use figures/transport.pdf>
Package pdftex.def Info: figures/transport.pdf  used on input line 450.
(pdftex.def)             Requested size: 1148.57062pt x 402.30911pt.

Overfull \hbox (201.95439pt too wide) in paragraph at lines 450--450
[]$[]$ 
 []

<figures/prandtl.pdf, id=63, 614.295pt x 794.97pt>
File: figures/prandtl.pdf Graphic file (type pdf)
<use figures/prandtl.pdf>
Package pdftex.def Info: figures/prandtl.pdf  used on input line 450.
(pdftex.def)             Requested size: 473.789pt x 433.24902pt.

Overfull \hbox (3.80194pt too wide) in paragraph at lines 450--450
[]$[]$   $[]$ 
 []


Overfull \hbox (10.51987pt too wide) in paragraph at lines 450--450
 []$ 
 []

LaTeX Font Info:    Font shape `T1/phv/m/it' in size <24> not available
(Font)              Font shape `T1/phv/m/sl' tried instead on input line 487.
<Funding Logos/Air_Force_LogoAsset 16.png, id=65, 150.5625pt x 146.5475pt>
File: Funding Logos/Air_Force_LogoAsset 16.png Graphic file (type png)
<use Funding Logos/Air_Force_LogoAsset 16.png>
Package pdftex.def Info: Funding Logos/Air_Force_LogoAsset 16.png  used on inpu
t line 508.
(pdftex.def)             Requested size: 128.62198pt x 125.19194pt.
<Funding Logos/NSF_Logo.png, id=66, 149.55875pt x 150.5625pt>
File: Funding Logos/NSF_Logo.png Graphic file (type png)
<use Funding Logos/NSF_Logo.png>
Package pdftex.def Info: Funding Logos/NSF_Logo.png  used on input line 508.
(pdftex.def)             Requested size: 124.36192pt x 125.19194pt.
<Funding Logos/Office_of_Naval_Research_Official_Logo.png, id=67, 519.8622pt x 
237.0456pt>
File: Funding Logos/Office_of_Naval_Research_Official_Logo.png Graphic file (ty
pe png)
<use Funding Logos/Office_of_Naval_Research_Official_Logo.png>
Package pdftex.def Info: Funding Logos/Office_of_Naval_Research_Official_Logo.p
ng  used on input line 508.
(pdftex.def)             Requested size: 274.55789pt x 125.19194pt.

Overfull \hbox (20.1624pt too wide) in paragraph at lines 508--508
[]$[]$   $[]$
 []

[1

{/usr/local/texlive/2022/texmf-var/fonts/map/pdftex/updmap/pdftex.map} <./figur
es/first_sound_injection.png> <./figures/sound_diff_disp_redone.pdf> <./figures
/fundamental_modes_redone.pdf> <./figures/local_thermometer_redone.pdf> <./figu
res/TimeEvolution_Slides_noedge.pdf> <./figures/transport.pdf> <./figures/prand
tl.pdf> <./figures/header/cua-logo.pdf> <./figures/header/mit-eps-converted-to.
pdf> <./figures/BreitRabiLi6.pdf

pdfTeX warning: /Library/TeX/texbin/pdflatex (file ./figures/BreitRabiLi6.pdf):
 PDF inclusion: multiple pdfs with page group included in a single page
> <./figures/Feshbach_Plot_Redone-eps-converted-to.pdf> <./figures/box_cartoon.
pdf

pdfTeX warning: /Library/TeX/texbin/pdflatex (file ./figures/box_cartoon.pdf): 
PDF inclusion: multiple pdfs with page group included in a single page
> <./figures/first_sound_cartoon.pdf

pdfTeX warning: /Library/TeX/texbin/pdflatex (file ./figures/first_sound_cartoo
n.pdf): PDF inclusion: multiple pdfs with page group included in a single page
> <./figures/second_sound_cartoon.pdf

pdfTeX warning: /Library/TeX/texbin/pdflatex (file ./figures/second_sound_carto
on.pdf): PDF inclusion: multiple pdfs with page group included in a single page

> <./figures/first_sound_shake.pdf> <./figures/first_sound_background.pdf> <./f
igures/shake-minus-background.pdf> <./figures/First Sound Resonance Widths.pdf>
 <./figures/sound_diffusivity.pdf

pdfTeX warning: /Library/TeX/texbin/pdflatex (file ./figures/sound_diffusivity.
pdf): PDF inclusion: multiple pdfs with page group included in a single page
> <./figures/SecondSoundExcitationRedone.png> <./figures/thermal_diffusivity.pn
g> <./figures/LocalHeater_Waterfall 6.pdf

pdfTeX warning: /Library/TeX/texbin/pdflatex (file ./figures/LocalHeater_Waterf
all 6.pdf): PDF inclusion: multiple pdfs with page group included in a single p
age
> <./Funding Logos/Air_Force_LogoAsset 16.png> <./Funding Logos/NSF_Logo.png> <
./Funding Logos/Office_of_Naval_Research_Official_Logo.png> <./figures/Spin_Fli
p_Picture_3-eps-converted-to.pdf>] (./BEC1_DAMOP_2022.aux)

LaTeX Font Warning: Size substitutions with differences
(Font)              up to 0.88pt have occurred.

 ) 
Here is how much of TeX's memory you used:
 20428 strings out of 478268
 451791 string characters out of 5846347
 786431 words of memory out of 5000000
 38211 multiletter control sequences out of 15000+600000
 507700 words of font info for 75 fonts, out of 8000000 for 9000
 1141 hyphenation exceptions out of 8191
 115i,12n,131p,506b,1008s stack positions out of 10000i,1000n,20000p,200000b,200000s
{/usr/local/texlive/2022/texmf-dist/fonts/enc/dvips/base/8r.enc}</usr/local/t
exlive/2022/texmf-dist/fonts/type1/public/amsfonts/cm/cmmi12.pfb></usr/local/te
xlive/2022/texmf-dist/fonts/type1/public/amsfonts/cm/cmmi8.pfb></usr/local/texl
ive/2022/texmf-dist/fonts/type1/public/amsfonts/cm/cmr12.pfb></usr/local/texliv
e/2022/texmf-dist/fonts/type1/public/amsfonts/cm/cmr17.pfb></usr/local/texlive/
2022/texmf-dist/fonts/type1/public/amsfonts/cm/cmr8.pfb></usr/local/texlive/202
2/texmf-dist/fonts/type1/public/amsfonts/cm/cmsy10.pfb></usr/local/texlive/2022
/texmf-dist/fonts/type1/public/cm-super/sfbx1200.pfb></usr/local/texlive/2022/t
exmf-dist/fonts/type1/public/cm-super/sfrm1200.pfb></usr/local/texlive/2022/tex
mf-dist/fonts/type1/urw/helvetic/uhvb8a.pfb></usr/local/texlive/2022/texmf-dist
/fonts/type1/urw/helvetic/uhvr8a.pfb></usr/local/texlive/2022/texmf-dist/fonts/
type1/urw/helvetic/uhvro8a.pfb>
Output written on BEC1_DAMOP_2022.pdf (1 page, 7340868 bytes).
PDF statistics:
 6857 PDF objects out of 7423 (max. 8388607)
 3416 compressed objects within 35 object streams
 0 named destinations out of 1000 (max. 500000)
 305 words of extra memory for PDF output out of 10000 (max. 10000000)

