This is pdfTeX, Version 3.141592653-2.6-1.40.24 (MiKTeX 22.3) (preloaded format=pdflatex 2022.6.29)  29 JUN 2022 01:05
entering extended mode
 restricted \write18 enabled.
 %&-line parsing enabled.
**./BUI_MagneticTraps.tex
(BUI_MagneticTraps.tex
LaTeX2e <2021-11-15> patch level 1
L3 programming layer <2022-02-24>
(C:\Users\huanium\AppData\Local\Programs\MiKTeX\tex/latex/base\article.cls
Document Class: article 2021/10/04 v1.4n Standard LaTeX document class
(C:\Users\huanium\AppData\Local\Programs\MiKTeX\tex/latex/base\size10.clo
File: size10.clo 2021/10/04 v1.4n Standard LaTeX file (size option)
)
\c@part=\count185
\c@section=\count186
\c@subsection=\count187
\c@subsubsection=\count188
\c@paragraph=\count189
\c@subparagraph=\count190
\c@figure=\count191
\c@table=\count192
\abovecaptionskip=\skip47
\belowcaptionskip=\skip48
\bibindent=\dimen138
)
(C:\Users\huanium\AppData\Local\Programs\MiKTeX\tex/latex/physics\physics.sty
Package: physics 

(C:\Users\huanium\AppData\Local\Programs\MiKTeX\tex/latex/l3packages/xparse\xpa
rse.sty
(C:\Users\huanium\AppData\Local\Programs\MiKTeX\tex/latex/l3kernel\expl3.sty
Package: expl3 2022-02-24 L3 programming layer (loader) 

(C:\Users\huanium\AppData\Local\Programs\MiKTeX\tex/latex/l3backend\l3backend-p
dftex.def
File: l3backend-pdftex.def 2022-02-07 L3 backend support: PDF output (pdfTeX)
\l__color_backend_stack_int=\count193
\l__pdf_internal_box=\box50
))
Package: xparse 2022-01-12 L3 Experimental document command parser
)
(C:\Users\huanium\AppData\Local\Programs\MiKTeX\tex/latex/amsmath\amsmath.sty
Package: amsmath 2021/10/15 v2.17l AMS math features
\@mathmargin=\skip49

For additional information on amsmath, use the `?' option.
(C:\Users\huanium\AppData\Local\Programs\MiKTeX\tex/latex/amsmath\amstext.sty
Package: amstext 2021/08/26 v2.01 AMS text

(C:\Users\huanium\AppData\Local\Programs\MiKTeX\tex/latex/amsmath\amsgen.sty
File: amsgen.sty 1999/11/30 v2.0 generic functions
\@emptytoks=\toks16
\ex@=\dimen139
))
(C:\Users\huanium\AppData\Local\Programs\MiKTeX\tex/latex/amsmath\amsbsy.sty
Package: amsbsy 1999/11/29 v1.2d Bold Symbols
\pmbraise@=\dimen140
)
(C:\Users\huanium\AppData\Local\Programs\MiKTeX\tex/latex/amsmath\amsopn.sty
Package: amsopn 2021/08/26 v2.02 operator names
)
\inf@bad=\count194
LaTeX Info: Redefining \frac on input line 234.
\uproot@=\count195
\leftroot@=\count196
LaTeX Info: Redefining \overline on input line 399.
\classnum@=\count197
\DOTSCASE@=\count198
LaTeX Info: Redefining \ldots on input line 496.
LaTeX Info: Redefining \dots on input line 499.
LaTeX Info: Redefining \cdots on input line 620.
\Mathstrutbox@=\box51
\strutbox@=\box52
\big@size=\dimen141
LaTeX Font Info:    Redeclaring font encoding OML on input line 743.
LaTeX Font Info:    Redeclaring font encoding OMS on input line 744.
\macc@depth=\count199
\c@MaxMatrixCols=\count266
\dotsspace@=\muskip16
\c@parentequation=\count267
\dspbrk@lvl=\count268
\tag@help=\toks17
\row@=\count269
\column@=\count270
\maxfields@=\count271
\andhelp@=\toks18
\eqnshift@=\dimen142
\alignsep@=\dimen143
\tagshift@=\dimen144
\tagwidth@=\dimen145
\totwidth@=\dimen146
\lineht@=\dimen147
\@envbody=\toks19
\multlinegap=\skip50
\multlinetaggap=\skip51
\mathdisplay@stack=\toks20
LaTeX Info: Redefining \[ on input line 2938.
LaTeX Info: Redefining \] on input line 2939.
))
(C:\Users\huanium\AppData\Local\Programs\MiKTeX\tex/latex/graphics\graphicx.sty
Package: graphicx 2021/09/16 v1.2d Enhanced LaTeX Graphics (DPC,SPQR)
(C:\Users\huanium\AppData\Local\Programs\MiKTeX\tex/latex/graphics\keyval.sty
Package: keyval 2014/10/28 v1.15 key=value parser (DPC)
\KV@toks@=\toks21
)
(C:\Users\huanium\AppData\Local\Programs\MiKTeX\tex/latex/graphics\graphics.sty
Package: graphics 2021/03/04 v1.4d Standard LaTeX Graphics (DPC,SPQR)
(C:\Users\huanium\AppData\Local\Programs\MiKTeX\tex/latex/graphics\trig.sty
Package: trig 2021/08/11 v1.11 sin cos tan (DPC)
)
(C:\Users\huanium\AppData\Local\Programs\MiKTeX\tex/latex/graphics-cfg\graphics
.cfg
File: graphics.cfg 2016/06/04 v1.11 sample graphics configuration
)
Package graphics Info: Driver file: pdftex.def on input line 107.

(C:\Users\huanium\AppData\Local\Programs\MiKTeX\tex/latex/graphics-def\pdftex.d
ef
File: pdftex.def 2020/10/05 v1.2a Graphics/color driver for pdftex
))
\Gin@req@height=\dimen148
\Gin@req@width=\dimen149
)
(C:\Users\huanium\AppData\Local\Programs\MiKTeX\tex/latex/caption\caption.sty
Package: caption 2022/03/01 v3.6b Customizing captions (AR)

(C:\Users\huanium\AppData\Local\Programs\MiKTeX\tex/latex/caption\caption3.sty
Package: caption3 2022/03/17 v2.3b caption3 kernel (AR)
\caption@tempdima=\dimen150
\captionmargin=\dimen151
\caption@leftmargin=\dimen152
\caption@rightmargin=\dimen153
\caption@width=\dimen154
\caption@indent=\dimen155
\caption@parindent=\dimen156
\caption@hangindent=\dimen157
Package caption Info: Standard document class detected.
)
\c@caption@flags=\count272
\c@continuedfloat=\count273
) (C:\Users\huanium\AppData\Local\Programs\MiKTeX\tex/latex/tools\bm.sty
Package: bm 2021/04/25 v1.2e Bold Symbol Support (DPC/FMi)
\symboldoperators=\mathgroup4
\symboldletters=\mathgroup5
\symboldsymbols=\mathgroup6
Package bm Info: No bold for \OMX/cmex/m/n, using \pmb.
LaTeX Font Info:    Redeclaring math alphabet \mathbf on input line 149.
)
(C:\Users\huanium\AppData\Local\Programs\MiKTeX\tex/latex/framed\framed.sty
Package: framed 2011/10/22 v 0.96: framed or shaded text with page breaks
\OuterFrameSep=\skip52
\fb@frw=\dimen158
\fb@frh=\dimen159
\FrameRule=\dimen160
\FrameSep=\dimen161
)
(C:\Users\huanium\AppData\Local\Programs\MiKTeX\tex/latex/preprint\authblk.sty
Package: authblk 2001/02/27 1.3 (PWD)
\affilsep=\skip53
\@affilsep=\skip54
\c@Maxaffil=\count274
\c@authors=\count275
\c@affil=\count276
) (C:\Users\huanium\AppData\Local\Programs\MiKTeX\tex/latex/mathtools\empheq.st
y
Package: empheq 2017/03/31 v2.15 Emphasizing equations

(C:\Users\huanium\AppData\Local\Programs\MiKTeX\tex/latex/mathtools\mhsetup.sty
Package: mhsetup 2021/03/18 v1.4 programming setup (MH)
)
(C:\Users\huanium\AppData\Local\Programs\MiKTeX\tex/latex/mathtools\mathtools.s
ty
Package: mathtools 2022/02/07 v1.28a mathematical typesetting tools
 (C:\Users\huanium\AppData\Local\Programs\MiKTeX\tex/latex/tools\calc.sty
Package: calc 2017/05/25 v4.3 Infix arithmetic (KKT,FJ)
\calc@Acount=\count277
\calc@Bcount=\count278
\calc@Adimen=\dimen162
\calc@Bdimen=\dimen163
\calc@Askip=\skip55
\calc@Bskip=\skip56
LaTeX Info: Redefining \setlength on input line 80.
LaTeX Info: Redefining \addtolength on input line 81.
\calc@Ccount=\count279
\calc@Cskip=\skip57
)
\g_MT_multlinerow_int=\count280
\l_MT_multwidth_dim=\dimen164
\origjot=\skip58
\l_MT_shortvdotswithinadjustabove_dim=\dimen165
\l_MT_shortvdotswithinadjustbelow_dim=\dimen166
\l_MT_above_intertext_sep=\dimen167
\l_MT_below_intertext_sep=\dimen168
\l_MT_above_shortintertext_sep=\dimen169
\l_MT_below_shortintertext_sep=\dimen170
\xmathstrut@box=\box53
\xmathstrut@dim=\dimen171
)
\l_EQ_equationtype_int=\count281
\l_EQ_alignmentmode_int=\count282
\l_EQ_totalwidth_dim=\dimen172
\l_EQ_displaywidth_dim=\dimen173
\l_EQ_temp_linewidth_dim=\dimen174
\l_EQ_linewidth_dim=\dimen175
\EmphEqdelimitershortfall=\dimen176
\EmphEqdelimiterfactor=\count283
\g_EQ_toptag_height_dim=\dimen177
\g_EQ_bottomtag_depth_dim=\dimen178
\g_EQ_toprow_height_dim=\dimen179
\g_EQ_bottomrow_depth_dim=\dimen180
\g_EQ_widesttag_dim=\dimen181
\EQ_mathdisplay_box=\box54
\EQ_tag_box=\box55
\g_EQ_temprow_int=\count284
)
(C:\Users\huanium\AppData\Local\Programs\MiKTeX\tex/latex/amsfonts\amsfonts.sty
Package: amsfonts 2013/01/14 v3.01 Basic AMSFonts support
\symAMSa=\mathgroup7
\symAMSb=\mathgroup8
LaTeX Font Info:    Redeclaring math symbol \hbar on input line 98.
LaTeX Font Info:    Overwriting math alphabet `\mathfrak' in version `bold'
(Font)                  U/euf/m/n --> U/euf/b/n on input line 106.
) (C:\Users\huanium\AppData\Local\Programs\MiKTeX\tex/latex/esint\esint.sty
Package: esint 
\symlargesymbolsA=\mathgroup9
)
(C:\Users\huanium\AppData\Local\Programs\MiKTeX\tex/latex/cancel\cancel.sty
Package: cancel 2013/04/12 v2.2 Cancel math terms
)
(C:\Users\huanium\AppData\Local\Programs\MiKTeX\tex/latex/doublestroke\dsfont.s
ty
Package: dsfont 1995/08/01 v0.1 Double stroke roman fonts
)
(C:\Users\huanium\AppData\Local\Programs\MiKTeX\tex/latex/oberdiek\centernot.st
y
Package: centernot 2016/05/16 v1.4 Centers the not symbol horizontally (HO)
)
(C:\Users\huanium\AppData\Local\Programs\MiKTeX\tex/latex/bigints\bigints.sty
Package: bigints 2010/02/15 Writing big integrals
Package bigints Info: This is Bigints by Merciadri Luca. on input line 5.
)
(C:\Users\huanium\AppData\Local\Programs\MiKTeX\tex/latex/amscls\amsthm.sty
Package: amsthm 2020/05/29 v2.20.6
\thm@style=\toks22
\thm@bodyfont=\toks23
\thm@headfont=\toks24
\thm@notefont=\toks25
\thm@headpunct=\toks26
\thm@preskip=\skip59
\thm@postskip=\skip60
\thm@headsep=\skip61
\dth@everypar=\toks27
)
\c@defn=\count285
\c@prop=\count286
\c@rmk=\count287
\c@thm=\count288
\c@exmp=\count289
\c@prob=\count290
\c@sln=\count291
\c@exer=\count292

(C:\Users\huanium\AppData\Local\Programs\MiKTeX\tex/latex/tensor\tensor.sty
Package: tensor 2004/12/20 v2.1 tensor indices package (PGR)
\tnsr@Sps=\toks28
\tnsr@Sbs=\toks29
\tnsr@Spe=\toks30
\tnsr@Sbe=\toks31
\ncld@Mno=\toks32
)
(C:\Users\huanium\AppData\Local\Programs\MiKTeX\tex/latex/xcolor\xcolor.sty
Package: xcolor 2021/10/31 v2.13 LaTeX color extensions (UK)

(C:\Users\huanium\AppData\Local\Programs\MiKTeX\tex/latex/graphics-cfg\color.cf
g
File: color.cfg 2016/01/02 v1.6 sample color configuration
)
Package xcolor Info: Driver file: pdftex.def on input line 227.
Package xcolor Info: Model `cmy' substituted by `cmy0' on input line 1352.
Package xcolor Info: Model `hsb' substituted by `rgb' on input line 1356.
Package xcolor Info: Model `RGB' extended on input line 1368.
Package xcolor Info: Model `HTML' substituted by `rgb' on input line 1370.
Package xcolor Info: Model `Hsb' substituted by `hsb' on input line 1371.
Package xcolor Info: Model `tHsb' substituted by `hsb' on input line 1372.
Package xcolor Info: Model `HSB' substituted by `hsb' on input line 1373.
Package xcolor Info: Model `Gray' substituted by `gray' on input line 1374.
Package xcolor Info: Model `wave' substituted by `hsb' on input line 1375.
)
(C:\Users\huanium\AppData\Local\Programs\MiKTeX\tex/latex/hyperref\hyperref.sty
Package: hyperref 2022-02-21 v7.00n Hypertext links for LaTeX

(C:\Users\huanium\AppData\Local\Programs\MiKTeX\tex/generic/ltxcmds\ltxcmds.sty
Package: ltxcmds 2020-05-10 v1.25 LaTeX kernel commands for general use (HO)
) (C:\Users\huanium\AppData\Local\Programs\MiKTeX\tex/generic/iftex\iftex.sty
Package: iftex 2022/02/03 v1.0f TeX engine tests
)
(C:\Users\huanium\AppData\Local\Programs\MiKTeX\tex/generic/pdftexcmds\pdftexcm
ds.sty
Package: pdftexcmds 2020-06-27 v0.33 Utility functions of pdfTeX for LuaTeX (HO
)

(C:\Users\huanium\AppData\Local\Programs\MiKTeX\tex/generic/infwarerr\infwarerr
.sty
Package: infwarerr 2019/12/03 v1.5 Providing info/warning/error messages (HO)
)
Package pdftexcmds Info: \pdf@primitive is available.
Package pdftexcmds Info: \pdf@ifprimitive is available.
Package pdftexcmds Info: \pdfdraftmode found.
)
(C:\Users\huanium\AppData\Local\Programs\MiKTeX\tex/generic/kvsetkeys\kvsetkeys
.sty
Package: kvsetkeys 2019/12/15 v1.18 Key value parser (HO)
)
(C:\Users\huanium\AppData\Local\Programs\MiKTeX\tex/generic/kvdefinekeys\kvdefi
nekeys.sty
Package: kvdefinekeys 2019-12-19 v1.6 Define keys (HO)
)
(C:\Users\huanium\AppData\Local\Programs\MiKTeX\tex/generic/pdfescape\pdfescape
.sty
Package: pdfescape 2019/12/09 v1.15 Implements pdfTeX's escape features (HO)
)
(C:\Users\huanium\AppData\Local\Programs\MiKTeX\tex/latex/hycolor\hycolor.sty
Package: hycolor 2020-01-27 v1.10 Color options for hyperref/bookmark (HO)
)
(C:\Users\huanium\AppData\Local\Programs\MiKTeX\tex/latex/letltxmacro\letltxmac
ro.sty
Package: letltxmacro 2019/12/03 v1.6 Let assignment for LaTeX macros (HO)
)
(C:\Users\huanium\AppData\Local\Programs\MiKTeX\tex/latex/auxhook\auxhook.sty
Package: auxhook 2019-12-17 v1.6 Hooks for auxiliary files (HO)
)
(C:\Users\huanium\AppData\Local\Programs\MiKTeX\tex/latex/kvoptions\kvoptions.s
ty
Package: kvoptions 2022-06-15 v3.15 Key value format for package options (HO)
)
\@linkdim=\dimen182
\Hy@linkcounter=\count293
\Hy@pagecounter=\count294

(C:\Users\huanium\AppData\Local\Programs\MiKTeX\tex/latex/hyperref\pd1enc.def
File: pd1enc.def 2022-02-21 v7.00n Hyperref: PDFDocEncoding definition (HO)
Now handling font encoding PD1 ...
... no UTF-8 mapping file for font encoding PD1
)
(C:\Users\huanium\AppData\Local\Programs\MiKTeX\tex/generic/intcalc\intcalc.sty
Package: intcalc 2019/12/15 v1.3 Expandable calculations with integers (HO)
)
(C:\Users\huanium\AppData\Local\Programs\MiKTeX\tex/generic/etexcmds\etexcmds.s
ty
Package: etexcmds 2019/12/15 v1.7 Avoid name clashes with e-TeX commands (HO)
)
\Hy@SavedSpaceFactor=\count295

(C:\Users\huanium\AppData\Local\Programs\MiKTeX\tex/latex/hyperref\puenc.def
File: puenc.def 2022-02-21 v7.00n Hyperref: PDF Unicode definition (HO)
Now handling font encoding PU ...
... no UTF-8 mapping file for font encoding PU
)
Package hyperref Info: Hyper figures OFF on input line 4137.
Package hyperref Info: Link nesting OFF on input line 4142.
Package hyperref Info: Hyper index ON on input line 4145.
Package hyperref Info: Plain pages OFF on input line 4152.
Package hyperref Info: Backreferencing OFF on input line 4157.
Package hyperref Info: Implicit mode ON; LaTeX internals redefined.
Package hyperref Info: Bookmarks ON on input line 4390.
\c@Hy@tempcnt=\count296

(C:\Users\huanium\AppData\Local\Programs\MiKTeX\tex/latex/url\url.sty
\Urlmuskip=\muskip17
Package: url 2013/09/16  ver 3.4  Verb mode for urls, etc.
)
LaTeX Info: Redefining \url on input line 4749.
\XeTeXLinkMargin=\dimen183

(C:\Users\huanium\AppData\Local\Programs\MiKTeX\tex/generic/bitset\bitset.sty
Package: bitset 2019/12/09 v1.3 Handle bit-vector datatype (HO)

(C:\Users\huanium\AppData\Local\Programs\MiKTeX\tex/generic/bigintcalc\bigintca
lc.sty
Package: bigintcalc 2019/12/15 v1.5 Expandable calculations on big integers (HO
)
))
\Fld@menulength=\count297
\Field@Width=\dimen184
\Fld@charsize=\dimen185
Package hyperref Info: Hyper figures OFF on input line 6027.
Package hyperref Info: Link nesting OFF on input line 6032.
Package hyperref Info: Hyper index ON on input line 6035.
Package hyperref Info: backreferencing OFF on input line 6042.
Package hyperref Info: Link coloring OFF on input line 6047.
Package hyperref Info: Link coloring with OCG OFF on input line 6052.
Package hyperref Info: PDF/A mode OFF on input line 6057.
LaTeX Info: Redefining \ref on input line 6097.
LaTeX Info: Redefining \pageref on input line 6101.

(C:\Users\huanium\AppData\Local\Programs\MiKTeX\tex/latex/base\atbegshi-ltx.sty
Package: atbegshi-ltx 2021/01/10 v1.0c Emulation of the original atbegshi
package with kernel methods
)
\Hy@abspage=\count298
\c@Item=\count299
\c@Hfootnote=\count300
)
Package hyperref Info: Driver: hpdftex.

(C:\Users\huanium\AppData\Local\Programs\MiKTeX\tex/latex/hyperref\hpdftex.def
File: hpdftex.def 2022-02-21 v7.00n Hyperref driver for pdfTeX

(C:\Users\huanium\AppData\Local\Programs\MiKTeX\tex/latex/base\atveryend-ltx.st
y
Package: atveryend-ltx 2020/08/19 v1.0a Emulation of the original atveryend pac
kage
with kernel methods
)
\Fld@listcount=\count301
\c@bookmark@seq@number=\count302

(C:\Users\huanium\AppData\Local\Programs\MiKTeX\tex/latex/rerunfilecheck\rerunf
ilecheck.sty
Package: rerunfilecheck 2019/12/05 v1.9 Rerun checks for auxiliary files (HO)

(C:\Users\huanium\AppData\Local\Programs\MiKTeX\tex/generic/uniquecounter\uniqu
ecounter.sty
Package: uniquecounter 2019/12/15 v1.4 Provide unlimited unique counter (HO)
)
Package uniquecounter Info: New unique counter `rerunfilecheck' on input line 2
86.
)
\Hy@SectionHShift=\skip62
)
Package hyperref Info: Option `colorlinks' set `true' on input line 37.

(C:\Users\huanium\AppData\Local\Programs\MiKTeX\tex/latex/subfig\subfig.sty
Package: subfig 2005/06/28 ver: 1.3 subfig package
\c@KVtest=\count303
\sf@farskip=\skip63
\sf@captopadj=\dimen186
\sf@capskip=\skip64
\sf@nearskip=\skip65
\c@subfigure=\count304
\c@subfigure@save=\count305
\c@lofdepth=\count306
\c@subtable=\count307
\c@subtable@save=\count308
\c@lotdepth=\count309
\sf@top=\skip66
\sf@bottom=\skip67
)
(C:\Users\huanium\AppData\Local\Programs\MiKTeX\tex/latex/listings\listings.sty
\lst@mode=\count310
\lst@gtempboxa=\box56
\lst@token=\toks33
\lst@length=\count311
\lst@currlwidth=\dimen187
\lst@column=\count312
\lst@pos=\count313
\lst@lostspace=\dimen188
\lst@width=\dimen189
\lst@newlines=\count314
\lst@lineno=\count315
\lst@maxwidth=\dimen190
(C:\Users\huanium\AppData\Local\Programs\MiKTeX\tex/latex/listings\lstmisc.sty
File: lstmisc.sty 2020/03/24 1.8d (Carsten Heinz)
\c@lstnumber=\count316
\lst@skipnumbers=\count317
\lst@framebox=\box57
)
(C:\Users\huanium\AppData\Local\Programs\MiKTeX\tex/latex/listings\listings.cfg
File: listings.cfg 2020/03/24 1.8d listings configuration
))
Package: listings 2020/03/24 1.8d (Carsten Heinz)

(C:\Users\huanium\AppData\Local\Programs\MiKTeX\tex/latex/listings\lstlang1.sty
File: lstlang1.sty 2020/03/24 1.8d listings language file
)
(C:\Users\huanium\AppData\Local\Programs\MiKTeX\tex/latex/listings\lstlang1.sty
File: lstlang1.sty 2020/03/24 1.8d listings language file
)
(C:\Users\huanium\AppData\Local\Programs\MiKTeX\tex/latex/listings\lstlang1.sty
File: lstlang1.sty 2020/03/24 1.8d listings language file
)
(C:\Users\huanium\AppData\Local\Programs\MiKTeX\tex/latex/listings\lstlang1.sty
File: lstlang1.sty 2020/03/24 1.8d listings language file
) (BUI_MagneticTraps.aux)
\openout1 = `BUI_MagneticTraps.aux'.

LaTeX Font Info:    Checking defaults for OML/cmm/m/it on input line 123.
LaTeX Font Info:    ... okay on input line 123.
LaTeX Font Info:    Checking defaults for OMS/cmsy/m/n on input line 123.
LaTeX Font Info:    ... okay on input line 123.
LaTeX Font Info:    Checking defaults for OT1/cmr/m/n on input line 123.
LaTeX Font Info:    ... okay on input line 123.
LaTeX Font Info:    Checking defaults for T1/cmr/m/n on input line 123.
LaTeX Font Info:    ... okay on input line 123.
LaTeX Font Info:    Checking defaults for TS1/cmr/m/n on input line 123.
LaTeX Font Info:    ... okay on input line 123.
LaTeX Font Info:    Checking defaults for OMX/cmex/m/n on input line 123.
LaTeX Font Info:    ... okay on input line 123.
LaTeX Font Info:    Checking defaults for U/cmr/m/n on input line 123.
LaTeX Font Info:    ... okay on input line 123.
LaTeX Font Info:    Checking defaults for PD1/pdf/m/n on input line 123.
LaTeX Font Info:    ... okay on input line 123.
LaTeX Font Info:    Checking defaults for PU/pdf/m/n on input line 123.
LaTeX Font Info:    ... okay on input line 123.

(C:\Users\huanium\AppData\Local\Programs\MiKTeX\tex/context/base/mkii\supp-pdf.
mkii
[Loading MPS to PDF converter (version 2006.09.02).]
\scratchcounter=\count318
\scratchdimen=\dimen191
\scratchbox=\box58
\nofMPsegments=\count319
\nofMParguments=\count320
\everyMPshowfont=\toks34
\MPscratchCnt=\count321
\MPscratchDim=\dimen192
\MPnumerator=\count322
\makeMPintoPDFobject=\count323
\everyMPtoPDFconversion=\toks35
)
(C:\Users\huanium\AppData\Local\Programs\MiKTeX\tex/latex/epstopdf-pkg\epstopdf
-base.sty
Package: epstopdf-base 2020-01-24 v2.11 Base part for package epstopdf
Package epstopdf-base Info: Redefining graphics rule for `.eps' on input line 4
85.

(C:\Users\huanium\AppData\Local\Programs\MiKTeX\tex/latex/00miktex\epstopdf-sys
.cfg
File: epstopdf-sys.cfg 2021/03/18 v2.0 Configuration of epstopdf for MiKTeX
))
Package caption Info: Begin \AtBeginDocument code.
Package caption Info: subfig package v1.3 is loaded.
Package caption Info: hyperref package is loaded.
Package caption Info: listings package is loaded.
Package caption Info: End \AtBeginDocument code.
Package hyperref Info: Link coloring ON on input line 123.

(C:\Users\huanium\AppData\Local\Programs\MiKTeX\tex/latex/hyperref\nameref.sty
Package: nameref 2021-04-02 v2.47 Cross-referencing by name of section

(C:\Users\huanium\AppData\Local\Programs\MiKTeX\tex/latex/refcount\refcount.sty
Package: refcount 2019/12/15 v3.6 Data extraction from label references (HO)
)
(C:\Users\huanium\AppData\Local\Programs\MiKTeX\tex/generic/gettitlestring\gett
itlestring.sty
Package: gettitlestring 2019/12/15 v1.6 Cleanup title references (HO)
)
\c@section@level=\count324
)
LaTeX Info: Redefining \ref on input line 123.
LaTeX Info: Redefining \pageref on input line 123.
LaTeX Info: Redefining \nameref on input line 123.
 (BUI_MagneticTraps.out) (BUI_MagneticTraps.out)
\@outlinefile=\write3
\openout3 = `BUI_MagneticTraps.out'.

\c@lstlisting=\count325
LaTeX Font Info:    Trying to load font information for U+msa on input line 128
.

(C:\Users\huanium\AppData\Local\Programs\MiKTeX\tex/latex/amsfonts\umsa.fd
File: umsa.fd 2013/01/14 v3.01 AMS symbols A
)
LaTeX Font Info:    Trying to load font information for U+msb on input line 128
.

(C:\Users\huanium\AppData\Local\Programs\MiKTeX\tex/latex/amsfonts\umsb.fd
File: umsb.fd 2013/01/14 v3.01 AMS symbols B
)
LaTeX Font Info:    Trying to load font information for U+esint on input line 1
28.

(C:\Users\huanium\AppData\Local\Programs\MiKTeX\tex/latex/esint\uesint.fd
File: uesint.fd 
)
<antiHelmholtz.png, id=77, 542.025pt x 424.58624pt>
File: antiHelmholtz.png Graphic file (type png)
<use antiHelmholtz.png>
Package pdftex.def Info: antiHelmholtz.png  used on input line 160.
(pdftex.def)             Requested size: 207.0021pt x 162.1478pt.

[1

{C:/Users/huanium/AppData/Local/MiKTeX/fonts/map/pdftex/pdftex.map} <./antiHelm
holtz.png>] [2]
Package epstopdf Info: Source file: <sim-figs/quad-1.eps>
(epstopdf)                    date: 2022-06-29 00:27:47
(epstopdf)                    size: 885274 bytes
(epstopdf)             Output file: <sim-figs/quad-1-eps-converted-to.pdf>
(epstopdf)                    date: 2022-06-29 00:27:47
(epstopdf)                    size: 16627 bytes
(epstopdf)             Command: <miktex-epstopdf --outfile=sim-figs/quad-1-eps-
converted-to.pdf sim-figs/quad-1.eps>
(epstopdf)             \includegraphics on input line 236.
Package epstopdf Info: Output file is already uptodate.
<sim-figs/quad-1-eps-converted-to.pdf, id=111, 257.96375pt x 467.7475pt>
File: sim-figs/quad-1-eps-converted-to.pdf Graphic file (type pdf)
<use sim-figs/quad-1-eps-converted-to.pdf>
Package pdftex.def Info: sim-figs/quad-1-eps-converted-to.pdf  used on input li
ne 236.
(pdftex.def)             Requested size: 113.85063pt x 206.4376pt.
Package epstopdf Info: Source file: <sim-figs/quad-2.eps>
(epstopdf)                    date: 2022-06-29 00:27:47
(epstopdf)                    size: 92413 bytes
(epstopdf)             Output file: <sim-figs/quad-2-eps-converted-to.pdf>
(epstopdf)                    date: 2022-06-29 00:27:47
(epstopdf)                    size: 72285 bytes
(epstopdf)             Command: <miktex-epstopdf --outfile=sim-figs/quad-2-eps-
converted-to.pdf sim-figs/quad-2.eps>
(epstopdf)             \includegraphics on input line 240.
Package epstopdf Info: Output file is already uptodate.
<sim-figs/quad-2-eps-converted-to.pdf, id=112, 253.94875pt x 468.75125pt>
File: sim-figs/quad-2-eps-converted-to.pdf Graphic file (type pdf)
<use sim-figs/quad-2-eps-converted-to.pdf>
Package pdftex.def Info: sim-figs/quad-2-eps-converted-to.pdf  used on input li
ne 240.
(pdftex.def)             Requested size: 113.85063pt x 210.14932pt.
Package epstopdf Info: Source file: <sim-figs/quad-3.eps>
(epstopdf)                    date: 2022-06-29 00:27:47
(epstopdf)                    size: 26462 bytes
(epstopdf)             Output file: <sim-figs/quad-3-eps-converted-to.pdf>
(epstopdf)                    date: 2022-06-29 00:27:47
(epstopdf)                    size: 5601 bytes
(epstopdf)             Command: <miktex-epstopdf --outfile=sim-figs/quad-3-eps-
converted-to.pdf sim-figs/quad-3.eps>
(epstopdf)             \includegraphics on input line 244.
Package epstopdf Info: Output file is already uptodate.
<sim-figs/quad-3-eps-converted-to.pdf, id=113, 259.97125pt x 470.75874pt>
File: sim-figs/quad-3-eps-converted-to.pdf Graphic file (type pdf)
<use sim-figs/quad-3-eps-converted-to.pdf>
Package pdftex.def Info: sim-figs/quad-3-eps-converted-to.pdf  used on input li
ne 244.
(pdftex.def)             Requested size: 113.85063pt x 206.15758pt.
 [3] [4 <./sim-figs/quad-1-eps-converted-to.pdf> <./sim-figs/quad-2-eps-convert
ed-to.pdf> <./sim-figs/quad-3-eps-converted-to.pdf>] [5]
Underfull \hbox (badness 10000) in paragraph at lines 375--377

 []

<TOP_trap.png, id=250, 612.2875pt x 520.94624pt>
File: TOP_trap.png Graphic file (type png)
<use TOP_trap.png>
Package pdftex.def Info: TOP_trap.png  used on input line 386.
(pdftex.def)             Requested size: 207.0021pt x 176.1178pt.

Underfull \hbox (badness 10000) in paragraph at lines 391--392

 []


Overfull \hbox (12.5826pt too wide) detected at line 397
\OML/cmm/m/it/10 B\OT1/cmr/m/n/10 ([]\OML/cmm/m/it/10 ; t\OT1/cmr/m/n/10 ) \OMS
/cmsy/m/n/10 ^^Y \OML/cmm/m/it/10 B[] \OT1/cmr/m/n/10 + [](\OML/cmm/m/it/10 x[]
 \OT1/cmr/m/n/10 + \OML/cmm/m/it/10 y[] \OT1/cmr/m/n/10 + 4\OML/cmm/m/it/10 z[]
\OT1/cmr/m/n/10 ) + [](\OML/cmm/m/it/10 x [] \OT1/cmr/m/n/10 
\OML/cmm/m/it/10 t \OT1/cmr/m/n/10 + \OML/cmm/m/it/10 y [] \OT1/cmr/m/n/10 
\OML/cmm/m/it/10 t\OT1/cmr/m/n/10 ) \OMS/cmsy/m/n/10 ^^@ []\OT1/cmr/m/n/10 (\OM
L/cmm/m/it/10 x [] \OT1/cmr/m/n/10 
\OML/cmm/m/it/10 t \OT1/cmr/m/n/10 + \OML/cmm/m/it/10 y [] \OT1/cmr/m/n/10 
\OML/cmm/m/it/10 t\OT1/cmr/m/n/10 )[]\OML/cmm/m/it/10 :
 []

[6 <./TOP_trap.png>]
Underfull \hbox (badness 10000) in paragraph at lines 409--411

 []

[7]
Package epstopdf Info: Source file: <sim-figs/TOP-1.eps>
(epstopdf)                    date: 2022-06-29 00:27:47
(epstopdf)                    size: 171287 bytes
(epstopdf)             Output file: <sim-figs/TOP-1-eps-converted-to.pdf>
(epstopdf)                    date: 2022-06-29 00:27:47
(epstopdf)                    size: 31919 bytes
(epstopdf)             Command: <miktex-epstopdf --outfile=sim-figs/TOP-1-eps-c
onverted-to.pdf sim-figs/TOP-1.eps>
(epstopdf)             \includegraphics on input line 448.
Package epstopdf Info: Output file is already uptodate.
<sim-figs/TOP-1-eps-converted-to.pdf, id=267, 185.69376pt x 467.7475pt>
File: sim-figs/TOP-1-eps-converted-to.pdf Graphic file (type pdf)
<use sim-figs/TOP-1-eps-converted-to.pdf>
Package pdftex.def Info: sim-figs/TOP-1-eps-converted-to.pdf  used on input lin
e 448.
(pdftex.def)             Requested size: 169.0519pt x 425.83644pt.
Package epstopdf Info: Source file: <sim-figs/TOP-2.eps>
(epstopdf)                    date: 2022-06-29 00:27:47
(epstopdf)                    size: 36480 bytes
(epstopdf)             Output file: <sim-figs/TOP-2-eps-converted-to.pdf>
(epstopdf)                    date: 2022-06-29 00:27:47
(epstopdf)                    size: 8571 bytes
(epstopdf)             Command: <miktex-epstopdf --outfile=sim-figs/TOP-2-eps-c
onverted-to.pdf sim-figs/TOP-2.eps>
(epstopdf)             \includegraphics on input line 452.
Package epstopdf Info: Output file is already uptodate.
<sim-figs/TOP-2-eps-converted-to.pdf, id=268, 253.94875pt x 468.75125pt>
File: sim-figs/TOP-2-eps-converted-to.pdf Graphic file (type pdf)
<use sim-figs/TOP-2-eps-converted-to.pdf>
Package pdftex.def Info: sim-figs/TOP-2-eps-converted-to.pdf  used on input lin
e 452.
(pdftex.def)             Requested size: 169.0519pt x 312.05182pt.
 [8 <./sim-figs/TOP-1-eps-converted-to.pdf> <./sim-figs/TOP-2-eps-converted-to.
pdf>] [9] [10]
<all-coils.png, id=371, 457.71pt x 782.925pt>
File: all-coils.png Graphic file (type png)
<use all-coils.png>
Package pdftex.def Info: all-coils.png  used on input line 555.
(pdftex.def)             Requested size: 258.75pt x 442.61627pt.

Underfull \hbox (badness 10000) in paragraph at lines 580--583

 []

[11] [12 <./all-coils.png>]
Overfull \hbox (24.56154pt too wide) detected at line 614
\U/msb/m/n/10 F \OT1/cmr/m/n/10 = []\OML/cmm/m/it/10 ;  \U/msb/m/n/10 G \OT1/cm
r/m/n/10 = []\OML/cmm/m/it/10 ;  \U/msb/m/n/10 H \OT1/cmr/m/n/10 = []\OML/cmm/m
/it/10 ;  \U/msb/m/n/10 I \OT1/cmr/m/n/10 = []
 []

[13]
Underfull \hbox (badness 10000) in paragraph at lines 656--657

 []

[14] [15]
Underfull \hbox (badness 10000) in paragraph at lines 778--779

 []

[16]
Package epstopdf Info: Source file: <sim-figs/IP-1.eps>
(epstopdf)                    date: 2022-06-29 00:27:47
(epstopdf)                    size: 28976 bytes
(epstopdf)             Output file: <sim-figs/IP-1-eps-converted-to.pdf>
(epstopdf)                    date: 2022-06-29 00:27:47
(epstopdf)                    size: 10313 bytes
(epstopdf)             Command: <miktex-epstopdf --outfile=sim-figs/IP-1-eps-co
nverted-to.pdf sim-figs/IP-1.eps>
(epstopdf)             \includegraphics on input line 789.
Package epstopdf Info: Output file is already uptodate.
<sim-figs/IP-1-eps-converted-to.pdf, id=413, 311.1625pt x 569.12625pt>
File: sim-figs/IP-1-eps-converted-to.pdf Graphic file (type pdf)
<use sim-figs/IP-1-eps-converted-to.pdf>
Package pdftex.def Info: sim-figs/IP-1-eps-converted-to.pdf  used on input line
 789.
(pdftex.def)             Requested size: 169.0519pt x 309.19937pt.
Package epstopdf Info: Source file: <sim-figs/IP-2.eps>
(epstopdf)                    date: 2022-06-29 00:27:47
(epstopdf)                    size: 179787 bytes
(epstopdf)             Output file: <sim-figs/IP-2-eps-converted-to.pdf>
(epstopdf)                    date: 2022-06-29 00:27:47
(epstopdf)                    size: 118686 bytes
(epstopdf)             Command: <miktex-epstopdf --outfile=sim-figs/IP-2-eps-co
nverted-to.pdf sim-figs/IP-2.eps>
(epstopdf)             \includegraphics on input line 793.
Package epstopdf Info: Output file is already uptodate.
<sim-figs/IP-2-eps-converted-to.pdf, id=414, 349.305pt x 664.4825pt>
File: sim-figs/IP-2-eps-converted-to.pdf Graphic file (type pdf)
<use sim-figs/IP-2-eps-converted-to.pdf>
Package pdftex.def Info: sim-figs/IP-2-eps-converted-to.pdf  used on input line
 793.
(pdftex.def)             Requested size: 169.0519pt x 321.58415pt.
 [17 <./sim-figs/IP-1-eps-converted-to.pdf> <./sim-figs/IP-2-eps-converted-to.p
df>] [18] [19] (BUI_MagneticTraps.bbl) [20] (BUI_MagneticTraps.aux)
Package rerunfilecheck Info: File `BUI_MagneticTraps.out' has not changed.
(rerunfilecheck)             Checksum: 6067B6874E9D6E29C0F5B1ADE1C90880;2676.
 ) 
Here is how much of TeX's memory you used:
 22898 strings out of 478582
 390992 string characters out of 2843400
 1723581 words of memory out of 3000000
 40575 multiletter control sequences out of 15000+600000
 482985 words of font info for 83 fonts, out of 8000000 for 9000
 1141 hyphenation exceptions out of 8191
 69i,19n,77p,592b,9403s stack positions out of 10000i,1000n,20000p,200000b,80000s
 <C:\Users\huanium\AppData\Local\MiKTeX\fonts/pk/ljfour/jknappen/ec/dpi600\tc
rm1000.pk> <C:\Users\huanium\AppData\Local\MiKTeX\fonts/pk/ljfour/public/esint/
dpi600\esint10.pk><C:/Users/huanium/AppData/Local/Programs/MiKTeX/fonts/type1/p
ublic/amsfonts/cm/cmbx10.pfb><C:/Users/huanium/AppData/Local/Programs/MiKTeX/fo
nts/type1/public/amsfonts/cm/cmbx12.pfb><C:/Users/huanium/AppData/Local/Program
s/MiKTeX/fonts/type1/public/amsfonts/cm/cmex10.pfb><C:/Users/huanium/AppData/Lo
cal/Programs/MiKTeX/fonts/type1/public/amsfonts/cm/cmmi10.pfb><C:/Users/huanium
/AppData/Local/Programs/MiKTeX/fonts/type1/public/amsfonts/cm/cmmi12.pfb><C:/Us
ers/huanium/AppData/Local/Programs/MiKTeX/fonts/type1/public/amsfonts/cm/cmmi7.
pfb><C:/Users/huanium/AppData/Local/Programs/MiKTeX/fonts/type1/public/amsfonts
/cm/cmmi8.pfb><C:/Users/huanium/AppData/Local/Programs/MiKTeX/fonts/type1/publi
c/amsfonts/cm/cmr10.pfb><C:/Users/huanium/AppData/Local/Programs/MiKTeX/fonts/t
ype1/public/amsfonts/cm/cmr12.pfb><C:/Users/huanium/AppData/Local/Programs/MiKT
eX/fonts/type1/public/amsfonts/cm/cmr6.pfb><C:/Users/huanium/AppData/Local/Prog
rams/MiKTeX/fonts/type1/public/amsfonts/cm/cmr7.pfb><C:/Users/huanium/AppData/L
ocal/Programs/MiKTeX/fonts/type1/public/amsfonts/cm/cmr8.pfb><C:/Users/huanium/
AppData/Local/Programs/MiKTeX/fonts/type1/public/amsfonts/cm/cmsy10.pfb><C:/Use
rs/huanium/AppData/Local/Programs/MiKTeX/fonts/type1/public/amsfonts/cm/cmsy7.p
fb><C:/Users/huanium/AppData/Local/Programs/MiKTeX/fonts/type1/public/amsfonts/
cm/cmsy8.pfb><C:/Users/huanium/AppData/Local/Programs/MiKTeX/fonts/type1/public
/amsfonts/cm/cmti10.pfb><C:/Users/huanium/AppData/Local/Programs/MiKTeX/fonts/t
ype1/public/amsfonts/cm/cmtt8.pfb><C:/Users/huanium/AppData/Local/Programs/MiKT
eX/fonts/type1/public/amsfonts/latxfont/line10.pfb><C:/Users/huanium/AppData/Lo
cal/Programs/MiKTeX/fonts/type1/public/amsfonts/symbols/msbm10.pfb>
Output written on BUI_MagneticTraps.pdf (20 pages, 714506 bytes).
PDF statistics:
 619 PDF objects out of 1000 (max. 8388607)
 269 named destinations out of 1000 (max. 500000)
 195 words of extra memory for PDF output out of 10000 (max. 10000000)

