This is pdfTeX, Version 3.14159265-2.6-1.40.18 (MiKTeX 2.9.6500 64-bit) (preloaded format=pdflatex 2018.2.27)  20 MAY 2019 13:56
entering extended mode
**./DAMOP19.tex
(DAMOP19.tex
LaTeX2e <2017-04-15>
Babel <3.15> and hyphenation patterns for 76 language(s) loaded.
("C:\Program Files\MiKTeX 2.9\tex\latex\sciposter\sciposter.cls"
Document Class: sciposter 2006/05/30 v1.17 scientific poster class (MHFW, AMW)
("C:\Program Files\MiKTeX 2.9\tex\latex\base\article.cls"
Document Class: article 2014/09/29 v1.4h Standard LaTeX document class
("C:\Program Files\MiKTeX 2.9\tex\latex\base\size10.clo"
File: size10.clo 2014/09/29 v1.4h Standard LaTeX file (size option)
)
\c@part=\count79
\c@section=\count80
\c@subsection=\count81
\c@subsubsection=\count82
\c@paragraph=\count83
\c@subparagraph=\count84
\c@figure=\count85
\c@table=\count86
\abovecaptionskip=\skip41
\belowcaptionskip=\skip42
\bibindent=\dimen102
)
("C:\Program Files\MiKTeX 2.9\tex\latex\base\ifthen.sty"
Package: ifthen 2014/09/29 v1.1c Standard LaTeX ifthen package (DPC)
)
("C:\Program Files\MiKTeX 2.9\tex\latex\lettrine\lettrine.sty"
File: lettrine.sty 2015/08/31 v1.9 (Daniel Flipo)

("C:\Program Files\MiKTeX 2.9\tex\latex\graphics\keyval.sty"
Package: keyval 2014/10/28 v1.15 key=value parser (DPC)
\KV@toks@=\toks14
)
\c@DefaultLines=\count87
\c@DefaultDepth=\count88
\DefaultFindent=\dimen103
\DefaultNindent=\dimen104
\DefaultSlope=\dimen105
\DiscardVskip=\dimen106
\L@lbox=\box26
\L@tbox=\box27
\c@L@lines=\count89
\c@L@depth=\count90
\L@Pindent=\dimen107
\L@Findent=\dimen108
\L@Nindent=\dimen109
\L@lraise=\dimen110
\L@first=\dimen111
\L@next=\dimen112
\L@slope=\dimen113
\L@height=\dimen114
\L@novskip=\dimen115
\LettrineWidth=\dimen116
\LettrineHeight=\dimen117
\LettrineDepth=\dimen118

Loading lettrine.cfg
("C:\Program Files\MiKTeX 2.9\tex\latex\lettrine\lettrine.cfg"))
\papermargin=\skip43
\tempsize=\skip44

("C:\Program Files\MiKTeX 2.9\tex\latex\graphics\graphics.sty"
Package: graphics 2017/06/25 v1.2c Standard LaTeX Graphics (DPC,SPQR)

("C:\Program Files\MiKTeX 2.9\tex\latex\graphics\trig.sty"
Package: trig 2016/01/03 v1.10 sin cos tan (DPC)
)
("C:\Program Files\MiKTeX 2.9\tex\latex\graphics-cfg\graphics.cfg"
File: graphics.cfg 2016/06/04 v1.11 sample graphics configuration
)
Package graphics Info: Driver file: pdftex.def on input line 99.

("C:\Program Files\MiKTeX 2.9\tex\latex\graphics-def\pdftex.def"
File: pdftex.def 2017/12/07 v1.0i Graphics/color driver for pdftex
))
("C:\Program Files\MiKTeX 2.9\tex\latex\graphics\color.sty"
Package: color 2016/07/10 v1.1e Standard LaTeX Color (DPC)

("C:\Program Files\MiKTeX 2.9\tex\latex\graphics-cfg\color.cfg"
File: color.cfg 2016/01/02 v1.6 sample color configuration
)
Package color Info: Driver file: pdftex.def on input line 147.
)
("C:\Program Files\MiKTeX 2.9\tex\latex\ltxmisc\shadow.sty"
Package: shadow 2003/02/19 v1.3 shadow boxes (M.O.)
\txtwdth=\dimen119
\sht=\dimen120
\shw=\dimen121
\shbox=\box28
\sboxsep=\dimen122
\sboxrule=\dimen123
\sdim=\dimen124
)
("C:\Program Files\MiKTeX 2.9\tex\latex\a0poster\a0size.sty"
File: a0size.sty 2004/01/31 v1.22b a0poster class (GK, MW)
LaTeX Font Info:    Redeclaring symbol font `largesymbols' on input line 229.
LaTeX Font Info:    Overwriting symbol font `largesymbols' in version `normal'
(Font)                  OMX/cmex/m/n --> OMX/cmex/m/n on input line 229.
LaTeX Font Info:    Overwriting symbol font `largesymbols' in version `bold'
(Font)                  OMX/cmex/m/n --> OMX/cmex/m/n on input line 229.
\big@size=\dimen125
)
("C:\Program Files\MiKTeX 2.9\tex\latex\psnfss\times.sty"
Package: times 2005/04/12 PSNFSS-v9.2a (SPQR) 
)
("C:\Program Files\MiKTeX 2.9\tex\latex\boxedminipage\boxedminipage.sty")
\titlewidth=\skip45
\logowidth=\skip46
\parstartskip=\skip47
\figtopskip=\skip48
\figbotskip=\skip49
\secskip=\skip50
\titleskip=\skip51
\secboxwidth=\skip52
\c@subfig=\count91
\c@algorithm=\count92
\secrulewidth=\skip53
)
("C:\Program Files\MiKTeX 2.9\tex\latex\tools\multicol.sty"
Package: multicol 2017/04/11 v1.8q multicolumn formatting (FMi)
\c@tracingmulticols=\count93
\mult@box=\box29
\multicol@leftmargin=\dimen126
\c@unbalance=\count94
\c@collectmore=\count95
\doublecol@number=\count96
\multicoltolerance=\count97
\multicolpretolerance=\count98
\full@width=\dimen127
\page@free=\dimen128
\premulticols=\dimen129
\postmulticols=\dimen130
\multicolsep=\skip54
\multicolbaselineskip=\skip55
\partial@page=\box30
\last@line=\box31
\maxbalancingoverflow=\dimen131
\mult@rightbox=\box32
\mult@grightbox=\box33
\mult@gfirstbox=\box34
\mult@firstbox=\box35
\@tempa=\box36
\@tempa=\box37
\@tempa=\box38
\@tempa=\box39
\@tempa=\box40
\@tempa=\box41
\@tempa=\box42
\@tempa=\box43
\@tempa=\box44
\@tempa=\box45
\@tempa=\box46
\@tempa=\box47
\@tempa=\box48
\@tempa=\box49
\@tempa=\box50
\@tempa=\box51
\@tempa=\box52
\c@columnbadness=\count99
\c@finalcolumnbadness=\count100
\last@try=\dimen132
\multicolovershoot=\dimen133
\multicolundershoot=\dimen134
\mult@nat@firstbox=\box53
\colbreak@box=\box54
\mc@col@check@num=\count101
)
("C:\Program Files\MiKTeX 2.9\tex\latex\sectionbox\sectionbox.sty"
Package: sectionbox 2005/10/13, v1.01 section boxes for posters (MHFW)

("C:\Program Files\MiKTeX 2.9\tex\latex\tools\calc.sty"
Package: calc 2014/10/28 v4.3 Infix arithmetic (KKT,FJ)
\calc@Acount=\count102
\calc@Bcount=\count103
\calc@Adimen=\dimen135
\calc@Bdimen=\dimen136
\calc@Askip=\skip56
\calc@Bskip=\skip57
LaTeX Info: Redefining \setlength on input line 80.
LaTeX Info: Redefining \addtolength on input line 81.
\calc@Ccount=\count104
\calc@Cskip=\skip58
)
("C:\Program Files\MiKTeX 2.9\tex\latex\fancybox\fancybox.sty"
Package: fancybox 2010/05/15 1.4

Style option: `fancybox' v1.4 <2010/05/15> (tvz)
\@fancybox=\box55
\shadowsize=\dimen137
\@Sbox=\box56
\do@VerbBox=\toks15
\the@fancyput=\toks16
\this@fancyput=\toks17
\EndVerbatimTokens=\toks18
\Verbatim@Outfile=\write3
\Verbatim@Infile=\read1
)
\sectboxskip=\skip59
\subsectboxskip=\skip60
\subsubsectboxskip=\skip61
\subsectmargin=\skip62
\subsubsectmargin=\skip63
\sectsavebox=\box57
\subsectsavebox=\box58
\subsubsectsavebox=\box59
\colboxsep=\skip64
) ("C:\Program Files\MiKTeX 2.9\tex\latex\graphics\graphicx.sty"
Package: graphicx 2017/06/01 v1.1a Enhanced LaTeX Graphics (DPC,SPQR)
\Gin@req@height=\dimen138
\Gin@req@width=\dimen139
)
("C:\Program Files\MiKTeX 2.9\tex\latex\subfig\subfig.sty"
Package: subfig 2005/06/28 ver: 1.3 subfig package

("C:\Program Files\MiKTeX 2.9\tex\latex\caption\caption.sty"
Package: caption 2016/02/21 v3.3-144 Customizing captions (AR)

("C:\Program Files\MiKTeX 2.9\tex\latex\caption\caption3.sty"
Package: caption3 2016/05/22 v1.7-166 caption3 kernel (AR)
Package caption3 Info: TeX engine: e-TeX on input line 67.
\captionmargin=\dimen140
\captionmargin@=\dimen141
\captionwidth=\dimen142
\caption@tempdima=\dimen143
\caption@indent=\dimen144
\caption@parindent=\dimen145
\caption@hangindent=\dimen146
)
\c@ContinuedFloat=\count105
)
\c@KVtest=\count106
\sf@farskip=\skip65
\sf@captopadj=\dimen147
\sf@capskip=\skip66
\sf@nearskip=\skip67
\c@subfigure=\count107
\c@subfigure@save=\count108
\c@lofdepth=\count109
\c@subtable=\count110
\c@subtable@save=\count111
\c@lotdepth=\count112
\sf@top=\skip68
\sf@bottom=\skip69
)
("C:\Program Files\MiKTeX 2.9\tex\latex\amsmath\amsmath.sty"
Package: amsmath 2017/09/02 v2.17a AMS math features
\@mathmargin=\skip70

For additional information on amsmath, use the `?' option.
("C:\Program Files\MiKTeX 2.9\tex\latex\amsmath\amstext.sty"
Package: amstext 2000/06/29 v2.01 AMS text

("C:\Program Files\MiKTeX 2.9\tex\latex\amsmath\amsgen.sty"
File: amsgen.sty 1999/11/30 v2.0 generic functions
\@emptytoks=\toks19
\ex@=\dimen148
))
("C:\Program Files\MiKTeX 2.9\tex\latex\amsmath\amsbsy.sty"
Package: amsbsy 1999/11/29 v1.2d Bold Symbols
\pmbraise@=\dimen149
)
("C:\Program Files\MiKTeX 2.9\tex\latex\amsmath\amsopn.sty"
Package: amsopn 2016/03/08 v2.02 operator names
)
\inf@bad=\count113
LaTeX Info: Redefining \frac on input line 213.
\uproot@=\count114
\leftroot@=\count115
LaTeX Info: Redefining \overline on input line 375.
\classnum@=\count116
\DOTSCASE@=\count117
LaTeX Info: Redefining \ldots on input line 472.
LaTeX Info: Redefining \dots on input line 475.
LaTeX Info: Redefining \cdots on input line 596.
\Mathstrutbox@=\box60
\strutbox@=\box61
\big@size=\dimen150
LaTeX Font Info:    Redeclaring font encoding OML on input line 712.
LaTeX Font Info:    Redeclaring font encoding OMS on input line 713.
\macc@depth=\count118
\c@MaxMatrixCols=\count119
\dotsspace@=\muskip10
\c@parentequation=\count120
\dspbrk@lvl=\count121
\tag@help=\toks20
\row@=\count122
\column@=\count123
\maxfields@=\count124
\andhelp@=\toks21
\eqnshift@=\dimen151
\alignsep@=\dimen152
\tagshift@=\dimen153
\tagwidth@=\dimen154
\totwidth@=\dimen155
\lineht@=\dimen156
\@envbody=\toks22
\multlinegap=\skip71
\multlinetaggap=\skip72
\mathdisplay@stack=\toks23
LaTeX Info: Redefining \[ on input line 2817.
LaTeX Info: Redefining \] on input line 2818.
)
("C:\Program Files\MiKTeX 2.9\tex\latex\siunitx\siunitx.sty"
("C:\Program Files\MiKTeX 2.9\tex\latex\l3kernel\expl3.sty"
Package: expl3 2017/12/05 L3 programming layer (loader) 

("C:\Program Files\MiKTeX 2.9\tex\latex\l3kernel\expl3-code.tex"
Package: expl3 2017/12/05 L3 programming layer (code)
\c_max_int=\count125
\l_tmpa_int=\count126
\l_tmpb_int=\count127
\g_tmpa_int=\count128
\g_tmpb_int=\count129
\g__intarray_font_int=\count130
\g__prg_map_int=\count131
\c_log_iow=\count132
\l_iow_line_count_int=\count133
\l__iow_line_target_int=\count134
\l__iow_one_indent_int=\count135
\l__iow_indent_int=\count136
\c_zero_dim=\dimen157
\c_max_dim=\dimen158
\l_tmpa_dim=\dimen159
\l_tmpb_dim=\dimen160
\g_tmpa_dim=\dimen161
\g_tmpb_dim=\dimen162
\c_zero_skip=\skip73
\c_max_skip=\skip74
\l_tmpa_skip=\skip75
\l_tmpb_skip=\skip76
\g_tmpa_skip=\skip77
\g_tmpb_skip=\skip78
\c_zero_muskip=\muskip11
\c_max_muskip=\muskip12
\l_tmpa_muskip=\muskip13
\l_tmpb_muskip=\muskip14
\g_tmpa_muskip=\muskip15
\g_tmpb_muskip=\muskip16
\l_keys_choice_int=\count137
\c__fp_leading_shift_int=\count138
\c__fp_middle_shift_int=\count139
\c__fp_trailing_shift_int=\count140
\c__fp_big_leading_shift_int=\count141
\c__fp_big_middle_shift_int=\count142
\c__fp_big_trailing_shift_int=\count143
\c__fp_Bigg_leading_shift_int=\count144
\c__fp_Bigg_middle_shift_int=\count145
\c__fp_Bigg_trailing_shift_int=\count146
\c__fp_rand_size_int=\count147
\c__fp_rand_four_int=\count148
\c__fp_rand_eight_int=\count149
\l__sort_length_int=\count150
\l__sort_min_int=\count151
\l__sort_top_int=\count152
\l__sort_max_int=\count153
\l__sort_true_max_int=\count154
\l__sort_block_int=\count155
\l__sort_begin_int=\count156
\l__sort_end_int=\count157
\l__sort_A_int=\count158
\l__sort_B_int=\count159
\l__sort_C_int=\count160
\l__tl_build_start_index_int=\count161
\l__tl_build_index_int=\count162
\l__tl_analysis_normal_int=\count163
\l__tl_analysis_index_int=\count164
\l__tl_analysis_nesting_int=\count165
\l__tl_analysis_type_int=\count166
\l__regex_internal_a_int=\count167
\l__regex_internal_b_int=\count168
\l__regex_internal_c_int=\count169
\l__regex_balance_int=\count170
\l__regex_group_level_int=\count171
\l__regex_mode_int=\count172
\c__regex_cs_in_class_mode_int=\count173
\c__regex_cs_mode_int=\count174
\l__regex_catcodes_int=\count175
\l__regex_default_catcodes_int=\count176
\c__regex_catcode_D_int=\count177
\c__regex_catcode_S_int=\count178
\c__regex_catcode_L_int=\count179
\c__regex_catcode_O_int=\count180
\c__regex_catcode_A_int=\count181
\c__regex_all_catcodes_int=\count182
\l__regex_show_lines_int=\count183
\l__regex_min_state_int=\count184
\l__regex_max_state_int=\count185
\l__regex_left_state_int=\count186
\l__regex_right_state_int=\count187
\l__regex_capturing_group_int=\count188
\l__regex_min_pos_int=\count189
\l__regex_max_pos_int=\count190
\l__regex_curr_pos_int=\count191
\l__regex_start_pos_int=\count192
\l__regex_success_pos_int=\count193
\l__regex_curr_char_int=\count194
\l__regex_curr_catcode_int=\count195
\l__regex_last_char_int=\count196
\l__regex_case_changed_char_int=\count197
\l__regex_curr_state_int=\count198
\l__regex_step_int=\count199
\l__regex_min_active_int=\count266
\l__regex_max_active_int=\count267
\l__regex_replacement_csnames_int=\count268
\l__regex_match_count_int=\count269
\l__regex_min_submatch_int=\count270
\l__regex_submatch_int=\count271
\l__regex_zeroth_submatch_int=\count272
\g__debug_trace_regex_int=\count273
\c_empty_box=\box62
\l_tmpa_box=\box63
\l_tmpb_box=\box64
\g_tmpa_box=\box65
\g_tmpb_box=\box66
\l__box_top_dim=\dimen163
\l__box_bottom_dim=\dimen164
\l__box_left_dim=\dimen165
\l__box_right_dim=\dimen166
\l__box_top_new_dim=\dimen167
\l__box_bottom_new_dim=\dimen168
\l__box_left_new_dim=\dimen169
\l__box_right_new_dim=\dimen170
\l__box_internal_box=\box67
\l__coffin_internal_box=\box68
\l__coffin_internal_dim=\dimen171
\l__coffin_offset_x_dim=\dimen172
\l__coffin_offset_y_dim=\dimen173
\l__coffin_x_dim=\dimen174
\l__coffin_y_dim=\dimen175
\l__coffin_x_prime_dim=\dimen176
\l__coffin_y_prime_dim=\dimen177
\c_empty_coffin=\box69
\l__coffin_aligned_coffin=\box70
\l__coffin_aligned_internal_coffin=\box71
\l_tmpa_coffin=\box72
\l_tmpb_coffin=\box73
\l__coffin_display_coffin=\box74
\l__coffin_display_coord_coffin=\box75
\l__coffin_display_pole_coffin=\box76
\l__coffin_display_offset_dim=\dimen178
\l__coffin_display_x_dim=\dimen179
\l__coffin_display_y_dim=\dimen180
\l__coffin_bounding_shift_dim=\dimen181
\l__coffin_left_corner_dim=\dimen182
\l__coffin_right_corner_dim=\dimen183
\l__coffin_bottom_corner_dim=\dimen184
\l__coffin_top_corner_dim=\dimen185
\l__coffin_scaled_total_height_dim=\dimen186
\l__coffin_scaled_width_dim=\dimen187
)
("C:\Program Files\MiKTeX 2.9\tex\latex\l3kernel\l3pdfmode.def"
File: l3pdfmode.def 2017/03/18 v L3 Experimental driver: PDF mode
\l__driver_color_stack_int=\count274
\l__driver_tmp_box=\box77
))
("C:\Program Files\MiKTeX 2.9\tex\latex\l3packages\xparse\xparse.sty"
Package: xparse 2017/12/05 L3 Experimental document command parser
\l__xparse_current_arg_int=\count275
\g__xparse_grabber_int=\count276
\l__xparse_m_args_int=\count277
\l__xparse_mandatory_args_int=\count278
\l__xparse_v_nesting_int=\count279
)
Package: siunitx 2017/11/26 v2.7k A comprehensive (SI) units package

("C:\Program Files\MiKTeX 2.9\tex\latex\tools\array.sty"
Package: array 2016/10/06 v2.4d Tabular extension package (FMi)
\col@sep=\dimen188
\extrarowheight=\dimen189
\NC@list=\toks24
\extratabsurround=\skip79
\backup@length=\skip80
)
("C:\Program Files\MiKTeX 2.9\tex\latex\l3packages\l3keys2e\l3keys2e.sty"
Package: l3keys2e 2017/12/05 LaTeX2e option processing using LaTeX3 keys
)
\l__siunitx_tmp_box=\box78
\l__siunitx_tmp_dim=\dimen190
\l__siunitx_tmp_int=\count280
\l__siunitx_number_mantissa_length_int=\count281
\l__siunitx_number_uncert_length_int=\count282
\l__siunitx_round_int=\count283
\l__siunitx_process_decimal_int=\count284
\l__siunitx_process_uncertainty_int=\count285
\l__siunitx_process_fixed_int=\count286
\l__siunitx_process_integer_min_int=\count287
\l__siunitx_process_precision_int=\count288
\l__siunitx_group_min_int=\count289
\l__siunitx_angle_marker_box=\box79
\l__siunitx_angle_unit_box=\box80
\l__siunitx_angle_marker_dim=\dimen191
\l__siunitx_angle_unit_dim=\dimen192
\l__siunitx_unit_int=\count290
\l__siunitx_unit_denominator_int=\count291
\l__siunitx_unit_numerator_int=\count292
\l__siunitx_unit_prefix_int=\count293
\l__siunitx_unit_prefix_base_int=\count294
\l__siunitx_unit_prefix_gram_int=\count295
\l__siunitx_number_product_int=\count296
\c__siunitx_one_fill_skip=\skip81
\l__siunitx_table_unit_align_skip=\skip82
\l__siunitx_table_exponent_dim=\dimen193
\l__siunitx_table_integer_dim=\dimen194
\l__siunitx_table_mantissa_dim=\dimen195
\l__siunitx_table_marker_dim=\dimen196
\l__siunitx_table_result_dim=\dimen197
\l__siunitx_table_uncert_dim=\dimen198
\l__siunitx_table_fill_pre_dim=\dimen199
\l__siunitx_table_fill_post_dim=\dimen256
\l__siunitx_table_fill_mid_dim=\dimen257
\l__siunitx_table_pre_box=\box81
\l__siunitx_table_post_box=\box82
\l__siunitx_table_mantissa_box=\box83
\l__siunitx_table_result_box=\box84
\l__siunitx_table_number_align_skip=\skip83
\l__siunitx_table_text_align_skip=\skip84
.................................................
. LaTeX info: "xparse/define-command"
. 
. Defining command \DeclareBinaryPrefix with sig. 'mmm' on line 7250.
.................................................
.................................................
. LaTeX info: "xparse/define-command"
. 
. Defining command \DeclareSIPostPower with sig. 'mm' on line 7253.
.................................................
.................................................
. LaTeX info: "xparse/define-command"
. 
. Defining command \DeclareSIPrefix with sig. 'mmm' on line 7256.
.................................................
.................................................
. LaTeX info: "xparse/define-command"
. 
. Defining command \DeclareSIPrePower with sig. 'mm' on line 7259.
.................................................
.................................................
. LaTeX info: "xparse/define-command"
. 
. Defining command \DeclareSIQualifier with sig. 'mm' on line 7262.
.................................................
.................................................
. LaTeX info: "xparse/define-command"
. 
. Defining command \DeclareSIUnit with sig. 'O{}mm' on line 7265.
.................................................
.................................................
. LaTeX info: "xparse/define-command"
. 
. Defining command \DeclareSIUnitWithOptions with sig. 'mmm' on line 7268.
.................................................
.................................................
. LaTeX info: "xparse/define-command"
. 
. Defining command \ang with sig. 'o>{\SplitArgument {2}{;}}m' on line 7283.
.................................................
.................................................
. LaTeX info: "xparse/define-command"
. 
. Defining command \num with sig. 'om' on line 7292.
.................................................
.................................................
. LaTeX info: "xparse/define-command"
. 
. Defining command \numlist with sig. 'o>{\SplitList {;}}m' on line 7301.
.................................................
.................................................
. LaTeX info: "xparse/define-command"
. 
. Defining command \numrange with sig. 'omm' on line 7310.
.................................................
.................................................
. LaTeX info: "xparse/define-command"
. 
. Defining command \SIlist with sig. 'o>{\SplitList {;}}mm' on line 7322.
.................................................
.................................................
. LaTeX info: "xparse/define-command"
. 
. Defining command \SIrange with sig. 'ommm' on line 7334.
.................................................
.................................................
. LaTeX info: "xparse/define-command"
. 
. Defining command \SI with sig. 'omom' on line 7346.
.................................................
.................................................
. LaTeX info: "xparse/define-command"
. 
. Defining command \sisetup with sig. 'm' on line 7349.
.................................................
.................................................
. LaTeX info: "xparse/define-command"
. 
. Defining command \tablenum with sig. 'om' on line 7364.
.................................................
.................................................
. LaTeX info: "xparse/define-command"
. 
. Defining command \si with sig. 'om' on line 7376.
.................................................
.................................................
. LaTeX info: "xparse/define-command"
. 
. Defining command \numInBookmark with sig. 'om' on line 7423.
.................................................
.................................................
. LaTeX info: "xparse/define-command"
. 
. Defining command \numrangeInBookmark with sig. 'omm' on line 7425.
.................................................
.................................................
. LaTeX info: "xparse/define-command"
. 
. Defining command \SIInBookmark with sig. 'omom' on line 7427.
.................................................
.................................................
. LaTeX info: "xparse/define-command"
. 
. Defining command \SIlistInBookmark with sig. 'omm' on line 7429.
.................................................
.................................................
. LaTeX info: "xparse/define-command"
. 
. Defining command \SIrangeInBookmark with sig. 'ommm' on line 7431.
.................................................
.................................................
. LaTeX info: "xparse/define-command"
. 
. Defining command \siInBookmark with sig. 'om' on line 7432.
.................................................
\g__file_internal_ior=\read2

("C:\Program Files\MiKTeX 2.9\tex\latex\translator\translator.sty"
Package: translator 2017/11/30 v1.11
))
("C:\Program Files\MiKTeX 2.9\tex\latex\textgreek\textgreek.sty"
Package: textgreek 2011/10/09 v0.7 Greek symbols in text
Package textgreek Info: Loading the definitions for the Greek fontencoding. on 
input line 39.

("C:\Program Files\MiKTeX 2.9\tex\latex\greek-fontenc\lgrenc.def"
File: lgrenc.def 2015/12/07 v0.13.1 LGR Greek font encoding definitions

("C:\Program Files\MiKTeX 2.9\tex\latex\greek-fontenc\greek-fontenc.def"
File: greek-fontenc.def 2015/08/04 v0.13 Common Greek font encoding definitions

))
Package textgreek Info: Loaded fontmap: {phv/*/*}{U/psy/*/*} {*/bx/n}{U/eur/b/n
} {*/b/n}{U/eur/b/n} {*/*/n}{U/eur/m/n} {*/*/it}{OML/*/*/*}. on input line 69.
)
(DAMOP19.aux)
\openout1 = `DAMOP19.aux'.

LaTeX Font Info:    Checking defaults for OML/cmm/m/it on input line 35.
LaTeX Font Info:    ... okay on input line 35.
LaTeX Font Info:    Checking defaults for T1/cmr/m/n on input line 35.
LaTeX Font Info:    ... okay on input line 35.
LaTeX Font Info:    Checking defaults for OT1/cmr/m/n on input line 35.
LaTeX Font Info:    ... okay on input line 35.
LaTeX Font Info:    Checking defaults for OMS/cmsy/m/n on input line 35.
LaTeX Font Info:    ... okay on input line 35.
LaTeX Font Info:    Checking defaults for OMX/cmex/m/n on input line 35.
LaTeX Font Info:    ... okay on input line 35.
LaTeX Font Info:    Checking defaults for U/cmr/m/n on input line 35.
LaTeX Font Info:    ... okay on input line 35.
LaTeX Font Info:    Checking defaults for LGR/cmr/m/n on input line 35.
LaTeX Font Info:    Try loading font information for LGR+cmr on input line 35.
 ("C:\Program Files\MiKTeX 2.9\tex\latex\cbfonts-fd\lgrcmr.fd"
File: lgrcmr.fd 2017/07/29 v1.2 Greek European Computer Regular
)
LaTeX Font Info:    ... okay on input line 35.
LaTeX Font Info:    Try loading font information for OT1+phv on input line 35.

("C:\Program Files\MiKTeX 2.9\tex\latex\psnfss\ot1phv.fd"
File: ot1phv.fd 2001/06/04 scalable font definitions for OT1/phv.
)
("C:\Program Files\MiKTeX 2.9\tex\context\base\supp-pdf.mkii"
[Loading MPS to PDF converter (version 2006.09.02).]
\scratchcounter=\count297
\scratchdimen=\dimen258
\scratchbox=\box85
\nofMPsegments=\count298
\nofMParguments=\count299
\everyMPshowfont=\toks25
\MPscratchCnt=\count300
\MPscratchDim=\dimen259
\MPnumerator=\count301
\makeMPintoPDFobject=\count302
\everyMPtoPDFconversion=\toks26
) ("C:\Program Files\MiKTeX 2.9\tex\latex\oberdiek\epstopdf-base.sty"
Package: epstopdf-base 2016/05/15 v2.6 Base part for package epstopdf

("C:\Program Files\MiKTeX 2.9\tex\generic\oberdiek\infwarerr.sty"
Package: infwarerr 2016/05/16 v1.4 Providing info/warning/error messages (HO)
)
("C:\Program Files\MiKTeX 2.9\tex\latex\oberdiek\grfext.sty"
Package: grfext 2016/05/16 v1.2 Manage graphics extensions (HO)

("C:\Program Files\MiKTeX 2.9\tex\generic\oberdiek\kvdefinekeys.sty"
Package: kvdefinekeys 2016/05/16 v1.4 Define keys (HO)

("C:\Program Files\MiKTeX 2.9\tex\generic\oberdiek\ltxcmds.sty"
Package: ltxcmds 2016/05/16 v1.23 LaTeX kernel commands for general use (HO)
)))
("C:\Program Files\MiKTeX 2.9\tex\latex\oberdiek\kvoptions.sty"
Package: kvoptions 2016/05/16 v3.12 Key value format for package options (HO)

("C:\Program Files\MiKTeX 2.9\tex\generic\oberdiek\kvsetkeys.sty"
Package: kvsetkeys 2016/05/16 v1.17 Key value parser (HO)

("C:\Program Files\MiKTeX 2.9\tex\generic\oberdiek\etexcmds.sty"
Package: etexcmds 2016/05/16 v1.6 Avoid name clashes with e-TeX commands (HO)

("C:\Program Files\MiKTeX 2.9\tex\generic\oberdiek\ifluatex.sty"
Package: ifluatex 2016/05/16 v1.4 Provides the ifluatex switch (HO)
Package ifluatex Info: LuaTeX not detected.
)
Package etexcmds Info: Could not find \expanded.
(etexcmds)             That can mean that you are not using pdfTeX 1.50 or
(etexcmds)             that some package has redefined \expanded.
(etexcmds)             In the latter case, load this package earlier.
)))
("C:\Program Files\MiKTeX 2.9\tex\generic\oberdiek\pdftexcmds.sty"
Package: pdftexcmds 2017/03/19 v0.25 Utility functions of pdfTeX for LuaTeX (HO
)

("C:\Program Files\MiKTeX 2.9\tex\generic\oberdiek\ifpdf.sty"
Package: ifpdf 2017/03/15 v3.2 Provides the ifpdf switch
)
Package pdftexcmds Info: LuaTeX not detected.
Package pdftexcmds Info: \pdf@primitive is available.
Package pdftexcmds Info: \pdf@ifprimitive is available.
Package pdftexcmds Info: \pdfdraftmode found.
)
Package epstopdf-base Info: Redefining graphics rule for `.eps' on input line 4
38.
Package grfext Info: Graphics extension search list:
(grfext)             [.pdf,.png,.jpg,.mps,.jpeg,.jbig2,.jb2,.PDF,.PNG,.JPG,.JPE
G,.JBIG2,.JB2,.eps]
(grfext)             \AppendGraphicsExtensions on input line 456.
)
-- Paper type set to custom.
\GPT@outputbox=\box86
Package caption Info: Begin \AtBeginDocument code.
Package caption Info: subfig package v1.3 is loaded.
Package caption Info: Incompatible package detected (regarding \caption).
(caption)             \caption = macro:->\@protected@testopt \caption \\caption
 {1}.

Package caption Warning: \caption will not be redefined since it's already
(caption)                redefined by a document class or package which is
(caption)                unknown to the caption package.
See the caption package documentation for explanation.

Package caption Info: End \AtBeginDocument code.

("C:\Program Files\MiKTeX 2.9\tex\latex\translator\translator-basic-dictionary-
English.dict"
Dictionary: translator-basic-dictionary, Language: English 
)
("C:\Program Files\MiKTeX 2.9\tex\latex\siunitx\siunitx-abbreviations.cfg"
File: siunitx-abbreviations.cfg 2017/11/26 v2.7k siunitx: Abbreviated units
)
\c__siunitx_mathsf_int=\count303
\c__siunitx_mathtt_int=\count304
<colby.jpg, id=1, 399.4122pt x 399.6531pt>
File: colby.jpg Graphic file (type jpg)
<use colby.jpg>
Package pdftex.def Info: colby.jpg  used on input line 40.
(pdftex.def)             Requested size: 399.41122pt x 399.65211pt.
LaTeX Font Info:    Font shape `OT1/phv/bx/n' in size <50> not available
(Font)              Font shape `OT1/phv/b/n' tried instead on input line 40.
LaTeX Font Info:    Font shape `OT1/phv/bx/n' in size <32> not available
(Font)              Font shape `OT1/phv/b/n' tried instead on input line 40.

Overfull \hbox (10.54907pt too wide) in paragraph at lines 40--41
[]$[]$  $[]$
 []

LaTeX Font Info:    Font shape `OT1/phv/bx/n' in size <28> not available
(Font)              Font shape `OT1/phv/b/n' tried instead on input line 47.
LaTeX Font Info:    Font shape `OT1/phv/bx/n' in size <24.88> not available
(Font)              Font shape `OT1/phv/b/n' tried instead on input line 47.
LaTeX Font Info:    Calculating math sizes for size <28> on input line 47.

LaTeX Font Warning: Font shape `OT1/cmr/m/n' in size <28> not available
(Font)              size <29.86> substituted on input line 47.


LaTeX Font Warning: Font shape `OT1/cmr/m/n' in size <19.59991> not available
(Font)              size <20.74> substituted on input line 47.


LaTeX Font Warning: Font shape `OML/cmm/m/it' in size <28> not available
(Font)              size <29.86> substituted on input line 47.


LaTeX Font Warning: Font shape `OML/cmm/m/it' in size <19.59991> not available
(Font)              size <20.74> substituted on input line 47.


LaTeX Font Warning: Font shape `OMS/cmsy/m/n' in size <28> not available
(Font)              size <29.86> substituted on input line 47.


LaTeX Font Warning: Font shape `OMS/cmsy/m/n' in size <19.59991> not available
(Font)              size <20.74> substituted on input line 47.


LaTeX Font Warning: Font shape `OMX/cmex/m/n' in size <28> not available
(Font)              size <24.88> substituted on input line 47.


LaTeX Font Warning: Font shape `OMX/cmex/m/n' in size <19.59991> not available
(Font)              size <20.74> substituted on input line 47.


LaTeX Font Warning: Font shape `OT1/cmss/m/n' in size <28> not available
(Font)              size <29.86> substituted on input line 47.


LaTeX Font Warning: Font shape `OT1/cmss/m/n' in size <19.59991> not available
(Font)              size <20.74> substituted on input line 47.


LaTeX Font Warning: Font shape `OT1/cmtt/m/n' in size <28> not available
(Font)              size <29.86> substituted on input line 47.


LaTeX Font Warning: Font shape `OT1/cmtt/m/n' in size <19.59991> not available
(Font)              size <20.74> substituted on input line 47.


Overfull \hbox (1.1147pt too wide) in paragraph at lines 47--47
 [][] 
 []

<MOT.png, id=2, 553.22685pt x 478.1865pt>
File: MOT.png Graphic file (type png)
<use MOT.png>
Package pdftex.def Info: MOT.png  used on input line 52.
(pdftex.def)             Requested size: 359.59319pt x 310.81754pt.
<excitation.png, id=4, 557.6835pt x 422.2977pt>
File: excitation.png Graphic file (type png)
<use excitation.png>
Package pdftex.def Info: excitation.png  used on input line 53.
(pdftex.def)             Requested size: 362.48997pt x 274.49025pt.

LaTeX Font Warning: Font shape `OT1/cmr/bx/n' in size <28> not available
(Font)              size <29.86> substituted on input line 61.


LaTeX Font Warning: Font shape `OT1/cmr/bx/n' in size <19.59991> not available
(Font)              size <20.74> substituted on input line 61.


Overfull \hbox (1.1147pt too wide) in paragraph at lines 61--61
 [][] 
 []

Package epstopdf Info: Source file: <delta_m_0.eps>
(epstopdf)                    date: 2019-05-20 13:02:18
(epstopdf)                    size: 283352 bytes
(epstopdf)             Output file: <delta_m_0-eps-converted-to.pdf>
(epstopdf)                    date: 2019-05-20 13:02:18
(epstopdf)                    size: 72968 bytes
(epstopdf)             Command: <epstopdf --outfile=delta_m_0-eps-converted-to.
pdf delta_m_0.eps>
(epstopdf)             \includegraphics on input line 64.
Package epstopdf Info: Output file is already uptodate.
<delta_m_0-eps-converted-to.pdf, id=5, 573.14125pt x 517.935pt>
File: delta_m_0-eps-converted-to.pdf Graphic file (type pdf)
<use delta_m_0-eps-converted-to.pdf>
Package pdftex.def Info: delta_m_0-eps-converted-to.pdf  used on input line 64.

(pdftex.def)             Requested size: 429.85487pt x 388.45029pt.

Overfull \hbox (1.1147pt too wide) in paragraph at lines 67--67
 [][] 
 []


LaTeX Font Warning: Font shape `OMX/cmex/m/n' in size <35.83> not available
(Font)              size <24.88> substituted on input line 69.

Package epstopdf Info: Source file: <33d52_deltaV_population.eps>
(epstopdf)                    date: 2019-05-20 13:02:17
(epstopdf)                    size: 152873 bytes
(epstopdf)             Output file: <33d52_deltaV_population-eps-converted-to.p
df>
(epstopdf)                    date: 2019-05-20 13:02:18
(epstopdf)                    size: 51257 bytes
(epstopdf)             Command: <epstopdf --outfile=33d52_deltaV_population-eps
-converted-to.pdf 33d52_deltaV_population.eps>
(epstopdf)             \includegraphics on input line 74.
Package epstopdf Info: Output file is already uptodate.
<33d52_deltaV_population-eps-converted-to.pdf, id=6, 405.515pt x 430.60875pt>
File: 33d52_deltaV_population-eps-converted-to.pdf Graphic file (type pdf)
<use 33d52_deltaV_population-eps-converted-to.pdf>
Package pdftex.def Info: 33d52_deltaV_population-eps-converted-to.pdf  used on 
input line 74.
(pdftex.def)             Requested size: 263.58162pt x 279.89236pt.
Package epstopdf Info: Source file: <33d52_DeltaV.eps>
(epstopdf)                    date: 2019-05-20 13:02:18
(epstopdf)                    size: 59484 bytes
(epstopdf)             Output file: <33d52_DeltaV-eps-converted-to.pdf>
(epstopdf)                    date: 2019-05-20 13:02:18
(epstopdf)                    size: 30735 bytes
(epstopdf)             Command: <epstopdf --outfile=33d52_DeltaV-eps-converted-
to.pdf 33d52_DeltaV.eps>
(epstopdf)             \includegraphics on input line 75.
Package epstopdf Info: Output file is already uptodate.
<33d52_DeltaV-eps-converted-to.pdf, id=7, 383.4325pt x 429.605pt>
File: 33d52_DeltaV-eps-converted-to.pdf Graphic file (type pdf)
<use 33d52_DeltaV-eps-converted-to.pdf>
Package pdftex.def Info: 33d52_DeltaV-eps-converted-to.pdf  used on input line 
75.
(pdftex.def)             Requested size: 249.22816pt x 279.23993pt.
Package epstopdf Info: Source file: <33d52_Vy.eps>
(epstopdf)                    date: 2019-05-20 13:02:17
(epstopdf)                    size: 58825 bytes
(epstopdf)             Output file: <33d52_Vy-eps-converted-to.pdf>
(epstopdf)                    date: 2019-05-20 13:02:18
(epstopdf)                    size: 30385 bytes
(epstopdf)             Command: <epstopdf --outfile=33d52_Vy-eps-converted-to.p
df 33d52_Vy.eps>
(epstopdf)             \includegraphics on input line 76.
Package epstopdf Info: Output file is already uptodate.
<33d52_Vy-eps-converted-to.pdf, id=8, 402.50375pt x 426.59375pt>
File: 33d52_Vy-eps-converted-to.pdf Graphic file (type pdf)
<use 33d52_Vy-eps-converted-to.pdf>
Package pdftex.def Info: 33d52_Vy-eps-converted-to.pdf  used on input line 76.
(pdftex.def)             Requested size: 261.62433pt x 277.28264pt.
Package epstopdf Info: Source file: <33d52_VSum.eps>
(epstopdf)                    date: 2019-05-20 13:02:18
(epstopdf)                    size: 61232 bytes
(epstopdf)             Output file: <33d52_VSum-eps-converted-to.pdf>
(epstopdf)                    date: 2019-05-20 13:02:17
(epstopdf)                    size: 31710 bytes
(epstopdf)             Command: <epstopdf --outfile=33d52_VSum-eps-converted-to
.pdf 33d52_VSum.eps>
(epstopdf)             \includegraphics on input line 77.
runsystem(epstopdf --outfile=33d52_VSum-eps-converted-to.pdf 33d52_VSum.eps)...
executed (allowed).

Package epstopdf Info: Result file: <33d52_VSum-eps-converted-to.pdf>
(epstopdf)                    date: 2019-05-20 13:56:52
(epstopdf)                    size: 31710 bytes.
<33d52_VSum-eps-converted-to.pdf, id=9, 401.5pt x 428.60126pt>
File: 33d52_VSum-eps-converted-to.pdf Graphic file (type pdf)
<use 33d52_VSum-eps-converted-to.pdf>
Package pdftex.def Info: 33d52_VSum-eps-converted-to.pdf  used on input line 77
.
(pdftex.def)             Requested size: 260.9719pt x 278.58751pt.

Overfull \hbox (1.1147pt too wide) in paragraph at lines 85--85
 [][] 
 []

Package epstopdf Info: Source file: <33d52_PScans.eps>
(epstopdf)                    date: 2019-05-20 13:02:17
(epstopdf)                    size: 62051 bytes
(epstopdf)             Output file: <33d52_PScans-eps-converted-to.pdf>
(epstopdf)                    date: 2019-05-20 13:02:18
(epstopdf)                    size: 31224 bytes
(epstopdf)             Command: <epstopdf --outfile=33d52_PScans-eps-converted-
to.pdf 33d52_PScans.eps>
(epstopdf)             \includegraphics on input line 90.
Package epstopdf Info: Output file is already uptodate.
<33d52_PScans-eps-converted-to.pdf, id=10, 398.48875pt x 297.11pt>
File: 33d52_PScans-eps-converted-to.pdf Graphic file (type pdf)
<use 33d52_PScans-eps-converted-to.pdf>
Package pdftex.def Info: 33d52_PScans-eps-converted-to.pdf  used on input line 
90.
(pdftex.def)             Requested size: 318.79143pt x 237.68831pt.

Overfull \hbox (1.1147pt too wide) in paragraph at lines 98--98
 [][] 
 []

Package epstopdf Info: Source file: <d32_qd.eps>
(epstopdf)                    date: 2019-05-20 13:02:17
(epstopdf)                    size: 58582 bytes
(epstopdf)             Output file: <d32_qd-eps-converted-to.pdf>
(epstopdf)                    date: 2019-05-20 13:02:18
(epstopdf)                    size: 29075 bytes
(epstopdf)             Command: <epstopdf --outfile=d32_qd-eps-converted-to.pdf
 d32_qd.eps>
(epstopdf)             \includegraphics on input line 108.
Package epstopdf Info: Output file is already uptodate.
<d32_qd-eps-converted-to.pdf, id=11, 361.35pt x 451.6875pt>
File: d32_qd-eps-converted-to.pdf Graphic file (type pdf)
<use d32_qd-eps-converted-to.pdf>
Package pdftex.def Info: d32_qd-eps-converted-to.pdf  used on input line 108.
(pdftex.def)             Requested size: 325.21199pt x 406.51498pt.
Package epstopdf Info: Source file: <d52_qd.eps>
(epstopdf)                    date: 2019-05-20 13:02:17
(epstopdf)                    size: 58542 bytes
(epstopdf)             Output file: <d52_qd-eps-converted-to.pdf>
(epstopdf)                    date: 2019-05-20 13:02:17
(epstopdf)                    size: 29089 bytes
(epstopdf)             Command: <epstopdf --outfile=d52_qd-eps-converted-to.pdf
 d52_qd.eps>
(epstopdf)             \includegraphics on input line 109.
Package epstopdf Info: Output file is already uptodate.
<d52_qd-eps-converted-to.pdf, id=12, 362.35374pt x 448.67625pt>
File: d52_qd-eps-converted-to.pdf Graphic file (type pdf)
<use d52_qd-eps-converted-to.pdf>
Package pdftex.def Info: d52_qd-eps-converted-to.pdf  used on input line 109.
(pdftex.def)             Requested size: 326.11536pt x 403.8049pt.

Overfull \hbox (1.1147pt too wide) in paragraph at lines 117--117
 [][] 
 []

<Ramsey_excitation.png, id=13, 536.60475pt x 270.0489pt>
File: Ramsey_excitation.png Graphic file (type png)
<use Ramsey_excitation.png>
Package pdftex.def Info: Ramsey_excitation.png  used on input line 122.
(pdftex.def)             Requested size: 536.60342pt x 270.04825pt.
Package epstopdf Info: Source file: <32d52_ramsey_1.eps>
(epstopdf)                    date: 2019-05-20 13:02:18
(epstopdf)                    size: 138840 bytes
(epstopdf)             Output file: <32d52_ramsey_1-eps-converted-to.pdf>
(epstopdf)                    date: 2019-05-20 13:02:18
(epstopdf)                    size: 48212 bytes
(epstopdf)             Command: <epstopdf --outfile=32d52_ramsey_1-eps-converte
d-to.pdf 32d52_ramsey_1.eps>
(epstopdf)             \includegraphics on input line 129.
Package epstopdf Info: Output file is already uptodate.
<32d52_ramsey_1-eps-converted-to.pdf, id=14, 385.44pt x 148.555pt>
File: 32d52_ramsey_1-eps-converted-to.pdf Graphic file (type pdf)
<use 32d52_ramsey_1-eps-converted-to.pdf>
Package pdftex.def Info: 32d52_ramsey_1-eps-converted-to.pdf  used on input lin
e 129.
(pdftex.def)             Requested size: 578.15858pt x 222.83194pt.
Package epstopdf Info: Source file: <32d52_ramsey_2.eps>
(epstopdf)                    date: 2019-05-20 13:02:18
(epstopdf)                    size: 100096 bytes
(epstopdf)             Output file: <32d52_ramsey_2-eps-converted-to.pdf>
(epstopdf)                    date: 2019-05-20 13:02:18
(epstopdf)                    size: 40493 bytes
(epstopdf)             Command: <epstopdf --outfile=32d52_ramsey_2-eps-converte
d-to.pdf 32d52_ramsey_2.eps>
(epstopdf)             \includegraphics on input line 130.
Package epstopdf Info: Output file is already uptodate.
<32d52_ramsey_2-eps-converted-to.pdf, id=15, 385.44pt x 147.55125pt>
File: 32d52_ramsey_2-eps-converted-to.pdf Graphic file (type pdf)
<use 32d52_ramsey_2-eps-converted-to.pdf>
Package pdftex.def Info: 32d52_ramsey_2-eps-converted-to.pdf  used on input lin
e 130.
(pdftex.def)             Requested size: 578.15858pt x 221.32631pt.

Overfull \hbox (29.67987pt too wide) in paragraph at lines 121--135
     $[]$
 []

Package epstopdf Info: Source file: <33d52_delay_scans.eps>
(epstopdf)                    date: 2019-05-20 13:02:16
(epstopdf)                    size: 64067 bytes
(epstopdf)             Output file: <33d52_delay_scans-eps-converted-to.pdf>
(epstopdf)                    date: 2019-05-20 13:02:17
(epstopdf)                    size: 27147 bytes
(epstopdf)             Command: <epstopdf --outfile=33d52_delay_scans-eps-conve
rted-to.pdf 33d52_delay_scans.eps>
(epstopdf)             \includegraphics on input line 140.
Package epstopdf Info: Output file is already uptodate.
<33d52_delay_scans-eps-converted-to.pdf, id=16, 745.78625pt x 346.29375pt>
File: 33d52_delay_scans-eps-converted-to.pdf Graphic file (type pdf)
<use 33d52_delay_scans-eps-converted-to.pdf>
Package pdftex.def Info: 33d52_delay_scans-eps-converted-to.pdf  used on input 
line 140.
(pdftex.def)             Requested size: 596.62982pt x 277.03537pt.

Underfull \hbox (badness 10000) in paragraph at lines 146--147

 []

LaTeX Font Info:    Try loading font information for OT1+ptm on input line 148.

("C:\Program Files\MiKTeX 2.9\tex\latex\psnfss\ot1ptm.fd"
File: ot1ptm.fd 2001/06/04 font definitions for OT1/ptm.
)
Overfull \hbox (1.1147pt too wide) in paragraph at lines 156--156
 [][] 
 []

[1

{C:/Users/buiqu/AppData/Local/MiKTeX/2.9/pdftex/config/pdftex.map} <./colby.jpg
> <./MOT.png> <./excitation.png> <./delta_m_0-eps-converted-to.pdf> <./33d52_de
ltaV_population-eps-converted-to.pdf> <./33d52_DeltaV-eps-converted-to.pdf> <./
33d52_Vy-eps-converted-to.pdf> <./33d52_VSum-eps-converted-to.pdf> <./33d52_PSc
ans-eps-converted-to.pdf> <./d32_qd-eps-converted-to.pdf> <./d52_qd-eps-convert
ed-to.pdf> <./Ramsey_excitation.png> <./32d52_ramsey_1-eps-converted-to.pdf> <.
/32d52_ramsey_2-eps-converted-to.pdf> <./33d52_delay_scans-eps-converted-to.pdf
>] (DAMOP19.aux)

LaTeX Font Warning: Size substitutions with differences
(Font)              up to 10.95pt have occurred.

 ) 
Here is how much of TeX's memory you used:
 15544 strings out of 493308
 318716 string characters out of 3138768
 356404 words of memory out of 3000000
 18946 multiletter control sequences out of 15000+200000
 559920 words of font info for 86 fonts, out of 3000000 for 9000
 1141 hyphenation exceptions out of 8191
 44i,11n,42p,10380b,404s stack positions out of 5000i,500n,10000p,200000b,50000s
{C:/Program Files/MiKTeX 2.9/fonts/enc/dvips/base/8r.enc}<C:/Program Files/Mi
KTeX 2.9/fonts/type1/public/amsfonts/cm/cmbx12.pfb><C:/Program Files/MiKTeX 2.9
/fonts/type1/public/amsfonts/cm/cmex10.pfb><C:/Program Files/MiKTeX 2.9/fonts/t
ype1/public/amsfonts/cm/cmmi12.pfb><C:/Program Files/MiKTeX 2.9/fonts/type1/pub
lic/amsfonts/cm/cmr17.pfb><C:/Program Files/MiKTeX 2.9/fonts/type1/public/amsfo
nts/cm/cmsy10.pfb><C:/Program Files/MiKTeX 2.9/fonts/type1/urw/helvetic/uhvb8a.
pfb><C:/Program Files/MiKTeX 2.9/fonts/type1/urw/helvetic/uhvr8a.pfb><C:/Progra
m Files/MiKTeX 2.9/fonts/type1/urw/times/utmr8a.pfb>
Output written on DAMOP19.pdf (1 page, 2160048 bytes).
PDF statistics:
 684 PDF objects out of 1000 (max. 8388607)
 0 named destinations out of 1000 (max. 500000)
 76 words of extra memory for PDF output out of 10000 (max. 10000000)

