\BOOKMARK [2][-]{section*.1}{Preface}{}% 1
\BOOKMARK [0][-]{chapter.1}{Harmonic Oscillators and Resonance}{}% 2
\BOOKMARK [1][-]{section.1.1}{The Lorentz Oscillator Model}{chapter.1}% 3
\BOOKMARK [2][-]{subsection.1.1.1}{The Signal-to-Noise ratio and the quality factor}{section.1.1}% 4
\BOOKMARK [1][-]{section.1.2}{The Quantum Harmonic Oscillator}{chapter.1}% 5
\BOOKMARK [0][-]{chapter.2}{The Two-Level System}{}% 6
\BOOKMARK [1][-]{section.2.1}{Magnetic Resonance: Classical Spin in B\(t\)}{chapter.2}% 7
\BOOKMARK [2][-]{subsection.2.1.1}{Classical spin in a magnetic field}{section.2.1}% 8
\BOOKMARK [2][-]{subsection.2.1.2}{Rotating coordinate transformation}{section.2.1}% 9
\BOOKMARK [2][-]{subsection.2.1.3}{Larmor's Theorem}{section.2.1}% 10
\BOOKMARK [2][-]{subsection.2.1.4}{Motion in a rotating magnetic field}{section.2.1}% 11
\BOOKMARK [2][-]{subsection.2.1.5}{Rapid Adiabatic Passage: Landau-Zener Crossing}{section.2.1}% 12
\BOOKMARK [2][-]{subsection.2.1.6}{Adiabatic Following in a Magnetic Trap}{section.2.1}% 13
\BOOKMARK [1][-]{section.2.2}{Resonance of a Quantized Spin}{chapter.2}% 14
\BOOKMARK [2][-]{subsection.2.2.1}{Expectation value of magnetic moment behaves classically}{section.2.2}% 15
\BOOKMARK [2][-]{subsection.2.2.2}{The Rabi Problem}{section.2.2}% 16
\BOOKMARK [2][-]{subsection.2.2.3}{Rapid Adiabatic Passage \(Landau-Zener\) in a QM treatment}{section.2.2}% 17
\BOOKMARK [2][-]{subsection.2.2.4}{Adiabatic Passage}{section.2.2}% 18
\BOOKMARK [1][-]{section.2.3}{Density Matrix Formalism}{chapter.2}% 19
\BOOKMARK [1][-]{section.2.4}{Atomic Units}{chapter.2}% 20
\BOOKMARK [0][-]{chapter.3}{The Basics of an Atom}{}% 21
\BOOKMARK [0][-]{chapter.4}{Fine Structure and Lamb Shift}{}% 22
\BOOKMARK [0][-]{chapter.5}{Effects of the Nucleus on Atomic Structure}{}% 23
\BOOKMARK [0][-]{chapter.6}{Atoms in Magnetic Fields}{}% 24
\BOOKMARK [0][-]{chapter.7}{Atoms in Electric Fields}{}% 25
\BOOKMARK [0][-]{chapter.8}{Atoms in Electromagnetic Fields}{}% 26
\BOOKMARK [0][-]{chapter.9}{Resonance Line Shapes}{}% 27
\BOOKMARK [0][-]{chapter.10}{Miscellaneous}{}% 28
\BOOKMARK [1][-]{section.10.1}{Atom interferometry and related topics}{chapter.10}% 29
\BOOKMARK [1][-]{section.10.2}{Avoided crossing}{chapter.10}% 30
\BOOKMARK [1][-]{section.10.3}{Feshbach resonance}{chapter.10}% 31
