\BOOKMARK [2][-]{section*.1}{Preface}{}% 1
\BOOKMARK [0][-]{chapter.1}{Overview and Classification}{}% 2
\BOOKMARK [1][-]{section.1.1}{What in the world is a PDE?}{chapter.1}% 3
\BOOKMARK [1][-]{section.1.2}{Some notable examples}{chapter.1}% 4
\BOOKMARK [1][-]{section.1.3}{Vocabulary}{chapter.1}% 5
\BOOKMARK [1][-]{section.1.4}{Our goals}{chapter.1}% 6
\BOOKMARK [1][-]{section.1.5}{Our plan}{chapter.1}% 7
\BOOKMARK [1][-]{section.1.6}{Classification}{chapter.1}% 8
\BOOKMARK [1][-]{section.1.7}{Types of second order linear PDE}{chapter.1}% 9
\BOOKMARK [1][-]{section.1.8}{Lesson 1: Selected Problems \046 Solutions}{chapter.1}% 10
\BOOKMARK [0][-]{chapter.2}{Diffusion-type problems \(parabolic equations\): A study of the heat equation}{}% 11
\BOOKMARK [1][-]{section.2.1}{An experiment}{chapter.2}% 12
\BOOKMARK [1][-]{section.2.2}{The Mathematical Model}{chapter.2}% 13
\BOOKMARK [1][-]{section.2.3}{Boundary Conditions}{chapter.2}% 14
\BOOKMARK [1][-]{section.2.4}{Initial Conditions}{chapter.2}% 15
\BOOKMARK [1][-]{section.2.5}{A Couple of Variants}{chapter.2}% 16
\BOOKMARK [2][-]{subsection.2.5.1}{Lateral Heat Loss}{section.2.5}% 17
\BOOKMARK [2][-]{subsection.2.5.2}{Internal Heat Source}{section.2.5}% 18
\BOOKMARK [2][-]{subsection.2.5.3}{Diffusion-convection Equation}{section.2.5}% 19
\BOOKMARK [2][-]{subsection.2.5.4}{Variable-coefficients case}{section.2.5}% 20
\BOOKMARK [0][-]{chapter.3}{Other types of Boundary Conditions}{}% 21
\BOOKMARK [1][-]{section.3.1}{Type 1}{chapter.3}% 22
\BOOKMARK [1][-]{section.3.2}{Type 2 \(more realistic\)}{chapter.3}% 23
\BOOKMARK [1][-]{section.3.3}{Type 3: Flux specified - including isolated boundaries}{chapter.3}% 24
\BOOKMARK [1][-]{section.3.4}{Type 4: Mixed}{chapter.3}% 25
\BOOKMARK [0][-]{chapter.4}{Derivation of the Heat Equation}{}% 26
\BOOKMARK [0][-]{chapter.5}{Separation of Variables - First method of solution}{}% 27
\BOOKMARK [1][-]{section.5.1}{Example: The heat equation}{chapter.5}% 28
\BOOKMARK [0][-]{chapter.6}{Transforming Nonhomogeneous Boundary Conditions into Homogeneous ones }{}% 29
\BOOKMARK [1][-]{section.6.1}{Inhomogeneous BCs to Homogeneous Ones}{chapter.6}% 30
\BOOKMARK [1][-]{section.6.2}{Time Varying BCs into Zero BCs}{chapter.6}% 31
\BOOKMARK [0][-]{chapter.7}{Solving more complicated problems directly: An invitation to Strum-Liouville theory}{}% 32
\BOOKMARK [1][-]{section.7.1}{> 0}{chapter.7}% 33
\BOOKMARK [1][-]{section.7.2}{=0}{chapter.7}% 34
\BOOKMARK [1][-]{section.7.3}{<0}{chapter.7}% 35
\BOOKMARK [0][-]{chapter.8}{ODE Boundary Value Problems - a look at the Sturm-Liouville theory}{}% 36
\BOOKMARK [0][-]{chapter.9}{Transforming Hard Equations into Easier Ones}{}% 37
\BOOKMARK [0][-]{chapter.10}{Solving Nonhomogeneous PDEs \(Eigenfunction Expansion\)}{}% 38
\BOOKMARK [0][-]{chapter.11}{Integral Transformation}{}% 39
\BOOKMARK [1][-]{section.11.1}{Some common transformations}{chapter.11}% 40
\BOOKMARK [2][-]{subsection.11.1.1}{The Fourier Transform}{section.11.1}% 41
\BOOKMARK [2][-]{subsection.11.1.2}{The Fourier Sine Transform}{section.11.1}% 42
\BOOKMARK [2][-]{subsection.11.1.3}{The Fourier Cosine Transform}{section.11.1}% 43
\BOOKMARK [2][-]{subsection.11.1.4}{The Discrete/Finite Fourier Transform \(Fourier Series\)}{section.11.1}% 44
\BOOKMARK [2][-]{subsection.11.1.5}{The Analogous Sine Transform}{section.11.1}% 45
\BOOKMARK [2][-]{subsection.11.1.6}{The Laplace Transform}{section.11.1}% 46
\BOOKMARK [1][-]{section.11.2}{The Fourier Series}{chapter.11}% 47
\BOOKMARK [1][-]{section.11.3}{From the Fourier Series to the Fourier Transform}{chapter.11}% 48
\BOOKMARK [0][-]{chapter.12}{Application of the Fourier Transform:}{}% 49
\BOOKMARK [0][-]{chapter.13}{Laplace Transform and Application}{}% 50
\BOOKMARK [0][-]{chapter.14}{Duhamel's Principle}{}% 51
\BOOKMARK [0][-]{chapter.15}{Elliptic problems - Laplace - Poisson - Helmholtz}{}% 52
\BOOKMARK [1][-]{section.15.1}{Boundary Value Problems for Laplace's Equation}{chapter.15}% 53
\BOOKMARK [0][-]{chapter.16}{Dirichlet Problem on the Circle}{}% 54
\BOOKMARK [1][-]{section.16.1}{Dirichlet's Lift}{chapter.16}% 55
\BOOKMARK [1][-]{section.16.2}{Some other domains}{chapter.16}% 56
\BOOKMARK [2][-]{subsection.16.2.1}{Exterior of a Circle:}{section.16.2}% 57
\BOOKMARK [2][-]{subsection.16.2.2}{Annulus:}{section.16.2}% 58
\BOOKMARK [0][-]{chapter.17}{Laplace Equations in Spherical Coordinates}{}% 59
\BOOKMARK [0][-]{chapter.18}{Poisson's Problem}{}% 60
\BOOKMARK [0][-]{chapter.19}{Summary}{}% 61
\BOOKMARK [0][-]{chapter.20}{Problems and Solutions}{}% 62
\BOOKMARK [1][-]{section.20.1}{Problem set 1}{chapter.20}% 63
\BOOKMARK [1][-]{section.20.2}{Problem set 2}{chapter.20}% 64
\BOOKMARK [1][-]{section.20.3}{Problem set 3}{chapter.20}% 65
\BOOKMARK [1][-]{section.20.4}{Problem set 4}{chapter.20}% 66
\BOOKMARK [1][-]{section.20.5}{Problem set 5}{chapter.20}% 67
\BOOKMARK [1][-]{section.20.6}{Problem set 6}{chapter.20}% 68
\BOOKMARK [1][-]{section.20.7}{Problem set 7}{chapter.20}% 69
\BOOKMARK [1][-]{section.20.8}{Problem set 8}{chapter.20}% 70
