This is pdfTeX, Version 3.14159265-2.6-1.40.18 (MiKTeX 2.9.6500 64-bit) (preloaded format=pdflatex 2018.2.27)  26 JUN 2019 14:53
entering extended mode
**./HuanBui_GR.tex
(HuanBui_GR.tex
LaTeX2e <2017-04-15>
Babel <3.15> and hyphenation patterns for 76 language(s) loaded.
("C:\Program Files\MiKTeX 2.9\tex\latex\base\book.cls"
Document Class: book 2014/09/29 v1.4h Standard LaTeX document class
("C:\Program Files\MiKTeX 2.9\tex\latex\base\bk10.clo"
File: bk10.clo 2014/09/29 v1.4h Standard LaTeX file (size option)
)
\c@part=\count79
\c@chapter=\count80
\c@section=\count81
\c@subsection=\count82
\c@subsubsection=\count83
\c@paragraph=\count84
\c@subparagraph=\count85
\c@figure=\count86
\c@table=\count87
\abovecaptionskip=\skip41
\belowcaptionskip=\skip42
\bibindent=\dimen102
)
("C:\Program Files\MiKTeX 2.9\tex\latex\physics\physics.sty"
Package: physics 

("C:\Program Files\MiKTeX 2.9\tex\latex\l3packages\xparse\xparse.sty"
("C:\Program Files\MiKTeX 2.9\tex\latex\l3kernel\expl3.sty"
Package: expl3 2017/12/05 L3 programming layer (loader) 

("C:\Program Files\MiKTeX 2.9\tex\latex\l3kernel\expl3-code.tex"
Package: expl3 2017/12/05 L3 programming layer (code)
\c_max_int=\count88
\l_tmpa_int=\count89
\l_tmpb_int=\count90
\g_tmpa_int=\count91
\g_tmpb_int=\count92
\g__intarray_font_int=\count93
\g__prg_map_int=\count94
\c_log_iow=\count95
\l_iow_line_count_int=\count96
\l__iow_line_target_int=\count97
\l__iow_one_indent_int=\count98
\l__iow_indent_int=\count99
\c_zero_dim=\dimen103
\c_max_dim=\dimen104
\l_tmpa_dim=\dimen105
\l_tmpb_dim=\dimen106
\g_tmpa_dim=\dimen107
\g_tmpb_dim=\dimen108
\c_zero_skip=\skip43
\c_max_skip=\skip44
\l_tmpa_skip=\skip45
\l_tmpb_skip=\skip46
\g_tmpa_skip=\skip47
\g_tmpb_skip=\skip48
\c_zero_muskip=\muskip10
\c_max_muskip=\muskip11
\l_tmpa_muskip=\muskip12
\l_tmpb_muskip=\muskip13
\g_tmpa_muskip=\muskip14
\g_tmpb_muskip=\muskip15
\l_keys_choice_int=\count100
\c__fp_leading_shift_int=\count101
\c__fp_middle_shift_int=\count102
\c__fp_trailing_shift_int=\count103
\c__fp_big_leading_shift_int=\count104
\c__fp_big_middle_shift_int=\count105
\c__fp_big_trailing_shift_int=\count106
\c__fp_Bigg_leading_shift_int=\count107
\c__fp_Bigg_middle_shift_int=\count108
\c__fp_Bigg_trailing_shift_int=\count109
\c__fp_rand_size_int=\count110
\c__fp_rand_four_int=\count111
\c__fp_rand_eight_int=\count112
\l__sort_length_int=\count113
\l__sort_min_int=\count114
\l__sort_top_int=\count115
\l__sort_max_int=\count116
\l__sort_true_max_int=\count117
\l__sort_block_int=\count118
\l__sort_begin_int=\count119
\l__sort_end_int=\count120
\l__sort_A_int=\count121
\l__sort_B_int=\count122
\l__sort_C_int=\count123
\l__tl_build_start_index_int=\count124
\l__tl_build_index_int=\count125
\l__tl_analysis_normal_int=\count126
\l__tl_analysis_index_int=\count127
\l__tl_analysis_nesting_int=\count128
\l__tl_analysis_type_int=\count129
\l__regex_internal_a_int=\count130
\l__regex_internal_b_int=\count131
\l__regex_internal_c_int=\count132
\l__regex_balance_int=\count133
\l__regex_group_level_int=\count134
\l__regex_mode_int=\count135
\c__regex_cs_in_class_mode_int=\count136
\c__regex_cs_mode_int=\count137
\l__regex_catcodes_int=\count138
\l__regex_default_catcodes_int=\count139
\c__regex_catcode_D_int=\count140
\c__regex_catcode_S_int=\count141
\c__regex_catcode_L_int=\count142
\c__regex_catcode_O_int=\count143
\c__regex_catcode_A_int=\count144
\c__regex_all_catcodes_int=\count145
\l__regex_show_lines_int=\count146
\l__regex_min_state_int=\count147
\l__regex_max_state_int=\count148
\l__regex_left_state_int=\count149
\l__regex_right_state_int=\count150
\l__regex_capturing_group_int=\count151
\l__regex_min_pos_int=\count152
\l__regex_max_pos_int=\count153
\l__regex_curr_pos_int=\count154
\l__regex_start_pos_int=\count155
\l__regex_success_pos_int=\count156
\l__regex_curr_char_int=\count157
\l__regex_curr_catcode_int=\count158
\l__regex_last_char_int=\count159
\l__regex_case_changed_char_int=\count160
\l__regex_curr_state_int=\count161
\l__regex_step_int=\count162
\l__regex_min_active_int=\count163
\l__regex_max_active_int=\count164
\l__regex_replacement_csnames_int=\count165
\l__regex_match_count_int=\count166
\l__regex_min_submatch_int=\count167
\l__regex_submatch_int=\count168
\l__regex_zeroth_submatch_int=\count169
\g__debug_trace_regex_int=\count170
\c_empty_box=\box26
\l_tmpa_box=\box27
\l_tmpb_box=\box28
\g_tmpa_box=\box29
\g_tmpb_box=\box30
\l__box_top_dim=\dimen109
\l__box_bottom_dim=\dimen110
\l__box_left_dim=\dimen111
\l__box_right_dim=\dimen112
\l__box_top_new_dim=\dimen113
\l__box_bottom_new_dim=\dimen114
\l__box_left_new_dim=\dimen115
\l__box_right_new_dim=\dimen116
\l__box_internal_box=\box31
\l__coffin_internal_box=\box32
\l__coffin_internal_dim=\dimen117
\l__coffin_offset_x_dim=\dimen118
\l__coffin_offset_y_dim=\dimen119
\l__coffin_x_dim=\dimen120
\l__coffin_y_dim=\dimen121
\l__coffin_x_prime_dim=\dimen122
\l__coffin_y_prime_dim=\dimen123
\c_empty_coffin=\box33
\l__coffin_aligned_coffin=\box34
\l__coffin_aligned_internal_coffin=\box35
\l_tmpa_coffin=\box36
\l_tmpb_coffin=\box37
\l__coffin_display_coffin=\box38
\l__coffin_display_coord_coffin=\box39
\l__coffin_display_pole_coffin=\box40
\l__coffin_display_offset_dim=\dimen124
\l__coffin_display_x_dim=\dimen125
\l__coffin_display_y_dim=\dimen126
\l__coffin_bounding_shift_dim=\dimen127
\l__coffin_left_corner_dim=\dimen128
\l__coffin_right_corner_dim=\dimen129
\l__coffin_bottom_corner_dim=\dimen130
\l__coffin_top_corner_dim=\dimen131
\l__coffin_scaled_total_height_dim=\dimen132
\l__coffin_scaled_width_dim=\dimen133
)
("C:\Program Files\MiKTeX 2.9\tex\latex\l3kernel\l3pdfmode.def"
File: l3pdfmode.def 2017/03/18 v L3 Experimental driver: PDF mode
\l__driver_color_stack_int=\count171
\l__driver_tmp_box=\box41
))
Package: xparse 2017/12/05 L3 Experimental document command parser
\l__xparse_current_arg_int=\count172
\g__xparse_grabber_int=\count173
\l__xparse_m_args_int=\count174
\l__xparse_mandatory_args_int=\count175
\l__xparse_v_nesting_int=\count176
)
("C:\Program Files\MiKTeX 2.9\tex\latex\amsmath\amsmath.sty"
Package: amsmath 2017/09/02 v2.17a AMS math features
\@mathmargin=\skip49

For additional information on amsmath, use the `?' option.
("C:\Program Files\MiKTeX 2.9\tex\latex\amsmath\amstext.sty"
Package: amstext 2000/06/29 v2.01 AMS text

("C:\Program Files\MiKTeX 2.9\tex\latex\amsmath\amsgen.sty"
File: amsgen.sty 1999/11/30 v2.0 generic functions
\@emptytoks=\toks14
\ex@=\dimen134
))
("C:\Program Files\MiKTeX 2.9\tex\latex\amsmath\amsbsy.sty"
Package: amsbsy 1999/11/29 v1.2d Bold Symbols
\pmbraise@=\dimen135
)
("C:\Program Files\MiKTeX 2.9\tex\latex\amsmath\amsopn.sty"
Package: amsopn 2016/03/08 v2.02 operator names
)
\inf@bad=\count177
LaTeX Info: Redefining \frac on input line 213.
\uproot@=\count178
\leftroot@=\count179
LaTeX Info: Redefining \overline on input line 375.
\classnum@=\count180
\DOTSCASE@=\count181
LaTeX Info: Redefining \ldots on input line 472.
LaTeX Info: Redefining \dots on input line 475.
LaTeX Info: Redefining \cdots on input line 596.
\Mathstrutbox@=\box42
\strutbox@=\box43
\big@size=\dimen136
LaTeX Font Info:    Redeclaring font encoding OML on input line 712.
LaTeX Font Info:    Redeclaring font encoding OMS on input line 713.
\macc@depth=\count182
\c@MaxMatrixCols=\count183
\dotsspace@=\muskip16
\c@parentequation=\count184
\dspbrk@lvl=\count185
\tag@help=\toks15
\row@=\count186
\column@=\count187
\maxfields@=\count188
\andhelp@=\toks16
\eqnshift@=\dimen137
\alignsep@=\dimen138
\tagshift@=\dimen139
\tagwidth@=\dimen140
\totwidth@=\dimen141
\lineht@=\dimen142
\@envbody=\toks17
\multlinegap=\skip50
\multlinetaggap=\skip51
\mathdisplay@stack=\toks18
LaTeX Info: Redefining \[ on input line 2817.
LaTeX Info: Redefining \] on input line 2818.
)
.................................................
. LaTeX info: "xparse/define-command"
. 
. Defining command \vnabla with sig. '' on line 25.
.................................................
.................................................
. LaTeX info: "xparse/define-command"
. 
. Defining command \varE with sig. '' on line 29.
.................................................
.................................................
. LaTeX info: "xparse/define-command"
. 
. Defining command \ordersymbol with sig. '' on line 30.
.................................................
.................................................
. LaTeX info: "xparse/define-command"
. 
. Defining command \lparen with sig. '' on line 31.
.................................................
.................................................
. LaTeX info: "xparse/define-command"
. 
. Defining command \rparen with sig. '' on line 32.
.................................................
.................................................
. LaTeX info: "xparse/define-command"
. 
. Defining command \quantity with sig. '' on line 35.
.................................................
.................................................
. LaTeX info: "xparse/define-command"
. 
. Defining command \@quantity with sig. ' t\big t\Big t\bigg t\Bigg g o d()
. d|| ' on line 62.
.................................................

*************************************************
* LaTeX warning: "xparse/not-single-char"
* 
* Argument delimiter '\big ' for the command '\@quantity' should be a single
* character.
*************************************************
*************************************************
* LaTeX warning: "xparse/not-single-char"
* 
* Argument delimiter '\Big ' for the command '\@quantity' should be a single
* character.
*************************************************
*************************************************
* LaTeX warning: "xparse/not-single-char"
* 
* Argument delimiter '\bigg ' for the command '\@quantity' should be a single
* character.
*************************************************
*************************************************
* LaTeX warning: "xparse/not-single-char"
* 
* Argument delimiter '\Bigg ' for the command '\@quantity' should be a single
* character.
*************************************************
.................................................
. LaTeX info: "xparse/define-command"
. 
. Defining command \qty with sig. '' on line 63.
.................................................
.................................................
. LaTeX info: "xparse/define-command"
. 
. Defining command \pqty with sig. ' l m ' on line 64.
.................................................
.................................................
. LaTeX info: "xparse/define-command"
. 
. Defining command \bqty with sig. ' l m ' on line 65.
.................................................
.................................................
. LaTeX info: "xparse/define-command"
. 
. Defining command \Bqty with sig. ' l m ' on line 66.
.................................................
.................................................
. LaTeX info: "xparse/define-command"
. 
. Defining command \vqty with sig. ' l m ' on line 67.
.................................................
.................................................
. LaTeX info: "xparse/define-command"
. 
. Defining command \pmqty with sig. 'm' on line 70.
.................................................
.................................................
. LaTeX info: "xparse/define-command"
. 
. Defining command \Pmqty with sig. 'm' on line 71.
.................................................
.................................................
. LaTeX info: "xparse/define-command"
. 
. Defining command \bmqty with sig. 'm' on line 72.
.................................................
.................................................
. LaTeX info: "xparse/define-command"
. 
. Defining command \vmqty with sig. 'm' on line 73.
.................................................
.................................................
. LaTeX info: "xparse/define-command"
. 
. Defining command \matrixquantity with sig. '' on line 74.
.................................................
.................................................
. LaTeX info: "xparse/define-command"
. 
. Defining command \@matrixquantity with sig. ' s g o d() d|| ' on line 100.
.................................................
.................................................
. LaTeX info: "xparse/define-command"
. 
. Defining command \mqty with sig. '' on line 101.
.................................................
.................................................
. LaTeX info: "xparse/define-command"
. 
. Defining command \matrixdeterminant with sig. 'm' on line 102.
.................................................
.................................................
. LaTeX info: "xparse/define-command"
. 
. Defining command \mdet with sig. '' on line 103.
.................................................
.................................................
. LaTeX info: "xparse/define-command"
. 
. Defining command \spmqty with sig. 'm' on line 105.
.................................................
.................................................
. LaTeX info: "xparse/define-command"
. 
. Defining command \sPmqty with sig. 'm' on line 106.
.................................................
.................................................
. LaTeX info: "xparse/define-command"
. 
. Defining command \sbmqty with sig. 'm' on line 107.
.................................................
.................................................
. LaTeX info: "xparse/define-command"
. 
. Defining command \svmqty with sig. 'm' on line 108.
.................................................
.................................................
. LaTeX info: "xparse/define-command"
. 
. Defining command \smallmatrixquantity with sig. ' s g o d() d|| ' on line
. 133.
.................................................
.................................................
. LaTeX info: "xparse/define-command"
. 
. Defining command \smqty with sig. '' on line 134.
.................................................
.................................................
. LaTeX info: "xparse/define-command"
. 
. Defining command \smallmatrixdeterminant with sig. 'm' on line 135.
.................................................
.................................................
. LaTeX info: "xparse/define-command"
. 
. Defining command \smdet with sig. '' on line 136.
.................................................
.................................................
. LaTeX info: "xparse/define-command"
. 
. Defining command \argopen with sig. 's' on line 138.
.................................................
.................................................
. LaTeX info: "xparse/define-command"
. 
. Defining command \argclose with sig. 's' on line 139.
.................................................
.................................................
. LaTeX info: "xparse/define-command"
. 
. Defining command \braces with sig. '' on line 141.
.................................................
.................................................
. LaTeX info: "xparse/define-command"
. 
. Defining command \@braces with sig. ' s t\big t\Big t\bigg t\Bigg m m m ' on
. line 156.
.................................................
*************************************************
* LaTeX warning: "xparse/not-single-char"
* 
* Argument delimiter '\big ' for the command '\@braces' should be a single
* character.
*************************************************
*************************************************
* LaTeX warning: "xparse/not-single-char"
* 
* Argument delimiter '\Big ' for the command '\@braces' should be a single
* character.
*************************************************
*************************************************
* LaTeX warning: "xparse/not-single-char"
* 
* Argument delimiter '\bigg ' for the command '\@braces' should be a single
* character.
*************************************************
*************************************************
* LaTeX warning: "xparse/not-single-char"
* 
* Argument delimiter '\Bigg ' for the command '\@braces' should be a single
* character.
*************************************************
.................................................
. LaTeX info: "xparse/define-command"
. 
. Defining command \fbraces with sig. ' s t\big t\Big t\bigg t\Bigg m m m m '
. on line 174.
.................................................
*************************************************
* LaTeX warning: "xparse/not-single-char"
* 
* Argument delimiter '\big ' for the command '\fbraces' should be a single
* character.
*************************************************
*************************************************
* LaTeX warning: "xparse/not-single-char"
* 
* Argument delimiter '\Big ' for the command '\fbraces' should be a single
* character.
*************************************************
*************************************************
* LaTeX warning: "xparse/not-single-char"
* 
* Argument delimiter '\bigg ' for the command '\fbraces' should be a single
* character.
*************************************************
*************************************************
* LaTeX warning: "xparse/not-single-char"
* 
* Argument delimiter '\Bigg ' for the command '\fbraces' should be a single
* character.
*************************************************
.................................................
. LaTeX info: "xparse/define-command"
. 
. Defining command \absolutevalue with sig. ' l m ' on line 176.
.................................................
.................................................
. LaTeX info: "xparse/define-command"
. 
. Defining command \abs with sig. '' on line 177.
.................................................
.................................................
. LaTeX info: "xparse/define-command"
. 
. Defining command \norm with sig. ' l m ' on line 178.
.................................................
.................................................
. LaTeX info: "xparse/define-command"
. 
. Defining command \order with sig. ' l m ' on line 179.
.................................................
.................................................
. LaTeX info: "xparse/define-command"
. 
. Defining command \evaluated with sig. ' s g d[| d(| ' on line 194.
.................................................
.................................................
. LaTeX info: "xparse/define-command"
. 
. Defining command \eval with sig. '' on line 195.
.................................................
.................................................
. LaTeX info: "xparse/define-command"
. 
. Defining command \poissonbracket with sig. ' l m m ' on line 197.
.................................................
.................................................
. LaTeX info: "xparse/define-command"
. 
. Defining command \pb with sig. '' on line 198.
.................................................
.................................................
. LaTeX info: "xparse/define-command"
. 
. Defining command \commutator with sig. ' l m m ' on line 201.
.................................................
.................................................
. LaTeX info: "xparse/define-command"
. 
. Defining command \comm with sig. '' on line 202.
.................................................
.................................................
. LaTeX info: "xparse/define-command"
. 
. Defining command \anticommutator with sig. ' l m m ' on line 203.
.................................................
.................................................
. LaTeX info: "xparse/define-command"
. 
. Defining command \acommutator with sig. '' on line 204.
.................................................
.................................................
. LaTeX info: "xparse/define-command"
. 
. Defining command \acomm with sig. '' on line 205.
.................................................
.................................................
. LaTeX info: "xparse/define-command"
. 
. Defining command \vectorbold with sig. ' s m ' on line 208.
.................................................
.................................................
. LaTeX info: "xparse/define-command"
. 
. Defining command \vb with sig. '' on line 209.
.................................................
.................................................
. LaTeX info: "xparse/define-command"
. 
. Defining command \vectorarrow with sig. ' s m ' on line 211.
.................................................
.................................................
. LaTeX info: "xparse/define-command"
. 
. Defining command \va with sig. '' on line 212.
.................................................
.................................................
. LaTeX info: "xparse/define-command"
. 
. Defining command \vectorunit with sig. ' s m ' on line 214.
.................................................
.................................................
. LaTeX info: "xparse/define-command"
. 
. Defining command \vu with sig. '' on line 215.
.................................................
.................................................
. LaTeX info: "xparse/define-command"
. 
. Defining command \dotproduct with sig. '' on line 217.
.................................................
.................................................
. LaTeX info: "xparse/define-command"
. 
. Defining command \vdot with sig. '' on line 218.
.................................................
.................................................
. LaTeX info: "xparse/define-command"
. 
. Defining command \crossproduct with sig. '' on line 220.
.................................................
.................................................
. LaTeX info: "xparse/define-command"
. 
. Defining command \cross with sig. '' on line 221.
.................................................
.................................................
. LaTeX info: "xparse/define-command"
. 
. Defining command \cp with sig. '' on line 222.
.................................................
.................................................
. LaTeX info: "xparse/define-command"
. 
. Defining command \gradient with sig. ' g o d() ' on line 232.
.................................................
.................................................
. LaTeX info: "xparse/define-command"
. 
. Defining command \grad with sig. '' on line 233.
.................................................
.................................................
. LaTeX info: "xparse/define-command"
. 
. Defining command \divergence with sig. ' g o d() ' on line 243.
.................................................
.................................................
. LaTeX info: "xparse/define-command"
. 
. Defining command \div with sig. '' on line 246.
.................................................
.................................................
. LaTeX info: "xparse/define-command"
. 
. Defining command \curl with sig. ' g o d() ' on line 256.
.................................................
.................................................
. LaTeX info: "xparse/define-command"
. 
. Defining command \laplacian with sig. ' g o d() ' on line 266.
.................................................
.................................................
. LaTeX info: "xparse/define-command"
. 
. Defining command \principalvalue with sig. 'g' on line 274.
.................................................
.................................................
. LaTeX info: "xparse/define-command"
. 
. Defining command \pv with sig. '' on line 275.
.................................................
.................................................
. LaTeX info: "xparse/define-command"
. 
. Defining command \PV with sig. 'g' on line 276.
.................................................
.................................................
. LaTeX info: "xparse/redefine-command"
. 
. Redefining command \Re with sig. 'g' on line 277.
.................................................
.................................................
. LaTeX info: "xparse/redefine-command"
. 
. Redefining command \Im with sig. 'g' on line 278.
.................................................
.................................................
. LaTeX info: "xparse/define-command"
. 
. Defining command \opbraces with sig. ' m g o d() ' on line 299.
.................................................
.................................................
. LaTeX info: "xparse/define-command"
. 
. Defining command \trigbraces with sig. ' m o d() ' on line 305.
.................................................
.................................................
. LaTeX info: "xparse/redefine-command"
. 
. Redefining command \sin with sig. '' on line 309.
.................................................
.................................................
. LaTeX info: "xparse/redefine-command"
. 
. Redefining command \cos with sig. '' on line 310.
.................................................
.................................................
. LaTeX info: "xparse/redefine-command"
. 
. Redefining command \tan with sig. '' on line 311.
.................................................
.................................................
. LaTeX info: "xparse/redefine-command"
. 
. Redefining command \csc with sig. '' on line 312.
.................................................
.................................................
. LaTeX info: "xparse/redefine-command"
. 
. Redefining command \sec with sig. '' on line 313.
.................................................
.................................................
. LaTeX info: "xparse/redefine-command"
. 
. Redefining command \cot with sig. '' on line 314.
.................................................
.................................................
. LaTeX info: "xparse/redefine-command"
. 
. Redefining command \arcsin with sig. '' on line 316.
.................................................
.................................................
. LaTeX info: "xparse/redefine-command"
. 
. Redefining command \arccos with sig. '' on line 317.
.................................................
.................................................
. LaTeX info: "xparse/redefine-command"
. 
. Redefining command \arctan with sig. '' on line 318.
.................................................
.................................................
. LaTeX info: "xparse/define-command"
. 
. Defining command \arccsc with sig. '' on line 320.
.................................................
.................................................
. LaTeX info: "xparse/define-command"
. 
. Defining command \arcsec with sig. '' on line 322.
.................................................
.................................................
. LaTeX info: "xparse/define-command"
. 
. Defining command \arccot with sig. '' on line 324.
.................................................
.................................................
. LaTeX info: "xparse/define-command"
. 
. Defining command \asin with sig. '' on line 327.
.................................................
.................................................
. LaTeX info: "xparse/define-command"
. 
. Defining command \acos with sig. '' on line 329.
.................................................
.................................................
. LaTeX info: "xparse/define-command"
. 
. Defining command \atan with sig. '' on line 331.
.................................................
.................................................
. LaTeX info: "xparse/define-command"
. 
. Defining command \acsc with sig. '' on line 333.
.................................................
.................................................
. LaTeX info: "xparse/define-command"
. 
. Defining command \asec with sig. '' on line 335.
.................................................
.................................................
. LaTeX info: "xparse/define-command"
. 
. Defining command \acot with sig. '' on line 337.
.................................................
.................................................
. LaTeX info: "xparse/redefine-command"
. 
. Redefining command \sinh with sig. '' on line 339.
.................................................
.................................................
. LaTeX info: "xparse/redefine-command"
. 
. Redefining command \cosh with sig. '' on line 340.
.................................................
.................................................
. LaTeX info: "xparse/redefine-command"
. 
. Redefining command \tanh with sig. '' on line 341.
.................................................
.................................................
. LaTeX info: "xparse/define-command"
. 
. Defining command \csch with sig. '' on line 343.
.................................................
.................................................
. LaTeX info: "xparse/define-command"
. 
. Defining command \sech with sig. '' on line 345.
.................................................
.................................................
. LaTeX info: "xparse/redefine-command"
. 
. Redefining command \coth with sig. '' on line 346.
.................................................
.................................................
. LaTeX info: "xparse/redefine-command"
. 
. Redefining command \exp with sig. '' on line 348.
.................................................
.................................................
. LaTeX info: "xparse/redefine-command"
. 
. Redefining command \log with sig. '' on line 349.
.................................................
.................................................
. LaTeX info: "xparse/redefine-command"
. 
. Redefining command \ln with sig. '' on line 350.
.................................................
.................................................
. LaTeX info: "xparse/redefine-command"
. 
. Redefining command \det with sig. '' on line 351.
.................................................
.................................................
. LaTeX info: "xparse/redefine-command"
. 
. Redefining command \Pr with sig. '' on line 352.
.................................................
.................................................
. LaTeX info: "xparse/define-command"
. 
. Defining command \tr with sig. '' on line 353.
.................................................
.................................................
. LaTeX info: "xparse/define-command"
. 
. Defining command \Tr with sig. '' on line 354.
.................................................
.................................................
. LaTeX info: "xparse/define-command"
. 
. Defining command \Res with sig. '' on line 355.
.................................................
.................................................
. LaTeX info: "xparse/define-command"
. 
. Defining command \qqtext with sig. ' s m ' on line 377.
.................................................
.................................................
. LaTeX info: "xparse/define-command"
. 
. Defining command \qq with sig. '' on line 378.
.................................................
.................................................
. LaTeX info: "xparse/define-command"
. 
. Defining command \qcomma with sig. '' on line 380.
.................................................
.................................................
. LaTeX info: "xparse/define-command"
. 
. Defining command \qc with sig. '' on line 381.
.................................................
.................................................
. LaTeX info: "xparse/define-command"
. 
. Defining command \qif with sig. 's' on line 383.
.................................................
.................................................
. LaTeX info: "xparse/define-command"
. 
. Defining command \qthen with sig. 's' on line 384.
.................................................
.................................................
. LaTeX info: "xparse/define-command"
. 
. Defining command \qelse with sig. 's' on line 385.
.................................................
.................................................
. LaTeX info: "xparse/define-command"
. 
. Defining command \qotherwise with sig. 's' on line 386.
.................................................
.................................................
. LaTeX info: "xparse/define-command"
. 
. Defining command \qunless with sig. 's' on line 387.
.................................................
.................................................
. LaTeX info: "xparse/define-command"
. 
. Defining command \qgiven with sig. 's' on line 388.
.................................................
.................................................
. LaTeX info: "xparse/define-command"
. 
. Defining command \qusing with sig. 's' on line 389.
.................................................
.................................................
. LaTeX info: "xparse/define-command"
. 
. Defining command \qassume with sig. 's' on line 390.
.................................................
.................................................
. LaTeX info: "xparse/define-command"
. 
. Defining command \qsince with sig. 's' on line 391.
.................................................
.................................................
. LaTeX info: "xparse/define-command"
. 
. Defining command \qlet with sig. 's' on line 392.
.................................................
.................................................
. LaTeX info: "xparse/define-command"
. 
. Defining command \qfor with sig. 's' on line 393.
.................................................
.................................................
. LaTeX info: "xparse/define-command"
. 
. Defining command \qall with sig. 's' on line 394.
.................................................
.................................................
. LaTeX info: "xparse/define-command"
. 
. Defining command \qeven with sig. 's' on line 395.
.................................................
.................................................
. LaTeX info: "xparse/define-command"
. 
. Defining command \qodd with sig. 's' on line 396.
.................................................
.................................................
. LaTeX info: "xparse/define-command"
. 
. Defining command \qinteger with sig. 's' on line 397.
.................................................
.................................................
. LaTeX info: "xparse/define-command"
. 
. Defining command \qand with sig. 's' on line 398.
.................................................
.................................................
. LaTeX info: "xparse/define-command"
. 
. Defining command \qor with sig. 's' on line 399.
.................................................
.................................................
. LaTeX info: "xparse/define-command"
. 
. Defining command \qas with sig. 's' on line 400.
.................................................
.................................................
. LaTeX info: "xparse/define-command"
. 
. Defining command \qin with sig. 's' on line 401.
.................................................
.................................................
. LaTeX info: "xparse/define-command"
. 
. Defining command \qcc with sig. 's' on line 402.
.................................................
.................................................
. LaTeX info: "xparse/define-command"
. 
. Defining command \differential with sig. ' o g d() ' on line 415.
.................................................
.................................................
. LaTeX info: "xparse/define-command"
. 
. Defining command \dd with sig. '' on line 416.
.................................................
.................................................
. LaTeX info: "xparse/define-command"
. 
. Defining command \derivative with sig. ' s o m g d() ' on line 435.
.................................................
.................................................
. LaTeX info: "xparse/define-command"
. 
. Defining command \dv with sig. '' on line 436.
.................................................
.................................................
. LaTeX info: "xparse/define-command"
. 
. Defining command \partialderivative with sig. ' s o m g g d() ' on line 460.
.................................................
.................................................
. LaTeX info: "xparse/define-command"
. 
. Defining command \pderivative with sig. '' on line 461.
.................................................
.................................................
. LaTeX info: "xparse/define-command"
. 
. Defining command \pdv with sig. '' on line 462.
.................................................
.................................................
. LaTeX info: "xparse/define-command"
. 
. Defining command \variation with sig. ' o g d() ' on line 474.
.................................................
.................................................
. LaTeX info: "xparse/define-command"
. 
. Defining command \var with sig. '' on line 475.
.................................................
.................................................
. LaTeX info: "xparse/define-command"
. 
. Defining command \functionalderivative with sig. ' s o m g d() ' on line
. 494.
.................................................
.................................................
. LaTeX info: "xparse/define-command"
. 
. Defining command \fderivative with sig. '' on line 495.
.................................................
.................................................
. LaTeX info: "xparse/define-command"
. 
. Defining command \fdv with sig. '' on line 496.
.................................................
.................................................
. LaTeX info: "xparse/define-command"
. 
. Defining command \bra with sig. ' s m t\ket s g ' on line 526.
.................................................
*************************************************
* LaTeX warning: "xparse/not-single-char"
* 
* Argument delimiter '\ket ' for the command '\bra' should be a single
* character.
*************************************************
.................................................
. LaTeX info: "xparse/define-command"
. 
. Defining command \ket with sig. ' s m ' on line 533.
.................................................
.................................................
. LaTeX info: "xparse/define-command"
. 
. Defining command \innerproduct with sig. ' s m g ' on line 548.
.................................................
.................................................
. LaTeX info: "xparse/define-command"
. 
. Defining command \braket with sig. '' on line 549.
.................................................
.................................................
. LaTeX info: "xparse/define-command"
. 
. Defining command \ip with sig. '' on line 550.
.................................................
.................................................
. LaTeX info: "xparse/define-command"
. 
. Defining command \outerproduct with sig. ' s m g ' on line 565.
.................................................
.................................................
. LaTeX info: "xparse/define-command"
. 
. Defining command \dyad with sig. '' on line 566.
.................................................
.................................................
. LaTeX info: "xparse/define-command"
. 
. Defining command \op with sig. '' on line 567.
.................................................
.................................................
. LaTeX info: "xparse/define-command"
. 
. Defining command \ketbra with sig. '' on line 568.
.................................................
.................................................
. LaTeX info: "xparse/define-command"
. 
. Defining command \expectationvalue with sig. ' s s m g ' on line 587.
.................................................
.................................................
. LaTeX info: "xparse/define-command"
. 
. Defining command \expval with sig. '' on line 588.
.................................................
.................................................
. LaTeX info: "xparse/define-command"
. 
. Defining command \ev with sig. '' on line 589.
.................................................
.................................................
. LaTeX info: "xparse/define-command"
. 
. Defining command \vev with sig. ' m ' on line 590.
.................................................
.................................................
. LaTeX info: "xparse/define-command"
. 
. Defining command \matrixelement with sig. ' s s m m m ' on line 601.
.................................................
.................................................
. LaTeX info: "xparse/define-command"
. 
. Defining command \matrixel with sig. '' on line 602.
.................................................
.................................................
. LaTeX info: "xparse/define-command"
. 
. Defining command \mel with sig. '' on line 603.
.................................................
.................................................
. LaTeX info: "xparse/define-command"
. 
. Defining command \identitymatrix with sig. 'm' on line 633.
.................................................
.................................................
. LaTeX info: "xparse/define-command"
. 
. Defining command \imat with sig. '' on line 634.
.................................................
.................................................
. LaTeX info: "xparse/define-command"
. 
. Defining command \xmatrix with sig. ' s m m m ' on line 659.
.................................................
.................................................
. LaTeX info: "xparse/define-command"
. 
. Defining command \xmat with sig. '' on line 660.
.................................................
.................................................
. LaTeX info: "xparse/define-command"
. 
. Defining command \zeromatrix with sig. ' m g ' on line 662.
.................................................
.................................................
. LaTeX info: "xparse/define-command"
. 
. Defining command \zmat with sig. '' on line 663.
.................................................
.................................................
. LaTeX info: "xparse/define-command"
. 
. Defining command \paulixmatrix with sig. '' on line 665.
.................................................
.................................................
. LaTeX info: "xparse/define-command"
. 
. Defining command \pauliymatrix with sig. '' on line 666.
.................................................
.................................................
. LaTeX info: "xparse/define-command"
. 
. Defining command \paulizmatrix with sig. '' on line 667.
.................................................
.................................................
. LaTeX info: "xparse/define-command"
. 
. Defining command \paulimatrix with sig. 'm' on line 678.
.................................................
.................................................
. LaTeX info: "xparse/define-command"
. 
. Defining command \pmat with sig. '' on line 679.
.................................................
.................................................
. LaTeX info: "xparse/define-command"
. 
. Defining command \diagonalmatrix with sig. 'O{} >{\SplitList {,}}m ' on line
. 681.
.................................................
.................................................
. LaTeX info: "xparse/define-command"
. 
. Defining command \@dmat with sig. 'mmggggggg' on line 714.
.................................................
.................................................
. LaTeX info: "xparse/define-command"
. 
. Defining command \dmat with sig. '' on line 715.
.................................................
.................................................
. LaTeX info: "xparse/define-command"
. 
. Defining command \antidiagonalmatrix with sig. 'O{} >{\SplitList {,}}m ' on
. line 717.
.................................................
.................................................
. LaTeX info: "xparse/define-command"
. 
. Defining command \@admat with sig. 'mmggggggg' on line 750.
.................................................
.................................................
. LaTeX info: "xparse/define-command"
. 
. Defining command \admat with sig. '' on line 751.
.................................................
.................................................
. LaTeX info: "xparse/define-command"
. 
. Defining command \flatfrac with sig. ' m m ' on line 754.
.................................................
.................................................
. LaTeX info: "xparse/define-command"
. 
. Defining command \homework with sig. '' on line 764.
.................................................
) ("C:\Program Files\MiKTeX 2.9\tex\latex\graphics\graphicx.sty"
Package: graphicx 2017/06/01 v1.1a Enhanced LaTeX Graphics (DPC,SPQR)

("C:\Program Files\MiKTeX 2.9\tex\latex\graphics\keyval.sty"
Package: keyval 2014/10/28 v1.15 key=value parser (DPC)
\KV@toks@=\toks19
)
("C:\Program Files\MiKTeX 2.9\tex\latex\graphics\graphics.sty"
Package: graphics 2017/06/25 v1.2c Standard LaTeX Graphics (DPC,SPQR)

("C:\Program Files\MiKTeX 2.9\tex\latex\graphics\trig.sty"
Package: trig 2016/01/03 v1.10 sin cos tan (DPC)
)
("C:\Program Files\MiKTeX 2.9\tex\latex\graphics-cfg\graphics.cfg"
File: graphics.cfg 2016/06/04 v1.11 sample graphics configuration
)
Package graphics Info: Driver file: pdftex.def on input line 99.

("C:\Program Files\MiKTeX 2.9\tex\latex\graphics-def\pdftex.def"
File: pdftex.def 2017/12/07 v1.0i Graphics/color driver for pdftex
))
\Gin@req@height=\dimen143
\Gin@req@width=\dimen144
)
("C:\Program Files\MiKTeX 2.9\tex\latex\caption\caption.sty"
Package: caption 2016/02/21 v3.3-144 Customizing captions (AR)

("C:\Program Files\MiKTeX 2.9\tex\latex\caption\caption3.sty"
Package: caption3 2016/05/22 v1.7-166 caption3 kernel (AR)
Package caption3 Info: TeX engine: e-TeX on input line 67.
\captionmargin=\dimen145
\captionmargin@=\dimen146
\captionwidth=\dimen147
\caption@tempdima=\dimen148
\caption@indent=\dimen149
\caption@parindent=\dimen150
\caption@hangindent=\dimen151
)
\c@ContinuedFloat=\count189
)
("C:\Program Files\MiKTeX 2.9\tex\latex\preprint\authblk.sty"
Package: authblk 2001/02/27 1.3 (PWD)
\affilsep=\skip52
\@affilsep=\skip53
\c@Maxaffil=\count190
\c@authors=\count191
\c@affil=\count192
)
("C:\Program Files\MiKTeX 2.9\tex\latex\amsfonts\amsfonts.sty"
Package: amsfonts 2013/01/14 v3.01 Basic AMSFonts support
\symAMSa=\mathgroup4
\symAMSb=\mathgroup5
LaTeX Font Info:    Overwriting math alphabet `\mathfrak' in version `bold'
(Font)                  U/euf/m/n --> U/euf/b/n on input line 106.
)
("C:\Program Files\MiKTeX 2.9\tex\latex\esint\esint.sty"
Package: esint 
\symlargesymbolsA=\mathgroup6
)
("C:\Program Files\MiKTeX 2.9\tex\latex\mathtools\mathtools.sty"
Package: mathtools 2017/10/30 v1.20 mathematical typesetting tools

("C:\Program Files\MiKTeX 2.9\tex\latex\tools\calc.sty"
Package: calc 2014/10/28 v4.3 Infix arithmetic (KKT,FJ)
\calc@Acount=\count193
\calc@Bcount=\count194
\calc@Adimen=\dimen152
\calc@Bdimen=\dimen153
\calc@Askip=\skip54
\calc@Bskip=\skip55
LaTeX Info: Redefining \setlength on input line 80.
LaTeX Info: Redefining \addtolength on input line 81.
\calc@Ccount=\count195
\calc@Cskip=\skip56
)
("C:\Program Files\MiKTeX 2.9\tex\latex\mathtools\mhsetup.sty"
Package: mhsetup 2017/03/31 v1.3 programming setup (MH)
)
LaTeX Info: Thecontrolsequence`\('isalreadyrobust on input line 129.
LaTeX Info: Thecontrolsequence`\)'isalreadyrobust on input line 129.
LaTeX Info: Thecontrolsequence`\['isalreadyrobust on input line 129.
LaTeX Info: Thecontrolsequence`\]'isalreadyrobust on input line 129.
\g_MT_multlinerow_int=\count196
\l_MT_multwidth_dim=\dimen154
\origjot=\skip57
\l_MT_shortvdotswithinadjustabove_dim=\dimen155
\l_MT_shortvdotswithinadjustbelow_dim=\dimen156
\l_MT_above_intertext_sep=\dimen157
\l_MT_below_intertext_sep=\dimen158
\l_MT_above_shortintertext_sep=\dimen159
\l_MT_below_shortintertext_sep=\dimen160
)
("C:\Program Files\MiKTeX 2.9\tex\latex\amscls\amsthm.sty"
Package: amsthm 2015/03/04 v2.20.2
\thm@style=\toks20
\thm@bodyfont=\toks21
\thm@headfont=\toks22
\thm@notefont=\toks23
\thm@headpunct=\toks24
\thm@preskip=\skip58
\thm@postskip=\skip59
\thm@headsep=\skip60
\dth@everypar=\toks25
)
\c@defn=\count197
\c@prop=\count198
\c@rmk=\count199
\c@exmp=\count266

("C:\Program Files\MiKTeX 2.9\tex\latex\mathtools\empheq.sty"
Package: empheq 2017/03/31 v2.15 Emphasizing equations
\l_EQ_equationtype_int=\count267
\l_EQ_alignmentmode_int=\count268
\l_EQ_totalwidth_dim=\dimen161
\l_EQ_displaywidth_dim=\dimen162
\l_EQ_temp_linewidth_dim=\dimen163
\EmphEqdelimitershortfall=\dimen164
\EmphEqdelimiterfactor=\count269
\g_EQ_toptag_height_dim=\dimen165
\g_EQ_bottomtag_depth_dim=\dimen166
\g_EQ_toprow_height_dim=\dimen167
\g_EQ_bottomrow_depth_dim=\dimen168
\g_EQ_widesttag_dim=\dimen169
\EQ_mathdisplay_box=\box44
\EQ_tag_box=\box45
\g_EQ_temprow_int=\count270
)
("C:\Program Files\MiKTeX 2.9\tex\latex\hyperref\hyperref.sty"
Package: hyperref 2017/03/14 v6.85a Hypertext links for LaTeX

("C:\Program Files\MiKTeX 2.9\tex\generic\oberdiek\hobsub-hyperref.sty"
Package: hobsub-hyperref 2016/05/16 v1.14 Bundle oberdiek, subset hyperref (HO)


("C:\Program Files\MiKTeX 2.9\tex\generic\oberdiek\hobsub-generic.sty"
Package: hobsub-generic 2016/05/16 v1.14 Bundle oberdiek, subset generic (HO)
Package: hobsub 2016/05/16 v1.14 Construct package bundles (HO)
Package: infwarerr 2016/05/16 v1.4 Providing info/warning/error messages (HO)
Package: ltxcmds 2016/05/16 v1.23 LaTeX kernel commands for general use (HO)
Package: ifluatex 2016/05/16 v1.4 Provides the ifluatex switch (HO)
Package ifluatex Info: LuaTeX not detected.
Package: ifvtex 2016/05/16 v1.6 Detect VTeX and its facilities (HO)
Package ifvtex Info: VTeX not detected.
Package: intcalc 2016/05/16 v1.2 Expandable calculations with integers (HO)
Package: ifpdf 2017/03/15 v3.2 Provides the ifpdf switch
Package: etexcmds 2016/05/16 v1.6 Avoid name clashes with e-TeX commands (HO)
Package etexcmds Info: Could not find \expanded.
(etexcmds)             That can mean that you are not using pdfTeX 1.50 or
(etexcmds)             that some package has redefined \expanded.
(etexcmds)             In the latter case, load this package earlier.
Package: kvsetkeys 2016/05/16 v1.17 Key value parser (HO)
Package: kvdefinekeys 2016/05/16 v1.4 Define keys (HO)
Package: pdftexcmds 2017/03/19 v0.25 Utility functions of pdfTeX for LuaTeX (HO
)
Package pdftexcmds Info: LuaTeX not detected.
Package pdftexcmds Info: \pdf@primitive is available.
Package pdftexcmds Info: \pdf@ifprimitive is available.
Package pdftexcmds Info: \pdfdraftmode found.
Package: pdfescape 2016/05/16 v1.14 Implements pdfTeX's escape features (HO)
Package: bigintcalc 2016/05/16 v1.4 Expandable calculations on big integers (HO
)
Package: bitset 2016/05/16 v1.2 Handle bit-vector datatype (HO)
Package: uniquecounter 2016/05/16 v1.3 Provide unlimited unique counter (HO)
)
Package hobsub Info: Skipping package `hobsub' (already loaded).
Package: letltxmacro 2016/05/16 v1.5 Let assignment for LaTeX macros (HO)
Package: hopatch 2016/05/16 v1.3 Wrapper for package hooks (HO)
Package: xcolor-patch 2016/05/16 xcolor patch
Package: atveryend 2016/05/16 v1.9 Hooks at the very end of document (HO)
Package atveryend Info: \enddocument detected (standard20110627).
Package: atbegshi 2016/06/09 v1.18 At begin shipout hook (HO)
Package: refcount 2016/05/16 v3.5 Data extraction from label references (HO)
Package: hycolor 2016/05/16 v1.8 Color options for hyperref/bookmark (HO)
)
("C:\Program Files\MiKTeX 2.9\tex\generic\ifxetex\ifxetex.sty"
Package: ifxetex 2010/09/12 v0.6 Provides ifxetex conditional
)
("C:\Program Files\MiKTeX 2.9\tex\latex\oberdiek\auxhook.sty"
Package: auxhook 2016/05/16 v1.4 Hooks for auxiliary files (HO)
)
("C:\Program Files\MiKTeX 2.9\tex\latex\oberdiek\kvoptions.sty"
Package: kvoptions 2016/05/16 v3.12 Key value format for package options (HO)
)
\@linkdim=\dimen170
\Hy@linkcounter=\count271
\Hy@pagecounter=\count272

("C:\Program Files\MiKTeX 2.9\tex\latex\hyperref\pd1enc.def"
File: pd1enc.def 2017/03/14 v6.85a Hyperref: PDFDocEncoding definition (HO)
)
\Hy@SavedSpaceFactor=\count273

("C:\Program Files\MiKTeX 2.9\tex\latex\00miktex\hyperref.cfg"
File: hyperref.cfg 2002/06/06 v1.2 hyperref configuration of TeXLive
)
Package hyperref Info: Hyper figures OFF on input line 4498.
Package hyperref Info: Link nesting OFF on input line 4503.
Package hyperref Info: Hyper index ON on input line 4506.
Package hyperref Info: Plain pages OFF on input line 4513.
Package hyperref Info: Backreferencing OFF on input line 4518.
Package hyperref Info: Implicit mode ON; LaTeX internals redefined.
Package hyperref Info: Bookmarks ON on input line 4751.
\c@Hy@tempcnt=\count274

("C:\Program Files\MiKTeX 2.9\tex\latex\url\url.sty"
\Urlmuskip=\muskip17
Package: url 2013/09/16  ver 3.4  Verb mode for urls, etc.
)
LaTeX Info: Redefining \url on input line 5104.
\XeTeXLinkMargin=\dimen171
\Fld@menulength=\count275
\Field@Width=\dimen172
\Fld@charsize=\dimen173
Package hyperref Info: Hyper figures OFF on input line 6358.
Package hyperref Info: Link nesting OFF on input line 6363.
Package hyperref Info: Hyper index ON on input line 6366.
Package hyperref Info: backreferencing OFF on input line 6373.
Package hyperref Info: Link coloring OFF on input line 6378.
Package hyperref Info: Link coloring with OCG OFF on input line 6383.
Package hyperref Info: PDF/A mode OFF on input line 6388.
LaTeX Info: Redefining \ref on input line 6428.
LaTeX Info: Redefining \pageref on input line 6432.
\Hy@abspage=\count276
\c@Item=\count277
\c@Hfootnote=\count278
)

Package hyperref Message: Driver (autodetected): hpdftex.

("C:\Program Files\MiKTeX 2.9\tex\latex\hyperref\hpdftex.def"
File: hpdftex.def 2017/03/14 v6.85a Hyperref driver for pdfTeX
\Fld@listcount=\count279
\c@bookmark@seq@number=\count280

("C:\Program Files\MiKTeX 2.9\tex\latex\oberdiek\rerunfilecheck.sty"
Package: rerunfilecheck 2016/05/16 v1.8 Rerun checks for auxiliary files (HO)
Package uniquecounter Info: New unique counter `rerunfilecheck' on input line 2
82.
)
\Hy@SectionHShift=\skip61
)
("C:\Program Files\MiKTeX 2.9\tex\latex\tensor\tensor.sty"
Package: tensor 2004/12/20 v2.1 tensor indices package (PGR)
\tnsr@Sps=\toks26
\tnsr@Sbs=\toks27
\tnsr@Spe=\toks28
\tnsr@Sbe=\toks29
\ncld@Mno=\toks30
)
("C:\Program Files\MiKTeX 2.9\tex\latex\xcolor\xcolor.sty"
Package: xcolor 2016/05/11 v2.12 LaTeX color extensions (UK)

("C:\Program Files\MiKTeX 2.9\tex\latex\graphics-cfg\color.cfg"
File: color.cfg 2016/01/02 v1.6 sample color configuration
)
Package xcolor Info: Driver file: pdftex.def on input line 225.
Package xcolor Info: Model `cmy' substituted by `cmy0' on input line 1348.
Package xcolor Info: Model `hsb' substituted by `rgb' on input line 1352.
Package xcolor Info: Model `RGB' extended on input line 1364.
Package xcolor Info: Model `HTML' substituted by `rgb' on input line 1366.
Package xcolor Info: Model `Hsb' substituted by `hsb' on input line 1367.
Package xcolor Info: Model `tHsb' substituted by `hsb' on input line 1368.
Package xcolor Info: Model `HSB' substituted by `hsb' on input line 1369.
Package xcolor Info: Model `Gray' substituted by `gray' on input line 1370.
Package xcolor Info: Model `wave' substituted by `hsb' on input line 1371.
)
Package hyperref Info: Option `colorlinks' set `true' on input line 26.

(HuanBui_GR.aux)
\openout1 = `HuanBui_GR.aux'.

LaTeX Font Info:    Checking defaults for OML/cmm/m/it on input line 63.
LaTeX Font Info:    ... okay on input line 63.
LaTeX Font Info:    Checking defaults for T1/cmr/m/n on input line 63.
LaTeX Font Info:    ... okay on input line 63.
LaTeX Font Info:    Checking defaults for OT1/cmr/m/n on input line 63.
LaTeX Font Info:    ... okay on input line 63.
LaTeX Font Info:    Checking defaults for OMS/cmsy/m/n on input line 63.
LaTeX Font Info:    ... okay on input line 63.
LaTeX Font Info:    Checking defaults for OMX/cmex/m/n on input line 63.
LaTeX Font Info:    ... okay on input line 63.
LaTeX Font Info:    Checking defaults for U/cmr/m/n on input line 63.
LaTeX Font Info:    ... okay on input line 63.
LaTeX Font Info:    Checking defaults for PD1/pdf/m/n on input line 63.
LaTeX Font Info:    ... okay on input line 63.
 ("C:\Program Files\MiKTeX 2.9\tex\context\base\supp-pdf.mkii"
[Loading MPS to PDF converter (version 2006.09.02).]
\scratchcounter=\count281
\scratchdimen=\dimen174
\scratchbox=\box46
\nofMPsegments=\count282
\nofMParguments=\count283
\everyMPshowfont=\toks31
\MPscratchCnt=\count284
\MPscratchDim=\dimen175
\MPnumerator=\count285
\makeMPintoPDFobject=\count286
\everyMPtoPDFconversion=\toks32
) ("C:\Program Files\MiKTeX 2.9\tex\latex\oberdiek\epstopdf-base.sty"
Package: epstopdf-base 2016/05/15 v2.6 Base part for package epstopdf

("C:\Program Files\MiKTeX 2.9\tex\latex\oberdiek\grfext.sty"
Package: grfext 2016/05/16 v1.2 Manage graphics extensions (HO)
)
Package epstopdf-base Info: Redefining graphics rule for `.eps' on input line 4
38.
Package grfext Info: Graphics extension search list:
(grfext)             [.pdf,.png,.jpg,.mps,.jpeg,.jbig2,.jb2,.PDF,.PNG,.JPG,.JPE
G,.JBIG2,.JB2,.eps]
(grfext)             \AppendGraphicsExtensions on input line 456.
)
Package caption Info: Begin \AtBeginDocument code.
Package caption Info: hyperref package is loaded.
Package caption Info: End \AtBeginDocument code.
\AtBeginShipoutBox=\box47
Package hyperref Info: Link coloring ON on input line 63.

("C:\Program Files\MiKTeX 2.9\tex\latex\hyperref\nameref.sty"
Package: nameref 2016/05/21 v2.44 Cross-referencing by name of section

("C:\Program Files\MiKTeX 2.9\tex\generic\oberdiek\gettitlestring.sty"
Package: gettitlestring 2016/05/16 v1.5 Cleanup title references (HO)
)
\c@section@level=\count287
)
LaTeX Info: Redefining \ref on input line 63.
LaTeX Info: Redefining \pageref on input line 63.
LaTeX Info: Redefining \nameref on input line 63.

(HuanBui_GR.out) (HuanBui_GR.out)
\@outlinefile=\write3
\openout3 = `HuanBui_GR.out'.

LaTeX Font Info:    Try loading font information for U+msa on input line 71.

("C:\Program Files\MiKTeX 2.9\tex\latex\amsfonts\umsa.fd"
File: umsa.fd 2013/01/14 v3.01 AMS symbols A
)
LaTeX Font Info:    Try loading font information for U+msb on input line 71.

("C:\Program Files\MiKTeX 2.9\tex\latex\amsfonts\umsb.fd"
File: umsb.fd 2013/01/14 v3.01 AMS symbols B
)
LaTeX Font Info:    Try loading font information for U+esint on input line 71.

("C:\Program Files\MiKTeX 2.9\tex\latex\esint\uesint.fd"
File: uesint.fd 
) [1




{C:/Users/buiqu/AppData/Local/MiKTeX/2.9/pdftex/config/pdftex.map}]
Underfull \hbox (badness 10000) in paragraph at lines 77--78

 []


Underfull \hbox (badness 10000) in paragraph at lines 79--80

 []


Underfull \hbox (badness 10000) in paragraph at lines 81--82

 []


Underfull \hbox (badness 10000) in paragraph at lines 83--84

 []

[2] (HuanBui_GR.toc [3

] [4])
\tf@toc=\write4
\openout4 = `HuanBui_GR.toc'.

 [5] [6

]
Chapter 1.
[7]
Underfull \hbox (badness 10000) in paragraph at lines 129--131

 []


Underfull \hbox (badness 10000) in paragraph at lines 132--133

 []

[8]
Underfull \hbox (badness 10000) in paragraph at lines 165--167

 []


Underfull \hbox (badness 10000) in paragraph at lines 170--171

 []


Underfull \hbox (badness 10000) in paragraph at lines 172--173

 []

<gr-fig-1a.png, id=500, 985.5219pt x 836.1639pt>
File: gr-fig-1a.png Graphic file (type png)
<use gr-fig-1a.png>
Package pdftex.def Info: gr-fig-1a.png  used on input line 190.
(pdftex.def)             Requested size: 147.8219pt x 125.41916pt.
<gr-fig-1b.png, id=502, 951.0732pt x 837.8502pt>
File: gr-fig-1b.png Graphic file (type png)
<use gr-fig-1b.png>
Package pdftex.def Info: gr-fig-1b.png  used on input line 191.
(pdftex.def)             Requested size: 142.65482pt x 125.6721pt.
[9]
Underfull \hbox (badness 10000) in paragraph at lines 195--196

 []

<gr-fig-2a.png, id=507, 870.1308pt x 880.4895pt>
File: gr-fig-2a.png Graphic file (type png)
<use gr-fig-2a.png>
Package pdftex.def Info: gr-fig-2a.png  used on input line 200.
(pdftex.def)             Requested size: 130.51398pt x 132.06772pt.
<gr-fig-2b.png, id=508, 870.1308pt x 880.4895pt>
File: gr-fig-2b.png Graphic file (type png)
<use gr-fig-2b.png>
Package pdftex.def Info: gr-fig-2b.png  used on input line 201.
(pdftex.def)             Requested size: 130.51398pt x 132.06772pt.

LaTeX Warning: `!h' float specifier changed to `!ht'.

[10 <./gr-fig-1a.png> <./gr-fig-1b.png>] [11 <./gr-fig-2a.png> <./gr-fig-2b.png
>] [12

]
Chapter 2.
[13] [14] [15]

LaTeX Warning: Command \d invalid in math mode on input line 327.


LaTeX Warning: Command \d invalid in math mode on input line 327.

[16]
Overfull \hbox (4.2816pt too wide) detected at line 347
[]
 []

<gr-fig-3a.png, id=549, 895.6662pt x 960.7092pt>
File: gr-fig-3a.png Graphic file (type png)
<use gr-fig-3a.png>
Package pdftex.def Info: gr-fig-3a.png  used on input line 370.
(pdftex.def)             Requested size: 134.34413pt x 144.10016pt.
<gr-fig-3b.png, id=550, 895.6662pt x 960.7092pt>
File: gr-fig-3b.png Graphic file (type png)
<use gr-fig-3b.png>
Package pdftex.def Info: gr-fig-3b.png  used on input line 371.
(pdftex.def)             Requested size: 134.34413pt x 144.10016pt.
[17] [18 <./gr-fig-3a.png> <./gr-fig-3b.png>] [19] [20

]
Chapter 3.

Underfull \hbox (badness 10000) in paragraph at lines 460--461

 []

<gr-fig-4a.png, id=575, 622.325pt x 602.25pt>
File: gr-fig-4a.png Graphic file (type png)
<use gr-fig-4a.png>
Package pdftex.def Info: gr-fig-4a.png  used on input line 465.
(pdftex.def)             Requested size: 124.46278pt x 120.44786pt.
<gr-fig-4b.png, id=576, 602.25pt x 501.875pt>
File: gr-fig-4b.png Graphic file (type png)
<use gr-fig-4b.png>
Package pdftex.def Info: gr-fig-4b.png  used on input line 466.
(pdftex.def)             Requested size: 150.56212pt x 125.46843pt.
<gr-fig-4c.png, id=577, 622.325pt x 602.25pt>
File: gr-fig-4c.png Graphic file (type png)
<use gr-fig-4c.png>
Package pdftex.def Info: gr-fig-4c.png  used on input line 467.
(pdftex.def)             Requested size: 124.46278pt x 120.44786pt.

LaTeX Warning: `!h' float specifier changed to `!ht'.

<gr-fig-5.png, id=584, 501.875pt x 481.8pt>
File: gr-fig-5.png Graphic file (type png)
<use gr-fig-5.png>
Package pdftex.def Info: gr-fig-5.png  used on input line 480.
(pdftex.def)             Requested size: 250.93687pt x 240.8994pt.

LaTeX Warning: `!h' float specifier changed to `!ht'.

[21]
Underfull \vbox (badness 10000) has occurred while \output is active []

 [22 <./gr-fig-4a.png> <./gr-fig-4b.png> <./gr-fig-4c.png>]
Underfull \hbox (badness 10000) in paragraph at lines 501--503

 []

[23 <./gr-fig-5.png>] [24]
Underfull \hbox (badness 10000) in paragraph at lines 575--576

 []

[25]
<xconst.png, id=615, 312.41719pt x 106.89937pt>
File: xconst.png Graphic file (type png)
<use xconst.png>
Package pdftex.def Info: xconst.png  used on input line 596.
(pdftex.def)             Requested size: 187.45175pt x 64.1401pt.
<curvi.png, id=616, 359.84438pt x 173.89969pt>
File: curvi.png Graphic file (type png)
<use curvi.png>
Package pdftex.def Info: curvi.png  used on input line 601.
(pdftex.def)             Requested size: 215.90828pt x 104.3406pt.
 [26 <./xconst.png> <./curvi.png>]
Underfull \hbox (badness 10000) in paragraph at lines 648--649

 []

[27] [28]
<gr-fig-add1.png, id=635, 641.39626pt x 555.07375pt>
File: gr-fig-add1.png Graphic file (type png)
<use gr-fig-add1.png>
Package pdftex.def Info: gr-fig-add1.png  used on input line 681.
(pdftex.def)             Requested size: 192.42035pt x 166.52339pt.

Underfull \hbox (badness 10000) in paragraph at lines 687--689

 []

[29 <./gr-fig-add1.png>]
<gr-fig-8.png, id=644, 347.2975pt x 260.975pt>
File: gr-fig-8.png Graphic file (type png)
<use gr-fig-8.png>
Package pdftex.def Info: gr-fig-8.png  used on input line 722.
(pdftex.def)             Requested size: 191.0142pt x 143.53668pt.


LaTeX Warning: `!h' float specifier changed to `!ht'.

[30]
Underfull \hbox (badness 10000) in paragraph at lines 763--765

 []

[31 <./gr-fig-8.png>]
Underfull \hbox (badness 10000) in paragraph at lines 790--792

 []

[32]
Underfull \hbox (badness 10000) in paragraph at lines 807--808

 []


Underfull \hbox (badness 10000) in paragraph at lines 832--833

 []

[33]
Overfull \hbox (17.65587pt too wide) in paragraph at lines 862--863
[][]\OT1/cmr/bx/n/10 Example 3.6.1. []\OT1/cmr/m/n/10 In Carte-sian co-or-di-na
tes, the nat-u-ral ba-sis vec-tors are $\OMS/cmsy/m/n/10 f[]gf[]\OML/cmm/m/it/1
0 ; []; []\OMS/cmsy/m/n/10 g$\OT1/cmr/m/n/10 .
 []

[34]
Underfull \hbox (badness 10000) in paragraph at lines 901--902

 []

<gr-fig-9a.png, id=672, 468.75125pt x 450.68375pt>
File: gr-fig-9a.png Graphic file (type png)
<use gr-fig-9a.png>
Package pdftex.def Info: gr-fig-9a.png  used on input line 906.
(pdftex.def)             Requested size: 164.06538pt x 157.74167pt.
<gr-fig-9b.png, id=673, 468.75125pt x 450.68375pt>
File: gr-fig-9b.png Graphic file (type png)
<use gr-fig-9b.png>
Package pdftex.def Info: gr-fig-9b.png  used on input line 907.
(pdftex.def)             Requested size: 164.06538pt x 157.74167pt.

LaTeX Warning: `!h' float specifier changed to `!ht'.

[35]
Underfull \hbox (badness 10000) in paragraph at lines 926--927

 []

[36 <./gr-fig-9a.png (PNG copy)> <./gr-fig-9b.png (PNG copy)>]
Underfull \hbox (badness 10000) in paragraph at lines 953--955

 []

[37]
Underfull \hbox (badness 10000) in paragraph at lines 1065--1067

 []

[38]
Underfull \hbox (badness 10000) in paragraph at lines 1109--1110

 []


Underfull \hbox (badness 10000) in paragraph at lines 1113--1114

 []

[39] [40] [41]
Underfull \hbox (badness 10000) in paragraph at lines 1216--1218

 []

[42]
Underfull \hbox (badness 10000) in paragraph at lines 1250--1252

 []

[43]
Underfull \hbox (badness 10000) in paragraph at lines 1263--1264

 []


Underfull \hbox (badness 10000) in paragraph at lines 1289--1290

 []

[44]
<transf.png, id=731, 342.5297pt x 185.19188pt>
File: transf.png Graphic file (type png)
<use transf.png>
Package pdftex.def Info: transf.png  used on input line 1354.
(pdftex.def)             Requested size: 205.5194pt x 111.11597pt.
 [45]
Underfull \hbox (badness 10000) in paragraph at lines 1401--1403

 []

[46 <./transf.png>]
Underfull \hbox (badness 10000) in paragraph at lines 1423--1424

 []


Underfull \hbox (badness 10000) in paragraph at lines 1432--1433

 []

[47]
Underfull \hbox (badness 10000) in paragraph at lines 1454--1455

 []


Underfull \hbox (badness 10000) in paragraph at lines 1466--1467

 []

[48]
Underfull \hbox (badness 10000) in paragraph at lines 1530--1531

 []


Underfull \hbox (badness 10000) in paragraph at lines 1547--1548

 []

[49] [50]
Chapter 4.

Overfull \hbox (5.72261pt too wide) in paragraph at lines 1580--1582
\OT1/cmr/m/n/10 we can ``read off'' the met-ric from the space-time in-ter-val 
as $[] = (1\OML/cmm/m/it/10 ; \OMS/cmsy/m/n/10  \OT1/cmr/m/n/10 1\OML/cmm/m/it/
10 ; \OMS/cmsy/m/n/10  \OT1/cmr/m/n/10 1\OML/cmm/m/it/10 ; \OMS/cmsy/m/n/10  \O
T1/cmr/m/n/10 1)$.
 []

[51

]
Overfull \hbox (1.47958pt too wide) in paragraph at lines 1608--1610
\OT1/cmr/m/n/10 For gen-eral co-or-di-nate sys-tems in three di-men-sions, the 
met-ric $\OML/cmm/m/it/10 g[] \OMS/cmsy/m/n/10 6\OT1/cmr/m/n/10 = [](1\OML/cmm/
m/it/10 ; \OT1/cmr/m/n/10 1\OML/cmm/m/it/10 ; \OT1/cmr/m/n/10 1)$.
 []


Underfull \hbox (badness 10000) in paragraph at lines 1627--1629

 []

[52]
Overfull \hbox (4.40802pt too wide) in paragraph at lines 1676--1678
\OT1/cmr/m/n/10 At this point, we might won-der what the ba-sis vec-tors $[]$ i
n the flat, 4-dimensional
 []


Underfull \hbox (badness 10000) in paragraph at lines 1679--1680

 []

LaTeX Font Info:    Try loading font information for OMS+cmr on input line 1683
.
("C:\Program Files\MiKTeX 2.9\tex\latex\base\omscmr.fd"
File: omscmr.fd 2014/09/29 v2.5h Standard LaTeX font definitions
)
LaTeX Font Info:    Font shape `OMS/cmr/m/n' in size <10> not available
(Font)              Font shape `OMS/cmsy/m/n' tried instead on input line 1683.

 [53] [54]
Underfull \hbox (badness 10000) in paragraph at lines 1754--1756

 []


Underfull \hbox (badness 10000) in paragraph at lines 1788--1789

 []

[55]
Underfull \vbox (badness 10000) has occurred while \output is active []

 [56]
[57]
Underfull \hbox (badness 10000) in paragraph at lines 1900--1902

 []

[58]
Underfull \hbox (badness 10000) in paragraph at lines 1944--1945

 []


Underfull \hbox (badness 10000) in paragraph at lines 1963--1964

 []


Underfull \hbox (badness 10000) in paragraph at lines 1967--1968

 []

[59]
Underfull \hbox (badness 10000) in paragraph at lines 1976--1978

 []


Overfull \hbox (10.72531pt too wide) in paragraph at lines 1981--1982
[][]\OT1/cmr/bx/n/10 Example 4.1.4. []\OT1/cmr/m/n/10 Is $\OML/cmm/m/it/10 dX[]
 \OT1/cmr/m/n/10 = (\OML/cmm/m/it/10 c dt;  dx;  dy;  dz\OT1/cmr/m/n/10 )$ a co
n-travari-ant vec-tor un-der Poincare
 []


Underfull \hbox (badness 10000) in paragraph at lines 1981--1982

 []


Underfull \hbox (badness 10000) in paragraph at lines 1990--1992

 []


Underfull \hbox (badness 10000) in paragraph at lines 1995--1996

 []


Underfull \hbox (badness 10000) in paragraph at lines 2000--2002

 []

[60]
Underfull \hbox (badness 10000) in paragraph at lines 2019--2021

 []

[61]
Underfull \hbox (badness 10000) in paragraph at lines 2060--2061

 []

[62]
Underfull \hbox (badness 10000) in paragraph at lines 2113--2115

 []

[63]
Underfull \hbox (badness 10000) in paragraph at lines 2146--2148

 []

[64]
Underfull \hbox (badness 10000) in paragraph at lines 2168--2170

 []


Underfull \hbox (badness 10000) in paragraph at lines 2172--2173

 []

[65]
Underfull \hbox (badness 10000) in paragraph at lines 2220--2221

 []

[66]
Underfull \hbox (badness 10000) in paragraph at lines 2239--2240

 []

[67] [68] [69]
Underfull \hbox (badness 10000) in paragraph at lines 2382--2384

 []

[70]
Chapter 5.

Underfull \hbox (badness 10000) in paragraph at lines 2396--2397

 []


Underfull \hbox (badness 10000) in paragraph at lines 2398--2399

 []


Underfull \hbox (badness 10000) in paragraph at lines 2401--2402

 []

[71

]
<timelike.png, id=868, 520.94624pt x 185.19188pt>
File: timelike.png Graphic file (type png)
<use timelike.png>
Package pdftex.def Info: timelike.png  used on input line 2418.
(pdftex.def)             Requested size: 312.57016pt x 111.11597pt.

Underfull \hbox (badness 10000) in paragraph at lines 2431--2432

 []

[72 <./timelike.png>]
Underfull \hbox (badness 10000) in paragraph at lines 2439--2440

 []

<gr-fig-15.png, id=875, 361.35pt x 412.54124pt>
File: gr-fig-15.png Graphic file (type png)
<use gr-fig-15.png>
Package pdftex.def Info: gr-fig-15.png  used on input line 2454.
(pdftex.def)             Requested size: 180.67456pt x 206.27011pt.

LaTeX Warning: `!h' float specifier changed to `!ht'.


Underfull \hbox (badness 10000) in paragraph at lines 2465--2467

 []

[73] [74 <./gr-fig-15.png (PNG copy)>]
Underfull \hbox (badness 10000) in paragraph at lines 2490--2492

 []


Underfull \hbox (badness 10000) in paragraph at lines 2496--2498

 []


Overfull \hbox (10.3381pt too wide) in paragraph at lines 2500--2501
[][]\OT1/cmr/bx/n/10 Example 5.2.2. []\OT1/cmr/m/n/10 Con-sider a sad-dle in 3-
dimensional flat space. Us-ing paraboloidal
 []

<saddle.png, id=887, 242.40562pt x 176.91093pt>
File: saddle.png Graphic file (type png)
<use saddle.png>
Package pdftex.def Info: saddle.png  used on input line 2504.
(pdftex.def)             Requested size: 145.44447pt x 106.14737pt.
[75 <./saddle.png>] [76]
Underfull \hbox (badness 10000) in paragraph at lines 2594--2595

 []


Underfull \hbox (badness 10000) in paragraph at lines 2596--2597

 []


Underfull \hbox (badness 10000) in paragraph at lines 2598--2599

 []

[77]
Underfull \hbox (badness 10000) in paragraph at lines 2610--2612

 []


Underfull \hbox (badness 10000) in paragraph at lines 2614--2615

 []


Underfull \hbox (badness 10000) in paragraph at lines 2628--2629

 []

[78] [79] [80]
Underfull \hbox (badness 10000) in paragraph at lines 2733--2735

 []


Underfull \hbox (badness 10000) in paragraph at lines 2739--2741

 []

[81] [82

]
Chapter 6.

Underfull \hbox (badness 10000) in paragraph at lines 2760--2761

 []


Underfull \hbox (badness 10000) in paragraph at lines 2772--2773

 []


Underfull \hbox (badness 10000) in paragraph at lines 2774--2775

 []

[83]
Underfull \hbox (badness 10000) in paragraph at lines 2776--2777

 []


Package hyperref Warning: Token not allowed in a PDF string (PDFDocEncoding):
(hyperref)                removing `math shift' on input line 2786.


Package hyperref Warning: Token not allowed in a PDF string (PDFDocEncoding):
(hyperref)                removing `\Gamma' on input line 2786.


Package hyperref Warning: Token not allowed in a PDF string (PDFDocEncoding):
(hyperref)                removing `superscript' on input line 2786.


Package hyperref Warning: Token not allowed in a PDF string (PDFDocEncoding):
(hyperref)                removing `\sigma' on input line 2786.


Package hyperref Warning: Token not allowed in a PDF string (PDFDocEncoding):
(hyperref)                removing `subscript' on input line 2786.


Package hyperref Warning: Token not allowed in a PDF string (PDFDocEncoding):
(hyperref)                removing `\mu' on input line 2786.


Package hyperref Warning: Token not allowed in a PDF string (PDFDocEncoding):
(hyperref)                removing `\nu' on input line 2786.


Package hyperref Warning: Token not allowed in a PDF string (PDFDocEncoding):
(hyperref)                removing `math shift' on input line 2786.


Underfull \hbox (badness 10000) in paragraph at lines 2787--2788

 []

[84]
Underfull \hbox (badness 10000) in paragraph at lines 2817--2819

 []

[85]
Underfull \hbox (badness 10000) in paragraph at lines 2837--2839

 []


Underfull \hbox (badness 10000) in paragraph at lines 2858--2860

 []

[86]
Underfull \hbox (badness 10000) in paragraph at lines 2876--2878

 []

[87]
Underfull \hbox (badness 10000) in paragraph at lines 2908--2910

 []


Underfull \hbox (badness 10000) in paragraph at lines 2913--2914

 []

[88]
<geod.png, id=956, 228.10219pt x 210.7875pt>
File: geod.png Graphic file (type png)
<use geod.png>
Package pdftex.def Info: geod.png  used on input line 2953.
(pdftex.def)             Requested size: 159.67043pt x 147.55025pt.
 [89 <./geod.png>]
Underfull \hbox (badness 10000) in paragraph at lines 2974--2975

 []

<angle.png, id=963, 266.49562pt x 161.85469pt>
File: angle.png Graphic file (type png)
<use angle.png>
Package pdftex.def Info: angle.png  used on input line 2979.
(pdftex.def)             Requested size: 159.89859pt x 97.11354pt.
[90 <./angle.png>] [91]
Underfull \hbox (badness 10000) in paragraph at lines 3048--3050

 []

[92]
Underfull \hbox (badness 10000) in paragraph at lines 3074--3075

 []

<partrans.png, id=980, 178.41656pt x 157.33781pt>
File: partrans.png Graphic file (type png)
<use partrans.png>
Package pdftex.def Info: partrans.png  used on input line 3087.
(pdftex.def)             Requested size: 124.89072pt x 110.13571pt.

Underfull \hbox (badness 10000) in paragraph at lines 3084--3090

 []

[93 <./partrans.png>] [94]
Underfull \hbox (badness 10000) in paragraph at lines 3170--3172

 []

[95]
Underfull \hbox (badness 10000) in paragraph at lines 3179--3180

 []


Underfull \hbox (badness 10000) in paragraph at lines 3181--3182

 []


Underfull \hbox (badness 10000) in paragraph at lines 3188--3190

 []


Underfull \hbox (badness 10000) in paragraph at lines 3192--3193

 []


Underfull \hbox (badness 10000) in paragraph at lines 3194--3195

 []

[96]
Underfull \hbox (badness 10000) in paragraph at lines 3202--3203

 []


Underfull \hbox (badness 10000) in paragraph at lines 3202--3203

 []


Underfull \hbox (badness 10000) in paragraph at lines 3209--3210

 []


Underfull \hbox (badness 10000) in paragraph at lines 3214--3216

 []


Underfull \hbox (badness 10000) in paragraph at lines 3224--3226

 []


Underfull \hbox (badness 10000) in paragraph at lines 3228--3229

 []

[97]
Underfull \hbox (badness 10000) in paragraph at lines 3244--3245

 []

<covar.png, id=1008, 201.00093pt x 139.27031pt>
File: covar.png Graphic file (type png)
<use covar.png>
Package pdftex.def Info: covar.png  used on input line 3249.
(pdftex.def)             Requested size: 120.60147pt x 83.56282pt.
[98 <./covar.png>] [99]
Underfull \hbox (badness 10000) in paragraph at lines 3313--3315

 []


Underfull \hbox (badness 10000) in paragraph at lines 3332--3334

 []

[100] [101]
Underfull \hbox (badness 10000) in paragraph at lines 3366--3368

 []


Underfull \hbox (badness 10000) in paragraph at lines 3375--3376

 []

[102]
Underfull \hbox (badness 10000) in paragraph at lines 3410--3411

 []


Underfull \hbox (badness 10000) in paragraph at lines 3423--3424

 []

[103] [104]
Underfull \hbox (badness 10000) in paragraph at lines 3509--3510

 []


Underfull \hbox (badness 10000) in paragraph at lines 3511--3512

 []

[105]
Underfull \hbox (badness 10000) in paragraph at lines 3551--3553

 []

[106] [107] [108]
Chapter 7.

Underfull \hbox (badness 10000) in paragraph at lines 3621--3622

 []


Underfull \hbox (badness 10000) in paragraph at lines 3638--3640

 []

[109

]
Underfull \hbox (badness 10000) in paragraph at lines 3644--3646

 []


Underfull \hbox (badness 10000) in paragraph at lines 3647--3648

 []

[110]

Package hyperref Warning: Token not allowed in a PDF string (PDFDocEncoding):
(hyperref)                removing `math shift' on input line 3680.


Package hyperref Warning: Token not allowed in a PDF string (PDFDocEncoding):
(hyperref)                removing `superscript' on input line 3680.


Package hyperref Warning: Token not allowed in a PDF string (PDFDocEncoding):
(hyperref)                removing `\mu' on input line 3680.


Package hyperref Warning: Token not allowed in a PDF string (PDFDocEncoding):
(hyperref)                removing `\nu' on input line 3680.


Package hyperref Warning: Token not allowed in a PDF string (PDFDocEncoding):
(hyperref)                removing `math shift' on input line 3680.

[111]

Package hyperref Warning: Token not allowed in a PDF string (PDFDocEncoding):
(hyperref)                removing `math shift' on input line 3737.


Package hyperref Warning: Token not allowed in a PDF string (PDFDocEncoding):
(hyperref)                removing `superscript' on input line 3737.


Package hyperref Warning: Token not allowed in a PDF string (PDFDocEncoding):
(hyperref)                removing `\lambda' on input line 3737.


Package hyperref Warning: Token not allowed in a PDF string (PDFDocEncoding):
(hyperref)                removing `subscript' on input line 3737.


Package hyperref Warning: Token not allowed in a PDF string (PDFDocEncoding):
(hyperref)                removing `\mu' on input line 3737.


Package hyperref Warning: Token not allowed in a PDF string (PDFDocEncoding):
(hyperref)                removing `\nu' on input line 3737.


Package hyperref Warning: Token not allowed in a PDF string (PDFDocEncoding):
(hyperref)                removing `\sigma' on input line 3737.


Package hyperref Warning: Token not allowed in a PDF string (PDFDocEncoding):
(hyperref)                removing `math shift' on input line 3737.

[112]
Underfull \hbox (badness 10000) in paragraph at lines 3757--3759

 []


Underfull \hbox (badness 10000) in paragraph at lines 3761--3762

 []


Underfull \hbox (badness 10000) in paragraph at lines 3764--3766

 []


Underfull \hbox (badness 10000) in paragraph at lines 3776--3778

 []

[113]
Underfull \hbox (badness 10000) in paragraph at lines 3793--3794

 []

[114]
Underfull \hbox (badness 10000) in paragraph at lines 3842--3843

 []

[115]
Underfull \hbox (badness 10000) in paragraph at lines 3896--3898

 []

[116] [117] [118

]
Chapter 8.

Underfull \hbox (badness 10000) in paragraph at lines 3924--3925

 []


Underfull \hbox (badness 10000) in paragraph at lines 3926--3927

 []


Underfull \hbox (badness 10000) in paragraph at lines 3928--3929

 []


Package hyperref Warning: Difference (2) between bookmark levels is greater 
(hyperref)                than one, level fixed on input line 3938.

[119]
Underfull \hbox (badness 10000) in paragraph at lines 3962--3964

 []

<circs.png, id=1113, 245.41687pt x 165.61874pt>
File: circs.png Graphic file (type png)
<use circs.png>
Package pdftex.def Info: circs.png  used on input line 3972.
(pdftex.def)             Requested size: 122.70813pt x 82.80916pt.

Overfull \hbox (2.05525pt too wide) has occurred while \output is active
\OT1/cmr/m/n/10 120 \OT1/cmr/m/sl/10 CHAPTER 8.  PREDICTIONS AND TESTS OF GENER
AL RELATIVITY
 []

[120 <./circs.png>]
<radial.png, id=1120, 126.4725pt x 80.55093pt>
File: radial.png Graphic file (type png)
<use radial.png>
Package pdftex.def Info: radial.png  used on input line 3989.
(pdftex.def)             Requested size: 101.17813pt x 64.44083pt.

Underfull \hbox (badness 10000) in paragraph at lines 3985--3992

 []

<hyper.png, id=1121, 221.32687pt x 144.54pt>
File: hyper.png Graphic file (type png)
<use hyper.png>
Package pdftex.def Info: hyper.png  used on input line 3996.
(pdftex.def)             Requested size: 132.79713pt x 86.72466pt.
<sphere.png, id=1122, 804.75656pt x 280.04625pt>
File: sphere.png Graphic file (type png)
<use sphere.png>
Package pdftex.def Info: sphere.png  used on input line 4001.
(pdftex.def)             Requested size: 321.89691pt x 112.0165pt.

Underfull \hbox (badness 10000) in paragraph at lines 3993--4004

 []

[121 <./radial.png> <./hyper.png>]
<sunearth.png, id=1132, 852.93657pt x 188.95593pt>
File: sunearth.png Graphic file (type png)
<use sunearth.png>
Package pdftex.def Info: sunearth.png  used on input line 4020.
(pdftex.def)             Requested size: 341.16858pt x 75.58102pt.

Overfull \hbox (2.05525pt too wide) has occurred while \output is active
\OT1/cmr/m/n/10 122 \OT1/cmr/m/sl/10 CHAPTER 8.  PREDICTIONS AND TESTS OF GENER
AL RELATIVITY
 []

[122 <./sphere.png> <./sunearth.png>] [123]
<reds.png, id=1146, 1269.99469pt x 165.61874pt>
File: reds.png Graphic file (type png)
<use reds.png>
Package pdftex.def Info: reds.png  used on input line 4081.
(pdftex.def)             Requested size: 317.4979pt x 41.40457pt.

Overfull \hbox (2.05525pt too wide) has occurred while \output is active
\OT1/cmr/m/n/10 124 \OT1/cmr/m/sl/10 CHAPTER 8.  PREDICTIONS AND TESTS OF GENER
AL RELATIVITY
 []

[124 <./reds.png>]
Underfull \hbox (badness 10000) in paragraph at lines 4139--4141

 []

<scene1.png, id=1153, 293.59688pt x 186.6975pt>
File: scene1.png Graphic file (type png)
<use scene1.png>
Package pdftex.def Info: scene1.png  used on input line 4145.
(pdftex.def)             Requested size: 88.07973pt x 56.00967pt.
<scene2.png, id=1154, 335.75438pt x 314.67563pt>
File: scene2.png Graphic file (type png)
<use scene2.png>
Package pdftex.def Info: scene2.png  used on input line 4146.
(pdftex.def)             Requested size: 100.72708pt x 94.40341pt.
<radar.png, id=1155, 858.95906pt x 320.69812pt>
File: radar.png Graphic file (type png)
<use radar.png>
Package pdftex.def Info: radar.png  used on input line 4178.
(pdftex.def)             Requested size: 257.6897pt x 96.21017pt.

Underfull \hbox (badness 10000) in paragraph at lines 4175--4181

 []

[125 <./scene1.png> <./scene2.png>]
Overfull \hbox (2.05525pt too wide) has occurred while \output is active
\OT1/cmr/m/n/10 126 \OT1/cmr/m/sl/10 CHAPTER 8.  PREDICTIONS AND TESTS OF GENER
AL RELATIVITY
 []

[126 <./radar.png>] [127]
Overfull \hbox (2.05525pt too wide) has occurred while \output is active
\OT1/cmr/m/n/10 128 \OT1/cmr/m/sl/10 CHAPTER 8.  PREDICTIONS AND TESTS OF GENER
AL RELATIVITY
 []

[128

]
Chapter 9.

Package hyperref Warning: Token not allowed in a PDF string (PDFDocEncoding):
(hyperref)                removing `math shift' on input line 4234.


Package hyperref Warning: Token not allowed in a PDF string (PDFDocEncoding):
(hyperref)                removing `\Lambda' on input line 4234.


Package hyperref Warning: Token not allowed in a PDF string (PDFDocEncoding):
(hyperref)                removing `math shift' on input line 4234.


Package hyperref Warning: Token not allowed in a PDF string (PDFDocEncoding):
(hyperref)                removing `math shift' on input line 4236.


Package hyperref Warning: Token not allowed in a PDF string (PDFDocEncoding):
(hyperref)                removing `\Lambda' on input line 4236.


Package hyperref Warning: Token not allowed in a PDF string (PDFDocEncoding):
(hyperref)                removing `math shift' on input line 4236.


Package hyperref Warning: Token not allowed in a PDF string (PDFDocEncoding):
(hyperref)                removing `math shift' on input line 4237.


Package hyperref Warning: Token not allowed in a PDF string (PDFDocEncoding):
(hyperref)                removing `\Lambda' on input line 4237.


Package hyperref Warning: Token not allowed in a PDF string (PDFDocEncoding):
(hyperref)                removing `math shift' on input line 4237.


Underfull \vbox (badness 10000) has occurred while \output is active []

 [129]
Overfull \vbox (153.31897pt too high) has occurred while \output is active []


[130]
Package atveryend Info: Empty hook `BeforeClearDocument' on input line 4252.
Package atveryend Info: Empty hook `AfterLastShipout' on input line 4252.
 (HuanBui_GR.aux)
Package atveryend Info: Executing hook `AtVeryEndDocument' on input line 4252.
Package atveryend Info: Executing hook `AtEndAfterFileList' on input line 4252.

Package rerunfilecheck Info: File `HuanBui_GR.out' has not changed.
(rerunfilecheck)             Checksum: 8411180E5ED38808D7EF7D0D256667A7;6556.
Package atveryend Info: Empty hook `AtVeryVeryEnd' on input line 4252.
 ) 
Here is how much of TeX's memory you used:
 17569 strings out of 493308
 307208 string characters out of 3138768
 384771 words of memory out of 3000000
 20642 multiletter control sequences out of 15000+200000
 545012 words of font info for 81 fonts, out of 3000000 for 9000
 1141 hyphenation exceptions out of 8191
 39i,18n,68p,10388b,430s stack positions out of 5000i,500n,10000p,200000b,50000s
<C:/Program Files/MiKTeX 2.9/fonts/type1/public/amsfonts/cm/cmbx10.pfb><C:/Pr
ogram Files/MiKTeX 2.9/fonts/type1/public/amsfonts/cm/cmbx12.pfb><C:/Program Fi
les/MiKTeX 2.9/fonts/type1/public/amsfonts/cm/cmex10.pfb><C:/Program Files/MiKT
eX 2.9/fonts/type1/public/amsfonts/cm/cmmi10.pfb><C:/Program Files/MiKTeX 2.9/f
onts/type1/public/amsfonts/cm/cmmi12.pfb><C:/Program Files/MiKTeX 2.9/fonts/typ
e1/public/amsfonts/cm/cmmi5.pfb><C:/Program Files/MiKTeX 2.9/fonts/type1/public
/amsfonts/cm/cmmi7.pfb><C:/Program Files/MiKTeX 2.9/fonts/type1/public/amsfonts
/cm/cmr10.pfb><C:/Program Files/MiKTeX 2.9/fonts/type1/public/amsfonts/cm/cmr12
.pfb><C:/Program Files/MiKTeX 2.9/fonts/type1/public/amsfonts/cm/cmr17.pfb><C:/
Program Files/MiKTeX 2.9/fonts/type1/public/amsfonts/cm/cmr5.pfb><C:/Program Fi
les/MiKTeX 2.9/fonts/type1/public/amsfonts/cm/cmr7.pfb><C:/Program Files/MiKTeX
 2.9/fonts/type1/public/amsfonts/cm/cmsl10.pfb><C:/Program Files/MiKTeX 2.9/fon
ts/type1/public/amsfonts/cm/cmsy10.pfb><C:/Program Files/MiKTeX 2.9/fonts/type1
/public/amsfonts/cm/cmsy5.pfb><C:/Program Files/MiKTeX 2.9/fonts/type1/public/a
msfonts/cm/cmsy7.pfb><C:/Program Files/MiKTeX 2.9/fonts/type1/public/amsfonts/c
m/cmti10.pfb><C:/Program Files/MiKTeX 2.9/fonts/type1/public/esint/esint10.pfb>
<C:/Program Files/MiKTeX 2.9/fonts/type1/public/amsfonts/symbols/msbm10.pfb>
Output written on HuanBui_GR.pdf (130 pages, 2089855 bytes).
PDF statistics:
 1317 PDF objects out of 1440 (max. 8388607)
 319 named destinations out of 1000 (max. 500000)
 878 words of extra memory for PDF output out of 10000 (max. 10000000)

