\BOOKMARK [2][-]{section*.1}{Preface}{}% 1
\BOOKMARK [1][-]{section.1}{Overview and Review}{}% 2
\BOOKMARK [2][-]{subsection.1.1}{Review of Special Relativity}{section.1}% 3
\BOOKMARK [2][-]{subsection.1.2}{The Equivalence Principle}{section.1}% 4
\BOOKMARK [2][-]{subsection.1.3}{Versions of the Equivalence Principle}{section.1}% 5
\BOOKMARK [3][-]{subsubsection.1.3.1}{The Strong Equivalence Principle}{subsection.1.3}% 6
\BOOKMARK [3][-]{subsubsection.1.3.2}{The Weak Equivalence Principle}{subsection.1.3}% 7
\BOOKMARK [1][-]{section.2}{Review of Vector Calculus}{}% 8
\BOOKMARK [2][-]{subsection.2.1}{Operations \046 Theorems}{section.2}% 9
\BOOKMARK [2][-]{subsection.2.2}{Coordinate Systems}{section.2}% 10
\BOOKMARK [1][-]{section.3}{Flat 3-dimensional space}{}% 11
\BOOKMARK [2][-]{subsection.3.1}{Curvilinear coordinates}{section.3}% 12
\BOOKMARK [2][-]{subsection.3.2}{Basis vectors}{section.3}% 13
\BOOKMARK [2][-]{subsection.3.3}{Natural basis}{section.3}% 14
\BOOKMARK [2][-]{subsection.3.4}{Dual basis}{section.3}% 15
\BOOKMARK [2][-]{subsection.3.5}{Contravariant and covariant vectors}{section.3}% 16
\BOOKMARK [3][-]{subsubsection.3.5.1}{The suffix notation \(vector calculus\)}{subsection.3.5}% 17
\BOOKMARK [3][-]{subsubsection.3.5.2}{The Einstein summation notation}{subsection.3.5}% 18
\BOOKMARK [3][-]{subsubsection.3.5.3}{Contravariant and covariant vectors}{subsection.3.5}% 19
\BOOKMARK [2][-]{subsection.3.6}{Metric tensor}{section.3}% 20
\BOOKMARK [3][-]{subsubsection.3.6.1}{Summations as matrix products}{subsection.3.6}% 21
\BOOKMARK [2][-]{subsection.3.7}{Coordinate transformation}{section.3}% 22
\BOOKMARK [3][-]{subsubsection.3.7.1}{Vectors}{subsection.3.7}% 23
\BOOKMARK [3][-]{subsubsection.3.7.2}{Tensors}{subsection.3.7}% 24
\BOOKMARK [2][-]{subsection.3.8}{Scalars}{section.3}% 25
\BOOKMARK [1][-]{section.4}{Flat spacetime}{}% 26
\BOOKMARK [2][-]{subsection.4.1}{Special Relativity}{section.4}% 27
\BOOKMARK [3][-]{subsubsection.4.1.1}{The Lorentz Transformations, revisited}{subsection.4.1}% 28
\BOOKMARK [3][-]{subsubsection.4.1.2}{A curiosity about the Lorentz boosts}{subsection.4.1}% 29
\BOOKMARK [3][-]{subsubsection.4.1.3}{The Poincar\351 transformations}{subsection.4.1}% 30
\BOOKMARK [3][-]{subsubsection.4.1.4}{Velocity, momentum, and force}{subsection.4.1}% 31
\BOOKMARK [2][-]{subsection.4.2}{Relativistic Electrodynamics}{section.4}% 32
\BOOKMARK [1][-]{section.5}{Curved spaces}{}% 33
\BOOKMARK [2][-]{subsection.5.1}{Geodesics}{section.5}% 34
\BOOKMARK [2][-]{subsection.5.2}{2-dimensional curved spaces}{section.5}% 35
\BOOKMARK [2][-]{subsection.5.3}{Manifolds}{section.5}% 36
\BOOKMARK [2][-]{subsection.5.4}{Tensors on manifolds}{section.5}% 37
\BOOKMARK [3][-]{subsubsection.5.4.1}{Combining tensors}{subsection.5.4}% 38
\BOOKMARK [3][-]{subsubsection.5.4.2}{Special tensors}{subsection.5.4}% 39
\BOOKMARK [1][-]{section.6}{Gravitation and Curvature}{}% 40
\BOOKMARK [2][-]{subsection.6.1}{Curvature}{section.6}% 41
\BOOKMARK [2][-]{subsection.6.2}{Geodesics and Affine connections }{section.6}% 42
\BOOKMARK [3][-]{subsubsection.6.2.1}{Flat 3D space}{subsection.6.2}% 43
\BOOKMARK [2][-]{subsection.6.3}{Geodesics in curved space}{section.6}% 44
\BOOKMARK [2][-]{subsection.6.4}{Parallel transport}{section.6}% 45
\BOOKMARK [2][-]{subsection.6.5}{Curved Spacetime}{section.6}% 46
\BOOKMARK [2][-]{subsection.6.6}{Principle of covariance}{section.6}% 47
\BOOKMARK [2][-]{subsection.6.7}{Absolute and Covariant differentiation}{section.6}% 48
\BOOKMARK [3][-]{subsubsection.6.7.1}{Absolute differentiation}{subsection.6.7}% 49
\BOOKMARK [3][-]{subsubsection.6.7.2}{Covariant differentiation}{subsection.6.7}% 50
\BOOKMARK [2][-]{subsection.6.8}{Newtonian limit}{section.6}% 51
\BOOKMARK [3][-]{subsubsection.6.8.1}{Overview}{subsection.6.8}% 52
\BOOKMARK [3][-]{subsubsection.6.8.2}{Weak limit of General Relativity}{subsection.6.8}% 53
\BOOKMARK [1][-]{section.7}{Einstein's field equations}{}% 54
\BOOKMARK [2][-]{subsection.7.1}{The stress-energy tensor T}{section.7}% 55
\BOOKMARK [2][-]{subsection.7.2}{Riemann curvature tensor R }{section.7}% 56
\BOOKMARK [2][-]{subsection.7.3}{The Einstein equations}{section.7}% 57
\BOOKMARK [2][-]{subsection.7.4}{Schwarzschild solution}{section.7}% 58
\BOOKMARK [1][-]{section.8}{Predictions and tests of general relativity}{}% 59
\BOOKMARK [2][-]{subsection.8.1}{Gravitational redshift}{section.8}% 60
\BOOKMARK [2][-]{subsection.8.2}{Radar time-delay experiments}{section.8}% 61
\BOOKMARK [2][-]{subsection.8.3}{Black Holes}{section.8}% 62
\BOOKMARK [1][-]{section.9}{Cosmology}{}% 63
\BOOKMARK [2][-]{subsection.9.1}{Large-scale geometry of the universe}{section.9}% 64
\BOOKMARK [3][-]{subsubsection.9.1.1}{Cosmological principle}{subsection.9.1}% 65
\BOOKMARK [3][-]{subsubsection.9.1.2}{Robertson-Walker \(flat, open, closed\) geometries}{subsection.9.1}% 66
\BOOKMARK [3][-]{subsubsection.9.1.3}{Expansion of the universe}{subsection.9.1}% 67
\BOOKMARK [3][-]{subsubsection.9.1.4}{Distances and speeds}{subsection.9.1}% 68
\BOOKMARK [3][-]{subsubsection.9.1.5}{Redshifts}{subsection.9.1}% 69
\BOOKMARK [2][-]{subsection.9.2}{Dynamical evolution of the universe}{section.9}% 70
\BOOKMARK [3][-]{subsubsection.9.2.1}{The Friedmann equations}{subsection.9.2}% 71
\BOOKMARK [3][-]{subsubsection.9.2.2}{The cosmological constant }{subsection.9.2}% 72
\BOOKMARK [3][-]{subsubsection.9.2.3}{Equations of state}{subsection.9.2}% 73
\BOOKMARK [3][-]{subsubsection.9.2.4}{A matter-dominated universe \(= 0\) [Friedmann models]}{subsection.9.2}% 74
\BOOKMARK [3][-]{subsubsection.9.2.5}{A flat, matter-dominated universe \(= 0\) [old favorite model]}{subsection.9.2}% 75
\BOOKMARK [2][-]{subsection.9.3}{Observational cosmology}{section.9}% 76
\BOOKMARK [3][-]{subsubsection.9.3.1}{Hubble law}{subsection.9.3}% 77
\BOOKMARK [3][-]{subsubsection.9.3.2}{Acceleration of the universe}{subsection.9.3}% 78
\BOOKMARK [3][-]{subsubsection.9.3.3}{Matter densities and dark matter}{subsection.9.3}% 79
\BOOKMARK [3][-]{subsubsection.9.3.4}{The flatness and horizon problems}{subsection.9.3}% 80
\BOOKMARK [3][-]{subsubsection.9.3.5}{Cosmic Microwave Background \(CMB\) anisotropy}{subsection.9.3}% 81
\BOOKMARK [2][-]{subsection.9.4}{Modern cosmology}{section.9}% 82
\BOOKMARK [3][-]{subsubsection.9.4.1}{Inflation}{subsection.9.4}% 83
\BOOKMARK [3][-]{subsubsection.9.4.2}{Dark energy \(The cosmological constant problem\)}{subsection.9.4}% 84
\BOOKMARK [3][-]{subsubsection.9.4.3}{Concordance model [new favorite model]}{subsection.9.4}% 85
\BOOKMARK [3][-]{subsubsection.9.4.4}{Open questions}{subsection.9.4}% 86
