This is pdfTeX, Version 3.14159265-2.6-1.40.20 (TeX Live 2019/Debian) (preloaded format=pdflatex 2021.8.6)  12 APR 2022 02:43
entering extended mode
 restricted \write18 enabled.
 %&-line parsing enabled.
**CV.tex
(./CV.tex
LaTeX2e <2020-02-02> patch level 2
L3 programming layer <2020-02-14>
(/usr/share/texlive/texmf-dist/tex/latex/base/article.cls
Document Class: article 2019/12/20 v1.4l Standard LaTeX document class
(/usr/share/texlive/texmf-dist/tex/latex/base/size10.clo
File: size10.clo 2019/12/20 v1.4l Standard LaTeX file (size option)
)
\c@part=\count167
\c@section=\count168
\c@subsection=\count169
\c@subsubsection=\count170
\c@paragraph=\count171
\c@subparagraph=\count172
\c@figure=\count173
\c@table=\count174
\abovecaptionskip=\skip47
\belowcaptionskip=\skip48
\bibindent=\dimen134
)
(/usr/share/texlive/texmf-dist/tex/latex/base/inputenc.sty
Package: inputenc 2018/08/11 v1.3c Input encoding file
\inpenc@prehook=\toks14
\inpenc@posthook=\toks15
)
(/usr/share/texlive/texmf-dist/tex/latex/inconsolata/inconsolata.sty
Package: inconsolata 2019/05/17 v1.12

`inconsolata-zi4' v1.12, 2019/05/17 Text macros for Inconsolata (msharpe)
(/usr/share/texlive/texmf-dist/tex/latex/base/textcomp.sty
Package: textcomp 2020/02/02 v2.0n Standard LaTeX package
)
(/usr/share/texlive/texmf-dist/tex/latex/xkeyval/xkeyval.sty
Package: xkeyval 2014/12/03 v2.7a package option processing (HA)

(/usr/share/texlive/texmf-dist/tex/generic/xkeyval/xkeyval.tex
(/usr/share/texlive/texmf-dist/tex/generic/xkeyval/xkvutils.tex
\XKV@toks=\toks16
\XKV@tempa@toks=\toks17

(/usr/share/texlive/texmf-dist/tex/generic/xkeyval/keyval.tex))
\XKV@depth=\count175
File: xkeyval.tex 2014/12/03 v2.7a key=value parser (HA)
))
\zifour@ocount=\count176
)
(/usr/share/texlive/texmf-dist/tex/latex/setspace/setspace.sty
Package: setspace 2011/12/19 v6.7a set line spacing
)
(/usr/share/texlive/texmf-dist/tex/latex/graphics/graphicx.sty
Package: graphicx 2019/11/30 v1.2a Enhanced LaTeX Graphics (DPC,SPQR)

(/usr/share/texlive/texmf-dist/tex/latex/graphics/graphics.sty
Package: graphics 2019/11/30 v1.4a Standard LaTeX Graphics (DPC,SPQR)

(/usr/share/texlive/texmf-dist/tex/latex/graphics/trig.sty
Package: trig 2016/01/03 v1.10 sin cos tan (DPC)
)
(/usr/share/texlive/texmf-dist/tex/latex/graphics-cfg/graphics.cfg
File: graphics.cfg 2016/06/04 v1.11 sample graphics configuration
)
Package graphics Info: Driver file: pdftex.def on input line 105.

(/usr/share/texlive/texmf-dist/tex/latex/graphics-def/pdftex.def
File: pdftex.def 2018/01/08 v1.0l Graphics/color driver for pdftex
))
\Gin@req@height=\dimen135
\Gin@req@width=\dimen136
)
(/usr/share/texlive/texmf-dist/tex/latex/geometry/geometry.sty
Package: geometry 2020/01/02 v5.9 Page Geometry

(/usr/share/texlive/texmf-dist/tex/generic/iftex/ifvtex.sty
Package: ifvtex 2019/10/25 v1.7 ifvtex legacy package. Use iftex instead.

(/usr/share/texlive/texmf-dist/tex/generic/iftex/iftex.sty
Package: iftex 2019/11/07 v1.0c TeX engine tests
))
\Gm@cnth=\count177
\Gm@cntv=\count178
\c@Gm@tempcnt=\count179
\Gm@bindingoffset=\dimen137
\Gm@wd@mp=\dimen138
\Gm@odd@mp=\dimen139
\Gm@even@mp=\dimen140
\Gm@layoutwidth=\dimen141
\Gm@layoutheight=\dimen142
\Gm@layouthoffset=\dimen143
\Gm@layoutvoffset=\dimen144
\Gm@dimlist=\toks18
)
(/usr/share/texlive/texmf-dist/tex/latex/xcolor/xcolor.sty
Package: xcolor 2016/05/11 v2.12 LaTeX color extensions (UK)

(/usr/share/texlive/texmf-dist/tex/latex/graphics-cfg/color.cfg
File: color.cfg 2016/01/02 v1.6 sample color configuration
)
Package xcolor Info: Driver file: pdftex.def on input line 225.
Package xcolor Info: Model `cmy' substituted by `cmy0' on input line 1348.
Package xcolor Info: Model `hsb' substituted by `rgb' on input line 1352.
Package xcolor Info: Model `RGB' extended on input line 1364.
Package xcolor Info: Model `HTML' substituted by `rgb' on input line 1366.
Package xcolor Info: Model `Hsb' substituted by `hsb' on input line 1367.
Package xcolor Info: Model `tHsb' substituted by `hsb' on input line 1368.
Package xcolor Info: Model `HSB' substituted by `hsb' on input line 1369.
Package xcolor Info: Model `Gray' substituted by `gray' on input line 1370.
Package xcolor Info: Model `wave' substituted by `hsb' on input line 1371.
)
(/usr/share/texlive/texmf-dist/tex/latex/hyperref/hyperref.sty
Package: hyperref 2020/01/14 v7.00d Hypertext links for LaTeX

(/usr/share/texlive/texmf-dist/tex/generic/ltxcmds/ltxcmds.sty
Package: ltxcmds 2019/12/15 v1.24 LaTeX kernel commands for general use (HO)
)
(/usr/share/texlive/texmf-dist/tex/latex/pdftexcmds/pdftexcmds.sty
Package: pdftexcmds 2019/11/24 v0.31 Utility functions of pdfTeX for LuaTeX (HO
)

(/usr/share/texlive/texmf-dist/tex/generic/infwarerr/infwarerr.sty
Package: infwarerr 2019/12/03 v1.5 Providing info/warning/error messages (HO)
)
Package pdftexcmds Info: \pdf@primitive is available.
Package pdftexcmds Info: \pdf@ifprimitive is available.
Package pdftexcmds Info: \pdfdraftmode found.
)
(/usr/share/texlive/texmf-dist/tex/generic/kvsetkeys/kvsetkeys.sty
Package: kvsetkeys 2019/12/15 v1.18 Key value parser (HO)
)
(/usr/share/texlive/texmf-dist/tex/generic/kvdefinekeys/kvdefinekeys.sty
Package: kvdefinekeys 2019-12-19 v1.6 Define keys (HO)
)
(/usr/share/texlive/texmf-dist/tex/generic/pdfescape/pdfescape.sty
Package: pdfescape 2019/12/09 v1.15 Implements pdfTeX's escape features (HO)
)
(/usr/share/texlive/texmf-dist/tex/latex/hycolor/hycolor.sty
Package: hycolor 2020-01-27 v1.10 Color options for hyperref/bookmark (HO)
)
(/usr/share/texlive/texmf-dist/tex/latex/letltxmacro/letltxmacro.sty
Package: letltxmacro 2019/12/03 v1.6 Let assignment for LaTeX macros (HO)
)
(/usr/share/texlive/texmf-dist/tex/latex/auxhook/auxhook.sty
Package: auxhook 2019-12-17 v1.6 Hooks for auxiliary files (HO)
)
(/usr/share/texlive/texmf-dist/tex/latex/kvoptions/kvoptions.sty
Package: kvoptions 2019/11/29 v3.13 Key value format for package options (HO)
)
\@linkdim=\dimen145
\Hy@linkcounter=\count180
\Hy@pagecounter=\count181

(/usr/share/texlive/texmf-dist/tex/latex/hyperref/pd1enc.def
File: pd1enc.def 2020/01/14 v7.00d Hyperref: PDFDocEncoding definition (HO)
Now handling font encoding PD1 ...
... no UTF-8 mapping file for font encoding PD1
)
(/usr/share/texlive/texmf-dist/tex/generic/intcalc/intcalc.sty
Package: intcalc 2019/12/15 v1.3 Expandable calculations with integers (HO)
)
(/usr/share/texlive/texmf-dist/tex/generic/etexcmds/etexcmds.sty
Package: etexcmds 2019/12/15 v1.7 Avoid name clashes with e-TeX commands (HO)
)
\Hy@SavedSpaceFactor=\count182
\pdfmajorversion=\count183
Package hyperref Info: Hyper figures OFF on input line 4547.
Package hyperref Info: Link nesting OFF on input line 4552.
Package hyperref Info: Hyper index ON on input line 4555.
Package hyperref Info: Plain pages OFF on input line 4562.
Package hyperref Info: Backreferencing OFF on input line 4567.
Package hyperref Info: Implicit mode ON; LaTeX internals redefined.
Package hyperref Info: Bookmarks ON on input line 4800.
\c@Hy@tempcnt=\count184

(/usr/share/texlive/texmf-dist/tex/latex/url/url.sty
\Urlmuskip=\muskip16
Package: url 2013/09/16  ver 3.4  Verb mode for urls, etc.
)
LaTeX Info: Redefining \url on input line 5159.
\XeTeXLinkMargin=\dimen146

(/usr/share/texlive/texmf-dist/tex/generic/bitset/bitset.sty
Package: bitset 2019/12/09 v1.3 Handle bit-vector datatype (HO)

(/usr/share/texlive/texmf-dist/tex/generic/bigintcalc/bigintcalc.sty
Package: bigintcalc 2019/12/15 v1.5 Expandable calculations on big integers (HO
)
))
\Fld@menulength=\count185
\Field@Width=\dimen147
\Fld@charsize=\dimen148
Package hyperref Info: Hyper figures OFF on input line 6430.
Package hyperref Info: Link nesting OFF on input line 6435.
Package hyperref Info: Hyper index ON on input line 6438.
Package hyperref Info: backreferencing OFF on input line 6445.
Package hyperref Info: Link coloring OFF on input line 6450.
Package hyperref Info: Link coloring with OCG OFF on input line 6455.
Package hyperref Info: PDF/A mode OFF on input line 6460.
LaTeX Info: Redefining \ref on input line 6500.
LaTeX Info: Redefining \pageref on input line 6504.

(/usr/share/texlive/texmf-dist/tex/generic/atbegshi/atbegshi.sty
Package: atbegshi 2019/12/05 v1.19 At begin shipout hook (HO)
)
\Hy@abspage=\count186
\c@Item=\count187
\c@Hfootnote=\count188
)
Package hyperref Info: Driver: hpdftex.

(/usr/share/texlive/texmf-dist/tex/latex/hyperref/hpdftex.def
File: hpdftex.def 2020/01/14 v7.00d Hyperref driver for pdfTeX

(/usr/share/texlive/texmf-dist/tex/latex/atveryend/atveryend.sty
Package: atveryend 2019-12-11 v1.11 Hooks at the very end of document (HO)
Package atveryend Info: \enddocument detected (standard20110627).
)
\Fld@listcount=\count189
\c@bookmark@seq@number=\count190

(/usr/share/texlive/texmf-dist/tex/latex/rerunfilecheck/rerunfilecheck.sty
Package: rerunfilecheck 2019/12/05 v1.9 Rerun checks for auxiliary files (HO)

(/usr/share/texlive/texmf-dist/tex/generic/uniquecounter/uniquecounter.sty
Package: uniquecounter 2019/12/15 v1.4 Provide unlimited unique counter (HO)
)
Package uniquecounter Info: New unique counter `rerunfilecheck' on input line 2
86.
)
\Hy@SectionHShift=\skip49
)
Package hyperref Info: Option `colorlinks' set `true' on input line 13.

(/usr/share/texlive/texmf-dist/tex/generic/ulem/ulem.sty
\UL@box=\box45
\UL@hyphenbox=\box46
\UL@skip=\skip50
\UL@hook=\toks19
\UL@height=\dimen149
\UL@pe=\count191
\UL@pixel=\dimen150
\ULC@box=\box47
Package: ulem 2019/11/18
\ULdepth=\dimen151
)
(/usr/share/texlive/texmf-dist/tex/latex/booktabs/booktabs.sty
Package: booktabs 2020/01/12 v1.61803398 Publication quality tables
\heavyrulewidth=\dimen152
\lightrulewidth=\dimen153
\cmidrulewidth=\dimen154
\belowrulesep=\dimen155
\belowbottomsep=\dimen156
\aboverulesep=\dimen157
\abovetopsep=\dimen158
\cmidrulesep=\dimen159
\cmidrulekern=\dimen160
\defaultaddspace=\dimen161
\@cmidla=\count192
\@cmidlb=\count193
\@aboverulesep=\dimen162
\@belowrulesep=\dimen163
\@thisruleclass=\count194
\@lastruleclass=\count195
\@thisrulewidth=\dimen164
)
(/usr/share/texlive/texmf-dist/tex/latex/tools/array.sty
Package: array 2019/08/31 v2.4l Tabular extension package (FMi)
\col@sep=\dimen165
\ar@mcellbox=\box48
\extrarowheight=\dimen166
\NC@list=\toks20
\extratabsurround=\skip51
\backup@length=\skip52
\ar@cellbox=\box49
)
(/usr/share/texlive/texmf-dist/tex/latex/enumitem/enumitem.sty
Package: enumitem 2019/06/20 v3.9 Customized lists
\enitkv@toks@=\toks21
\labelindent=\skip53
\enit@outerparindent=\dimen167
\enit@toks=\toks22
\enit@inbox=\box50
\enit@count@id=\count196
\enitdp@description=\count197
)
(/usr/share/texlive/texmf-dist/tex/latex/tools/longtable.sty
Package: longtable 2020/01/07 v4.13 Multi-page Table package (DPC)
\LTleft=\skip54
\LTright=\skip55
\LTpre=\skip56
\LTpost=\skip57
\LTchunksize=\count198
\LTcapwidth=\dimen168
\LT@head=\box51
\LT@firsthead=\box52
\LT@foot=\box53
\LT@lastfoot=\box54
\LT@cols=\count199
\LT@rows=\count266
\c@LT@tables=\count267
\c@LT@chunks=\count268
\LT@p@ftn=\toks23
)
(/usr/share/texlive/texmf-dist/tex/latex/newpx/newpxtext.sty
Package: newpxtext 2017/08/18 v1.321

`newpxtext' v1.321, 2017/08/18 Text macros taking advantage of TeXGyre Pagella 
and its extensions (msharpe)
(/usr/share/texlive/texmf-dist/tex/latex/fontaxes/fontaxes.sty
Package: fontaxes 2014/03/23 v1.0d Font selection axes
LaTeX Info: Redefining \upshape on input line 29.
LaTeX Info: Redefining \itshape on input line 31.
LaTeX Info: Redefining \slshape on input line 33.
LaTeX Info: Redefining \swshape on input line 35.
LaTeX Info: Redefining \scshape on input line 37.
LaTeX Info: Redefining \sscshape on input line 39.
LaTeX Info: Redefining \ulcshape on input line 41.
LaTeX Info: Redefining \textsw on input line 47.
LaTeX Info: Redefining \textssc on input line 48.
LaTeX Info: Redefining \textulc on input line 49.
)
(/usr/share/texlive/texmf-dist/tex/latex/etoolbox/etoolbox.sty
Package: etoolbox 2019/09/21 v2.5h e-TeX tools for LaTeX (JAW)
\etb@tempcnta=\count269
)
(/usr/share/texlive/texmf-dist/tex/latex/base/fontenc.sty
Package: fontenc 2020/02/11 v2.0o Standard LaTeX package
LaTeX Font Info:    Trying to load font information for T1+zpltlf on input line
 112.

(/usr/share/texlive/texmf-dist/tex/latex/newpx/t1zpltlf.fd
File: t1zpltlf.fd 2015/01/17 v1.0 font definition file for T1/zpl/tlf
)
LaTeX Font Info:    Font shape `T1/zpltlf/m/n' will be
(Font)              scaled to size 10.0pt on input line 112.
))
(/usr/share/texlive/texmf-dist/tex/latex/newpx/newpxmath.sty
Package: newpxmath 2020/01/09 v1.409

`newpxmath' v1.409, 2020/01/09 Math macros based on pxfonts (msharpe)
(/usr/share/texlive/texmf-dist/tex/latex/amsmath/amsmath.sty
Package: amsmath 2020/01/20 v2.17e AMS math features
\@mathmargin=\skip58

For additional information on amsmath, use the `?' option.
(/usr/share/texlive/texmf-dist/tex/latex/amsmath/amstext.sty
Package: amstext 2000/06/29 v2.01 AMS text

(/usr/share/texlive/texmf-dist/tex/latex/amsmath/amsgen.sty
File: amsgen.sty 1999/11/30 v2.0 generic functions
\@emptytoks=\toks24
\ex@=\dimen169
))
(/usr/share/texlive/texmf-dist/tex/latex/amsmath/amsbsy.sty
Package: amsbsy 1999/11/29 v1.2d Bold Symbols
\pmbraise@=\dimen170
)
(/usr/share/texlive/texmf-dist/tex/latex/amsmath/amsopn.sty
Package: amsopn 2016/03/08 v2.02 operator names
)
\inf@bad=\count270
LaTeX Info: Redefining \frac on input line 227.
\uproot@=\count271
\leftroot@=\count272
LaTeX Info: Redefining \overline on input line 389.
\classnum@=\count273
\DOTSCASE@=\count274
LaTeX Info: Redefining \ldots on input line 486.
LaTeX Info: Redefining \dots on input line 489.
LaTeX Info: Redefining \cdots on input line 610.
\Mathstrutbox@=\box55
\strutbox@=\box56
\big@size=\dimen171
LaTeX Font Info:    Redeclaring font encoding OML on input line 733.
LaTeX Font Info:    Redeclaring font encoding OMS on input line 734.
\macc@depth=\count275
\c@MaxMatrixCols=\count276
\dotsspace@=\muskip17
\c@parentequation=\count277
\dspbrk@lvl=\count278
\tag@help=\toks25
\row@=\count279
\column@=\count280
\maxfields@=\count281
\andhelp@=\toks26
\eqnshift@=\dimen172
\alignsep@=\dimen173
\tagshift@=\dimen174
\tagwidth@=\dimen175
\totwidth@=\dimen176
\lineht@=\dimen177
\@envbody=\toks27
\multlinegap=\skip59
\multlinetaggap=\skip60
\mathdisplay@stack=\toks28
LaTeX Info: Redefining \[ on input line 2859.
LaTeX Info: Redefining \] on input line 2860.
)
(/usr/share/texlive/texmf-dist/tex/generic/kastrup/binhex.tex)
(/usr/share/texlive/texmf-dist/tex/latex/oberdiek/centernot.sty
Package: centernot 2016/05/16 v1.4 Centers the not symbol horizontally (HO)
)
\px@tA=\toks29
\px@tB=\toks30
\px@su=\read2
\px@Isdigit=\count282
LaTeX Font Info:    Redeclaring symbol font `operators' on input line 194.
LaTeX Font Info:    Overwriting symbol font `operators' in version `normal'
(Font)                  OT1/cmr/m/n --> OT1/zpltlf/m/n on input line 194.
LaTeX Font Info:    Overwriting symbol font `operators' in version `bold'
(Font)                  OT1/cmr/bx/n --> OT1/zpltlf/m/n on input line 194.
LaTeX Font Info:    Overwriting symbol font `operators' in version `bold'
(Font)                  OT1/zpltlf/m/n --> OT1/zpltlf/b/n on input line 195.
LaTeX Font Info:    Redeclaring math alphabet \mathsf on input line 198.
LaTeX Font Info:    Overwriting math alphabet `\mathsf' in version `normal'
(Font)                  OT1/cmss/m/n --> T1/qhv/m/n on input line 198.
LaTeX Font Info:    Overwriting math alphabet `\mathsf' in version `bold'
(Font)                  OT1/cmss/bx/n --> T1/qhv/m/n on input line 198.
LaTeX Font Info:    Redeclaring math alphabet \mathit on input line 199.
LaTeX Font Info:    Overwriting math alphabet `\mathit' in version `normal'
(Font)                  OT1/cmr/m/it --> OT1/zpltlf/m/it on input line 199.
LaTeX Font Info:    Overwriting math alphabet `\mathit' in version `bold'
(Font)                  OT1/cmr/bx/it --> OT1/zpltlf/m/it on input line 199.
LaTeX Font Info:    Redeclaring math alphabet \mathtt on input line 200.
LaTeX Font Info:    Overwriting math alphabet `\mathtt' in version `normal'
(Font)                  OT1/cmtt/m/n --> T1/npxtt/m/n on input line 200.
LaTeX Font Info:    Overwriting math alphabet `\mathtt' in version `bold'
(Font)                  OT1/cmtt/m/n --> T1/npxtt/m/n on input line 200.
LaTeX Font Info:    Redeclaring math alphabet \mathbf on input line 202.
LaTeX Font Info:    Overwriting math alphabet `\mathbf' in version `normal'
(Font)                  OT1/cmr/bx/n --> OT1/zpltlf/b/n on input line 202.
LaTeX Font Info:    Overwriting math alphabet `\mathbf' in version `bold'
(Font)                  OT1/cmr/bx/n --> OT1/zpltlf/b/n on input line 202.
LaTeX Font Info:    Overwriting math alphabet `\mathit' in version `bold'
(Font)                  OT1/zpltlf/m/it --> OT1/zpltlf/b/it on input line 203.
LaTeX Font Info:    Overwriting math alphabet `\mathsf' in version `bold'
(Font)                  T1/qhv/m/n --> T1/qhv/b/n on input line 205.
LaTeX Font Info:    Overwriting math alphabet `\mathtt' in version `bold'
(Font)                  T1/npxtt/m/n --> T1/npxtt/b/n on input line 206.
LaTeX Font Info:    Redeclaring symbol font `letters' on input line 217.
LaTeX Font Info:    Overwriting symbol font `letters' in version `normal'
(Font)                  OML/cmm/m/it --> OML/npxmi/m/it on input line 217.
LaTeX Font Info:    Overwriting symbol font `letters' in version `bold'
(Font)                  OML/cmm/b/it --> OML/npxmi/m/it on input line 217.
LaTeX Font Info:    Overwriting symbol font `letters' in version `bold'
(Font)                  OML/npxmi/m/it --> OML/npxmi/b/it on input line 218.
\symlettersA=\mathgroup4
LaTeX Font Info:    Overwriting symbol font `lettersA' in version `bold'
(Font)                  U/npxmia/m/it --> U/npxmia/b/it on input line 236.
Now handling font encoding LMS ...
... no UTF-8 mapping file for font encoding LMS
LaTeX Font Info:    Redeclaring symbol font `symbols' on input line 246.
LaTeX Font Info:    Encoding `OMS' has changed to `LMS' for symbol font
(Font)              `symbols' in the math version `normal' on input line 246.
LaTeX Font Info:    Overwriting symbol font `symbols' in version `normal'
(Font)                  OMS/cmsy/m/n --> LMS/npxsy/m/n on input line 246.
LaTeX Font Info:    Encoding `OMS' has changed to `LMS' for symbol font
(Font)              `symbols' in the math version `bold' on input line 246.
LaTeX Font Info:    Overwriting symbol font `symbols' in version `bold'
(Font)                  OMS/cmsy/b/n --> LMS/npxsy/m/n on input line 246.
LaTeX Font Info:    Overwriting symbol font `symbols' in version `bold'
(Font)                  LMS/npxsy/m/n --> LMS/npxsy/b/n on input line 247.
\symAMSm=\mathgroup5
LaTeX Font Info:    Overwriting symbol font `AMSm' in version `bold'
(Font)                  U/npxsym/m/n --> U/npxsym/b/n on input line 265.
\symsymbolsC=\mathgroup6
LaTeX Font Info:    Overwriting symbol font `symbolsC' in version `bold'
(Font)                  U/npxsyc/m/n --> U/npxsyc/b/n on input line 287.
Now handling font encoding LMX ...
... no UTF-8 mapping file for font encoding LMX
LaTeX Font Info:    Redeclaring symbol font `largesymbols' on input line 307.
LaTeX Font Info:    Encoding `OMX' has changed to `LMX' for symbol font
(Font)              `largesymbols' in the math version `normal' on input line 3
07.
LaTeX Font Info:    Overwriting symbol font `largesymbols' in version `normal'
(Font)                  OMX/cmex/m/n --> LMX/npxexx/m/n on input line 307.
LaTeX Font Info:    Encoding `OMX' has changed to `LMX' for symbol font
(Font)              `largesymbols' in the math version `bold' on input line 307
.
LaTeX Font Info:    Overwriting symbol font `largesymbols' in version `bold'
(Font)                  OMX/cmex/m/n --> LMX/npxexx/m/n on input line 307.
LaTeX Font Info:    Overwriting symbol font `largesymbols' in version `bold'
(Font)                  LMX/npxexx/m/n --> LMX/npxexx/b/n on input line 308.
\symlargesymbolsPXA=\mathgroup7
LaTeX Font Info:    Overwriting symbol font `largesymbolsPXA' in version `bold'

(Font)                  U/npxexa/m/n --> U/npxexa/b/n on input line 315.
\px@cntz=\count283
\px@IsAlNum=\count284
\px@sbptoks=\toks31
LaTeX Font Info:    Redeclaring math delimiter \lfloor on input line 470.
LaTeX Font Info:    Redeclaring math delimiter \rfloor on input line 471.
LaTeX Font Info:    Redeclaring math delimiter \lceil on input line 472.
LaTeX Font Info:    Redeclaring math delimiter \rceil on input line 473.
LaTeX Font Info:    Redeclaring math delimiter \lbrace on input line 474.
LaTeX Font Info:    Redeclaring math delimiter \rbrace on input line 475.
LaTeX Font Info:    Redeclaring math delimiter \langle on input line 476.
LaTeX Font Info:    Redeclaring math delimiter \rangle on input line 478.
LaTeX Font Info:    Redeclaring math delimiter \arrowvert on input line 482.
LaTeX Font Info:    Redeclaring math delimiter \vert on input line 483.
LaTeX Font Info:    Redeclaring math symbol \parallel on input line 484.
LaTeX Font Info:    Redeclaring math delimiter \Arrowvert on input line 485.
LaTeX Font Info:    Redeclaring math symbol \hbar on input line 511.
LaTeX Font Info:    Redeclaring math accent \grave on input line 525.
LaTeX Font Info:    Redeclaring math accent \acute on input line 526.
LaTeX Font Info:    Redeclaring math accent \hat on input line 527.
LaTeX Font Info:    Redeclaring math accent \tilde on input line 528.
LaTeX Font Info:    Redeclaring math accent \bar on input line 529.
LaTeX Font Info:    Redeclaring math accent \breve on input line 530.
LaTeX Font Info:    Redeclaring math accent \mathring on input line 531.
LaTeX Font Info:    Redeclaring math accent \check on input line 532.
LaTeX Font Info:    Redeclaring math accent \dot on input line 536.
LaTeX Font Info:    Redeclaring math accent \ddot on input line 537.
LaTeX Font Info:    Redeclaring math accent \vec on input line 1579.
\npx@numstart=\count285
\npx@UCstart=\count286
\npx@lcstart=\count287
\npx@tmpc=\count288
\npx@imath=\count289
\npx@jmath=\count290
LaTeX Info: Redefining \not on input line 2132.
)
(/usr/share/texlive/texmf-dist/tex/latex/l3backend/l3backend-pdfmode.def
File: l3backend-pdfmode.def 2020-02-03 L3 backend support: PDF mode
\l__kernel_color_stack_int=\count291
\l__pdf_internal_box=\box57
)
(./CV.aux)
\openout1 = `CV.aux'.

LaTeX Font Info:    Checking defaults for OML/npxmi/m/it on input line 28.
LaTeX Font Info:    Trying to load font information for OML+npxmi on input line
 28.
 (/usr/share/texlive/texmf-dist/tex/latex/newpx/omlnpxmi.fd
File: omlnpxmi.fd 2013/03/21 Fontinst v1.933 font definitions for OML/npxmi.
)
LaTeX Font Info:    ... okay on input line 28.
LaTeX Font Info:    Checking defaults for OMS/cmsy/m/n on input line 28.
LaTeX Font Info:    ... okay on input line 28.
LaTeX Font Info:    Checking defaults for OT1/cmr/m/n on input line 28.
LaTeX Font Info:    ... okay on input line 28.
LaTeX Font Info:    Checking defaults for T1/cmr/m/n on input line 28.
LaTeX Font Info:    ... okay on input line 28.
LaTeX Font Info:    Checking defaults for TS1/cmr/m/n on input line 28.
LaTeX Font Info:    ... okay on input line 28.
LaTeX Font Info:    Checking defaults for OMX/cmex/m/n on input line 28.
LaTeX Font Info:    ... okay on input line 28.
LaTeX Font Info:    Checking defaults for U/npxexa/m/n on input line 28.
LaTeX Font Info:    Trying to load font information for U+npxexa on input line 
28.

(/usr/share/texlive/texmf-dist/tex/latex/newpx/unpxexa.fd
File: unpxexa.fd 2013/03/24 Fontinst v1.933 font definitions for U/npxexa.
)
LaTeX Font Info:    ... okay on input line 28.
LaTeX Font Info:    Checking defaults for PD1/pdf/m/n on input line 28.
LaTeX Font Info:    ... okay on input line 28.
LaTeX Font Info:    Checking defaults for LMS/npxsy/m/n on input line 28.
LaTeX Font Info:    Trying to load font information for LMS+npxsy on input line
 28.

(/usr/share/texlive/texmf-dist/tex/latex/newpx/lmsnpxsy.fd
File: lmsnpxsy.fd 2016/07/04 Fontinst v1.933 font definitions for LMS/npxsy.
)
LaTeX Font Info:    ... okay on input line 28.
LaTeX Font Info:    Checking defaults for LMX/npxexx/m/n on input line 28.
LaTeX Font Info:    Trying to load font information for LMX+npxexx on input lin
e 28.

(/usr/share/texlive/texmf-dist/tex/latex/newpx/lmxnpxexx.fd
File: lmxnpxexx.fd 2016/07/04 Fontinst v1.933 font definitions for LMX/npxexx.
)
LaTeX Font Info:    ... okay on input line 28.

(/usr/share/texlive/texmf-dist/tex/latex/upquote/upquote.sty
Package: upquote 2012/04/19 v1.3 upright-quote and grave-accent glyphs in verba
tim
)
(/usr/share/texlive/texmf-dist/tex/context/base/mkii/supp-pdf.mkii
[Loading MPS to PDF converter (version 2006.09.02).]
\scratchcounter=\count292
\scratchdimen=\dimen178
\scratchbox=\box58
\nofMPsegments=\count293
\nofMParguments=\count294
\everyMPshowfont=\toks32
\MPscratchCnt=\count295
\MPscratchDim=\dimen179
\MPnumerator=\count296
\makeMPintoPDFobject=\count297
\everyMPtoPDFconversion=\toks33
) (/usr/share/texlive/texmf-dist/tex/latex/epstopdf-pkg/epstopdf-base.sty
Package: epstopdf-base 2020-01-24 v2.11 Base part for package epstopdf
Package epstopdf-base Info: Redefining graphics rule for `.eps' on input line 4
85.

(/usr/share/texlive/texmf-dist/tex/latex/latexconfig/epstopdf-sys.cfg
File: epstopdf-sys.cfg 2010/07/13 v1.3 Configuration of (r)epstopdf for TeX Liv
e
))
*geometry* driver: auto-detecting
*geometry* detected driver: pdftex
*geometry* verbose mode - [ preamble ] result:
* driver: pdftex
* paper: <default>
* layout: <same size as paper>
* layoutoffset:(h,v)=(0.0pt,0.0pt)
* modes: 
* h-part:(L,W,R)=(72.26999pt, 469.75502pt, 72.26999pt)
* v-part:(T,H,B)=(72.26999pt, 650.43001pt, 72.26999pt)
* \paperwidth=614.295pt
* \paperheight=794.96999pt
* \textwidth=469.75502pt
* \textheight=650.43001pt
* \oddsidemargin=0.0pt
* \evensidemargin=0.0pt
* \topmargin=-37.0pt
* \headheight=12.0pt
* \headsep=25.0pt
* \topskip=10.0pt
* \footskip=30.0pt
* \marginparwidth=65.0pt
* \marginparsep=11.0pt
* \columnsep=10.0pt
* \skip\footins=9.0pt plus 4.0pt minus 2.0pt
* \hoffset=0.0pt
* \voffset=0.0pt
* \mag=1000
* \@twocolumnfalse
* \@twosidefalse
* \@mparswitchfalse
* \@reversemarginfalse
* (1in=72.27pt=25.4mm, 1cm=28.453pt)

\AtBeginShipoutBox=\box59
Package hyperref Info: Link coloring ON on input line 28.
(/usr/share/texlive/texmf-dist/tex/latex/hyperref/nameref.sty
Package: nameref 2019/09/16 v2.46 Cross-referencing by name of section

(/usr/share/texlive/texmf-dist/tex/latex/refcount/refcount.sty
Package: refcount 2019/12/15 v3.6 Data extraction from label references (HO)
)
(/usr/share/texlive/texmf-dist/tex/generic/gettitlestring/gettitlestring.sty
Package: gettitlestring 2019/12/15 v1.6 Cleanup title references (HO)
)
\c@section@level=\count298
)
LaTeX Info: Redefining \ref on input line 28.
LaTeX Info: Redefining \pageref on input line 28.
LaTeX Info: Redefining \nameref on input line 28.

(./CV.out) (./CV.out)
\@outlinefile=\write3
\openout3 = `CV.out'.

\c@mv@tabular=\count299
\c@mv@boldtabular=\count300
LaTeX Font Info:    Font shape `T1/zpltlf/m/n' will be
(Font)              scaled to size 24.88pt on input line 33.
LaTeX Font Info:    Font shape `T1/zpltlf/b/n' will be
(Font)              scaled to size 24.88pt on input line 33.
LaTeX Font Info:    Trying to load font information for OT1+zpltlf on input lin
e 48.

(/usr/share/texlive/texmf-dist/tex/latex/newpx/ot1zpltlf.fd
File: ot1zpltlf.fd 2015/01/17 v1.0 font definition file for OT1/zpl/tlf
)
LaTeX Font Info:    Font shape `OT1/zpltlf/m/n' will be
(Font)              scaled to size 10.0pt on input line 48.
LaTeX Font Info:    Font shape `OT1/zpltlf/m/n' will be
(Font)              scaled to size 7.3pt on input line 48.
LaTeX Font Info:    Font shape `OT1/zpltlf/m/n' will be
(Font)              scaled to size 5.5pt on input line 48.
LaTeX Font Info:    Trying to load font information for U+npxmia on input line 
48.

(/usr/share/texlive/texmf-dist/tex/latex/newpx/unpxmia.fd
File: unpxmia.fd 2013/03/24 Fontinst v1.933 font definitions for U/npxmia.
)
LaTeX Font Info:    Trying to load font information for U+npxsym on input line 
48.

(/usr/share/texlive/texmf-dist/tex/latex/newpx/unpxsym.fd
File: unpxsym.fd 2015/03/21 Fontinst v1.933 font definitions for U/npxsym.
)
LaTeX Font Info:    Trying to load font information for U+npxsyc on input line 
48.

(/usr/share/texlive/texmf-dist/tex/latex/newpx/unpxsyc.fd
File: unpxsyc.fd 2013/03/24 Fontinst v1.933 font definitions for U/npxsyc.
)
LaTeX Font Info:    Trying to load font information for T1+npxtt on input line 
49.

(/usr/share/texlive/texmf-dist/tex/latex/newpx/t1npxtt.fd
File: t1npxtt.fd 2000/12/14 v1.0
)
LaTeX Font Info:    Font shape `T1/npxtt/m/n' will be
(Font)              scaled to size 10.0pt on input line 49.
<linkedin_logo.PNG, id=8, 209.28188pt x 191.21437pt>
File: linkedin_logo.PNG Graphic file (type png)
<use linkedin_logo.PNG>
Package pdftex.def Info: linkedin_logo.PNG  used on input line 52.
(pdftex.def)             Requested size: 8.36984pt x 7.64726pt.
LaTeX Font Info:    Font shape `T1/zpltlf/m/n' will be
(Font)              scaled to size 12.0pt on input line 61.
LaTeX Font Info:    Font shape `T1/zpltlf/b/n' will be
(Font)              scaled to size 12.0pt on input line 61.
LaTeX Font Info:    Font shape `T1/zpltlf/m/it' will be
(Font)              scaled to size 10.0pt on input line 62.

Underfull \hbox (badness 10000) in paragraph at lines 61--64

 []

LaTeX Font Info:    Trying to load font information for TS1+zpltlf on input lin
e 70.
(/usr/share/texlive/texmf-dist/tex/latex/newpx/ts1zpltlf.fd
File: ts1zpltlf.fd 2015/01/18 v1.0 fd file for TS1/zpltlf
)
LaTeX Font Info:    Font shape `TS1/zpltlf/m/n' will be
(Font)              scaled to size 10.0pt on input line 70.

Underfull \hbox (badness 10000) in paragraph at lines 79--80

 []


Underfull \hbox (badness 10000) in paragraph at lines 85--87

 []

LaTeX Font Info:    Font shape `T1/zpltlf/m/n' will be
(Font)              scaled to size 7.3pt on input line 142.
LaTeX Font Info:    Font shape `T1/zpltlf/m/n' will be
(Font)              scaled to size 5.5pt on input line 142.
[1

{/var/lib/texmf/fonts/map/pdftex/updmap/pdftex.map} <./linkedin_logo.PNG>]
Underfull \hbox (badness 10000) in paragraph at lines 170--171

 []

LaTeX Font Info:    Font shape `T1/zpltlf/b/n' will be
(Font)              scaled to size 10.0pt on input line 178.
LaTeX Font Info:    Font shape `T1/zpltlf/m/it' will be
(Font)              scaled to size 7.3pt on input line 202.
LaTeX Font Info:    Font shape `T1/zpltlf/m/it' will be
(Font)              scaled to size 5.5pt on input line 202.
Package atveryend Info: Empty hook `BeforeClearDocument' on input line 537.
pdfTeX warning (ext4): destination with the same identifier (name{page.}) has b
een already used, duplicate ignored
<to be read again> 
                   \relax 
l.537 \end{document}
                     [2]
Package atveryend Info: Empty hook `AfterLastShipout' on input line 537.
 (./CV.aux)
Package atveryend Info: Executing hook `AtVeryEndDocument' on input line 537.
Package atveryend Info: Executing hook `AtEndAfterFileList' on input line 537.
Package rerunfilecheck Info: File `CV.out' has not changed.
(rerunfilecheck)             Checksum: D41D8CD98F00B204E9800998ECF8427E;0.
Package atveryend Info: Empty hook `AtVeryVeryEnd' on input line 537.
 ) 
Here is how much of TeX's memory you used:
 10178 strings out of 481239
 142841 string characters out of 5920378
 414200 words of memory out of 5000000
 25201 multiletter control sequences out of 15000+600000
 580776 words of font info for 75 fonts, out of 8000000 for 9000
 1141 hyphenation exceptions out of 8191
 38i,11n,45p,954b,405s stack positions out of 5000i,500n,10000p,200000b,80000s
{/usr/share/texlive/texmf-dist/fonts/enc/dvips/newtx/ntx-ot1-tlf.enc}{/usr/sh
are/texmf/fonts/enc/dvips/tex-gyre/q-ts1.enc}{/usr/share/texlive/texmf-dist/fon
ts/enc/dvips/newtx/ntx-ec-tlf.enc}</usr/share/texlive/texmf-dist/fonts/type1/pu
blic/newpx/NewPXMI.pfb></usr/share/texlive/texmf-dist/fonts/type1/public/newpx/
pxsys.pfb></usr/share/texmf/fonts/type1/public/tex-gyre/qplr.pfb></usr/share/te
xlive/texmf-dist/fonts/type1/public/txfonts/t1xtt.pfb></usr/share/texlive/texmf
-dist/fonts/type1/public/txfonts/txsyb.pfb></usr/share/texlive/texmf-dist/fonts
/type1/public/newpx/zplb.pfb></usr/share/texlive/texmf-dist/fonts/type1/public/
newpx/zplr.pfb></usr/share/texlive/texmf-dist/fonts/type1/public/newpx/zplri.pf
b>
Output written on CV.pdf (2 pages, 152868 bytes).
PDF statistics:
 103 PDF objects out of 1000 (max. 8388607)
 88 compressed objects within 1 object stream
 25 named destinations out of 1000 (max. 500000)
 6 words of extra memory for PDF output out of 10000 (max. 10000000)

