This is pdfTeX, Version 3.14159265-2.6-1.40.18 (MiKTeX 2.9.6500 64-bit) (preloaded format=pdflatex 2018.2.27)  28 NOV 2020 17:07
entering extended mode
**./Bui_Chaos.tex
(Bui_Chaos.tex
LaTeX2e <2017-04-15>
Babel <3.15> and hyphenation patterns for 76 language(s) loaded.
("C:\Program Files\MiKTeX 2.9\tex\latex\revtex4\revtex4.cls"
Document Class: revtex4 2001/08/03 v4.0 (http://publish.aps.org/revtex4/ for do
cumentation)
 Copyright (c) 2001 The American Physical Society.
 mailto:revtex@aps.org
 Licensed under the LPPL:
http://www.ctan.org/tex-archive/macros/latex/base/lppl.txt
 Arthur Ogawa <ogawa@teleport.com>
 Based on work by David Carlisle <david@dcarlisle.demon.co.uk>.
ltxutil: portions licensed from W. E. Baxter (web@superscript.com)
Class revtex4 Info: Repairing broken LateX \@sect on input line 596.
\intertabularlinepenalty=\count79
\@tbpen=\count80
\@arstrutbox@hline=\box26
Class revtex4 Info: Repairing broken LaTeX \@xbitor on input line 1610.
ltxgrid: portions licensed from W. E. Baxter (web@superscript.com)
\c@linecount=\count81
\output=\toks14
\@protection@box=\box27
\@topmark@saved=\toks15
\footins@saved=\box28
\pagesofar=\box29
\footbox=\box30
\pagegrid@col=\count82
Class revtex4 Info: Incorporating package {textcase}  [1998/11/12 v0.06 Text on
ly upper/lower case changing (DPC)]. on input line 3682.
("C:\Program Files\MiKTeX 2.9\tex\latex\url\url.sty"
\Urlmuskip=\muskip10
Package: url 2013/09/16  ver 3.4  Verb mode for urls, etc.
)
\c@affil=\count83
\absbox=\box31
\c@part=\count84
\c@section=\count85
\c@subsection=\count86
\c@subsubsection=\count87
\c@paragraph=\count88
\c@subparagraph=\count89
\abovecaptionskip=\skip41
\belowcaptionskip=\skip42
\c@figure=\count90
\c@table=\count91

("C:\Program Files\MiKTeX 2.9\tex\latex\natbib\natbib.sty"
Package: natbib 2010/09/13 8.31b (PWD, AO)
\bibhang=\skip43
\bibsep=\skip44
LaTeX Info: Redefining \cite on input line 694.
\c@NAT@ctr=\count92
)
\widetext@top=\box32
\widetext@bot=\box33

("C:\Program Files\MiKTeX 2.9\tex\latex\revtex4\revsymb.sty"
Package: revsymb 2001/08/03 v4.0 (http://publish.aps.org/revtex4/ for documenta
tion)
LaTeX Info: Redefining \REV@mathfrak on input line 118.
))
("C:\Program Files\MiKTeX 2.9\tex\latex\amsfonts\amssymb.sty"
Package: amssymb 2013/01/14 v3.01 AMS font symbols

("C:\Program Files\MiKTeX 2.9\tex\latex\amsfonts\amsfonts.sty"
Package: amsfonts 2013/01/14 v3.01 Basic AMSFonts support
\@emptytoks=\toks16
\symAMSa=\mathgroup4
\symAMSb=\mathgroup5
LaTeX Font Info:    Overwriting math alphabet `\mathfrak' in version `bold'
(Font)                  U/euf/m/n --> U/euf/b/n on input line 106.
LaTeX Info: Redefining \frak on input line 111.
LaTeX Info: Redefining \Bbb on input line 113.
))
("C:\Program Files\MiKTeX 2.9\tex\latex\amsmath\amsmath.sty"
Package: amsmath 2017/09/02 v2.17a AMS math features
\@mathmargin=\skip45

For additional information on amsmath, use the `?' option.
("C:\Program Files\MiKTeX 2.9\tex\latex\amsmath\amstext.sty"
Package: amstext 2000/06/29 v2.01 AMS text

("C:\Program Files\MiKTeX 2.9\tex\latex\amsmath\amsgen.sty"
File: amsgen.sty 1999/11/30 v2.0 generic functions
\@emptytoks=\toks17
\ex@=\dimen102
))
("C:\Program Files\MiKTeX 2.9\tex\latex\amsmath\amsbsy.sty"
Package: amsbsy 1999/11/29 v1.2d Bold Symbols
\pmbraise@=\dimen103
)
("C:\Program Files\MiKTeX 2.9\tex\latex\amsmath\amsopn.sty"
Package: amsopn 2016/03/08 v2.02 operator names
)
\inf@bad=\count93
LaTeX Info: Redefining \frac on input line 213.
\uproot@=\count94
\leftroot@=\count95
LaTeX Info: Redefining \overline on input line 375.
\classnum@=\count96
\DOTSCASE@=\count97
LaTeX Info: Redefining \ldots on input line 472.
LaTeX Info: Redefining \dots on input line 475.
LaTeX Info: Redefining \cdots on input line 596.
\Mathstrutbox@=\box34
\strutbox@=\box35
\big@size=\dimen104
LaTeX Font Info:    Redeclaring font encoding OML on input line 712.
LaTeX Font Info:    Redeclaring font encoding OMS on input line 713.
\macc@depth=\count98
\c@MaxMatrixCols=\count99
\dotsspace@=\muskip11
\c@parentequation=\count100
\dspbrk@lvl=\count101
\tag@help=\toks18
\row@=\count102
\column@=\count103
\maxfields@=\count104
\andhelp@=\toks19
\eqnshift@=\dimen105
\alignsep@=\dimen106
\tagshift@=\dimen107
\tagwidth@=\dimen108
\totwidth@=\dimen109
\lineht@=\dimen110
\@envbody=\toks20
\multlinegap=\skip46
\multlinetaggap=\skip47
\mathdisplay@stack=\toks21
LaTeX Info: Redefining \[ on input line 2817.
LaTeX Info: Redefining \] on input line 2818.
)
("C:\Program Files\MiKTeX 2.9\tex\latex\revtex4\aps.rtx"
File: aps.rtx 2001/08/03 v4.0 (http://publish.aps.org/revtex4/ for documentatio
n)
)
("C:\Program Files\MiKTeX 2.9\tex\latex\revtex4\10pt.rtx"
File: 10pt.rtx 2001/08/03 v4.0 (http://publish.aps.org/revtex4/ for documentati
on)
)
("C:\Program Files\MiKTeX 2.9\tex\latex\graphics\graphicx.sty"
Package: graphicx 2017/06/01 v1.1a Enhanced LaTeX Graphics (DPC,SPQR)

("C:\Program Files\MiKTeX 2.9\tex\latex\graphics\keyval.sty"
Package: keyval 2014/10/28 v1.15 key=value parser (DPC)
\KV@toks@=\toks22
)
("C:\Program Files\MiKTeX 2.9\tex\latex\graphics\graphics.sty"
Package: graphics 2017/06/25 v1.2c Standard LaTeX Graphics (DPC,SPQR)

("C:\Program Files\MiKTeX 2.9\tex\latex\graphics\trig.sty"
Package: trig 2016/01/03 v1.10 sin cos tan (DPC)
)
("C:\Program Files\MiKTeX 2.9\tex\latex\graphics-cfg\graphics.cfg"
File: graphics.cfg 2016/06/04 v1.11 sample graphics configuration
)
Package graphics Info: Driver file: pdftex.def on input line 99.

("C:\Program Files\MiKTeX 2.9\tex\latex\graphics-def\pdftex.def"
File: pdftex.def 2017/12/07 v1.0i Graphics/color driver for pdftex
))
\Gin@req@height=\dimen111
\Gin@req@width=\dimen112
)
("C:\Program Files\MiKTeX 2.9\tex\latex\tools\dcolumn.sty"
Package: dcolumn 2014/10/28 v1.06 decimal alignment package (DPC)

("C:\Program Files\MiKTeX 2.9\tex\latex\tools\array.sty"
Package: array 2016/10/06 v2.4d Tabular extension package (FMi)
\col@sep=\dimen113
\extrarowheight=\dimen114
\NC@list=\toks23
\extratabsurround=\skip48
\backup@length=\skip49
))
("C:\Program Files\MiKTeX 2.9\tex\latex\tools\bm.sty"
Package: bm 2017/01/16 v1.2c Bold Symbol Support (DPC/FMi)
\symboldoperators=\mathgroup6
\symboldletters=\mathgroup7
\symboldsymbols=\mathgroup8
LaTeX Font Info:    Redeclaring math alphabet \mathbf on input line 141.
LaTeX Info: Redefining \bm on input line 207.
)
("C:\Program Files\MiKTeX 2.9\tex\latex\graphics\color.sty"
Package: color 2016/07/10 v1.1e Standard LaTeX Color (DPC)

("C:\Program Files\MiKTeX 2.9\tex\latex\graphics-cfg\color.cfg"
File: color.cfg 2016/01/02 v1.6 sample color configuration
)
Package color Info: Driver file: pdftex.def on input line 147.
)
("C:\Program Files\MiKTeX 2.9\tex\latex\subfigure\subfigure.sty"
Package: subfigure 2002/07/30 v2.1.4 subfigure package
\subfigtopskip=\skip50
\subfigcapskip=\skip51
\subfigcaptopadj=\dimen115
\subfigbottomskip=\skip52
\subfigcapmargin=\dimen116
\subfiglabelskip=\skip53
\c@subfigure=\count105
\c@lofdepth=\count106
\c@subtable=\count107
\c@lotdepth=\count108

****************************************
* Local config file subfigure.cfg used *
****************************************
("C:\Program Files\MiKTeX 2.9\tex\latex\subfigure\subfigure.cfg")
\subfig@top=\skip54
\subfig@bottom=\skip55
)
("C:\Program Files\MiKTeX 2.9\tex\latex\csquotes\csquotes.sty"
Package: csquotes 2017/03/11 v5.2b context-sensitive quotations (JAW)

("C:\Program Files\MiKTeX 2.9\tex\latex\etoolbox\etoolbox.sty"
Package: etoolbox 2017/11/22 v2.5 e-TeX tools for LaTeX (JAW)
\etb@tempcnta=\count109
)
\csq@reset=\count110
\csq@gtype=\count111
\csq@glevel=\count112
\csq@qlevel=\count113
\csq@maxlvl=\count114
\csq@tshold=\count115
\csq@ltx@everypar=\toks24

("C:\Program Files\MiKTeX 2.9\tex\latex\csquotes\csquotes.def"
File: csquotes.def 2017/03/11 v5.2b csquotes generic definitions (JAW)
)
Package csquotes Info: Trying to load configuration file 'csquotes.cfg'...
Package csquotes Info: ... configuration file loaded successfully.

("C:\Program Files\MiKTeX 2.9\tex\latex\csquotes\csquotes.cfg"
File: csquotes.cfg 
))
Package csquotes Info: Checking for multilingual support...
Package csquotes Info: ... none found.
 (Bui_Chaos.aux)
\openout1 = `Bui_Chaos.aux'.

LaTeX Font Info:    Checking defaults for OML/cmm/m/it on input line 12.
LaTeX Font Info:    ... okay on input line 12.
LaTeX Font Info:    Checking defaults for T1/cmr/m/n on input line 12.
LaTeX Font Info:    ... okay on input line 12.
LaTeX Font Info:    Checking defaults for OT1/cmr/m/n on input line 12.
LaTeX Font Info:    ... okay on input line 12.
LaTeX Font Info:    Checking defaults for OMS/cmsy/m/n on input line 12.
LaTeX Font Info:    ... okay on input line 12.
LaTeX Font Info:    Checking defaults for OMX/cmex/m/n on input line 12.
LaTeX Font Info:    ... okay on input line 12.
LaTeX Font Info:    Checking defaults for U/cmr/m/n on input line 12.
LaTeX Font Info:    ... okay on input line 12.
Class revtex4 Info: Unrecognized array package. Please update this document cla
ss! (Proceeding with fingers crossed.) on input line 12.
Class revtex4 Info: cite was not loaded (OK!) on input line 12.
Class revtex4 Info: multicol was not loaded (OK!) on input line 12.
 ("C:\Program Files\MiKTeX 2.9\tex\context\base\supp-pdf.mkii"
[Loading MPS to PDF converter (version 2006.09.02).]
\scratchcounter=\count116
\scratchdimen=\dimen117
\scratchbox=\box36
\nofMPsegments=\count117
\nofMParguments=\count118
\everyMPshowfont=\toks25
\MPscratchCnt=\count119
\MPscratchDim=\dimen118
\MPnumerator=\count120
\makeMPintoPDFobject=\count121
\everyMPtoPDFconversion=\toks26
) ("C:\Program Files\MiKTeX 2.9\tex\latex\oberdiek\epstopdf-base.sty"
Package: epstopdf-base 2016/05/15 v2.6 Base part for package epstopdf

("C:\Program Files\MiKTeX 2.9\tex\generic\oberdiek\infwarerr.sty"
Package: infwarerr 2016/05/16 v1.4 Providing info/warning/error messages (HO)
)
("C:\Program Files\MiKTeX 2.9\tex\latex\oberdiek\grfext.sty"
Package: grfext 2016/05/16 v1.2 Manage graphics extensions (HO)

("C:\Program Files\MiKTeX 2.9\tex\generic\oberdiek\kvdefinekeys.sty"
Package: kvdefinekeys 2016/05/16 v1.4 Define keys (HO)

("C:\Program Files\MiKTeX 2.9\tex\generic\oberdiek\ltxcmds.sty"
Package: ltxcmds 2016/05/16 v1.23 LaTeX kernel commands for general use (HO)
)))
("C:\Program Files\MiKTeX 2.9\tex\latex\oberdiek\kvoptions.sty"
Package: kvoptions 2016/05/16 v3.12 Key value format for package options (HO)

("C:\Program Files\MiKTeX 2.9\tex\generic\oberdiek\kvsetkeys.sty"
Package: kvsetkeys 2016/05/16 v1.17 Key value parser (HO)

("C:\Program Files\MiKTeX 2.9\tex\generic\oberdiek\etexcmds.sty"
Package: etexcmds 2016/05/16 v1.6 Avoid name clashes with e-TeX commands (HO)

("C:\Program Files\MiKTeX 2.9\tex\generic\oberdiek\ifluatex.sty"
Package: ifluatex 2016/05/16 v1.4 Provides the ifluatex switch (HO)
Package ifluatex Info: LuaTeX not detected.
)
Package etexcmds Info: Could not find \expanded.
(etexcmds)             That can mean that you are not using pdfTeX 1.50 or
(etexcmds)             that some package has redefined \expanded.
(etexcmds)             In the latter case, load this package earlier.
)))
("C:\Program Files\MiKTeX 2.9\tex\generic\oberdiek\pdftexcmds.sty"
Package: pdftexcmds 2017/03/19 v0.25 Utility functions of pdfTeX for LuaTeX (HO
)

("C:\Program Files\MiKTeX 2.9\tex\generic\oberdiek\ifpdf.sty"
Package: ifpdf 2017/03/15 v3.2 Provides the ifpdf switch
)
Package pdftexcmds Info: LuaTeX not detected.
Package pdftexcmds Info: \pdf@primitive is available.
Package pdftexcmds Info: \pdf@ifprimitive is available.
Package pdftexcmds Info: \pdfdraftmode found.
)
Package epstopdf-base Info: Redefining graphics rule for `.eps' on input line 4
38.
Package grfext Info: Graphics extension search list:
(grfext)             [.pdf,.png,.jpg,.mps,.jpeg,.jbig2,.jb2,.PDF,.PNG,.JPG,.JPE
G,.JBIG2,.JB2,.eps]
(grfext)             \AppendGraphicsExtensions on input line 456.
)
LaTeX Font Info:    Try loading font information for U+msa on input line 20.

("C:\Program Files\MiKTeX 2.9\tex\latex\amsfonts\umsa.fd"
File: umsa.fd 2013/01/14 v3.01 AMS symbols A
)
LaTeX Font Info:    Try loading font information for U+msb on input line 20.

("C:\Program Files\MiKTeX 2.9\tex\latex\amsfonts\umsb.fd"
File: umsb.fd 2013/01/14 v3.01 AMS symbols B
)
<cobweb.png, id=1, 853.1875pt x 858.20625pt>
File: cobweb.png Graphic file (type png)
<use cobweb.png>
Package pdftex.def Info: cobweb.png  used on input line 54.
(pdftex.def)             Requested size: 213.29636pt x 214.55104pt.
<cobweb_1.png, id=2, 481.8pt x 481.8pt>
File: cobweb_1.png Graphic file (type png)
<use cobweb_1.png>
Package pdftex.def Info: cobweb_1.png  used on input line 61.
(pdftex.def)             Requested size: 240.8994pt x 240.8994pt.
<logistic_2.png, id=3, 972.63374pt x 620.3175pt>
File: logistic_2.png Graphic file (type png)
<use logistic_2.png>
Package pdftex.def Info: logistic_2.png  used on input line 70.
(pdftex.def)             Requested size: 243.15784pt x 155.079pt.
 [1{C:/Users/buiqu/AppData/Local/MiKTeX/2.9/pdftex/config/pdftex.map}]

LaTeX Warning: A float is stuck (cannot be placed); try class option [floatfix]
 on input line 79.

[2 <./cobweb.png> <./cobweb_1.png (PNG copy)> <./logistic_2.png (PNG copy)>]
Package epstopdf Info: Source file: <logistic_1.eps>
(epstopdf)                    date: 2020-11-02 18:37:27
(epstopdf)                    size: 147964 bytes
(epstopdf)             Output file: <logistic_1-eps-converted-to.pdf>
(epstopdf)                    date: 2020-11-09 10:36:32
(epstopdf)                    size: 141156 bytes
(epstopdf)             Command: <epstopdf --outfile=logistic_1-eps-converted-to
.pdf logistic_1.eps>
(epstopdf)             \includegraphics on input line 107.
Package epstopdf Info: Output file is already uptodate.
<logistic_1-eps-converted-to.pdf, id=31, 486.81876pt x 429.605pt>
File: logistic_1-eps-converted-to.pdf Graphic file (type pdf)
<use logistic_1-eps-converted-to.pdf>
Package pdftex.def Info: logistic_1-eps-converted-to.pdf  used on input line 10
7.
(pdftex.def)             Requested size: 243.40878pt x 214.80197pt.
Package epstopdf Info: Source file: <logistic_3.eps>
(epstopdf)                    date: 2020-11-02 23:56:48
(epstopdf)                    size: 299055 bytes
(epstopdf)             Output file: <logistic_3-eps-converted-to.pdf>
(epstopdf)                    date: 2020-11-09 10:37:42
(epstopdf)                    size: 281678 bytes
(epstopdf)             Command: <epstopdf --outfile=logistic_3-eps-converted-to
.pdf logistic_3.eps>
(epstopdf)             \includegraphics on input line 113.
Package epstopdf Info: Output file is already uptodate.
<logistic_3-eps-converted-to.pdf, id=32, 689.57625pt x 704.6325pt>
File: logistic_3-eps-converted-to.pdf Graphic file (type pdf)
<use logistic_3-eps-converted-to.pdf>
Package pdftex.def Info: logistic_3-eps-converted-to.pdf  used on input line 11
3.
(pdftex.def)             Requested size: 241.3553pt x 246.62508pt.
Package epstopdf Info: Source file: <logistic_4_top_branch_1.eps>
(epstopdf)                    date: 2020-11-03 00:14:24
(epstopdf)                    size: 281972 bytes
(epstopdf)             Output file: <logistic_4_top_branch_1-eps-converted-to.p
df>
(epstopdf)                    date: 2020-11-09 10:37:46
(epstopdf)                    size: 270454 bytes
(epstopdf)             Command: <epstopdf --outfile=logistic_4_top_branch_1-eps
-converted-to.pdf logistic_4_top_branch_1.eps>
(epstopdf)             \includegraphics on input line 119.
Package epstopdf Info: Output file is already uptodate.
<logistic_4_top_branch_1-eps-converted-to.pdf, id=33, 693.59125pt x 632.3625pt>

File: logistic_4_top_branch_1-eps-converted-to.pdf Graphic file (type pdf)
<use logistic_4_top_branch_1-eps-converted-to.pdf>
Package pdftex.def Info: logistic_4_top_branch_1-eps-converted-to.pdf  used on 
input line 119.
(pdftex.def)             Requested size: 242.76057pt x 221.33018pt.
Package epstopdf Info: Source file: <logistic_5_more_branches.eps>
(epstopdf)                    date: 2020-11-03 00:20:49
(epstopdf)                    size: 212661 bytes
(epstopdf)             Output file: <logistic_5_more_branches-eps-converted-to.
pdf>
(epstopdf)                    date: 2020-11-09 10:37:50
(epstopdf)                    size: 199042 bytes
(epstopdf)             Command: <epstopdf --outfile=logistic_5_more_branches-ep
s-converted-to.pdf logistic_5_more_branches.eps>
(epstopdf)             \includegraphics on input line 125.
Package epstopdf Info: Output file is already uptodate.
<logistic_5_more_branches-eps-converted-to.pdf, id=34, 485.815pt x 754.82pt>
File: logistic_5_more_branches-eps-converted-to.pdf Graphic file (type pdf)
<use logistic_5_more_branches-eps-converted-to.pdf>
Package pdftex.def Info: logistic_5_more_branches-eps-converted-to.pdf  used on
 input line 125.
(pdftex.def)             Requested size: 194.32256pt x 301.92265pt.

[3 <./logistic_1-eps-converted-to.pdf> <./logistic_3-eps-converted-to.pdf> <./l
ogistic_4_top_branch_1-eps-converted-to.pdf> <./logistic_5_more_branches-eps-co
nverted-to.pdf>]
Package epstopdf Info: Source file: <odd_period_1.eps>
(epstopdf)                    date: 2020-11-27 22:04:30
(epstopdf)                    size: 198653 bytes
(epstopdf)             Output file: <odd_period_1-eps-converted-to.pdf>
(epstopdf)                    date: 2020-11-27 22:04:43
(epstopdf)                    size: 176728 bytes
(epstopdf)             Command: <epstopdf --outfile=odd_period_1-eps-converted-
to.pdf odd_period_1.eps>
(epstopdf)             \includegraphics on input line 145.
Package epstopdf Info: Output file is already uptodate.
<odd_period_1-eps-converted-to.pdf, id=50, 983.675pt x 748.7975pt>
File: odd_period_1-eps-converted-to.pdf Graphic file (type pdf)
<use odd_period_1-eps-converted-to.pdf>
Package pdftex.def Info: odd_period_1-eps-converted-to.pdf  used on input line 
145.
(pdftex.def)             Requested size: 255.74947pt x 194.68275pt.

Overfull \hbox (9.74947pt too wide) in paragraph at lines 145--146
 [][] 
 []

Package epstopdf Info: Source file: <odd_period_2.eps>
(epstopdf)                    date: 2020-11-27 22:36:42
(epstopdf)                    size: 1766641 bytes
(epstopdf)             Output file: <odd_period_2-eps-converted-to.pdf>
(epstopdf)                    date: 2020-11-27 22:37:30
(epstopdf)                    size: 1117324 bytes
(epstopdf)             Command: <epstopdf --outfile=odd_period_2-eps-converted-
to.pdf odd_period_2.eps>
(epstopdf)             \includegraphics on input line 155.
Package epstopdf Info: Output file is already uptodate.
<odd_period_2-eps-converted-to.pdf, id=51, 1339.0025pt x 748.7975pt>
File: odd_period_2-eps-converted-to.pdf Graphic file (type pdf)
<use odd_period_2-eps-converted-to.pdf>
Package pdftex.def Info: odd_period_2-eps-converted-to.pdf  used on input line 
155.
(pdftex.def)             Requested size: 241.01006pt x 134.77773pt.
[4 <./odd_period_1-eps-converted-to.pdf> <./odd_period_2-eps-converted-to.pdf>]
Package epstopdf Info: Source file: <mandelbrot_1.eps>
(epstopdf)                    date: 2020-11-03 01:11:46
(epstopdf)                    size: 88859 bytes
(epstopdf)             Output file: <mandelbrot_1-eps-converted-to.pdf>
(epstopdf)                    date: 2020-11-09 10:41:20
(epstopdf)                    size: 84001 bytes
(epstopdf)             Command: <epstopdf --outfile=mandelbrot_1-eps-converted-
to.pdf mandelbrot_1.eps>
(epstopdf)             \includegraphics on input line 199.
Package epstopdf Info: Output file is already uptodate.
<mandelbrot_1-eps-converted-to.pdf, id=67, 421.575pt x 664.4825pt>
File: mandelbrot_1-eps-converted-to.pdf Graphic file (type pdf)
<use mandelbrot_1-eps-converted-to.pdf>
Package pdftex.def Info: mandelbrot_1-eps-converted-to.pdf  used on input line 
199.
(pdftex.def)             Requested size: 189.70699pt x 299.01436pt.
(Bui_Chaos.bbl
Underfull \hbox (badness 2269) in paragraph at lines 32--36
 []\OT1/cmr/m/n/9 E. W. Weis-stein, MathWorld--A Wol-fram Web Re-
 []

) [5 <./mandelbrot_1-eps-converted-to.pdf>] (Bui_Chaos.aux) ) 
Here is how much of TeX's memory you used:
 5182 strings out of 493308
 69210 string characters out of 3138768
 155631 words of memory out of 3000000
 8610 multiletter control sequences out of 15000+200000
 17142 words of font info for 64 fonts, out of 3000000 for 9000
 1141 hyphenation exceptions out of 8191
 41i,8n,28p,852b,304s stack positions out of 5000i,500n,10000p,200000b,50000s
<C:/Program Files/
MiKTeX 2.9/fonts/type1/public/amsfonts/cm/cmbx10.pfb><C:/Program Files/MiKTeX 2
.9/fonts/type1/public/amsfonts/cm/cmbx12.pfb><C:/Program Files/MiKTeX 2.9/fonts
/type1/public/amsfonts/cm/cmbx9.pfb><C:/Program Files/MiKTeX 2.9/fonts/type1/pu
blic/amsfonts/cm/cmmi10.pfb><C:/Program Files/MiKTeX 2.9/fonts/type1/public/ams
fonts/cm/cmmi6.pfb><C:/Program Files/MiKTeX 2.9/fonts/type1/public/amsfonts/cm/
cmmi7.pfb><C:/Program Files/MiKTeX 2.9/fonts/type1/public/amsfonts/cm/cmmi9.pfb
><C:/Program Files/MiKTeX 2.9/fonts/type1/public/amsfonts/cm/cmr10.pfb><C:/Prog
ram Files/MiKTeX 2.9/fonts/type1/public/amsfonts/cm/cmr6.pfb><C:/Program Files/
MiKTeX 2.9/fonts/type1/public/amsfonts/cm/cmr7.pfb><C:/Program Files/MiKTeX 2.9
/fonts/type1/public/amsfonts/cm/cmr8.pfb><C:/Program Files/MiKTeX 2.9/fonts/typ
e1/public/amsfonts/cm/cmr9.pfb><C:/Program Files/MiKTeX 2.9/fonts/type1/public/
amsfonts/cm/cmsy10.pfb><C:/Program Files/MiKTeX 2.9/fonts/type1/public/amsfonts
/cm/cmsy6.pfb><C:/Program Files/MiKTeX 2.9/fonts/type1/public/amsfonts/cm/cmsy7
.pfb><C:/Program Files/MiKTeX 2.9/fonts/type1/public/amsfonts/cm/cmsy9.pfb><C:/
Program Files/MiKTeX 2.9/fonts/type1/public/amsfonts/cm/cmti10.pfb><C:/Program 
Files/MiKTeX 2.9/fonts/type1/public/amsfonts/cm/cmti9.pfb><C:/Program Files/MiK
TeX 2.9/fonts/type1/public/amsfonts/cm/cmtt8.pfb><C:/Program Files/MiKTeX 2.9/f
onts/type1/public/amsfonts/cm/cmtt9.pfb>
Output written on Bui_Chaos.pdf (5 pages, 2660100 bytes).
PDF statistics:
 136 PDF objects out of 1000 (max. 8388607)
 0 named destinations out of 1000 (max. 500000)
 51 words of extra memory for PDF output out of 10000 (max. 10000000)

