This is pdfTeX, Version 3.14159265-2.6-1.40.20 (TeX Live 2019/Debian) (preloaded format=pdflatex 2021.8.6)  26 MAY 2022 01:51
entering extended mode
 restricted \write18 enabled.
 %&-line parsing enabled.
**BEC1_DAMOP_2022.tex
(./BEC1_DAMOP_2022.tex
LaTeX2e <2020-02-02> patch level 2
L3 programming layer <2020-02-14>
(/usr/share/texlive/texmf-dist/tex/latex/tikzposter/tikzposter.cls
Document Class: tikzposter 2014/01/15 v2.0 LaTeX document class for Posters
(/usr/share/texlive/texmf-dist/tex/latex/xkeyval/xkeyval.sty
Package: xkeyval 2014/12/03 v2.7a package option processing (HA)

(/usr/share/texlive/texmf-dist/tex/generic/xkeyval/xkeyval.tex
(/usr/share/texlive/texmf-dist/tex/generic/xkeyval/xkvutils.tex
\XKV@toks=\toks14
\XKV@tempa@toks=\toks15

(/usr/share/texlive/texmf-dist/tex/generic/xkeyval/keyval.tex))
\XKV@depth=\count167
File: xkeyval.tex 2014/12/03 v2.7a key=value parser (HA)
))
(/usr/share/texlive/texmf-dist/tex/latex/tools/calc.sty
Package: calc 2017/05/25 v4.3 Infix arithmetic (KKT,FJ)
\calc@Acount=\count168
\calc@Bcount=\count169
\calc@Adimen=\dimen134
\calc@Bdimen=\dimen135
\calc@Askip=\skip47
\calc@Bskip=\skip48
LaTeX Info: Redefining \setlength on input line 80.
LaTeX Info: Redefining \addtolength on input line 81.
\calc@Ccount=\count170
\calc@Cskip=\skip49
)
(/usr/share/texlive/texmf-dist/tex/latex/base/ifthen.sty
Package: ifthen 2014/09/29 v1.1c Standard LaTeX ifthen package (DPC)
)
(/usr/share/texlive/texmf-dist/tex/latex/ae/ae.sty
Package: ae 2001/02/12 1.3 Almost European Computer Modern

(/usr/share/texlive/texmf-dist/tex/latex/base/fontenc.sty
Package: fontenc 2020/02/11 v2.0o Standard LaTeX package
))
(/usr/share/texlive/texmf-dist/tex/generic/xstring/xstring.sty
(/usr/share/texlive/texmf-dist/tex/generic/xstring/xstring.tex
\integerpart=\count171
\decimalpart=\count172
)
Package: xstring 2019/02/06 v1.83 String manipulations (CT)
)
(/usr/share/texlive/texmf-dist/tex/latex/etoolbox/etoolbox.sty
Package: etoolbox 2019/09/21 v2.5h e-TeX tools for LaTeX (JAW)
\etb@tempcnta=\count173
)
(/usr/share/texlive/texmf-dist/tex/latex/pgf/frontendlayer/tikz.sty
(/usr/share/texlive/texmf-dist/tex/latex/pgf/basiclayer/pgf.sty
(/usr/share/texlive/texmf-dist/tex/latex/pgf/utilities/pgfrcs.sty
(/usr/share/texlive/texmf-dist/tex/generic/pgf/utilities/pgfutil-common.tex
\pgfutil@everybye=\toks16
\pgfutil@tempdima=\dimen136
\pgfutil@tempdimb=\dimen137

(/usr/share/texlive/texmf-dist/tex/generic/pgf/utilities/pgfutil-common-lists.t
ex)) (/usr/share/texlive/texmf-dist/tex/generic/pgf/utilities/pgfutil-latex.def
\pgfutil@abb=\box45
(/usr/share/texlive/texmf-dist/tex/latex/ms/everyshi.sty
Package: everyshi 2001/05/15 v3.00 EveryShipout Package (MS)
))
(/usr/share/texlive/texmf-dist/tex/generic/pgf/utilities/pgfrcs.code.tex
(/usr/share/texlive/texmf-dist/tex/generic/pgf/pgf.revision.tex)
Package: pgfrcs 2020/01/08 v3.1.5b (3.1.5b)
))
Package: pgf 2020/01/08 v3.1.5b (3.1.5b)

(/usr/share/texlive/texmf-dist/tex/latex/pgf/basiclayer/pgfcore.sty
(/usr/share/texlive/texmf-dist/tex/latex/graphics/graphicx.sty
Package: graphicx 2019/11/30 v1.2a Enhanced LaTeX Graphics (DPC,SPQR)

(/usr/share/texlive/texmf-dist/tex/latex/graphics/graphics.sty
Package: graphics 2019/11/30 v1.4a Standard LaTeX Graphics (DPC,SPQR)

(/usr/share/texlive/texmf-dist/tex/latex/graphics/trig.sty
Package: trig 2016/01/03 v1.10 sin cos tan (DPC)
)
(/usr/share/texlive/texmf-dist/tex/latex/graphics-cfg/graphics.cfg
File: graphics.cfg 2016/06/04 v1.11 sample graphics configuration
)
Package graphics Info: Driver file: pdftex.def on input line 105.

(/usr/share/texlive/texmf-dist/tex/latex/graphics-def/pdftex.def
File: pdftex.def 2018/01/08 v1.0l Graphics/color driver for pdftex
))
\Gin@req@height=\dimen138
\Gin@req@width=\dimen139
)
(/usr/share/texlive/texmf-dist/tex/latex/pgf/systemlayer/pgfsys.sty
(/usr/share/texlive/texmf-dist/tex/generic/pgf/systemlayer/pgfsys.code.tex
Package: pgfsys 2020/01/08 v3.1.5b (3.1.5b)

(/usr/share/texlive/texmf-dist/tex/generic/pgf/utilities/pgfkeys.code.tex
\pgfkeys@pathtoks=\toks17
\pgfkeys@temptoks=\toks18

(/usr/share/texlive/texmf-dist/tex/generic/pgf/utilities/pgfkeysfiltered.code.t
ex
\pgfkeys@tmptoks=\toks19
))
\pgf@x=\dimen140
\pgf@y=\dimen141
\pgf@xa=\dimen142
\pgf@ya=\dimen143
\pgf@xb=\dimen144
\pgf@yb=\dimen145
\pgf@xc=\dimen146
\pgf@yc=\dimen147
\pgf@xd=\dimen148
\pgf@yd=\dimen149
\w@pgf@writea=\write3
\r@pgf@reada=\read2
\c@pgf@counta=\count174
\c@pgf@countb=\count175
\c@pgf@countc=\count176
\c@pgf@countd=\count177
\t@pgf@toka=\toks20
\t@pgf@tokb=\toks21
\t@pgf@tokc=\toks22
\pgf@sys@id@count=\count178
 (/usr/share/texlive/texmf-dist/tex/generic/pgf/systemlayer/pgf.cfg
File: pgf.cfg 2020/01/08 v3.1.5b (3.1.5b)
)
Driver file for pgf: pgfsys-pdftex.def

(/usr/share/texlive/texmf-dist/tex/generic/pgf/systemlayer/pgfsys-pdftex.def
File: pgfsys-pdftex.def 2020/01/08 v3.1.5b (3.1.5b)

(/usr/share/texlive/texmf-dist/tex/generic/pgf/systemlayer/pgfsys-common-pdf.de
f
File: pgfsys-common-pdf.def 2020/01/08 v3.1.5b (3.1.5b)
)))
(/usr/share/texlive/texmf-dist/tex/generic/pgf/systemlayer/pgfsyssoftpath.code.
tex
File: pgfsyssoftpath.code.tex 2020/01/08 v3.1.5b (3.1.5b)
\pgfsyssoftpath@smallbuffer@items=\count179
\pgfsyssoftpath@bigbuffer@items=\count180
)
(/usr/share/texlive/texmf-dist/tex/generic/pgf/systemlayer/pgfsysprotocol.code.
tex
File: pgfsysprotocol.code.tex 2020/01/08 v3.1.5b (3.1.5b)
)) (/usr/share/texlive/texmf-dist/tex/latex/xcolor/xcolor.sty
Package: xcolor 2016/05/11 v2.12 LaTeX color extensions (UK)

(/usr/share/texlive/texmf-dist/tex/latex/graphics-cfg/color.cfg
File: color.cfg 2016/01/02 v1.6 sample color configuration
)
Package xcolor Info: Driver file: pdftex.def on input line 225.
Package xcolor Info: Model `cmy' substituted by `cmy0' on input line 1348.
Package xcolor Info: Model `hsb' substituted by `rgb' on input line 1352.
Package xcolor Info: Model `RGB' extended on input line 1364.
Package xcolor Info: Model `HTML' substituted by `rgb' on input line 1366.
Package xcolor Info: Model `Hsb' substituted by `hsb' on input line 1367.
Package xcolor Info: Model `tHsb' substituted by `hsb' on input line 1368.
Package xcolor Info: Model `HSB' substituted by `hsb' on input line 1369.
Package xcolor Info: Model `Gray' substituted by `gray' on input line 1370.
Package xcolor Info: Model `wave' substituted by `hsb' on input line 1371.
)
(/usr/share/texlive/texmf-dist/tex/generic/pgf/basiclayer/pgfcore.code.tex
Package: pgfcore 2020/01/08 v3.1.5b (3.1.5b)

(/usr/share/texlive/texmf-dist/tex/generic/pgf/math/pgfmath.code.tex
(/usr/share/texlive/texmf-dist/tex/generic/pgf/math/pgfmathcalc.code.tex
(/usr/share/texlive/texmf-dist/tex/generic/pgf/math/pgfmathutil.code.tex)
(/usr/share/texlive/texmf-dist/tex/generic/pgf/math/pgfmathparser.code.tex
\pgfmath@dimen=\dimen150
\pgfmath@count=\count181
\pgfmath@box=\box46
\pgfmath@toks=\toks23
\pgfmath@stack@operand=\toks24
\pgfmath@stack@operation=\toks25
)
(/usr/share/texlive/texmf-dist/tex/generic/pgf/math/pgfmathfunctions.code.tex
(/usr/share/texlive/texmf-dist/tex/generic/pgf/math/pgfmathfunctions.basic.code
.tex)
(/usr/share/texlive/texmf-dist/tex/generic/pgf/math/pgfmathfunctions.trigonomet
ric.code.tex)
(/usr/share/texlive/texmf-dist/tex/generic/pgf/math/pgfmathfunctions.random.cod
e.tex)
(/usr/share/texlive/texmf-dist/tex/generic/pgf/math/pgfmathfunctions.comparison
.code.tex)
(/usr/share/texlive/texmf-dist/tex/generic/pgf/math/pgfmathfunctions.base.code.
tex)
(/usr/share/texlive/texmf-dist/tex/generic/pgf/math/pgfmathfunctions.round.code
.tex)
(/usr/share/texlive/texmf-dist/tex/generic/pgf/math/pgfmathfunctions.misc.code.
tex)
(/usr/share/texlive/texmf-dist/tex/generic/pgf/math/pgfmathfunctions.integerari
thmetics.code.tex)))
(/usr/share/texlive/texmf-dist/tex/generic/pgf/math/pgfmathfloat.code.tex
\c@pgfmathroundto@lastzeros=\count182
))
(/usr/share/texlive/texmf-dist/tex/generic/pgf/math/pgfint.code.tex)
(/usr/share/texlive/texmf-dist/tex/generic/pgf/basiclayer/pgfcorepoints.code.te
x
File: pgfcorepoints.code.tex 2020/01/08 v3.1.5b (3.1.5b)
\pgf@picminx=\dimen151
\pgf@picmaxx=\dimen152
\pgf@picminy=\dimen153
\pgf@picmaxy=\dimen154
\pgf@pathminx=\dimen155
\pgf@pathmaxx=\dimen156
\pgf@pathminy=\dimen157
\pgf@pathmaxy=\dimen158
\pgf@xx=\dimen159
\pgf@xy=\dimen160
\pgf@yx=\dimen161
\pgf@yy=\dimen162
\pgf@zx=\dimen163
\pgf@zy=\dimen164
)
(/usr/share/texlive/texmf-dist/tex/generic/pgf/basiclayer/pgfcorepathconstruct.
code.tex
File: pgfcorepathconstruct.code.tex 2020/01/08 v3.1.5b (3.1.5b)
\pgf@path@lastx=\dimen165
\pgf@path@lasty=\dimen166
)
(/usr/share/texlive/texmf-dist/tex/generic/pgf/basiclayer/pgfcorepathusage.code
.tex
File: pgfcorepathusage.code.tex 2020/01/08 v3.1.5b (3.1.5b)
\pgf@shorten@end@additional=\dimen167
\pgf@shorten@start@additional=\dimen168
)
(/usr/share/texlive/texmf-dist/tex/generic/pgf/basiclayer/pgfcorescopes.code.te
x
File: pgfcorescopes.code.tex 2020/01/08 v3.1.5b (3.1.5b)
\pgfpic=\box47
\pgf@hbox=\box48
\pgf@layerbox@main=\box49
\pgf@picture@serial@count=\count183
)
(/usr/share/texlive/texmf-dist/tex/generic/pgf/basiclayer/pgfcoregraphicstate.c
ode.tex
File: pgfcoregraphicstate.code.tex 2020/01/08 v3.1.5b (3.1.5b)
\pgflinewidth=\dimen169
)
(/usr/share/texlive/texmf-dist/tex/generic/pgf/basiclayer/pgfcoretransformation
s.code.tex
File: pgfcoretransformations.code.tex 2020/01/08 v3.1.5b (3.1.5b)
\pgf@pt@x=\dimen170
\pgf@pt@y=\dimen171
\pgf@pt@temp=\dimen172
)
(/usr/share/texlive/texmf-dist/tex/generic/pgf/basiclayer/pgfcorequick.code.tex
File: pgfcorequick.code.tex 2020/01/08 v3.1.5b (3.1.5b)
)
(/usr/share/texlive/texmf-dist/tex/generic/pgf/basiclayer/pgfcoreobjects.code.t
ex
File: pgfcoreobjects.code.tex 2020/01/08 v3.1.5b (3.1.5b)
)
(/usr/share/texlive/texmf-dist/tex/generic/pgf/basiclayer/pgfcorepathprocessing
.code.tex
File: pgfcorepathprocessing.code.tex 2020/01/08 v3.1.5b (3.1.5b)
)
(/usr/share/texlive/texmf-dist/tex/generic/pgf/basiclayer/pgfcorearrows.code.te
x
File: pgfcorearrows.code.tex 2020/01/08 v3.1.5b (3.1.5b)
\pgfarrowsep=\dimen173
)
(/usr/share/texlive/texmf-dist/tex/generic/pgf/basiclayer/pgfcoreshade.code.tex
File: pgfcoreshade.code.tex 2020/01/08 v3.1.5b (3.1.5b)
\pgf@max=\dimen174
\pgf@sys@shading@range@num=\count184
\pgf@shadingcount=\count185
)
(/usr/share/texlive/texmf-dist/tex/generic/pgf/basiclayer/pgfcoreimage.code.tex
File: pgfcoreimage.code.tex 2020/01/08 v3.1.5b (3.1.5b)

(/usr/share/texlive/texmf-dist/tex/generic/pgf/basiclayer/pgfcoreexternal.code.
tex
File: pgfcoreexternal.code.tex 2020/01/08 v3.1.5b (3.1.5b)
\pgfexternal@startupbox=\box50
))
(/usr/share/texlive/texmf-dist/tex/generic/pgf/basiclayer/pgfcorelayers.code.te
x
File: pgfcorelayers.code.tex 2020/01/08 v3.1.5b (3.1.5b)
)
(/usr/share/texlive/texmf-dist/tex/generic/pgf/basiclayer/pgfcoretransparency.c
ode.tex
File: pgfcoretransparency.code.tex 2020/01/08 v3.1.5b (3.1.5b)
)
(/usr/share/texlive/texmf-dist/tex/generic/pgf/basiclayer/pgfcorepatterns.code.
tex
File: pgfcorepatterns.code.tex 2020/01/08 v3.1.5b (3.1.5b)
)
(/usr/share/texlive/texmf-dist/tex/generic/pgf/basiclayer/pgfcorerdf.code.tex
File: pgfcorerdf.code.tex 2020/01/08 v3.1.5b (3.1.5b)
)))
(/usr/share/texlive/texmf-dist/tex/generic/pgf/modules/pgfmoduleshapes.code.tex
File: pgfmoduleshapes.code.tex 2020/01/08 v3.1.5b (3.1.5b)
\pgfnodeparttextbox=\box51
) (/usr/share/texlive/texmf-dist/tex/generic/pgf/modules/pgfmoduleplot.code.tex
File: pgfmoduleplot.code.tex 2020/01/08 v3.1.5b (3.1.5b)
)
(/usr/share/texlive/texmf-dist/tex/latex/pgf/compatibility/pgfcomp-version-0-65
.sty
Package: pgfcomp-version-0-65 2020/01/08 v3.1.5b (3.1.5b)
\pgf@nodesepstart=\dimen175
\pgf@nodesepend=\dimen176
)
(/usr/share/texlive/texmf-dist/tex/latex/pgf/compatibility/pgfcomp-version-1-18
.sty
Package: pgfcomp-version-1-18 2020/01/08 v3.1.5b (3.1.5b)
)) (/usr/share/texlive/texmf-dist/tex/latex/pgf/utilities/pgffor.sty
(/usr/share/texlive/texmf-dist/tex/latex/pgf/utilities/pgfkeys.sty
(/usr/share/texlive/texmf-dist/tex/generic/pgf/utilities/pgfkeys.code.tex))
(/usr/share/texlive/texmf-dist/tex/latex/pgf/math/pgfmath.sty
(/usr/share/texlive/texmf-dist/tex/generic/pgf/math/pgfmath.code.tex))
(/usr/share/texlive/texmf-dist/tex/generic/pgf/utilities/pgffor.code.tex
Package: pgffor 2020/01/08 v3.1.5b (3.1.5b)

(/usr/share/texlive/texmf-dist/tex/generic/pgf/math/pgfmath.code.tex)
\pgffor@iter=\dimen177
\pgffor@skip=\dimen178
\pgffor@stack=\toks26
\pgffor@toks=\toks27
))
(/usr/share/texlive/texmf-dist/tex/generic/pgf/frontendlayer/tikz/tikz.code.tex
Package: tikz 2020/01/08 v3.1.5b (3.1.5b)

(/usr/share/texlive/texmf-dist/tex/generic/pgf/libraries/pgflibraryplothandlers
.code.tex
File: pgflibraryplothandlers.code.tex 2020/01/08 v3.1.5b (3.1.5b)
\pgf@plot@mark@count=\count186
\pgfplotmarksize=\dimen179
)
\tikz@lastx=\dimen180
\tikz@lasty=\dimen181
\tikz@lastxsaved=\dimen182
\tikz@lastysaved=\dimen183
\tikz@lastmovetox=\dimen184
\tikz@lastmovetoy=\dimen185
\tikzleveldistance=\dimen186
\tikzsiblingdistance=\dimen187
\tikz@figbox=\box52
\tikz@figbox@bg=\box53
\tikz@tempbox=\box54
\tikz@tempbox@bg=\box55
\tikztreelevel=\count187
\tikznumberofchildren=\count188
\tikznumberofcurrentchild=\count189
\tikz@fig@count=\count190

(/usr/share/texlive/texmf-dist/tex/generic/pgf/modules/pgfmodulematrix.code.tex
File: pgfmodulematrix.code.tex 2020/01/08 v3.1.5b (3.1.5b)
\pgfmatrixcurrentrow=\count191
\pgfmatrixcurrentcolumn=\count192
\pgf@matrix@numberofcolumns=\count193
)
\tikz@expandcount=\count194

(/usr/share/texlive/texmf-dist/tex/generic/pgf/frontendlayer/tikz/libraries/tik
zlibrarytopaths.code.tex
File: tikzlibrarytopaths.code.tex 2020/01/08 v3.1.5b (3.1.5b)
)))
(/usr/share/texlive/texmf-dist/tex/generic/pgf/frontendlayer/tikz/libraries/tik
zlibraryshapes.code.tex
File: tikzlibraryshapes.code.tex 2020/01/08 v3.1.5b (3.1.5b)

(/usr/share/texlive/texmf-dist/tex/generic/pgf/frontendlayer/tikz/libraries/tik
zlibraryshapes.geometric.code.tex
File: tikzlibraryshapes.geometric.code.tex 2020/01/08 v3.1.5b (3.1.5b)

(/usr/share/texlive/texmf-dist/tex/generic/pgf/libraries/shapes/pgflibraryshape
s.geometric.code.tex
File: pgflibraryshapes.geometric.code.tex 2020/01/08 v3.1.5b (3.1.5b)
))
(/usr/share/texlive/texmf-dist/tex/generic/pgf/frontendlayer/tikz/libraries/tik
zlibraryshapes.misc.code.tex
File: tikzlibraryshapes.misc.code.tex 2020/01/08 v3.1.5b (3.1.5b)

(/usr/share/texlive/texmf-dist/tex/generic/pgf/libraries/shapes/pgflibraryshape
s.misc.code.tex
File: pgflibraryshapes.misc.code.tex 2020/01/08 v3.1.5b (3.1.5b)
))
(/usr/share/texlive/texmf-dist/tex/generic/pgf/frontendlayer/tikz/libraries/tik
zlibraryshapes.symbols.code.tex
File: tikzlibraryshapes.symbols.code.tex 2020/01/08 v3.1.5b (3.1.5b)

(/usr/share/texlive/texmf-dist/tex/generic/pgf/libraries/shapes/pgflibraryshape
s.symbols.code.tex
File: pgflibraryshapes.symbols.code.tex 2020/01/08 v3.1.5b (3.1.5b)
))
(/usr/share/texlive/texmf-dist/tex/generic/pgf/frontendlayer/tikz/libraries/tik
zlibraryshapes.arrows.code.tex
File: tikzlibraryshapes.arrows.code.tex 2020/01/08 v3.1.5b (3.1.5b)

(/usr/share/texlive/texmf-dist/tex/generic/pgf/libraries/shapes/pgflibraryshape
s.arrows.code.tex
File: pgflibraryshapes.arrows.code.tex 2020/01/08 v3.1.5b (3.1.5b)
))
(/usr/share/texlive/texmf-dist/tex/generic/pgf/frontendlayer/tikz/libraries/tik
zlibraryshapes.callouts.code.tex
(/usr/share/texlive/texmf-dist/tex/generic/pgf/libraries/shapes/pgflibraryshape
s.callouts.code.tex))
(/usr/share/texlive/texmf-dist/tex/generic/pgf/frontendlayer/tikz/libraries/tik
zlibraryshapes.multipart.code.tex
File: tikzlibraryshapes.multipart.code.tex 2020/01/08 v3.1.5b (3.1.5b)

(/usr/share/texlive/texmf-dist/tex/generic/pgf/libraries/shapes/pgflibraryshape
s.multipart.code.tex
File: pgflibraryshapes.multipart.code.tex 2020/01/08 v3.1.5b (3.1.5b)
\pgfnodepartlowerbox=\box56
\pgfnodeparttwobox=\box57
\pgfnodepartthreebox=\box58
\pgfnodepartfourbox=\box59
\pgfnodeparttwentybox=\box60
\pgfnodepartnineteenbox=\box61
\pgfnodeparteighteenbox=\box62
\pgfnodepartseventeenbox=\box63
\pgfnodepartsixteenbox=\box64
\pgfnodepartfifteenbox=\box65
\pgfnodepartfourteenbox=\box66
\pgfnodepartthirteenbox=\box67
\pgfnodeparttwelvebox=\box68
\pgfnodepartelevenbox=\box69
\pgfnodeparttenbox=\box70
\pgfnodepartninebox=\box71
\pgfnodeparteightbox=\box72
\pgfnodepartsevenbox=\box73
\pgfnodepartsixbox=\box74
\pgfnodepartfivebox=\box75
)))
(/usr/share/texlive/texmf-dist/tex/generic/pgf/frontendlayer/tikz/libraries/tik
zlibrarydecorations.code.tex
(/usr/share/texlive/texmf-dist/tex/generic/pgf/modules/pgfmoduledecorations.cod
e.tex
\pgfdecoratedcompleteddistance=\dimen188
\pgfdecoratedremainingdistance=\dimen189
\pgfdecoratedinputsegmentcompleteddistance=\dimen190
\pgfdecoratedinputsegmentremainingdistance=\dimen191
\pgf@decorate@distancetomove=\dimen192
\pgf@decorate@repeatstate=\count195
\pgfdecorationsegmentamplitude=\dimen193
\pgfdecorationsegmentlength=\dimen194
)
\tikz@lib@dec@box=\box76
)
(/usr/share/texlive/texmf-dist/tex/generic/pgf/frontendlayer/tikz/libraries/tik
zlibraryshadows.code.tex
File: tikzlibraryshadows.code.tex 2020/01/08 v3.1.5b (3.1.5b)

(/usr/share/texlive/texmf-dist/tex/generic/pgf/frontendlayer/tikz/libraries/tik
zlibraryfadings.code.tex
File: tikzlibraryfadings.code.tex 2020/01/08 v3.1.5b (3.1.5b)

(/usr/share/texlive/texmf-dist/tex/generic/pgf/libraries/pgflibraryfadings.code
.tex
File: pgflibraryfadings.code.tex 2020/01/08 v3.1.5b (3.1.5b)
)))
(/usr/share/texlive/texmf-dist/tex/generic/pgf/frontendlayer/tikz/libraries/tik
zlibrarybackgrounds.code.tex
File: tikzlibrarybackgrounds.code.tex 2020/01/08 v3.1.5b (3.1.5b)
\pgf@layerbox@background=\box77
\pgf@layerboxsaved@background=\box78
)
(/usr/share/texlive/texmf-dist/tex/generic/pgf/frontendlayer/tikz/libraries/tik
zlibrarycalc.code.tex
File: tikzlibrarycalc.code.tex 2020/01/08 v3.1.5b (3.1.5b)
)
(/usr/share/texlive/texmf-dist/tex/generic/pgf/frontendlayer/tikz/libraries/tik
zlibraryfit.code.tex
File: tikzlibraryfit.code.tex 2020/01/08 v3.1.5b (3.1.5b)
)
(/usr/share/texlive/texmf-dist/tex/generic/pgf/frontendlayer/tikz/libraries/tik
zlibrarydecorations.pathmorphing.code.tex
(/usr/share/texlive/texmf-dist/tex/generic/pgf/libraries/decorations/pgflibrary
decorations.pathmorphing.code.tex))
(/usr/share/texlive/texmf-dist/tex/generic/pgf/libraries/pgflibraryarrows.code.
tex
File: pgflibraryarrows.code.tex 2020/01/08 v3.1.5b (3.1.5b)
\arrowsize=\dimen195
)
\TP@innermargin=\dimen196
\TP@visibletextwidth=\dimen197
\TP@visibletextheight=\dimen198
\TP@titlewidth=\dimen199
\titlewidth=\dimen256
\TP@titlelinewidth=\dimen257
\titlelinewidth=\dimen258
\titleinnersep=\dimen259
\TP@titleinnersep=\dimen260
\TP@titletotopverticalspace=\dimen261
\titletotopverticalspace=\dimen262
\TP@titletoblockverticalspace=\dimen263
\TP@titleheight=\dimen264
\titleheight=\dimen265
\titlegraphicheight=\dimen266
\titleposleft=\dimen267
\titleposright=\dimen268
\titlepostop=\dimen269
\titleposbottom=\dimen270
\TP@titlegraphictotitledistance=\dimen271
\TP@colspace=\dimen272
\TP@coltop=\dimen273
\TP@colbottom=\dimen274
\TP@colcenter=\dimen275
\colwidth=\dimen276
\TP@subcolspace=\dimen277
\TP@subcoltop=\dimen278
\TP@subcolbottom=\dimen279
\TP@subcolcenter=\dimen280
\subcolwidth=\dimen281
\TP@blockverticalspace=\dimen282
\TP@blockcenter=\dimen283
\TP@blocktitleinnersep=\dimen284
\blocktitleinnersep=\dimen285
\TP@blockbodyinnersep=\dimen286
\blockbodyinnersep=\dimen287
\TP@blocktitlebox=\box79
\TP@blockbodybox=\box80
\TP@blocktitlewidth=\dimen288
\TP@blockbodywidth=\dimen289
\TP@blockbodyheight=\dimen290
\TP@blocktitleheight=\dimen291
\TP@blocktop=\dimen292
\TP@blocktitleoffsetx=\dimen293
\TP@blocktitleoffsety=\dimen294
\TP@blockbodyoffsetx=\dimen295
\TP@blockbodyoffsety=\dimen296
\TP@blockbodyverticalshift=\dimen297
\blocklinewidth=\dimen298
\TP@innerblockcenter=\dimen299
\TP@innerblocktitleinnersep=\dimen300
\innerblocktitleinnersep=\dimen301
\TP@innerblockbodyinnersep=\dimen302
\innerblockbodyinnersep=\dimen303
\TP@innerblocktitlebox=\box81
\TP@innerblockbodybox=\box82
\TP@innerblocktitlewidth=\dimen304
\TP@innerblockbodywidth=\dimen305
\TP@innerblockbodyheight=\dimen306
\TP@innerblocktitleheight=\dimen307
\TP@innerblocktitleoffsetx=\dimen308
\TP@innerblocktitleoffsety=\dimen309
\TP@innerblockbodyoffsetx=\dimen310
\TP@innerblockbodyoffsety=\dimen311
\TP@innerblockbodyverticalshift=\dimen312
\innerblocklinewidth=\dimen313
\TP@coloredbox=\box83
\TP@coloredboxwidth=\dimen314
\TP@coloredboxlinewidth=\dimen315
\TP@coloredboxinnersep=\dimen316
\TP@coloredboxheight=\dimen317
\TP@noteinnersep=\dimen318
\noteinnersep=\dimen319
\TP@notetargetoffsetx=\dimen320
\TP@notetargetoffsety=\dimen321
\TP@noteradius=\dimen322
\TP@notewidth=\dimen323
\TP@noteheight=\dimen324
\TP@notebox=\box84
\notelinewidth=\dimen325


Package tikzposter Warning: Unknown Option 26pt. on input line 204.


Package tikzposter Warning: Unknown Option paperwidth=36in. on input line 204.


Package tikzposter Warning: Unknown Option paperheight=48in. on input line 204.


(/usr/share/texlive/texmf-dist/tex/latex/extsizes/extarticle.cls
Document Class: extarticle 1996/10/08 v1.0 Non Standard LaTeX document class
(/usr/share/texlive/texmf-dist/tex/latex/base/size10.clo
File: size10.clo 2019/12/20 v1.4l Standard LaTeX file (size option)
)
(/usr/share/texlive/texmf-dist/tex/latex/base/exscale.sty
Package: exscale 2018/09/24 v2.1i Standard LaTeX package exscale
LaTeX Font Info:    Redeclaring symbol font `largesymbols' on input line 57.
LaTeX Font Info:    Overwriting symbol font `largesymbols' in version `normal'
(Font)                  OMX/cmex/m/n --> OMX/cmex/m/n on input line 57.
LaTeX Font Info:    Overwriting symbol font `largesymbols' in version `bold'
(Font)                  OMX/cmex/m/n --> OMX/cmex/m/n on input line 57.
\big@size=\dimen326
)
\c@part=\count196
\c@section=\count197
\c@subsection=\count198
\c@subsubsection=\count199
\c@paragraph=\count266
\c@subparagraph=\count267
\c@figure=\count268
\c@table=\count269
\abovecaptionskip=\skip50
\belowcaptionskip=\skip51
\bibindent=\dimen327
)
(/usr/share/texlive/texmf-dist/tex/latex/geometry/geometry.sty
Package: geometry 2020/01/02 v5.9 Page Geometry

(/usr/share/texlive/texmf-dist/tex/generic/iftex/ifvtex.sty
Package: ifvtex 2019/10/25 v1.7 ifvtex legacy package. Use iftex instead.

(/usr/share/texlive/texmf-dist/tex/generic/iftex/iftex.sty
Package: iftex 2019/11/07 v1.0c TeX engine tests
))
\Gm@cnth=\count270
\Gm@cntv=\count271
\c@Gm@tempcnt=\count272
\Gm@bindingoffset=\dimen328
\Gm@wd@mp=\dimen329
\Gm@odd@mp=\dimen330
\Gm@even@mp=\dimen331
\Gm@layoutwidth=\dimen332
\Gm@layoutheight=\dimen333
\Gm@layouthoffset=\dimen334
\Gm@layoutvoffset=\dimen335
\Gm@dimlist=\toks28
)
(/usr/share/texlive/texmf-dist/tex/latex/a0poster/a0size.sty
File: a0size.sty 2004/01/31 v1.22b a0poster class (GK, MW)
LaTeX Font Info:    Redeclaring symbol font `largesymbols' on input line 229.
LaTeX Font Info:    Overwriting symbol font `largesymbols' in version `normal'
(Font)                  OMX/cmex/m/n --> OMX/cmex/m/n on input line 229.
LaTeX Font Info:    Overwriting symbol font `largesymbols' in version `bold'
(Font)                  OMX/cmex/m/n --> OMX/cmex/m/n on input line 229.
\big@size=\dimen336
)
\pgf@layerbox@backgroundlayer=\box85
\pgf@layerboxsaved@backgroundlayer=\box86
\pgf@layerbox@notelayer=\box87
\pgf@layerboxsaved@notelayer=\box88

(/usr/share/texlive/texmf-dist/tex/latex/tikzposter/tikzposterColorpalettes.tex
) (/usr/share/texlive/texmf-dist/tex/latex/tikzposter/tikzposterColorstyles.tex
)
(/usr/share/texlive/texmf-dist/tex/latex/tikzposter/tikzposterBackgroundstyles.
tex)
(/usr/share/texlive/texmf-dist/tex/latex/tikzposter/tikzposterTitlestyles.tex)
(/usr/share/texlive/texmf-dist/tex/latex/tikzposter/tikzposterBlockstyles.tex)
(/usr/share/texlive/texmf-dist/tex/latex/tikzposter/tikzposterInnerblockstyles.
tex)
(/usr/share/texlive/texmf-dist/tex/latex/tikzposter/tikzposterNotestyles.tex)
(/usr/share/texlive/texmf-dist/tex/latex/tikzposter/tikzposterLayoutthemes.tex)
\c@figurecounter=\count273
) (/usr/share/texlive/texmf-dist/tex/latex/psnfss/helvet.sty
Package: helvet 2005/04/12 PSNFSS-v9.2a (WaS) 
)
(/usr/share/texlive/texmf-dist/tex/latex/base/fontenc.sty
Package: fontenc 2020/02/11 v2.0o Standard LaTeX package
LaTeX Font Info:    Trying to load font information for T1+phv on input line 11
2.

(/usr/share/texlive/texmf-dist/tex/latex/psnfss/t1phv.fd
File: t1phv.fd 2001/06/04 scalable font definitions for T1/phv.
))
(/usr/share/texlive/texmf-dist/tex/latex/braket/braket.sty)
(/usr/share/texlive/texmf-dist/tex/latex/caption/subcaption.sty
Package: subcaption 2020/01/22 v1.3d Sub-captions (AR)

(/usr/share/texlive/texmf-dist/tex/latex/caption/caption.sty
Package: caption 2020/01/03 v3.4h Customizing captions (AR)

(/usr/share/texlive/texmf-dist/tex/latex/caption/caption3.sty
Package: caption3 2020/01/03 v1.8h caption3 kernel (AR)
Package caption3 Info: TeX engine: e-TeX on input line 61.
\captionmargin=\dimen337
\captionmargin@=\dimen338
\captionwidth=\dimen339
\caption@tempdima=\dimen340
\caption@indent=\dimen341
\caption@parindent=\dimen342
\caption@hangindent=\dimen343
Package caption Info: Standard document class detected.
)
\c@caption@flags=\count274
\c@continuedfloat=\count275
)
\c@subfigure=\count276
\c@subtable=\count277
)
(/usr/share/texlive/texmf-dist/tex/latex/adjustbox/adjustbox.sty
Package: adjustbox 2019/01/04 v1.2 Adjusting TeX boxes (trim, clip, ...)

(/usr/share/texlive/texmf-dist/tex/latex/adjustbox/adjcalc.sty
Package: adjcalc 2012/05/16 v1.1 Provides advanced setlength with multiple back
-ends (calc, etex, pgfmath)
)
(/usr/share/texlive/texmf-dist/tex/latex/adjustbox/trimclip.sty
Package: trimclip 2018/04/08 v1.1 Trim and clip general TeX material

(/usr/share/texlive/texmf-dist/tex/latex/collectbox/collectbox.sty
Package: collectbox 2012/05/17 v0.4b Collect macro arguments as boxes
\collectedbox=\box89
)
\tc@llx=\dimen344
\tc@lly=\dimen345
\tc@urx=\dimen346
\tc@ury=\dimen347
Package trimclip Info: Using driver 'tc-pdftex.def'.

(/usr/share/texlive/texmf-dist/tex/latex/adjustbox/tc-pdftex.def
File: tc-pdftex.def 2019/01/04 v2.2 Clipping driver for pdftex
))
\adjbox@Width=\dimen348
\adjbox@Height=\dimen349
\adjbox@Depth=\dimen350
\adjbox@Totalheight=\dimen351
\adjbox@pwidth=\dimen352
\adjbox@pheight=\dimen353
\adjbox@pdepth=\dimen354
\adjbox@ptotalheight=\dimen355

(/usr/share/texlive/texmf-dist/tex/latex/ifoddpage/ifoddpage.sty
Package: ifoddpage 2016/04/23 v1.1 Conditionals for odd/even page detection
\c@checkoddpage=\count278
)
(/usr/share/texlive/texmf-dist/tex/latex/varwidth/varwidth.sty
Package: varwidth 2009/03/30 ver 0.92;  Variable-width minipages
\@vwid@box=\box90
\sift@deathcycles=\count279
\@vwid@loff=\dimen356
\@vwid@roff=\dimen357
))
(/usr/share/texlive/texmf-dist/tex/latex/blindtext/blindtext.sty
Package: blindtext 2012/01/06 V2.0 blindtext-Package

(/usr/share/texlive/texmf-dist/tex/latex/tools/xspace.sty
Package: xspace 2014/10/28 v1.13 Space after command names (DPC,MH)
)
\c@blindtext=\count280
\c@Blindtext=\count281
\c@blind@countparstart=\count282
\blind@countxx=\count283
\blindtext@numBlindtext=\count284
\blind@countyy=\count285
\c@blindlist=\count286
\c@blindlistlevel=\count287
\c@blindlist@level=\count288
\blind@listitem=\count289
\c@blind@listcount=\count290
\c@blind@levelcount=\count291
\blind@mathformula=\count292
\blind@Mathformula=\count293
\c@blind@randomcount=\count294
\c@blind@randommax=\count295
\c@blind@pangramcount=\count296
\c@blind@pangrammax=\count297
)
(/usr/share/texlive/texmf-dist/tex/latex/comment/comment.sty
\CommentStream=\write4

Excluding comment 'comment')
(/usr/share/texlive/texmf-dist/tex/latex/l3backend/l3backend-pdfmode.def
File: l3backend-pdfmode.def 2020-02-03 L3 backend support: PDF mode
\l__kernel_color_stack_int=\count298
\l__pdf_internal_box=\box91
)

LaTeX Warning: Unused global option(s):
    [26pt,paperwidth=36in,paperheight=48in].

(./BEC1_DAMOP_2022.aux)
\openout1 = `BEC1_DAMOP_2022.aux'.

LaTeX Font Info:    Checking defaults for OML/cmm/m/it on input line 100.
LaTeX Font Info:    ... okay on input line 100.
LaTeX Font Info:    Checking defaults for OMS/cmsy/m/n on input line 100.
LaTeX Font Info:    ... okay on input line 100.
LaTeX Font Info:    Checking defaults for OT1/cmr/m/n on input line 100.
LaTeX Font Info:    ... okay on input line 100.
LaTeX Font Info:    Checking defaults for T1/cmr/m/n on input line 100.
LaTeX Font Info:    ... okay on input line 100.
LaTeX Font Info:    Checking defaults for TS1/cmr/m/n on input line 100.
LaTeX Font Info:    ... okay on input line 100.
LaTeX Font Info:    Checking defaults for OMX/cmex/m/n on input line 100.
LaTeX Font Info:    ... okay on input line 100.
LaTeX Font Info:    Checking defaults for U/cmr/m/n on input line 100.
LaTeX Font Info:    ... okay on input line 100.
 ABD: EveryShipout initializing macros
(/usr/share/texlive/texmf-dist/tex/context/base/mkii/supp-pdf.mkii
[Loading MPS to PDF converter (version 2006.09.02).]
\scratchcounter=\count299
\scratchdimen=\dimen358
\scratchbox=\box92
\nofMPsegments=\count300
\nofMParguments=\count301
\everyMPshowfont=\toks29
\MPscratchCnt=\count302
\MPscratchDim=\dimen359
\MPnumerator=\count303
\makeMPintoPDFobject=\count304
\everyMPtoPDFconversion=\toks30
) (/usr/share/texlive/texmf-dist/tex/latex/epstopdf-pkg/epstopdf-base.sty
Package: epstopdf-base 2020-01-24 v2.11 Base part for package epstopdf
Package epstopdf-base Info: Redefining graphics rule for `.eps' on input line 4
85.

(/usr/share/texlive/texmf-dist/tex/latex/latexconfig/epstopdf-sys.cfg
File: epstopdf-sys.cfg 2010/07/13 v1.3 Configuration of (r)epstopdf for TeX Liv
e
))
*geometry* driver: auto-detecting
*geometry* detected driver: pdftex
*geometry* verbose mode - [ preamble ] result:
* driver: pdftex
* paper: a0paper
* layout: <same size as paper>
* layoutoffset:(h,v)=(0.0pt,0.0pt)
* modes: 
* h-part:(L,W,R)=(0.0pt, 2392.87677pt, 0.0pt)
* v-part:(T,H,B)=(0.0pt, 3383.03267pt, 0.0pt)
* \paperwidth=2392.87677pt
* \paperheight=3383.03267pt
* \textwidth=2392.87677pt
* \textheight=3383.03267pt
* \oddsidemargin=-72.26999pt
* \evensidemargin=-72.26999pt
* \topmargin=-109.26999pt
* \headheight=12.0pt
* \headsep=25.0pt
* \topskip=10.0pt
* \footskip=30.0pt
* \marginparwidth=65.0pt
* \marginparsep=11.0pt
* \columnsep=10.0pt
* \skip\footins=9.0pt plus 4.0pt minus 2.0pt
* \hoffset=0.0pt
* \voffset=0.0pt
* \mag=1000
* \@twocolumnfalse
* \@twosidefalse
* \@mparswitchfalse
* \@reversemarginfalse
* (1in=72.27pt=25.4mm, 1cm=28.453pt)

Package caption Info: Begin \AtBeginDocument code.
Package caption Info: End \AtBeginDocument code.
Missing character: There is no 1 in font nullfont!
Missing character: There is no = in font nullfont!
Missing character: There is no 1 in font nullfont!
<figures/header/cua-logo.pdf, id=31, 876.27374pt x 303.1325pt>
File: figures/header/cua-logo.pdf Graphic file (type pdf)
<use figures/header/cua-logo.pdf>
Package pdftex.def Info: figures/header/cua-logo.pdf  used on input line 102.
(pdftex.def)             Requested size: 336.02716pt x 116.24152pt.
Package epstopdf Info: Source file: <figures/header/mit.eps>
(epstopdf)                    date: 2022-05-25 19:05:47
(epstopdf)                    size: 493702 bytes
(epstopdf)             Output file: <figures/header/mit-eps-converted-to.pdf>
(epstopdf)                    date: 2022-05-25 21:50:50
(epstopdf)                    size: 16344 bytes
(epstopdf)             Command: <repstopdf --outfile=figures/header/mit-eps-con
verted-to.pdf figures/header/mit.eps>
(epstopdf)             \includegraphics on input line 102.
Package epstopdf Info: Output file is already uptodate.
<figures/header/mit-eps-converted-to.pdf, id=32, 181.67876pt x 41.15375pt>
File: figures/header/mit-eps-converted-to.pdf Graphic file (type pdf)
<use figures/header/mit-eps-converted-to.pdf>
Package pdftex.def Info: figures/header/mit-eps-converted-to.pdf  used on input
 line 102.
(pdftex.def)             Requested size: 448.0476pt x 101.50322pt.
File: figures/header/cua-logo.pdf Graphic file (type pdf)
<use figures/header/cua-logo.pdf>
Package pdftex.def Info: figures/header/cua-logo.pdf  used on input line 102.
(pdftex.def)             Requested size: 336.02716pt x 116.24152pt.
Package epstopdf Info: Source file: <figures/header/mit.eps>
(epstopdf)                    date: 2022-05-25 19:05:47
(epstopdf)                    size: 493702 bytes
(epstopdf)             Output file: <figures/header/mit-eps-converted-to.pdf>
(epstopdf)                    date: 2022-05-25 21:50:50
(epstopdf)                    size: 16344 bytes
(epstopdf)             Command: <repstopdf --outfile=figures/header/mit-eps-con
verted-to.pdf figures/header/mit.eps>
(epstopdf)             \includegraphics on input line 102.
Package epstopdf Info: Output file is already uptodate.
File: figures/header/mit-eps-converted-to.pdf Graphic file (type pdf)
<use figures/header/mit-eps-converted-to.pdf>
Package pdftex.def Info: figures/header/mit-eps-converted-to.pdf  used on input
 line 102.
(pdftex.def)             Requested size: 448.0476pt x 101.50322pt.
LaTeX Font Info:    Trying to load font information for TS1+phv on input line 1
62.
(/usr/share/texlive/texmf-dist/tex/latex/psnfss/ts1phv.fd
File: ts1phv.fd 2001/06/04 scalable font definitions for TS1/phv.
)
LaTeX Font Info:    Calculating math sizes for size <24> on input line 162.


LaTeX Font Warning: Font shape `OT1/cmr/m/n' in size <24> not available
(Font)              size <24.88> substituted on input line 162.


LaTeX Font Warning: Font shape `OT1/cmr/m/n' in size <16.79993> not available
(Font)              size <17.28> substituted on input line 162.


LaTeX Font Warning: Font shape `OML/cmm/m/it' in size <24> not available
(Font)              size <24.88> substituted on input line 162.


LaTeX Font Warning: Font shape `OML/cmm/m/it' in size <16.79993> not available
(Font)              size <17.28> substituted on input line 162.


LaTeX Font Warning: Font shape `OMS/cmsy/m/n' in size <24> not available
(Font)              size <24.88> substituted on input line 162.


LaTeX Font Warning: Font shape `OMS/cmsy/m/n' in size <16.79993> not available
(Font)              size <17.28> substituted on input line 162.


LaTeX Font Warning: Font shape `OMX/cmex/m/n' in size <24> not available
(Font)              size <24.88> substituted on input line 162.


LaTeX Font Warning: Font shape `OMX/cmex/m/n' in size <16.79993> not available
(Font)              size <17.28> substituted on input line 162.


Underfull \hbox (badness 10000) in paragraph at lines 162--162
[]\T1/phv/m/n/24 Unitary Fermi gas is scale-
 []

<figures/BreitRabiLi6.pdf, id=33, 356.79199pt x 265.45573pt>
File: figures/BreitRabiLi6.pdf Graphic file (type pdf)
<use figures/BreitRabiLi6.pdf>
Package pdftex.def Info: figures/BreitRabiLi6.pdf  used on input line 162.
(pdftex.def)             Requested size: 394.81078pt x 293.74797pt.
Package epstopdf Info: Source file: <figures/Feshbach_Plot.eps>
(epstopdf)                    date: 2022-05-25 22:28:22
(epstopdf)                    size: 194024 bytes
(epstopdf)             Output file: <figures/Feshbach_Plot-eps-converted-to.pdf
>
(epstopdf)                    date: 2022-05-25 22:28:47
(epstopdf)                    size: 155497 bytes
(epstopdf)             Command: <repstopdf --outfile=figures/Feshbach_Plot-eps-
converted-to.pdf figures/Feshbach_Plot.eps>
(epstopdf)             \includegraphics on input line 162.
Package epstopdf Info: Output file is already uptodate.
<figures/Feshbach_Plot-eps-converted-to.pdf, id=34, 460.72125pt x 331.2375pt>
File: figures/Feshbach_Plot-eps-converted-to.pdf Graphic file (type pdf)
<use figures/Feshbach_Plot-eps-converted-to.pdf>
Package pdftex.def Info: figures/Feshbach_Plot-eps-converted-to.pdf  used on in
put line 162.
(pdftex.def)             Requested size: 394.81078pt x 283.84782pt.

Overfull \hbox (35.89388pt too wide) in paragraph at lines 162--162
 [][] 
 []


Overfull \hbox (35.89388pt too wide) in paragraph at lines 162--162
 [] 
 []


Underfull \hbox (badness 10000) in paragraph at lines 162--162
[]\T1/phv/m/n/24 Hollow blue-detuned
 []


Underfull \hbox (badness 1072) in paragraph at lines 162--162
\T1/phv/m/n/24 beams re-al-ize (quasi flat
 []


Underfull \hbox (badness 10000) in paragraph at lines 162--162
[]\T1/phv/m/n/24 Residual har-monic trap
 []

<figures/box_cartoon.pdf, id=35, 409.27907pt x 221.91809pt>
File: figures/box_cartoon.pdf Graphic file (type pdf)
<use figures/box_cartoon.pdf>
Package pdftex.def Info: figures/box_cartoon.pdf  used on input line 162.
(pdftex.def)             Requested size: 491.13242pt x 266.30037pt.

Overfull \hbox (132.21552pt too wide) in paragraph at lines 162--162
 [][] 
 []

<figures/SecondSoundExcitation.pdf, id=36, 487.8225pt x 90.31602pt>
File: figures/SecondSoundExcitation.pdf Graphic file (type pdf)
<use figures/SecondSoundExcitation.pdf>
Package pdftex.def Info: figures/SecondSoundExcitation.pdf  used on input line 
233.
(pdftex.def)             Requested size: 610.15762pt x 250.12965pt.
<figures/local_thermometer.pdf, id=38, 243.91125pt x 172.44025pt>
File: figures/local_thermometer.pdf Graphic file (type pdf)
<use figures/local_thermometer.pdf>
Package pdftex.def Info: figures/local_thermometer.pdf  used on input line 233.

(pdftex.def)             Requested size: 610.15762pt x 203.6348pt.

Overfull \hbox (251.24072pt too wide) in paragraph at lines 233--233
 [] 
 []


Overfull \hbox (251.24072pt too wide) in paragraph at lines 233--233
 [] 
 []

File: figures/local_thermometer.pdf Graphic file (type pdf)
<use figures/local_thermometer.pdf>
Package pdftex.def Info: figures/local_thermometer.pdf  used on input line 233.

(pdftex.def)             Requested size: 284.52756pt x 195.0667pt.

Underfull \hbox (badness 10000) in paragraph at lines 233--233

 []

File: figures/local_thermometer.pdf Graphic file (type pdf)
<use figures/local_thermometer.pdf>
Package pdftex.def Info: figures/local_thermometer.pdf  used on input line 233.

(pdftex.def)             Requested size: 284.52756pt x 195.0667pt.
<figures/TimeEvolution_Slides_noedge.pdf, id=42, 325.215pt x 325.215pt>
File: figures/TimeEvolution_Slides_noedge.pdf Graphic file (type pdf)
<use figures/TimeEvolution_Slides_noedge.pdf>
Package pdftex.def Info: figures/TimeEvolution_Slides_noedge.pdf  used on input
 line 233.
(pdftex.def)             Requested size: 483.69684pt x 263.66174pt.
File: figures/TimeEvolution_Slides_noedge.pdf Graphic file (type pdf)
<use figures/TimeEvolution_Slides_noedge.pdf>
Package pdftex.def Info: figures/TimeEvolution_Slides_noedge.pdf  used on input
 line 233.
(pdftex.def)             Requested size: 483.69684pt x 74.48552pt.

Overfull \hbox (5.1288pt too wide) in paragraph at lines 233--233
[][] 
 []


Overfull \hbox (5.1288pt too wide) in paragraph at lines 233--233
[] 
 []


Underfull \hbox (badness 10000) in paragraph at lines 233--233

 []

<figures/thermal_diffusivity.png, id=45, 151.5261pt x 125.5089pt>
File: figures/thermal_diffusivity.png Graphic file (type png)
<use figures/thermal_diffusivity.png>
Package pdftex.def Info: figures/thermal_diffusivity.png  used on input line 23
3.
(pdftex.def)             Requested size: 312.9803pt x 259.28467pt.


pdfTeX warning: /usr/bin/pdflatex (file ./figures/LocalHeater_Waterfall 6.pdf):
 PDF inclusion: found PDF version <1.6>, but at most version <1.5> allowed
<figures/LocalHeater_Waterfall 6.pdf, id=47, 150.26338pt x 162.6075pt>
File: figures/LocalHeater_Waterfall 6.pdf Graphic file (type pdf)
<use figures/LocalHeater_Waterfall 6.pdf>
Package pdftex.def Info: figures/LocalHeater_Waterfall 6.pdf  used on input lin
e 233.
(pdftex.def)             Requested size: 441.01772pt x 477.28618pt.

Overfull \hbox (82.10081pt too wide) in paragraph at lines 233--233
[][] 
 []

Package epstopdf Info: Source file: <figures/Spin_Flip_Picture_3.eps>
(epstopdf)                    date: 2022-05-26 01:43:45
(epstopdf)                    size: 47164 bytes
(epstopdf)             Output file: <figures/Spin_Flip_Picture_3-eps-converted-
to.pdf>
(epstopdf)                    date: 2022-05-26 01:43:55
(epstopdf)                    size: 14181 bytes
(epstopdf)             Command: <repstopdf --outfile=figures/Spin_Flip_Picture_
3-eps-converted-to.pdf figures/Spin_Flip_Picture_3.eps>
(epstopdf)             \includegraphics on input line 252.
Package epstopdf Info: Output file is already uptodate.
<figures/Spin_Flip_Picture_3-eps-converted-to.pdf, id=48, 34.1275pt x 16.06pt>
File: figures/Spin_Flip_Picture_3-eps-converted-to.pdf Graphic file (type pdf)
<use figures/Spin_Flip_Picture_3-eps-converted-to.pdf>
Package pdftex.def Info: figures/Spin_Flip_Picture_3-eps-converted-to.pdf  used
 on input line 252.
(pdftex.def)             Requested size: 71.13188pt x 33.47603pt.

Overfull \hbox (68.28644pt too wide) in paragraph at lines 252--252
[][] 
 []


Underfull \hbox (badness 3078) in paragraph at lines 340--340
[]\T1/phv/m/n/24 Image den-sity waves in-situ -- ex-tract
 []

<figures/first_sound_cartoon.pdf, id=49, 464.49333pt x 260.17201pt>
File: figures/first_sound_cartoon.pdf Graphic file (type pdf)
<use figures/first_sound_cartoon.pdf>
Package pdftex.def Info: figures/first_sound_cartoon.pdf  used on input line 34
0.
(pdftex.def)             Requested size: 234.50096pt x 131.3481pt.
<figures/first_sound_injection.png, id=50, 264.99pt x 227.85126pt>
File: figures/first_sound_injection.png Graphic file (type png)
<use figures/first_sound_injection.png>
Package pdftex.def Info: figures/first_sound_injection.png  used on input line 
340.
(pdftex.def)             Requested size: 234.50096pt x 202.55621pt.
<figures/first_sound_shake.pdf, id=52, 57.23784pt x 57.23784pt>
File: figures/first_sound_shake.pdf Graphic file (type pdf)
<use figures/first_sound_shake.pdf>
Package pdftex.def Info: figures/first_sound_shake.pdf  used on input line 340.

(pdftex.def)             Requested size: 179.46758pt x 179.47739pt.
<figures/first_sound_background.pdf, id=53, 57.23784pt x 57.23784pt>
File: figures/first_sound_background.pdf Graphic file (type pdf)
<use figures/first_sound_background.pdf>
Package pdftex.def Info: figures/first_sound_background.pdf  used on input line
 340.
(pdftex.def)             Requested size: 179.46758pt x 179.47739pt.
<figures/shake-minus-background.pdf, id=54, 73.4745pt x 68.95763pt>
File: figures/shake-minus-background.pdf Graphic file (type pdf)
<use figures/shake-minus-background.pdf>
Package pdftex.def Info: figures/shake-minus-background.pdf  used on input line
 340.
(pdftex.def)             Requested size: 179.46758pt x 168.44678pt.
<figures/sound_diff_disp.pdf, id=55, 520.34402pt x 173.448pt>
File: figures/sound_diff_disp.pdf Graphic file (type pdf)
<use figures/sound_diff_disp.pdf>
Package pdftex.def Info: figures/sound_diff_disp.pdf  used on input line 340.
(pdftex.def)             Requested size: 717.87033pt x 362.08662pt.

Overfull \hbox (18.91315pt too wide) in paragraph at lines 340--340
[]$[]$   $[]$ 
 []


Underfull \hbox (badness 10000) in paragraph at lines 340--340
[]\T1/phv/m/n/24 Hydrodynamics pre-dicts
 []


Underfull \hbox (badness 10000) in paragraph at lines 340--340
\T1/phv/m/n/24 pro-por-tion-al-ity con-stant
 []


Underfull \hbox (badness 1259) in paragraph at lines 340--340
\T1/phv/m/n/24 cos-ity and ther-mal con-
 []


Underfull \hbox (badness 1533) in paragraph at lines 340--340
\T1/phv/m/n/24 us-ing width of res-o-nant
 []

<figures/fundamental_modes.pdf, id=57, 426.91695pt x 209.65227pt>
File: figures/fundamental_modes.pdf Graphic file (type pdf)
<use figures/fundamental_modes.pdf>
Package pdftex.def Info: figures/fundamental_modes.pdf  used on input line 340.

(pdftex.def)             Requested size: 256.0748pt x 392.76752pt.
<figures/First Sound Resonance Widths.pdf, id=59, 252.945pt x 317.34058pt>
File: figures/First Sound Resonance Widths.pdf Graphic file (type pdf)
<use figures/First Sound Resonance Widths.pdf>
Package pdftex.def Info: figures/First Sound Resonance Widths.pdf  used on inpu
t line 340.
(pdftex.def)             Requested size: 284.52756pt x 356.96852pt.
<figures/sound_diffusivity.pdf, id=60, 247.42236pt x 306.61252pt>
File: figures/sound_diffusivity.pdf Graphic file (type pdf)
<use figures/sound_diffusivity.pdf>
Package pdftex.def Info: figures/sound_diffusivity.pdf  used on input line 340.

(pdftex.def)             Requested size: 312.9803pt x 387.87772pt.

Overfull \hbox (112.19193pt too wide) in paragraph at lines 340--340
[]$[]$   $[]$   $[]$ 
 []

<figures/transport.pdf, id=61, 614.295pt x 794.97pt>
File: figures/transport.pdf Graphic file (type pdf)
<use figures/transport.pdf>
Package pdftex.def Info: figures/transport.pdf  used on input line 423.
(pdftex.def)             Requested size: 1148.57062pt x 406.68198pt.

Overfull \hbox (201.95439pt too wide) in paragraph at lines 423--423
[]$[]$ 
 []


Underfull \hbox (badness 3000) in paragraph at lines 423--423
[]\T1/phv/m/n/24 Viscosity in rea-son-able agree-
 []


Underfull \hbox (badness 10000) in paragraph at lines 423--423
[]\T1/phv/m/n/24 Thermal con-duc-tiv-ity dif-fers
 []

<figures/prandtl.pdf, id=63, 614.295pt x 794.97pt>
File: figures/prandtl.pdf Graphic file (type pdf)
<use figures/prandtl.pdf>
Package pdftex.def Info: figures/prandtl.pdf  used on input line 423.
(pdftex.def)             Requested size: 526.4358pt x 481.39116pt.

Overfull \hbox (10.51987pt too wide) in paragraph at lines 423--423
 []$ 
 []

LaTeX Font Info:    Font shape `T1/phv/m/it' in size <24> not available
(Font)              Font shape `T1/phv/m/sl' tried instead on input line 460.
[1

{/var/lib/texmf/fonts/map/pdftex/updmap/pdftex.map} <./figures/SecondSoundExcit
ation.pdf> <./figures/local_thermometer.pdf> <./figures/TimeEvolution_Slides_no
edge.pdf> <./figures/first_sound_injection.png> <./figures/sound_diff_disp.pdf>
 <./figures/fundamental_modes.pdf> <./figures/transport.pdf> <./figures/prandtl
.pdf> <./figures/header/cua-logo.pdf> <./figures/header/mit-eps-converted-to.pd
f> <./figures/BreitRabiLi6.pdf

pdfTeX warning: /usr/bin/pdflatex (file ./figures/BreitRabiLi6.pdf): PDF inclus
ion: multiple pdfs with page group included in a single page
> <./figures/Feshbach_Plot-eps-converted-to.pdf> <./figures/box_cartoon.pdf

pdfTeX warning: /usr/bin/pdflatex (file ./figures/box_cartoon.pdf): PDF inclusi
on: multiple pdfs with page group included in a single page
> <./figures/thermal_diffusivity.png> <./figures/LocalHeater_Waterfall 6.pdf

pdfTeX warning: /usr/bin/pdflatex (file ./figures/LocalHeater_Waterfall 6.pdf):
 PDF inclusion: multiple pdfs with page group included in a single page
> <./figures/first_sound_cartoon.pdf

pdfTeX warning: /usr/bin/pdflatex (file ./figures/first_sound_cartoon.pdf): PDF
 inclusion: multiple pdfs with page group included in a single page
> <./figures/first_sound_shake.pdf> <./figures/first_sound_background.pdf> <./f
igures/shake-minus-background.pdf> <./figures/First Sound Resonance Widths.pdf>
 <./figures/sound_diffusivity.pdf

pdfTeX warning: /usr/bin/pdflatex (file ./figures/sound_diffusivity.pdf): PDF i
nclusion: multiple pdfs with page group included in a single page
> <./figures/Spin_Flip_Picture_3-eps-converted-to.pdf>] (./BEC1_DAMOP_2022.aux)

LaTeX Font Warning: Size substitutions with differences
(Font)              up to 0.88pt have occurred.

 ) 
Here is how much of TeX's memory you used:
 19438 strings out of 481239
 419252 string characters out of 5920378
 705241 words of memory out of 5000000
 34287 multiletter control sequences out of 15000+600000
 582748 words of font info for 76 fonts, out of 8000000 for 9000
 1141 hyphenation exceptions out of 8191
 68i,12n,100p,831b,985s stack positions out of 5000i,500n,10000p,200000b,80000s
{/usr/share/texlive/texmf-dist/fonts/enc/dvips/base/8r.enc}</usr/share/texliv
e/texmf-dist/fonts/type1/public/amsfonts/cm/cmmi12.pfb></usr/share/texlive/texm
f-dist/fonts/type1/public/amsfonts/cm/cmmi8.pfb></usr/share/texlive/texmf-dist/
fonts/type1/public/amsfonts/cm/cmr12.pfb></usr/share/texlive/texmf-dist/fonts/t
ype1/public/amsfonts/cm/cmr17.pfb></usr/share/texlive/texmf-dist/fonts/type1/pu
blic/amsfonts/cm/cmr8.pfb></usr/share/texlive/texmf-dist/fonts/type1/public/ams
fonts/cm/cmsy10.pfb></usr/share/texmf/fonts/type1/public/cm-super/sfbx1200.pfb>
</usr/share/texmf/fonts/type1/public/cm-super/sfrm1200.pfb></usr/share/texlive/
texmf-dist/fonts/type1/urw/helvetic/uhvb8a.pfb></usr/share/texlive/texmf-dist/f
onts/type1/urw/helvetic/uhvr8a.pfb></usr/share/texlive/texmf-dist/fonts/type1/u
rw/helvetic/uhvro8a.pfb>
Output written on BEC1_DAMOP_2022.pdf (1 page, 8434010 bytes).
PDF statistics:
 10128 PDF objects out of 10688 (max. 8388607)
 5066 compressed objects within 51 object streams
 0 named destinations out of 1000 (max. 500000)
 291 words of extra memory for PDF output out of 10000 (max. 10000000)

