\BOOKMARK [2][-]{section*.1}{Preface}{}% 1
\BOOKMARK [1][-]{section.1}{An algorithm for solving a system of linear equations}{}% 2
\BOOKMARK [2][-]{subsection.1.1}{Row-reduced echelon form}{section.1}% 3
\BOOKMARK [2][-]{subsection.1.2}{On the number of solutions to a linear system}{section.1}% 4
\BOOKMARK [1][-]{section.2}{Matrix algebra}{}% 5
\BOOKMARK [2][-]{subsection.2.1}{Review of the inner product of vectors}{section.2}% 6
\BOOKMARK [2][-]{subsection.2.2}{Matrix addition}{section.2}% 7
\BOOKMARK [2][-]{subsection.2.3}{Matrix multiplication}{section.2}% 8
\BOOKMARK [2][-]{subsection.2.4}{Rules of matrix algebra}{section.2}% 9
\BOOKMARK [1][-]{section.3}{Linear transformation}{}% 10
\BOOKMARK [2][-]{subsection.3.1}{Common linear transformations}{section.3}% 11
\BOOKMARK [3][-]{subsubsection.3.1.1}{Projection}{subsection.3.1}% 12
\BOOKMARK [3][-]{subsubsection.3.1.2}{Rotation}{subsection.3.1}% 13
\BOOKMARK [3][-]{subsubsection.3.1.3}{Reflection}{subsection.3.1}% 14
\BOOKMARK [3][-]{subsubsection.3.1.4}{Horizontal shear}{subsection.3.1}% 15
\BOOKMARK [3][-]{subsubsection.3.1.5}{Vertical shear}{subsection.3.1}% 16
\BOOKMARK [2][-]{subsection.3.2}{Inverses of linear transformation}{section.3}% 17
\BOOKMARK [2][-]{subsection.3.3}{Rank, kernel, and image}{section.3}% 18
\BOOKMARK [1][-]{section.4}{Vector spaces}{}% 19
\BOOKMARK [2][-]{subsection.4.1}{Basis, span, and linear independence}{section.4}% 20
\BOOKMARK [2][-]{subsection.4.2}{Dimension of a vector space}{section.4}% 21
\BOOKMARK [1][-]{section.5}{Coordinates}{}% 22
\BOOKMARK [2][-]{subsection.5.1}{Conversion formula}{section.5}% 23
\BOOKMARK [2][-]{subsection.5.2}{Change of basis for a linear map}{section.5}% 24
\BOOKMARK [1][-]{section.6}{Introduction to Linear Spaces}{}% 25
\BOOKMARK [2][-]{subsection.6.1}{Rank-Nullity theorem}{section.6}% 26
\BOOKMARK [2][-]{subsection.6.2}{Isomorphism}{section.6}% 27
\BOOKMARK [2][-]{subsection.6.3}{The matrix of a linear map}{section.6}% 28
\BOOKMARK [1][-]{section.7}{Euclidean geometry in Rn}{}% 29
\BOOKMARK [1][-]{section.8}{Determinant}{}% 30
\BOOKMARK [1][-]{section.9}{Eigenvalues and eigenvectors}{}% 31
\BOOKMARK [2][-]{subsection.9.1}{Geometric and algebraic multiplicity}{section.9}% 32
