This is pdfTeX, Version 3.141592653-2.6-1.40.24 (TeX Live 2022) (preloaded format=pdflatex 2022.10.1)  29 MAR 2023 21:04
entering extended mode
 restricted \write18 enabled.
 file:line:error style messages enabled.
 %&-line parsing enabled.
**BUI_AMO_2_Pset6.tex
(./BUI_AMO_2_Pset6.tex
LaTeX2e <2021-11-15> patch level 1
L3 programming layer <2022-02-24>
(/usr/local/texlive/2022/texmf-dist/tex/latex/base/article.cls
Document Class: article 2021/10/04 v1.4n Standard LaTeX document class
(/usr/local/texlive/2022/texmf-dist/tex/latex/base/size10.clo
File: size10.clo 2021/10/04 v1.4n Standard LaTeX file (size option)
)
\c@part=\count185
\c@section=\count186
\c@subsection=\count187
\c@subsubsection=\count188
\c@paragraph=\count189
\c@subparagraph=\count190
\c@figure=\count191
\c@table=\count192
\abovecaptionskip=\skip47
\belowcaptionskip=\skip48
\bibindent=\dimen138
)
(/usr/local/texlive/2022/texmf-dist/tex/latex/physics/physics.sty
Package: physics 

(/usr/local/texlive/2022/texmf-dist/tex/latex/l3packages/xparse/xparse.sty
(/usr/local/texlive/2022/texmf-dist/tex/latex/l3kernel/expl3.sty
Package: expl3 2022-02-24 L3 programming layer (loader) 

(/usr/local/texlive/2022/texmf-dist/tex/latex/l3backend/l3backend-pdftex.def
File: l3backend-pdftex.def 2022-02-07 L3 backend support: PDF output (pdfTeX)
\l__color_backend_stack_int=\count193
\l__pdf_internal_box=\box50
))
Package: xparse 2022-01-12 L3 Experimental document command parser
) (/usr/local/texlive/2022/texmf-dist/tex/latex/amsmath/amsmath.sty
Package: amsmath 2021/10/15 v2.17l AMS math features
\@mathmargin=\skip49

For additional information on amsmath, use the `?' option.
(/usr/local/texlive/2022/texmf-dist/tex/latex/amsmath/amstext.sty
Package: amstext 2021/08/26 v2.01 AMS text

(/usr/local/texlive/2022/texmf-dist/tex/latex/amsmath/amsgen.sty
File: amsgen.sty 1999/11/30 v2.0 generic functions
\@emptytoks=\toks16
\ex@=\dimen139
))
(/usr/local/texlive/2022/texmf-dist/tex/latex/amsmath/amsbsy.sty
Package: amsbsy 1999/11/29 v1.2d Bold Symbols
\pmbraise@=\dimen140
)
(/usr/local/texlive/2022/texmf-dist/tex/latex/amsmath/amsopn.sty
Package: amsopn 2021/08/26 v2.02 operator names
)
\inf@bad=\count194
LaTeX Info: Redefining \frac on input line 234.
\uproot@=\count195
\leftroot@=\count196
LaTeX Info: Redefining \overline on input line 399.
\classnum@=\count197
\DOTSCASE@=\count198
LaTeX Info: Redefining \ldots on input line 496.
LaTeX Info: Redefining \dots on input line 499.
LaTeX Info: Redefining \cdots on input line 620.
\Mathstrutbox@=\box51
\strutbox@=\box52
\big@size=\dimen141
LaTeX Font Info:    Redeclaring font encoding OML on input line 743.
LaTeX Font Info:    Redeclaring font encoding OMS on input line 744.
\macc@depth=\count199
\c@MaxMatrixCols=\count266
\dotsspace@=\muskip16
\c@parentequation=\count267
\dspbrk@lvl=\count268
\tag@help=\toks17
\row@=\count269
\column@=\count270
\maxfields@=\count271
\andhelp@=\toks18
\eqnshift@=\dimen142
\alignsep@=\dimen143
\tagshift@=\dimen144
\tagwidth@=\dimen145
\totwidth@=\dimen146
\lineht@=\dimen147
\@envbody=\toks19
\multlinegap=\skip50
\multlinetaggap=\skip51
\mathdisplay@stack=\toks20
LaTeX Info: Redefining \[ on input line 2938.
LaTeX Info: Redefining \] on input line 2939.
))
(/usr/local/texlive/2022/texmf-dist/tex/latex/graphics/graphicx.sty
Package: graphicx 2021/09/16 v1.2d Enhanced LaTeX Graphics (DPC,SPQR)

(/usr/local/texlive/2022/texmf-dist/tex/latex/graphics/keyval.sty
Package: keyval 2014/10/28 v1.15 key=value parser (DPC)
\KV@toks@=\toks21
)
(/usr/local/texlive/2022/texmf-dist/tex/latex/graphics/graphics.sty
Package: graphics 2021/03/04 v1.4d Standard LaTeX Graphics (DPC,SPQR)

(/usr/local/texlive/2022/texmf-dist/tex/latex/graphics/trig.sty
Package: trig 2021/08/11 v1.11 sin cos tan (DPC)
)
(/usr/local/texlive/2022/texmf-dist/tex/latex/graphics-cfg/graphics.cfg
File: graphics.cfg 2016/06/04 v1.11 sample graphics configuration
)
Package graphics Info: Driver file: pdftex.def on input line 107.

(/usr/local/texlive/2022/texmf-dist/tex/latex/graphics-def/pdftex.def
File: pdftex.def 2020/10/05 v1.2a Graphics/color driver for pdftex
))
\Gin@req@height=\dimen148
\Gin@req@width=\dimen149
)
(/usr/local/texlive/2022/texmf-dist/tex/latex/caption/caption.sty
Package: caption 2022/03/01 v3.6b Customizing captions (AR)

(/usr/local/texlive/2022/texmf-dist/tex/latex/caption/caption3.sty
Package: caption3 2022/03/17 v2.3b caption3 kernel (AR)
\caption@tempdima=\dimen150
\captionmargin=\dimen151
\caption@leftmargin=\dimen152
\caption@rightmargin=\dimen153
\caption@width=\dimen154
\caption@indent=\dimen155
\caption@parindent=\dimen156
\caption@hangindent=\dimen157
Package caption Info: Standard document class detected.
)
\c@caption@flags=\count272
\c@continuedfloat=\count273
)
(/usr/local/texlive/2022/texmf-dist/tex/latex/tools/bm.sty
Package: bm 2021/04/25 v1.2e Bold Symbol Support (DPC/FMi)
\symboldoperators=\mathgroup4
\symboldletters=\mathgroup5
\symboldsymbols=\mathgroup6
Package bm Info: No bold for \OMX/cmex/m/n, using \pmb.
LaTeX Font Info:    Redeclaring math alphabet \mathbf on input line 149.
)
(/usr/local/texlive/2022/texmf-dist/tex/latex/framed/framed.sty
Package: framed 2011/10/22 v 0.96: framed or shaded text with page breaks
\OuterFrameSep=\skip52
\fb@frw=\dimen158
\fb@frh=\dimen159
\FrameRule=\dimen160
\FrameSep=\dimen161
)
(/usr/local/texlive/2022/texmf-dist/tex/latex/preprint/authblk.sty
Package: authblk 2001/02/27 1.3 (PWD)
\affilsep=\skip53
\@affilsep=\skip54
\c@Maxaffil=\count274
\c@authors=\count275
\c@affil=\count276
)
(/usr/local/texlive/2022/texmf-dist/tex/latex/mathtools/empheq.sty
Package: empheq 2017/03/31 v2.15 Emphasizing equations

(/usr/local/texlive/2022/texmf-dist/tex/latex/mathtools/mhsetup.sty
Package: mhsetup 2021/03/18 v1.4 programming setup (MH)
)
(/usr/local/texlive/2022/texmf-dist/tex/latex/mathtools/mathtools.sty
Package: mathtools 2022/02/07 v1.28a mathematical typesetting tools

(/usr/local/texlive/2022/texmf-dist/tex/latex/tools/calc.sty
Package: calc 2017/05/25 v4.3 Infix arithmetic (KKT,FJ)
\calc@Acount=\count277
\calc@Bcount=\count278
\calc@Adimen=\dimen162
\calc@Bdimen=\dimen163
\calc@Askip=\skip55
\calc@Bskip=\skip56
LaTeX Info: Redefining \setlength on input line 80.
LaTeX Info: Redefining \addtolength on input line 81.
\calc@Ccount=\count279
\calc@Cskip=\skip57
)
\g_MT_multlinerow_int=\count280
\l_MT_multwidth_dim=\dimen164
\origjot=\skip58
\l_MT_shortvdotswithinadjustabove_dim=\dimen165
\l_MT_shortvdotswithinadjustbelow_dim=\dimen166
\l_MT_above_intertext_sep=\dimen167
\l_MT_below_intertext_sep=\dimen168
\l_MT_above_shortintertext_sep=\dimen169
\l_MT_below_shortintertext_sep=\dimen170
\xmathstrut@box=\box53
\xmathstrut@dim=\dimen171
)
\l_EQ_equationtype_int=\count281
\l_EQ_alignmentmode_int=\count282
\l_EQ_totalwidth_dim=\dimen172
\l_EQ_displaywidth_dim=\dimen173
\l_EQ_temp_linewidth_dim=\dimen174
\l_EQ_linewidth_dim=\dimen175
\EmphEqdelimitershortfall=\dimen176
\EmphEqdelimiterfactor=\count283
\g_EQ_toptag_height_dim=\dimen177
\g_EQ_bottomtag_depth_dim=\dimen178
\g_EQ_toprow_height_dim=\dimen179
\g_EQ_bottomrow_depth_dim=\dimen180
\g_EQ_widesttag_dim=\dimen181
\EQ_mathdisplay_box=\box54
\EQ_tag_box=\box55
\g_EQ_temprow_int=\count284
)
(/usr/local/texlive/2022/texmf-dist/tex/latex/amsfonts/amsfonts.sty
Package: amsfonts 2013/01/14 v3.01 Basic AMSFonts support
\symAMSa=\mathgroup7
\symAMSb=\mathgroup8
LaTeX Font Info:    Redeclaring math symbol \hbar on input line 98.
LaTeX Font Info:    Overwriting math alphabet `\mathfrak' in version `bold'
(Font)                  U/euf/m/n --> U/euf/b/n on input line 106.
)
(/usr/local/texlive/2022/texmf-dist/tex/latex/esint/esint.sty
Package: esint 
\symlargesymbolsA=\mathgroup9
)
(/usr/local/texlive/2022/texmf-dist/tex/latex/cancel/cancel.sty
Package: cancel 2013/04/12 v2.2 Cancel math terms
)
(/usr/local/texlive/2022/texmf-dist/tex/latex/doublestroke/dsfont.sty
Package: dsfont 1995/08/01 v0.1 Double stroke roman fonts
)
(/usr/local/texlive/2022/texmf-dist/tex/latex/oberdiek/centernot.sty
Package: centernot 2016/05/16 v1.4 Centers the not symbol horizontally (HO)
)
(/usr/local/texlive/2022/texmf-dist/tex/latex/caption/subcaption.sty
Package: subcaption 2022/01/07 v1.5 Sub-captions (AR)
\c@subfigure=\count285
\c@subtable=\count286
)
(/usr/local/texlive/2022/texmf-dist/tex/latex/bigints/bigints.sty
Package: bigints 2010/02/15 Writing big integrals
Package bigints Info: This is Bigints by Merciadri Luca. on input line 5.
)
(/usr/local/texlive/2022/texmf-dist/tex/latex/amscls/amsthm.sty
Package: amsthm 2020/05/29 v2.20.6
\thm@style=\toks22
\thm@bodyfont=\toks23
\thm@headfont=\toks24
\thm@notefont=\toks25
\thm@headpunct=\toks26
\thm@preskip=\skip59
\thm@postskip=\skip60
\thm@headsep=\skip61
\dth@everypar=\toks27
)
\c@lemma=\count287
\c@defn=\count288
\c@prop=\count289
\c@rmk=\count290
\c@thm=\count291
\c@exmp=\count292
\c@prob=\count293
\c@sln=\count294
\c@exer=\count295

(/usr/local/texlive/2022/texmf-dist/tex/latex/tensor/tensor.sty
Package: tensor 2004/12/20 v2.1 tensor indices package (PGR)
\tnsr@Sps=\toks28
\tnsr@Sbs=\toks29
\tnsr@Spe=\toks30
\tnsr@Sbe=\toks31
\ncld@Mno=\toks32
)
(/usr/local/texlive/2022/texmf-dist/tex/latex/xcolor/xcolor.sty
Package: xcolor 2021/10/31 v2.13 LaTeX color extensions (UK)

(/usr/local/texlive/2022/texmf-dist/tex/latex/graphics-cfg/color.cfg
File: color.cfg 2016/01/02 v1.6 sample color configuration
)
Package xcolor Info: Driver file: pdftex.def on input line 227.
Package xcolor Info: Model `cmy' substituted by `cmy0' on input line 1352.
Package xcolor Info: Model `hsb' substituted by `rgb' on input line 1356.
Package xcolor Info: Model `RGB' extended on input line 1368.
Package xcolor Info: Model `HTML' substituted by `rgb' on input line 1370.
Package xcolor Info: Model `Hsb' substituted by `hsb' on input line 1371.
Package xcolor Info: Model `tHsb' substituted by `hsb' on input line 1372.
Package xcolor Info: Model `HSB' substituted by `hsb' on input line 1373.
Package xcolor Info: Model `Gray' substituted by `gray' on input line 1374.
Package xcolor Info: Model `wave' substituted by `hsb' on input line 1375.
)
(/usr/local/texlive/2022/texmf-dist/tex/latex/hyperref/hyperref.sty
Package: hyperref 2022-02-21 v7.00n Hypertext links for LaTeX

(/usr/local/texlive/2022/texmf-dist/tex/generic/ltxcmds/ltxcmds.sty
Package: ltxcmds 2020-05-10 v1.25 LaTeX kernel commands for general use (HO)
)
(/usr/local/texlive/2022/texmf-dist/tex/generic/iftex/iftex.sty
Package: iftex 2022/02/03 v1.0f TeX engine tests
)
(/usr/local/texlive/2022/texmf-dist/tex/generic/pdftexcmds/pdftexcmds.sty
Package: pdftexcmds 2020-06-27 v0.33 Utility functions of pdfTeX for LuaTeX (HO
)

(/usr/local/texlive/2022/texmf-dist/tex/generic/infwarerr/infwarerr.sty
Package: infwarerr 2019/12/03 v1.5 Providing info/warning/error messages (HO)
)
Package pdftexcmds Info: \pdf@primitive is available.
Package pdftexcmds Info: \pdf@ifprimitive is available.
Package pdftexcmds Info: \pdfdraftmode found.
)
(/usr/local/texlive/2022/texmf-dist/tex/generic/kvsetkeys/kvsetkeys.sty
Package: kvsetkeys 2019/12/15 v1.18 Key value parser (HO)
)
(/usr/local/texlive/2022/texmf-dist/tex/generic/kvdefinekeys/kvdefinekeys.sty
Package: kvdefinekeys 2019-12-19 v1.6 Define keys (HO)
)
(/usr/local/texlive/2022/texmf-dist/tex/generic/pdfescape/pdfescape.sty
Package: pdfescape 2019/12/09 v1.15 Implements pdfTeX's escape features (HO)
)
(/usr/local/texlive/2022/texmf-dist/tex/latex/hycolor/hycolor.sty
Package: hycolor 2020-01-27 v1.10 Color options for hyperref/bookmark (HO)
)
(/usr/local/texlive/2022/texmf-dist/tex/latex/letltxmacro/letltxmacro.sty
Package: letltxmacro 2019/12/03 v1.6 Let assignment for LaTeX macros (HO)
)
(/usr/local/texlive/2022/texmf-dist/tex/latex/auxhook/auxhook.sty
Package: auxhook 2019-12-17 v1.6 Hooks for auxiliary files (HO)
)
(/usr/local/texlive/2022/texmf-dist/tex/latex/kvoptions/kvoptions.sty
Package: kvoptions 2020-10-07 v3.14 Key value format for package options (HO)
)
\@linkdim=\dimen182
\Hy@linkcounter=\count296
\Hy@pagecounter=\count297

(/usr/local/texlive/2022/texmf-dist/tex/latex/hyperref/pd1enc.def
File: pd1enc.def 2022-02-21 v7.00n Hyperref: PDFDocEncoding definition (HO)
Now handling font encoding PD1 ...
... no UTF-8 mapping file for font encoding PD1
)
(/usr/local/texlive/2022/texmf-dist/tex/generic/intcalc/intcalc.sty
Package: intcalc 2019/12/15 v1.3 Expandable calculations with integers (HO)
)
(/usr/local/texlive/2022/texmf-dist/tex/generic/etexcmds/etexcmds.sty
Package: etexcmds 2019/12/15 v1.7 Avoid name clashes with e-TeX commands (HO)
)
\Hy@SavedSpaceFactor=\count298

(/usr/local/texlive/2022/texmf-dist/tex/latex/hyperref/puenc.def
File: puenc.def 2022-02-21 v7.00n Hyperref: PDF Unicode definition (HO)
Now handling font encoding PU ...
... no UTF-8 mapping file for font encoding PU
)
Package hyperref Info: Hyper figures OFF on input line 4137.
Package hyperref Info: Link nesting OFF on input line 4142.
Package hyperref Info: Hyper index ON on input line 4145.
Package hyperref Info: Plain pages OFF on input line 4152.
Package hyperref Info: Backreferencing OFF on input line 4157.
Package hyperref Info: Implicit mode ON; LaTeX internals redefined.
Package hyperref Info: Bookmarks ON on input line 4390.
\c@Hy@tempcnt=\count299

(/usr/local/texlive/2022/texmf-dist/tex/latex/url/url.sty
\Urlmuskip=\muskip17
Package: url 2013/09/16  ver 3.4  Verb mode for urls, etc.
)
LaTeX Info: Redefining \url on input line 4749.
\XeTeXLinkMargin=\dimen183

(/usr/local/texlive/2022/texmf-dist/tex/generic/bitset/bitset.sty
Package: bitset 2019/12/09 v1.3 Handle bit-vector datatype (HO)

(/usr/local/texlive/2022/texmf-dist/tex/generic/bigintcalc/bigintcalc.sty
Package: bigintcalc 2019/12/15 v1.5 Expandable calculations on big integers (HO
)
))
\Fld@menulength=\count300
\Field@Width=\dimen184
\Fld@charsize=\dimen185
Package hyperref Info: Hyper figures OFF on input line 6027.
Package hyperref Info: Link nesting OFF on input line 6032.
Package hyperref Info: Hyper index ON on input line 6035.
Package hyperref Info: backreferencing OFF on input line 6042.
Package hyperref Info: Link coloring OFF on input line 6047.
Package hyperref Info: Link coloring with OCG OFF on input line 6052.
Package hyperref Info: PDF/A mode OFF on input line 6057.
LaTeX Info: Redefining \ref on input line 6097.
LaTeX Info: Redefining \pageref on input line 6101.

(/usr/local/texlive/2022/texmf-dist/tex/latex/base/atbegshi-ltx.sty
Package: atbegshi-ltx 2021/01/10 v1.0c Emulation of the original atbegshi
package with kernel methods
)
\Hy@abspage=\count301
\c@Item=\count302
\c@Hfootnote=\count303
)
Package hyperref Info: Driver: hpdftex.

(/usr/local/texlive/2022/texmf-dist/tex/latex/hyperref/hpdftex.def
File: hpdftex.def 2022-02-21 v7.00n Hyperref driver for pdfTeX

(/usr/local/texlive/2022/texmf-dist/tex/latex/base/atveryend-ltx.sty
Package: atveryend-ltx 2020/08/19 v1.0a Emulation of the original atveryend pac
kage
with kernel methods
)
\Fld@listcount=\count304
\c@bookmark@seq@number=\count305

(/usr/local/texlive/2022/texmf-dist/tex/latex/rerunfilecheck/rerunfilecheck.sty
Package: rerunfilecheck 2019/12/05 v1.9 Rerun checks for auxiliary files (HO)

(/usr/local/texlive/2022/texmf-dist/tex/generic/uniquecounter/uniquecounter.sty
Package: uniquecounter 2019/12/15 v1.4 Provide unlimited unique counter (HO)
)
Package uniquecounter Info: New unique counter `rerunfilecheck' on input line 2
86.
)
\Hy@SectionHShift=\skip62
)
Package hyperref Info: Option `colorlinks' set `true' on input line 39.
 (/usr/local/texlive/2022/texmf-dist/tex/latex/geometry/geometry.sty
Package: geometry 2020/01/02 v5.9 Page Geometry

(/usr/local/texlive/2022/texmf-dist/tex/generic/iftex/ifvtex.sty
Package: ifvtex 2019/10/25 v1.7 ifvtex legacy package. Use iftex instead.
)
\Gm@cnth=\count306
\Gm@cntv=\count307
\c@Gm@tempcnt=\count308
\Gm@bindingoffset=\dimen186
\Gm@wd@mp=\dimen187
\Gm@odd@mp=\dimen188
\Gm@even@mp=\dimen189
\Gm@layoutwidth=\dimen190
\Gm@layoutheight=\dimen191
\Gm@layouthoffset=\dimen192
\Gm@layoutvoffset=\dimen193
\Gm@dimlist=\toks33
)
(/usr/local/texlive/2022/texmf-dist/tex/latex/newpx/newpxtext.sty
Package: newpxtext 2022/01/30 v1.504(Michael Sharpe) latex and unicode latex su
pport for TeXGyrePagellaX

`newpxtext' v1.504, 2022/01/30 Text macros taking advantage of TeXGyre Pagella 
and its extensions (msharpe)
(/usr/local/texlive/2022/texmf-dist/tex/latex/base/fontenc.sty
Package: fontenc 2021/04/29 v2.0v Standard LaTeX package
)
(/usr/local/texlive/2022/texmf-dist/tex/generic/iftex/ifxetex.sty
Package: ifxetex 2019/10/25 v0.7 ifxetex legacy package. Use iftex instead.
)
(/usr/local/texlive/2022/texmf-dist/tex/generic/iftex/ifluatex.sty
Package: ifluatex 2019/10/25 v1.5 ifluatex legacy package. Use iftex instead.
)
(/usr/local/texlive/2022/texmf-dist/tex/latex/xkeyval/xkeyval.sty
Package: xkeyval 2020/11/20 v2.8 package option processing (HA)

(/usr/local/texlive/2022/texmf-dist/tex/generic/xkeyval/xkeyval.tex
(/usr/local/texlive/2022/texmf-dist/tex/generic/xkeyval/xkvutils.tex
\XKV@toks=\toks34
\XKV@tempa@toks=\toks35
)
\XKV@depth=\count309
File: xkeyval.tex 2014/12/03 v2.7a key=value parser (HA)
))
(/usr/local/texlive/2022/texmf-dist/tex/latex/etoolbox/etoolbox.sty
Package: etoolbox 2020/10/05 v2.5k e-TeX tools for LaTeX (JAW)
\etb@tempcnta=\count310
)
(/usr/local/texlive/2022/texmf-dist/tex/latex/base/textcomp.sty
Package: textcomp 2020/02/02 v2.0n Standard LaTeX package
)
(/usr/local/texlive/2022/texmf-dist/tex/generic/xstring/xstring.sty
(/usr/local/texlive/2022/texmf-dist/tex/generic/xstring/xstring.tex
\integerpart=\count311
\decimalpart=\count312
)
Package: xstring 2021/07/21 v1.84 String manipulations (CT)
)
(/usr/local/texlive/2022/texmf-dist/tex/latex/base/ifthen.sty
Package: ifthen 2020/11/24 v1.1c Standard LaTeX ifthen package (DPC)
)
(/usr/local/texlive/2022/texmf-dist/tex/latex/carlisle/scalefnt.sty)
LaTeX Font Info:    Setting zplLF sub-encoding to TS1/0 on input line 24.
LaTeX Font Info:    Setting zplTLF sub-encoding to TS1/0 on input line 24.
LaTeX Font Info:    Setting zplOsF sub-encoding to TS1/0 on input line 24.
LaTeX Font Info:    Setting zplTOsF sub-encoding to TS1/0 on input line 24.
\zpl@cnt=\count313

(/usr/local/texlive/2022/texmf-dist/tex/latex/fontaxes/fontaxes.sty
Package: fontaxes 2020/07/21 v1.0e Font selection axes
LaTeX Info: Redefining \upshape on input line 29.
LaTeX Info: Redefining \itshape on input line 31.
LaTeX Info: Redefining \slshape on input line 33.
LaTeX Info: Redefining \swshape on input line 35.
LaTeX Info: Redefining \scshape on input line 37.
LaTeX Info: Redefining \sscshape on input line 39.
LaTeX Info: Redefining \ulcshape on input line 41.
LaTeX Info: Redefining \textsw on input line 47.
LaTeX Info: Redefining \textssc on input line 48.
LaTeX Info: Redefining \textulc on input line 49.
)
LaTeX Info: Redefining \nustyle on input line 254.
LaTeX Info: Redefining \textsu on input line 492.
LaTeX Info: Redefining \oldstylenums on input line 581.
)
(/usr/local/texlive/2022/texmf-dist/tex/latex/newpx/newpxmath.sty
Package: newpxmath 2021/12/04 v1.5

`newpxmath' v1.5, 2021/12/04 Math macros based on pxfonts (msharpe)
(/usr/local/texlive/2022/texmf-dist/tex/generic/kastrup/binhex.tex)
\px@tA=\toks36
\px@tB=\toks37
\px@su=\read2
\px@Isdigit=\count314
LaTeX Font Info:    Redeclaring symbol font `operators' on input line 211.
LaTeX Font Info:    Overwriting symbol font `operators' in version `normal'
(Font)                  OT1/cmr/m/n --> OT1/zplTLF/m/n on input line 211.
LaTeX Font Info:    Overwriting symbol font `operators' in version `bold'
(Font)                  OT1/cmr/bx/n --> OT1/zplTLF/m/n on input line 211.
LaTeX Font Info:    Overwriting symbol font `operators' in version `bold'
(Font)                  OT1/zplTLF/m/n --> OT1/zplTLF/b/n on input line 212.
LaTeX Font Info:    Redeclaring math alphabet \mathsf on input line 215.
LaTeX Font Info:    Overwriting math alphabet `\mathsf' in version `normal'
(Font)                  OT1/cmss/m/n --> T1/qhv/m/n on input line 215.
LaTeX Font Info:    Overwriting math alphabet `\mathsf' in version `bold'
(Font)                  OT1/cmss/bx/n --> T1/qhv/m/n on input line 215.
LaTeX Font Info:    Redeclaring math alphabet \mathit on input line 216.
LaTeX Font Info:    Overwriting math alphabet `\mathit' in version `normal'
(Font)                  OT1/cmr/m/it --> OT1/zplTLF/m/it on input line 216.
LaTeX Font Info:    Overwriting math alphabet `\mathit' in version `bold'
(Font)                  OT1/cmr/bx/it --> OT1/zplTLF/m/it on input line 216.
LaTeX Font Info:    Redeclaring math alphabet \mathtt on input line 217.
LaTeX Font Info:    Overwriting math alphabet `\mathtt' in version `normal'
(Font)                  OT1/cmtt/m/n --> T1/npxtt/m/n on input line 217.
LaTeX Font Info:    Overwriting math alphabet `\mathtt' in version `bold'
(Font)                  OT1/cmtt/m/n --> T1/npxtt/m/n on input line 217.
LaTeX Font Info:    Redeclaring math alphabet \mathbf on input line 219.
LaTeX Font Info:    Overwriting math alphabet `\mathit' in version `bold'
(Font)                  OT1/zplTLF/m/it --> OT1/zplTLF/b/it on input line 220.
LaTeX Font Info:    Overwriting math alphabet `\mathsf' in version `bold'
(Font)                  T1/qhv/m/n --> T1/qhv/b/n on input line 222.
LaTeX Font Info:    Overwriting math alphabet `\mathtt' in version `bold'
(Font)                  T1/npxtt/m/n --> T1/npxtt/b/n on input line 223.
LaTeX Font Info:    Redeclaring symbol font `letters' on input line 234.
LaTeX Font Info:    Overwriting symbol font `letters' in version `normal'
(Font)                  OML/cmm/m/it --> OML/npxmi/m/it on input line 234.
LaTeX Font Info:    Overwriting symbol font `letters' in version `bold'
(Font)                  OML/cmm/b/it --> OML/npxmi/m/it on input line 234.
LaTeX Font Info:    Overwriting symbol font `letters' in version `bold'
(Font)                  OML/npxmi/m/it --> OML/npxmi/b/it on input line 235.
\symlettersA=\mathgroup10
LaTeX Font Info:    Overwriting symbol font `lettersA' in version `bold'
(Font)                  U/npxmia/m/it --> U/npxmia/b/it on input line 253.
LaTeX Font Info:    Redeclaring math alphabet \mathfrak on input line 255.
Now handling font encoding LMS ...
... no UTF-8 mapping file for font encoding LMS
LaTeX Font Info:    Redeclaring symbol font `symbols' on input line 263.
LaTeX Font Info:    Encoding `OMS' has changed to `LMS' for symbol font
(Font)              `symbols' in the math version `normal' on input line 263.
LaTeX Font Info:    Overwriting symbol font `symbols' in version `normal'
(Font)                  OMS/cmsy/m/n --> LMS/npxsy/m/n on input line 263.
LaTeX Font Info:    Encoding `OMS' has changed to `LMS' for symbol font
(Font)              `symbols' in the math version `bold' on input line 263.
LaTeX Font Info:    Overwriting symbol font `symbols' in version `bold'
(Font)                  OMS/cmsy/b/n --> LMS/npxsy/m/n on input line 263.
LaTeX Font Info:    Overwriting symbol font `symbols' in version `bold'
(Font)                  LMS/npxsy/m/n --> LMS/npxsy/b/n on input line 264.
\symAMSm=\mathgroup11
LaTeX Font Info:    Overwriting symbol font `AMSm' in version `bold'
(Font)                  U/npxsym/m/n --> U/npxsym/b/n on input line 284.
\symsymbolsC=\mathgroup12
LaTeX Font Info:    Overwriting symbol font `symbolsC' in version `bold'
(Font)                  U/npxsyc/m/n --> U/npxsyc/b/n on input line 306.
Now handling font encoding LMX ...
... no UTF-8 mapping file for font encoding LMX
LaTeX Font Info:    Redeclaring symbol font `largesymbols' on input line 326.
LaTeX Font Info:    Encoding `OMX' has changed to `LMX' for symbol font
(Font)              `largesymbols' in the math version `normal' on input line 3
26.
LaTeX Font Info:    Overwriting symbol font `largesymbols' in version `normal'
(Font)                  OMX/cmex/m/n --> LMX/npxexx/m/n on input line 326.
LaTeX Font Info:    Encoding `OMX' has changed to `LMX' for symbol font
(Font)              `largesymbols' in the math version `bold' on input line 326
.
LaTeX Font Info:    Overwriting symbol font `largesymbols' in version `bold'
(Font)                  OMX/cmex/m/n --> LMX/npxexx/m/n on input line 326.
LaTeX Font Info:    Overwriting symbol font `largesymbols' in version `bold'
(Font)                  LMX/npxexx/m/n --> LMX/npxexx/b/n on input line 327.
\symlargesymbolsPXA=\mathgroup13
LaTeX Font Info:    Overwriting symbol font `largesymbolsPXA' in version `bold'

(Font)                  U/npxexa/m/n --> U/npxexa/b/n on input line 334.
\px@cntz=\count315
\px@IsAlNum=\count316
\px@sbptoks=\toks38
LaTeX Font Info:    Redeclaring math delimiter \lfloor on input line 489.
LaTeX Font Info:    Redeclaring math delimiter \rfloor on input line 490.
LaTeX Font Info:    Redeclaring math delimiter \lceil on input line 491.
LaTeX Font Info:    Redeclaring math delimiter \rceil on input line 492.
LaTeX Font Info:    Redeclaring math delimiter \lbrace on input line 493.
LaTeX Font Info:    Redeclaring math delimiter \rbrace on input line 494.
LaTeX Font Info:    Redeclaring math delimiter \langle on input line 495.
LaTeX Font Info:    Redeclaring math delimiter \rangle on input line 497.
LaTeX Font Info:    Redeclaring math delimiter \arrowvert on input line 501.
LaTeX Font Info:    Redeclaring math delimiter \vert on input line 502.
LaTeX Font Info:    Redeclaring math symbol \parallel on input line 503.
LaTeX Font Info:    Redeclaring math delimiter \Arrowvert on input line 504.
LaTeX Font Info:    Redeclaring math accent \grave on input line 544.
LaTeX Font Info:    Redeclaring math accent \acute on input line 545.
LaTeX Font Info:    Redeclaring math accent \hat on input line 546.
LaTeX Font Info:    Redeclaring math accent \tilde on input line 547.
LaTeX Font Info:    Redeclaring math accent \bar on input line 548.
LaTeX Font Info:    Redeclaring math accent \breve on input line 549.
LaTeX Font Info:    Redeclaring math accent \mathring on input line 550.
LaTeX Font Info:    Redeclaring math accent \check on input line 551.
LaTeX Font Info:    Redeclaring math accent \dot on input line 555.
LaTeX Font Info:    Redeclaring math accent \ddot on input line 556.
LaTeX Font Info:    Redeclaring math accent \vec on input line 1598.
LaTeX Info: Redefining \Bbbk on input line 2175.
LaTeX Info: Redefining \not on input line 2457.
LaTeX Info: Redefining \textsquare on input line 2472.
LaTeX Info: Redefining \openbox on input line 2474.
)
(/usr/local/texlive/2022/texmf-dist/tex/latex/enumitem/enumitem.sty
Package: enumitem 2019/06/20 v3.9 Customized lists
\labelindent=\skip63
\enit@outerparindent=\dimen194
\enit@toks=\toks39
\enit@inbox=\box56
\enit@count@id=\count317
\enitdp@description=\count318
)
(/usr/local/texlive/2022/texmf-dist/tex/latex/listings/listings.sty
\lst@mode=\count319
\lst@gtempboxa=\box57
\lst@token=\toks40
\lst@length=\count320
\lst@currlwidth=\dimen195
\lst@column=\count321
\lst@pos=\count322
\lst@lostspace=\dimen196
\lst@width=\dimen197
\lst@newlines=\count323
\lst@lineno=\count324
\lst@maxwidth=\dimen198

(/usr/local/texlive/2022/texmf-dist/tex/latex/listings/lstmisc.sty
File: lstmisc.sty 2020/03/24 1.8d (Carsten Heinz)
\c@lstnumber=\count325
\lst@skipnumbers=\count326
\lst@framebox=\box58
)
(/usr/local/texlive/2022/texmf-dist/tex/latex/listings/listings.cfg
File: listings.cfg 2020/03/24 1.8d listings configuration
))
Package: listings 2020/03/24 1.8d (Carsten Heinz)

(/usr/local/texlive/2022/texmf-dist/tex/latex/listings/lstlang1.sty
File: lstlang1.sty 2020/03/24 1.8d listings language file
)
(/usr/local/texlive/2022/texmf-dist/tex/latex/listings/lstlang1.sty
File: lstlang1.sty 2020/03/24 1.8d listings language file
)
(/usr/local/texlive/2022/texmf-dist/tex/latex/listings/lstlang1.sty
File: lstlang1.sty 2020/03/24 1.8d listings language file
)
(/usr/local/texlive/2022/texmf-dist/tex/latex/listings/lstlang1.sty
File: lstlang1.sty 2020/03/24 1.8d listings language file
)
LaTeX Font Info:    Trying to load font information for T1+zplTLF on input line
 124.

(/usr/local/texlive/2022/texmf-dist/tex/latex/newpx/t1zpltlf.fd
File: t1zpltlf.fd 2021/05/25 v1.0 font definition file for T1/zpl/TLF
)
LaTeX Font Info:    Font shape `T1/zplTLF/m/n' will be
(Font)              scaled to size 10.0pt on input line 124.

(./BUI_AMO_2_Pset6.aux)
\openout1 = `BUI_AMO_2_Pset6.aux'.

LaTeX Font Info:    Checking defaults for OML/npxmi/m/it on input line 124.
LaTeX Font Info:    Trying to load font information for OML+npxmi on input line
 124.

(/usr/local/texlive/2022/texmf-dist/tex/latex/newpx/omlnpxmi.fd
File: omlnpxmi.fd 2013/03/21 Fontinst v1.933 font definitions for OML/npxmi.
)
LaTeX Font Info:    ... okay on input line 124.
LaTeX Font Info:    Checking defaults for OMS/cmsy/m/n on input line 124.
LaTeX Font Info:    ... okay on input line 124.
LaTeX Font Info:    Checking defaults for OT1/cmr/m/n on input line 124.
LaTeX Font Info:    ... okay on input line 124.
LaTeX Font Info:    Checking defaults for T1/cmr/m/n on input line 124.
LaTeX Font Info:    ... okay on input line 124.
LaTeX Font Info:    Checking defaults for TS1/cmr/m/n on input line 124.
LaTeX Font Info:    ... okay on input line 124.
LaTeX Font Info:    Checking defaults for OMX/cmex/m/n on input line 124.
LaTeX Font Info:    ... okay on input line 124.
LaTeX Font Info:    Checking defaults for U/npxexa/m/n on input line 124.
LaTeX Font Info:    Trying to load font information for U+npxexa on input line 
124.

(/usr/local/texlive/2022/texmf-dist/tex/latex/newpx/unpxexa.fd
File: unpxexa.fd 2013/03/24 Fontinst v1.933 font definitions for U/npxexa.
)
LaTeX Font Info:    ... okay on input line 124.
LaTeX Font Info:    Checking defaults for PD1/pdf/m/n on input line 124.
LaTeX Font Info:    ... okay on input line 124.
LaTeX Font Info:    Checking defaults for PU/pdf/m/n on input line 124.
LaTeX Font Info:    ... okay on input line 124.
LaTeX Font Info:    Checking defaults for LMS/npxsy/m/n on input line 124.
LaTeX Font Info:    Trying to load font information for LMS+npxsy on input line
 124.

(/usr/local/texlive/2022/texmf-dist/tex/latex/newpx/lmsnpxsy.fd
File: lmsnpxsy.fd 2016/07/04 Fontinst v1.933 font definitions for LMS/npxsy.
)
LaTeX Font Info:    ... okay on input line 124.
LaTeX Font Info:    Checking defaults for LMX/npxexx/m/n on input line 124.
LaTeX Font Info:    Trying to load font information for LMX+npxexx on input lin
e 124.

(/usr/local/texlive/2022/texmf-dist/tex/latex/newpx/lmxnpxexx.fd
File: lmxnpxexx.fd 2016/07/04 Fontinst v1.933 font definitions for LMX/npxexx.
)
LaTeX Font Info:    ... okay on input line 124.

(/usr/local/texlive/2022/texmf-dist/tex/context/base/mkii/supp-pdf.mkii
[Loading MPS to PDF converter (version 2006.09.02).]
\scratchcounter=\count327
\scratchdimen=\dimen199
\scratchbox=\box59
\nofMPsegments=\count328
\nofMParguments=\count329
\everyMPshowfont=\toks41
\MPscratchCnt=\count330
\MPscratchDim=\dimen256
\MPnumerator=\count331
\makeMPintoPDFobject=\count332
\everyMPtoPDFconversion=\toks42
) (/usr/local/texlive/2022/texmf-dist/tex/latex/epstopdf-pkg/epstopdf-base.sty
Package: epstopdf-base 2020-01-24 v2.11 Base part for package epstopdf
Package epstopdf-base Info: Redefining graphics rule for `.eps' on input line 4
85.

(/usr/local/texlive/2022/texmf-dist/tex/latex/latexconfig/epstopdf-sys.cfg
File: epstopdf-sys.cfg 2010/07/13 v1.3 Configuration of (r)epstopdf for TeX Liv
e
))
Package caption Info: Begin \AtBeginDocument code.
Package caption Info: hyperref package is loaded.
Package caption Info: listings package is loaded.
Package caption Info: End \AtBeginDocument code.
Package hyperref Info: Link coloring ON on input line 124.

(/usr/local/texlive/2022/texmf-dist/tex/latex/hyperref/nameref.sty
Package: nameref 2021-04-02 v2.47 Cross-referencing by name of section

(/usr/local/texlive/2022/texmf-dist/tex/latex/refcount/refcount.sty
Package: refcount 2019/12/15 v3.6 Data extraction from label references (HO)
)
(/usr/local/texlive/2022/texmf-dist/tex/generic/gettitlestring/gettitlestring.s
ty
Package: gettitlestring 2019/12/15 v1.6 Cleanup title references (HO)
)
\c@section@level=\count333
)
LaTeX Info: Redefining \ref on input line 124.
LaTeX Info: Redefining \pageref on input line 124.
LaTeX Info: Redefining \nameref on input line 124.
 (./BUI_AMO_2_Pset6.out) (./BUI_AMO_2_Pset6.out)
\@outlinefile=\write3
\openout3 = `BUI_AMO_2_Pset6.out'.


*geometry* driver: auto-detecting
*geometry* detected driver: pdftex
*geometry* verbose mode - [ preamble ] result:
* driver: pdftex
* paper: <default>
* layout: <same size as paper>
* layoutoffset:(h,v)=(0.0pt,0.0pt)
* modes: 
* h-part:(L,W,R)=(72.26999pt, 469.75502pt, 72.26999pt)
* v-part:(T,H,B)=(72.26999pt, 650.43001pt, 72.26999pt)
* \paperwidth=614.295pt
* \paperheight=794.96999pt
* \textwidth=469.75502pt
* \textheight=650.43001pt
* \oddsidemargin=0.0pt
* \evensidemargin=0.0pt
* \topmargin=-37.0pt
* \headheight=12.0pt
* \headsep=25.0pt
* \topskip=10.0pt
* \footskip=30.0pt
* \marginparwidth=65.0pt
* \marginparsep=11.0pt
* \columnsep=10.0pt
* \skip\footins=9.0pt plus 4.0pt minus 2.0pt
* \hoffset=0.0pt
* \voffset=0.0pt
* \mag=1000
* \@twocolumnfalse
* \@twosidefalse
* \@mparswitchfalse
* \@reversemarginfalse
* (1in=72.27pt=25.4mm, 1cm=28.453pt)

\c@mv@tabular=\count334
\c@mv@boldtabular=\count335
\c@lstlisting=\count336
LaTeX Font Info:    Font shape `T1/zplTLF/b/n' will be
(Font)              scaled to size 10.0pt on input line 126.
LaTeX Font Info:    Trying to load font information for OT1+zplTLF on input lin
e 136.
(/usr/local/texlive/2022/texmf-dist/tex/latex/newpx/ot1zpltlf.fd
File: ot1zpltlf.fd 2021/05/25 v1.0 font definition file for OT1/zpl/TLF
)
LaTeX Font Info:    Font shape `OT1/zplTLF/m/n' will be
(Font)              scaled to size 10.0pt on input line 136.
LaTeX Font Info:    Font shape `OT1/zplTLF/m/n' will be
(Font)              scaled to size 7.3pt on input line 136.
LaTeX Font Info:    Font shape `OT1/zplTLF/m/n' will be
(Font)              scaled to size 5.5pt on input line 136.


LaTeX Font Warning: Font shape `OT1/cmr/bx/n' in size <5.5> not available
(Font)              size <5> substituted on input line 136.


LaTeX Font Warning: Font shape `OML/cmm/b/it' in size <5.5> not available
(Font)              size <5> substituted on input line 136.


LaTeX Font Warning: Font shape `OMS/cmsy/b/n' in size <5.5> not available
(Font)              size <5> substituted on input line 136.

LaTeX Font Info:    Trying to load font information for U+msa on input line 136
.
(/usr/local/texlive/2022/texmf-dist/tex/latex/amsfonts/umsa.fd
File: umsa.fd 2013/01/14 v3.01 AMS symbols A
)
LaTeX Font Info:    Trying to load font information for U+msb on input line 136
.

(/usr/local/texlive/2022/texmf-dist/tex/latex/amsfonts/umsb.fd
File: umsb.fd 2013/01/14 v3.01 AMS symbols B
)
LaTeX Font Info:    Trying to load font information for U+esint on input line 1
36.

(/usr/local/texlive/2022/texmf-dist/tex/latex/esint/uesint.fd
File: uesint.fd 
)
LaTeX Font Info:    Trying to load font information for U+npxmia on input line 
136.

(/usr/local/texlive/2022/texmf-dist/tex/latex/newpx/unpxmia.fd
File: unpxmia.fd 2013/03/24 Fontinst v1.933 font definitions for U/npxmia.
)
LaTeX Font Info:    Trying to load font information for U+npxsym on input line 
136.

(/usr/local/texlive/2022/texmf-dist/tex/latex/newpx/unpxsym.fd
File: unpxsym.fd 2015/03/21 Fontinst v1.933 font definitions for U/npxsym.
)
LaTeX Font Info:    Trying to load font information for U+npxsyc on input line 
136.

(/usr/local/texlive/2022/texmf-dist/tex/latex/newpx/unpxsyc.fd
File: unpxsyc.fd 2013/03/24 Fontinst v1.933 font definitions for U/npxsyc.
)
LaTeX Font Info:    Freeze math alphabet allocation in version normal.
(Font)              Allocated math groups: 14 (local: 2) on input line 136.
LaTeX Font Info:    Font shape `OT1/zplTLF/b/n' will be
(Font)              scaled to size 10.0pt on input line 136.
LaTeX Font Info:    Font shape `OT1/zplTLF/b/n' will be
(Font)              scaled to size 7.3pt on input line 136.
LaTeX Font Info:    Font shape `OT1/zplTLF/b/n' will be
(Font)              scaled to size 5.5pt on input line 136.
LaTeX Font Info:    Undo math alphabet allocation in version normal on input li
ne 136.
LaTeX Font Info:    Undo math alphabet allocation in version normal on input li
ne 136.
LaTeX Font Info:    No math alphabet change to frozen version normal on input l
ine 139.

Underfull \hbox (badness 10000) in paragraph at lines 139--140

 []

LaTeX Font Info:    No math alphabet change to frozen version normal on input l
ine 142.
LaTeX Font Info:    No math alphabet change to frozen version normal on input l
ine 142.
LaTeX Font Info:    Undo math alphabet allocation in version normal on input li
ne 142.
LaTeX Font Info:    Undo math alphabet allocation in version normal on input li
ne 145.
LaTeX Font Info:    No math alphabet change to frozen version normal on input l
ine 145.
LaTeX Font Info:    No math alphabet change to frozen version normal on input l
ine 145.
LaTeX Font Info:    Undo math alphabet allocation in version normal on input li
ne 145.
LaTeX Font Info:    No math alphabet change to frozen version normal on input l
ine 145.
LaTeX Font Info:    No math alphabet change to frozen version normal on input l
ine 145.
LaTeX Font Info:    Undo math alphabet allocation in version normal on input li
ne 152.
LaTeX Font Info:    Undo math alphabet allocation in version normal on input li
ne 152.
LaTeX Font Info:    Undo math alphabet allocation in version normal on input li
ne 152.
LaTeX Font Info:    Undo math alphabet allocation in version normal on input li
ne 152.
LaTeX Font Info:    No math alphabet change to frozen version normal on input l
ine 152.
LaTeX Font Info:    No math alphabet change to frozen version normal on input l
ine 152.
LaTeX Font Info:    No math alphabet change to frozen version normal on input l
ine 152.
LaTeX Font Info:    Undo math alphabet allocation in version normal on input li
ne 152.
LaTeX Font Info:    Undo math alphabet allocation in version normal on input li
ne 152.
LaTeX Font Info:    Undo math alphabet allocation in version normal on input li
ne 152.
LaTeX Font Info:    Undo math alphabet allocation in version normal on input li
ne 152.
LaTeX Font Info:    No math alphabet change to frozen version normal on input l
ine 152.
LaTeX Font Info:    No math alphabet change to frozen version normal on input l
ine 153.

Underfull \hbox (badness 10000) in paragraph at lines 152--154

 []

LaTeX Font Info:    No math alphabet change to frozen version normal on input l
ine 155.
LaTeX Font Info:    No math alphabet change to frozen version normal on input l
ine 155.
LaTeX Font Info:    Undo math alphabet allocation in version normal on input li
ne 163.
LaTeX Font Info:    No math alphabet change to frozen version normal on input l
ine 163.
LaTeX Font Info:    No math alphabet change to frozen version normal on input l
ine 163.
LaTeX Font Info:    Undo math alphabet allocation in version normal on input li
ne 163.
LaTeX Font Info:    No math alphabet change to frozen version normal on input l
ine 163.
LaTeX Font Info:    No math alphabet change to frozen version normal on input l
ine 163.
LaTeX Font Info:    No math alphabet change to frozen version normal on input l
ine 164.
LaTeX Font Info:    No math alphabet change to frozen version normal on input l
ine 170.
LaTeX Font Info:    Undo math alphabet allocation in version normal on input li
ne 170.
LaTeX Font Info:    No math alphabet change to frozen version normal on input l
ine 170.
LaTeX Font Info:    No math alphabet change to frozen version normal on input l
ine 170.
LaTeX Font Info:    No math alphabet change to frozen version normal on input l
ine 170.
LaTeX Font Info:    No math alphabet change to frozen version normal on input l
ine 170.
LaTeX Font Info:    Undo math alphabet allocation in version normal on input li
ne 170.
LaTeX Font Info:    No math alphabet change to frozen version normal on input l
ine 170.
LaTeX Font Info:    No math alphabet change to frozen version normal on input l
ine 175.
LaTeX Font Info:    Undo math alphabet allocation in version normal on input li
ne 183.
LaTeX Font Info:    No math alphabet change to frozen version normal on input l
ine 183.
LaTeX Font Info:    No math alphabet change to frozen version normal on input l
ine 183.
LaTeX Font Info:    Undo math alphabet allocation in version normal on input li
ne 183.
LaTeX Font Info:    No math alphabet change to frozen version normal on input l
ine 183.
LaTeX Font Info:    No math alphabet change to frozen version normal on input l
ine 183.
LaTeX Font Info:    No math alphabet change to frozen version normal on input l
ine 184.
LaTeX Font Info:    No math alphabet change to frozen version normal on input l
ine 184.
LaTeX Font Info:    No math alphabet change to frozen version normal on input l
ine 201.
LaTeX Font Info:    Undo math alphabet allocation in version normal on input li
ne 201.
LaTeX Font Info:    No math alphabet change to frozen version normal on input l
ine 201.
LaTeX Font Info:    Undo math alphabet allocation in version normal on input li
ne 201.
LaTeX Font Info:    No math alphabet change to frozen version normal on input l
ine 201.
LaTeX Font Info:    No math alphabet change to frozen version normal on input l
ine 201.
LaTeX Font Info:    No math alphabet change to frozen version normal on input l
ine 201.
LaTeX Font Info:    No math alphabet change to frozen version normal on input l
ine 201.
LaTeX Font Info:    Undo math alphabet allocation in version normal on input li
ne 201.
LaTeX Font Info:    No math alphabet change to frozen version normal on input l
ine 201.
LaTeX Font Info:    Undo math alphabet allocation in version normal on input li
ne 201.
LaTeX Font Info:    No math alphabet change to frozen version normal on input l
ine 201.
LaTeX Font Info:    Undo math alphabet allocation in version normal on input li
ne 202.
LaTeX Font Info:    Undo math alphabet allocation in version normal on input li
ne 202.
LaTeX Font Info:    No math alphabet change to frozen version normal on input l
ine 202.
LaTeX Font Info:    No math alphabet change to frozen version normal on input l
ine 215.
LaTeX Font Info:    Undo math alphabet allocation in version normal on input li
ne 215.
LaTeX Font Info:    No math alphabet change to frozen version normal on input l
ine 215.
LaTeX Font Info:    No math alphabet change to frozen version normal on input l
ine 215.
LaTeX Font Info:    No math alphabet change to frozen version normal on input l
ine 215.
LaTeX Font Info:    No math alphabet change to frozen version normal on input l
ine 215.
LaTeX Font Info:    Undo math alphabet allocation in version normal on input li
ne 215.
[1

{/usr/local/texlive/2022/texmf-var/fonts/map/pdftex/updmap/pdftex.map}]
LaTeX Font Info:    No math alphabet change to frozen version normal on input l
ine 215.
LaTeX Font Info:    No math alphabet change to frozen version normal on input l
ine 216.
LaTeX Font Info:    No math alphabet change to frozen version normal on input l
ine 216.
LaTeX Font Info:    No math alphabet change to frozen version normal on input l
ine 216.
LaTeX Font Info:    No math alphabet change to frozen version normal on input l
ine 216.
LaTeX Font Info:    No math alphabet change to frozen version normal on input l
ine 216.
LaTeX Font Info:    No math alphabet change to frozen version normal on input l
ine 216.
LaTeX Font Info:    No math alphabet change to frozen version normal on input l
ine 216.
LaTeX Font Info:    No math alphabet change to frozen version normal on input l
ine 216.
LaTeX Font Info:    Undo math alphabet allocation in version normal on input li
ne 216.
LaTeX Font Info:    Undo math alphabet allocation in version normal on input li
ne 216.
LaTeX Font Info:    No math alphabet change to frozen version normal on input l
ine 216.
LaTeX Font Info:    Undo math alphabet allocation in version normal on input li
ne 221.
LaTeX Font Info:    No math alphabet change to frozen version normal on input l
ine 221.
LaTeX Font Info:    No math alphabet change to frozen version normal on input l
ine 221.
LaTeX Font Info:    Undo math alphabet allocation in version normal on input li
ne 221.
LaTeX Font Info:    No math alphabet change to frozen version normal on input l
ine 221.
LaTeX Font Info:    No math alphabet change to frozen version normal on input l
ine 221.
LaTeX Font Info:    No math alphabet change to frozen version normal on input l
ine 227.

Overfull \hbox (1.24443pt too wide) in paragraph at lines 227--228
$[]$\T1/zplTLF/m/n/10 : The Coulomb-gauge in-ter-ac-tion Hamil-
 []

LaTeX Font Info:    Undo math alphabet allocation in version normal on input li
ne 230.
LaTeX Font Info:    No math alphabet change to frozen version normal on input l
ine 230.
LaTeX Font Info:    No math alphabet change to frozen version normal on input l
ine 230.
LaTeX Font Info:    Undo math alphabet allocation in version normal on input li
ne 230.
LaTeX Font Info:    No math alphabet change to frozen version normal on input l
ine 230.
LaTeX Font Info:    No math alphabet change to frozen version normal on input l
ine 230.
LaTeX Font Info:    No math alphabet change to frozen version normal on input l
ine 231.
LaTeX Font Info:    No math alphabet change to frozen version normal on input l
ine 231.
LaTeX Font Info:    Undo math alphabet allocation in version normal on input li
ne 231.
LaTeX Font Info:    Undo math alphabet allocation in version normal on input li
ne 237.
LaTeX Font Info:    Undo math alphabet allocation in version normal on input li
ne 237.
LaTeX Font Info:    Undo math alphabet allocation in version normal on input li
ne 237.
LaTeX Font Info:    Undo math alphabet allocation in version normal on input li
ne 237.
LaTeX Font Info:    No math alphabet change to frozen version normal on input l
ine 237.
LaTeX Font Info:    No math alphabet change to frozen version normal on input l
ine 237.
LaTeX Font Info:    No math alphabet change to frozen version normal on input l
ine 237.
LaTeX Font Info:    Undo math alphabet allocation in version normal on input li
ne 237.
LaTeX Font Info:    Undo math alphabet allocation in version normal on input li
ne 237.
LaTeX Font Info:    Undo math alphabet allocation in version normal on input li
ne 237.
LaTeX Font Info:    Undo math alphabet allocation in version normal on input li
ne 237.
LaTeX Font Info:    No math alphabet change to frozen version normal on input l
ine 237.
LaTeX Font Info:    No math alphabet change to frozen version normal on input l
ine 238.
LaTeX Font Info:    No math alphabet change to frozen version normal on input l
ine 238.
LaTeX Font Info:    No math alphabet change to frozen version normal on input l
ine 238.
LaTeX Font Info:    No math alphabet change to frozen version normal on input l
ine 238.
LaTeX Font Info:    Undo math alphabet allocation in version normal on input li
ne 247.
LaTeX Font Info:    No math alphabet change to frozen version normal on input l
ine 247.
LaTeX Font Info:    No math alphabet change to frozen version normal on input l
ine 247.
LaTeX Font Info:    Undo math alphabet allocation in version normal on input li
ne 247.
LaTeX Font Info:    No math alphabet change to frozen version normal on input l
ine 247.
LaTeX Font Info:    No math alphabet change to frozen version normal on input l
ine 247.
LaTeX Font Info:    No math alphabet change to frozen version normal on input l
ine 248.
LaTeX Font Info:    Undo math alphabet allocation in version normal on input li
ne 254.
LaTeX Font Info:    No math alphabet change to frozen version normal on input l
ine 254.
LaTeX Font Info:    No math alphabet change to frozen version normal on input l
ine 254.
LaTeX Font Info:    Undo math alphabet allocation in version normal on input li
ne 254.
LaTeX Font Info:    No math alphabet change to frozen version normal on input l
ine 254.
LaTeX Font Info:    No math alphabet change to frozen version normal on input l
ine 254.
LaTeX Font Info:    No math alphabet change to frozen version normal on input l
ine 255.
LaTeX Font Info:    Undo math alphabet allocation in version normal on input li
ne 255.
LaTeX Font Info:    No math alphabet change to frozen version normal on input l
ine 255.
LaTeX Font Info:    No math alphabet change to frozen version normal on input l
ine 259.
LaTeX Font Info:    Undo math alphabet allocation in version normal on input li
ne 259.
LaTeX Font Info:    No math alphabet change to frozen version normal on input l
ine 259.
LaTeX Font Info:    No math alphabet change to frozen version normal on input l
ine 259.
LaTeX Font Info:    No math alphabet change to frozen version normal on input l
ine 259.
LaTeX Font Info:    No math alphabet change to frozen version normal on input l
ine 259.
LaTeX Font Info:    Undo math alphabet allocation in version normal on input li
ne 259.
LaTeX Font Info:    No math alphabet change to frozen version normal on input l
ine 259.
LaTeX Font Info:    No math alphabet change to frozen version normal on input l
ine 263.
LaTeX Font Info:    No math alphabet change to frozen version normal on input l
ine 263.
LaTeX Font Info:    No math alphabet change to frozen version normal on input l
ine 263.
LaTeX Font Info:    No math alphabet change to frozen version normal on input l
ine 263.
LaTeX Font Info:    No math alphabet change to frozen version normal on input l
ine 263.
LaTeX Font Info:    No math alphabet change to frozen version normal on input l
ine 263.
LaTeX Font Info:    No math alphabet change to frozen version normal on input l
ine 264.
LaTeX Font Info:    No math alphabet change to frozen version normal on input l
ine 264.
LaTeX Font Info:    No math alphabet change to frozen version normal on input l
ine 264.
LaTeX Font Info:    No math alphabet change to frozen version normal on input l
ine 264.
LaTeX Font Info:    No math alphabet change to frozen version normal on input l
ine 264.
LaTeX Font Info:    No math alphabet change to frozen version normal on input l
ine 289.
LaTeX Font Info:    Undo math alphabet allocation in version normal on input li
ne 289.
LaTeX Font Info:    No math alphabet change to frozen version normal on input l
ine 289.
LaTeX Font Info:    No math alphabet change to frozen version normal on input l
ine 289.
LaTeX Font Info:    Undo math alphabet allocation in version normal on input li
ne 289.
LaTeX Font Info:    No math alphabet change to frozen version normal on input l
ine 289.
LaTeX Font Info:    No math alphabet change to frozen version normal on input l
ine 289.
LaTeX Font Info:    Undo math alphabet allocation in version normal on input li
ne 289.
LaTeX Font Info:    Undo math alphabet allocation in version normal on input li
ne 289.
LaTeX Font Info:    No math alphabet change to frozen version normal on input l
ine 289.
LaTeX Font Info:    Undo math alphabet allocation in version normal on input li
ne 289.
LaTeX Font Info:    No math alphabet change to frozen version normal on input l
ine 289.
LaTeX Font Info:    No math alphabet change to frozen version normal on input l
ine 289.
LaTeX Font Info:    Undo math alphabet allocation in version normal on input li
ne 289.
LaTeX Font Info:    No math alphabet change to frozen version normal on input l
ine 289.
[2]
LaTeX Font Info:    No math alphabet change to frozen version normal on input l
ine 289.
LaTeX Font Info:    Undo math alphabet allocation in version normal on input li
ne 289.
LaTeX Font Info:    No math alphabet change to frozen version normal on input l
ine 289.
LaTeX Font Info:    No math alphabet change to frozen version normal on input l
ine 289.
LaTeX Font Info:    Undo math alphabet allocation in version normal on input li
ne 289.
LaTeX Font Info:    No math alphabet change to frozen version normal on input l
ine 289.
LaTeX Font Info:    No math alphabet change to frozen version normal on input l
ine 289.
LaTeX Font Info:    No math alphabet change to frozen version normal on input l
ine 289.
LaTeX Font Info:    No math alphabet change to frozen version normal on input l
ine 291.
LaTeX Font Info:    No math alphabet change to frozen version normal on input l
ine 291.
LaTeX Font Info:    No math alphabet change to frozen version normal on input l
ine 291.
LaTeX Font Info:    No math alphabet change to frozen version normal on input l
ine 307.
LaTeX Font Info:    Undo math alphabet allocation in version normal on input li
ne 307.
LaTeX Font Info:    No math alphabet change to frozen version normal on input l
ine 307.
LaTeX Font Info:    Undo math alphabet allocation in version normal on input li
ne 307.
LaTeX Font Info:    No math alphabet change to frozen version normal on input l
ine 307.
LaTeX Font Info:    No math alphabet change to frozen version normal on input l
ine 307.
LaTeX Font Info:    No math alphabet change to frozen version normal on input l
ine 307.
LaTeX Font Info:    No math alphabet change to frozen version normal on input l
ine 307.
LaTeX Font Info:    Undo math alphabet allocation in version normal on input li
ne 307.
LaTeX Font Info:    No math alphabet change to frozen version normal on input l
ine 307.
LaTeX Font Info:    Undo math alphabet allocation in version normal on input li
ne 307.
LaTeX Font Info:    No math alphabet change to frozen version normal on input l
ine 307.
LaTeX Font Info:    No math alphabet change to frozen version normal on input l
ine 308.
LaTeX Font Info:    Undo math alphabet allocation in version normal on input li
ne 308.
LaTeX Font Info:    Undo math alphabet allocation in version normal on input li
ne 308.
LaTeX Font Info:    No math alphabet change to frozen version normal on input l
ine 308.
LaTeX Font Info:    No math alphabet change to frozen version normal on input l
ine 326.
LaTeX Font Info:    Undo math alphabet allocation in version normal on input li
ne 326.
LaTeX Font Info:    No math alphabet change to frozen version normal on input l
ine 326.
LaTeX Font Info:    Undo math alphabet allocation in version normal on input li
ne 326.
LaTeX Font Info:    No math alphabet change to frozen version normal on input l
ine 326.
LaTeX Font Info:    No math alphabet change to frozen version normal on input l
ine 326.
LaTeX Font Info:    No math alphabet change to frozen version normal on input l
ine 326.
LaTeX Font Info:    No math alphabet change to frozen version normal on input l
ine 326.
LaTeX Font Info:    Undo math alphabet allocation in version normal on input li
ne 326.
LaTeX Font Info:    No math alphabet change to frozen version normal on input l
ine 326.
LaTeX Font Info:    Undo math alphabet allocation in version normal on input li
ne 326.
LaTeX Font Info:    No math alphabet change to frozen version normal on input l
ine 326.
LaTeX Font Info:    No math alphabet change to frozen version normal on input l
ine 330.
LaTeX Font Info:    No math alphabet change to frozen version normal on input l
ine 330.
LaTeX Font Info:    No math alphabet change to frozen version normal on input l
ine 330.
LaTeX Font Info:    No math alphabet change to frozen version normal on input l
ine 330.
LaTeX Font Info:    No math alphabet change to frozen version normal on input l
ine 330.
LaTeX Font Info:    No math alphabet change to frozen version normal on input l
ine 330.
LaTeX Font Info:    No math alphabet change to frozen version normal on input l
ine 330.
LaTeX Font Info:    No math alphabet change to frozen version normal on input l
ine 349.
LaTeX Font Info:    Undo math alphabet allocation in version normal on input li
ne 349.
LaTeX Font Info:    No math alphabet change to frozen version normal on input l
ine 349.
LaTeX Font Info:    Undo math alphabet allocation in version normal on input li
ne 349.
LaTeX Font Info:    No math alphabet change to frozen version normal on input l
ine 349.
LaTeX Font Info:    No math alphabet change to frozen version normal on input l
ine 349.
LaTeX Font Info:    No math alphabet change to frozen version normal on input l
ine 349.
LaTeX Font Info:    No math alphabet change to frozen version normal on input l
ine 349.
LaTeX Font Info:    Undo math alphabet allocation in version normal on input li
ne 349.
LaTeX Font Info:    No math alphabet change to frozen version normal on input l
ine 349.
LaTeX Font Info:    Undo math alphabet allocation in version normal on input li
ne 349.
LaTeX Font Info:    No math alphabet change to frozen version normal on input l
ine 349.
LaTeX Font Info:    No math alphabet change to frozen version normal on input l
ine 350.
LaTeX Font Info:    No math alphabet change to frozen version normal on input l
ine 350.
LaTeX Font Info:    No math alphabet change to frozen version normal on input l
ine 350.
LaTeX Font Info:    No math alphabet change to frozen version normal on input l
ine 350.
LaTeX Font Info:    No math alphabet change to frozen version normal on input l
ine 353.
LaTeX Font Info:    No math alphabet change to frozen version normal on input l
ine 353.
LaTeX Font Info:    No math alphabet change to frozen version normal on input l
ine 353.
LaTeX Font Info:    No math alphabet change to frozen version normal on input l
ine 353.
LaTeX Font Info:    No math alphabet change to frozen version normal on input l
ine 353.
LaTeX Font Info:    No math alphabet change to frozen version normal on input l
ine 353.
LaTeX Font Info:    No math alphabet change to frozen version normal on input l
ine 354.
LaTeX Font Info:    No math alphabet change to frozen version normal on input l
ine 354.
LaTeX Font Info:    Undo math alphabet allocation in version normal on input li
ne 358.
LaTeX Font Info:    No math alphabet change to frozen version normal on input l
ine 358.
LaTeX Font Info:    No math alphabet change to frozen version normal on input l
ine 358.
LaTeX Font Info:    Undo math alphabet allocation in version normal on input li
ne 358.
LaTeX Font Info:    No math alphabet change to frozen version normal on input l
ine 358.
LaTeX Font Info:    No math alphabet change to frozen version normal on input l
ine 358.
LaTeX Font Info:    No math alphabet change to frozen version normal on input l
ine 362.
 [3]
LaTeX Font Info:    Undo math alphabet allocation in version normal on input li
ne 369.
LaTeX Font Info:    No math alphabet change to frozen version normal on input l
ine 369.
LaTeX Font Info:    No math alphabet change to frozen version normal on input l
ine 369.
LaTeX Font Info:    Undo math alphabet allocation in version normal on input li
ne 369.
LaTeX Font Info:    No math alphabet change to frozen version normal on input l
ine 369.
LaTeX Font Info:    No math alphabet change to frozen version normal on input l
ine 369.
LaTeX Font Info:    No math alphabet change to frozen version normal on input l
ine 370.
LaTeX Font Info:    Undo math alphabet allocation in version normal on input li
ne 374.
LaTeX Font Info:    No math alphabet change to frozen version normal on input l
ine 374.
LaTeX Font Info:    No math alphabet change to frozen version normal on input l
ine 374.
LaTeX Font Info:    Undo math alphabet allocation in version normal on input li
ne 374.
LaTeX Font Info:    No math alphabet change to frozen version normal on input l
ine 374.
LaTeX Font Info:    No math alphabet change to frozen version normal on input l
ine 374.
LaTeX Font Info:    No math alphabet change to frozen version normal on input l
ine 375.
LaTeX Font Info:    Undo math alphabet allocation in version normal on input li
ne 375.
LaTeX Font Info:    Undo math alphabet allocation in version normal on input li
ne 375.
LaTeX Font Info:    Undo math alphabet allocation in version normal on input li
ne 379.
LaTeX Font Info:    Undo math alphabet allocation in version normal on input li
ne 379.
LaTeX Font Info:    No math alphabet change to frozen version normal on input l
ine 379.
LaTeX Font Info:    No math alphabet change to frozen version normal on input l
ine 379.
LaTeX Font Info:    No math alphabet change to frozen version normal on input l
ine 379.
LaTeX Font Info:    Undo math alphabet allocation in version normal on input li
ne 379.
LaTeX Font Info:    Undo math alphabet allocation in version normal on input li
ne 379.
LaTeX Font Info:    No math alphabet change to frozen version normal on input l
ine 379.
LaTeX Font Info:    No math alphabet change to frozen version normal on input l
ine 383.
LaTeX Font Info:    No math alphabet change to frozen version normal on input l
ine 383.
LaTeX Font Info:    No math alphabet change to frozen version normal on input l
ine 383.
LaTeX Font Info:    No math alphabet change to frozen version normal on input l
ine 383.
LaTeX Font Info:    No math alphabet change to frozen version normal on input l
ine 383.
LaTeX Font Info:    No math alphabet change to frozen version normal on input l
ine 383.
LaTeX Font Info:    No math alphabet change to frozen version normal on input l
ine 392.
LaTeX Font Info:    No math alphabet change to frozen version normal on input l
ine 392.
LaTeX Font Info:    Font shape `T1/zplTLF/m/n' will be
(Font)              scaled to size 7.3pt on input line 395.
LaTeX Font Info:    Font shape `T1/zplTLF/m/n' will be
(Font)              scaled to size 5.5pt on input line 395.
LaTeX Font Info:    No math alphabet change to frozen version normal on input l
ine 395.
LaTeX Font Info:    Undo math alphabet allocation in version normal on input li
ne 395.
LaTeX Font Info:    No math alphabet change to frozen version normal on input l
ine 395.
LaTeX Font Info:    No math alphabet change to frozen version normal on input l
ine 395.
LaTeX Font Info:    No math alphabet change to frozen version normal on input l
ine 395.
LaTeX Font Info:    Undo math alphabet allocation in version normal on input li
ne 395.
LaTeX Font Info:    No math alphabet change to frozen version normal on input l
ine 395.
LaTeX Font Info:    No math alphabet change to frozen version normal on input l
ine 395.
LaTeX Font Info:    Undo math alphabet allocation in version normal on input li
ne 396.
LaTeX Font Info:    No math alphabet change to frozen version normal on input l
ine 396.
LaTeX Font Info:    No math alphabet change to frozen version normal on input l
ine 396.
LaTeX Font Info:    No math alphabet change to frozen version normal on input l
ine 396.
LaTeX Font Info:    No math alphabet change to frozen version normal on input l
ine 396.
LaTeX Font Info:    No math alphabet change to frozen version normal on input l
ine 403.
LaTeX Font Info:    No math alphabet change to frozen version normal on input l
ine 403.
LaTeX Font Info:    No math alphabet change to frozen version normal on input l
ine 403.
LaTeX Font Info:    No math alphabet change to frozen version normal on input l
ine 403.
LaTeX Font Info:    No math alphabet change to frozen version normal on input l
ine 403.
LaTeX Font Info:    No math alphabet change to frozen version normal on input l
ine 403.
LaTeX Font Info:    No math alphabet change to frozen version normal on input l
ine 403.
LaTeX Font Info:    No math alphabet change to frozen version normal on input l
ine 403.
LaTeX Font Info:    No math alphabet change to frozen version normal on input l
ine 403.
LaTeX Font Info:    No math alphabet change to frozen version normal on input l
ine 403.
LaTeX Font Info:    Undo math alphabet allocation in version normal on input li
ne 405.
LaTeX Font Info:    Undo math alphabet allocation in version normal on input li
ne 405.
LaTeX Font Info:    No math alphabet change to frozen version normal on input l
ine 405.
LaTeX Font Info:    No math alphabet change to frozen version normal on input l
ine 405.
LaTeX Font Info:    No math alphabet change to frozen version normal on input l
ine 408.
LaTeX Font Info:    No math alphabet change to frozen version normal on input l
ine 408.
LaTeX Font Info:    No math alphabet change to frozen version normal on input l
ine 408.
LaTeX Font Info:    No math alphabet change to frozen version normal on input l
ine 408.
LaTeX Font Info:    No math alphabet change to frozen version normal on input l
ine 408.
LaTeX Font Info:    No math alphabet change to frozen version normal on input l
ine 408.
LaTeX Font Info:    No math alphabet change to frozen version normal on input l
ine 408.
LaTeX Font Info:    No math alphabet change to frozen version normal on input l
ine 408.
LaTeX Font Info:    No math alphabet change to frozen version normal on input l
ine 409.
LaTeX Font Info:    No math alphabet change to frozen version normal on input l
ine 409.
LaTeX Font Info:    No math alphabet change to frozen version normal on input l
ine 409.
LaTeX Font Info:    No math alphabet change to frozen version normal on input l
ine 409.
LaTeX Font Info:    No math alphabet change to frozen version normal on input l
ine 412.
LaTeX Font Info:    No math alphabet change to frozen version normal on input l
ine 412.
LaTeX Font Info:    No math alphabet change to frozen version normal on input l
ine 412.
LaTeX Font Info:    No math alphabet change to frozen version normal on input l
ine 412.
LaTeX Font Info:    No math alphabet change to frozen version normal on input l
ine 412.
LaTeX Font Info:    No math alphabet change to frozen version normal on input l
ine 412.
LaTeX Font Info:    No math alphabet change to frozen version normal on input l
ine 412.
LaTeX Font Info:    No math alphabet change to frozen version normal on input l
ine 412.
LaTeX Font Info:    No math alphabet change to frozen version normal on input l
ine 422.
LaTeX Font Info:    No math alphabet change to frozen version normal on input l
ine 422.
LaTeX Font Info:    No math alphabet change to frozen version normal on input l
ine 422.
LaTeX Font Info:    No math alphabet change to frozen version normal on input l
ine 422.
LaTeX Font Info:    No math alphabet change to frozen version normal on input l
ine 422.
LaTeX Font Info:    No math alphabet change to frozen version normal on input l
ine 422.
LaTeX Font Info:    No math alphabet change to frozen version normal on input l
ine 422.
LaTeX Font Info:    No math alphabet change to frozen version normal on input l
ine 422.
LaTeX Font Info:    No math alphabet change to frozen version normal on input l
ine 422.
LaTeX Font Info:    No math alphabet change to frozen version normal on input l
ine 422.
LaTeX Font Info:    No math alphabet change to frozen version normal on input l
ine 422.
LaTeX Font Info:    No math alphabet change to frozen version normal on input l
ine 422.
LaTeX Font Info:    No math alphabet change to frozen version normal on input l
ine 422.
LaTeX Font Info:    No math alphabet change to frozen version normal on input l
ine 422.
LaTeX Font Info:    No math alphabet change to frozen version normal on input l
ine 422.
LaTeX Font Info:    No math alphabet change to frozen version normal on input l
ine 422.

Underfull \hbox (badness 10000) in paragraph at lines 422--424

 []

[4]
LaTeX Font Info:    No math alphabet change to frozen version normal on input l
ine 438.
LaTeX Font Info:    No math alphabet change to frozen version normal on input l
ine 438.
LaTeX Font Info:    No math alphabet change to frozen version normal on input l
ine 438.
LaTeX Font Info:    No math alphabet change to frozen version normal on input l
ine 438.
LaTeX Font Info:    No math alphabet change to frozen version normal on input l
ine 438.
LaTeX Font Info:    No math alphabet change to frozen version normal on input l
ine 438.
LaTeX Font Info:    No math alphabet change to frozen version normal on input l
ine 438.
LaTeX Font Info:    No math alphabet change to frozen version normal on input l
ine 438.
LaTeX Font Info:    No math alphabet change to frozen version normal on input l
ine 438.
LaTeX Font Info:    No math alphabet change to frozen version normal on input l
ine 438.
LaTeX Font Info:    No math alphabet change to frozen version normal on input l
ine 438.
LaTeX Font Info:    No math alphabet change to frozen version normal on input l
ine 438.
LaTeX Font Info:    No math alphabet change to frozen version normal on input l
ine 438.
LaTeX Font Info:    No math alphabet change to frozen version normal on input l
ine 438.
LaTeX Font Info:    No math alphabet change to frozen version normal on input l
ine 438.
LaTeX Font Info:    No math alphabet change to frozen version normal on input l
ine 438.
LaTeX Font Info:    No math alphabet change to frozen version normal on input l
ine 438.
LaTeX Font Info:    No math alphabet change to frozen version normal on input l
ine 438.

Underfull \hbox (badness 10000) in paragraph at lines 438--438

 []


Underfull \hbox (badness 10000) in paragraph at lines 438--438

 []

LaTeX Font Info:    No math alphabet change to frozen version normal on input l
ine 438.
LaTeX Font Info:    No math alphabet change to frozen version normal on input l
ine 438.
LaTeX Font Info:    No math alphabet change to frozen version normal on input l
ine 438.
LaTeX Font Info:    No math alphabet change to frozen version normal on input l
ine 438.
LaTeX Font Info:    No math alphabet change to frozen version normal on input l
ine 438.
LaTeX Font Info:    No math alphabet change to frozen version normal on input l
ine 438.
LaTeX Font Info:    No math alphabet change to frozen version normal on input l
ine 438.
LaTeX Font Info:    No math alphabet change to frozen version normal on input l
ine 438.
LaTeX Font Info:    No math alphabet change to frozen version normal on input l
ine 438.

Underfull \hbox (badness 10000) in paragraph at lines 438--439

 []

LaTeX Font Info:    Font shape `T1/zplTLF/m/n' will be
(Font)              scaled to size 7.0pt on input line 439.
LaTeX Font Info:    Trying to load font information for T1+npxtt on input line 
439.
(/usr/local/texlive/2022/texmf-dist/tex/latex/newpx/t1npxtt.fd
File: t1npxtt.fd 2000/12/14 v1.0
)
LaTeX Font Info:    Font shape `T1/npxtt/m/n' will be
(Font)              scaled to size 7.0pt on input line 439.
LaTeX Font Info:    No math alphabet change to frozen version normal on input l
ine 464.
LaTeX Font Info:    No math alphabet change to frozen version normal on input l
ine 467.
LaTeX Font Info:    No math alphabet change to frozen version normal on input l
ine 467.
LaTeX Font Info:    No math alphabet change to frozen version normal on input l
ine 467.
LaTeX Font Info:    No math alphabet change to frozen version normal on input l
ine 467.
LaTeX Font Info:    No math alphabet change to frozen version normal on input l
ine 467.
LaTeX Font Info:    No math alphabet change to frozen version normal on input l
ine 467.
LaTeX Font Info:    No math alphabet change to frozen version normal on input l
ine 468.
LaTeX Font Info:    No math alphabet change to frozen version normal on input l
ine 475.
LaTeX Font Info:    No math alphabet change to frozen version normal on input l
ine 475.
LaTeX Font Info:    No math alphabet change to frozen version normal on input l
ine 475.
LaTeX Font Info:    No math alphabet change to frozen version normal on input l
ine 475.
LaTeX Font Info:    No math alphabet change to frozen version normal on input l
ine 475.
LaTeX Font Info:    No math alphabet change to frozen version normal on input l
ine 475.
LaTeX Font Info:    No math alphabet change to frozen version normal on input l
ine 475.
LaTeX Font Info:    No math alphabet change to frozen version normal on input l
ine 475.
LaTeX Font Info:    No math alphabet change to frozen version normal on input l
ine 475.
LaTeX Font Info:    No math alphabet change to frozen version normal on input l
ine 475.
LaTeX Font Info:    No math alphabet change to frozen version normal on input l
ine 475.
 [5]
LaTeX Font Info:    No math alphabet change to frozen version normal on input l
ine 475.

Underfull \hbox (badness 10000) in paragraph at lines 475--477

 []

LaTeX Font Info:    No math alphabet change to frozen version normal on input l
ine 487.
LaTeX Font Info:    No math alphabet change to frozen version normal on input l
ine 487.
LaTeX Font Info:    No math alphabet change to frozen version normal on input l
ine 487.
LaTeX Font Info:    No math alphabet change to frozen version normal on input l
ine 487.
LaTeX Font Info:    No math alphabet change to frozen version normal on input l
ine 487.
LaTeX Font Info:    No math alphabet change to frozen version normal on input l
ine 487.
LaTeX Font Info:    No math alphabet change to frozen version normal on input l
ine 487.
LaTeX Font Info:    No math alphabet change to frozen version normal on input l
ine 487.
LaTeX Font Info:    No math alphabet change to frozen version normal on input l
ine 487.
LaTeX Font Info:    No math alphabet change to frozen version normal on input l
ine 487.
LaTeX Font Info:    No math alphabet change to frozen version normal on input l
ine 487.
LaTeX Font Info:    No math alphabet change to frozen version normal on input l
ine 487.
LaTeX Font Info:    No math alphabet change to frozen version normal on input l
ine 487.
LaTeX Font Info:    Font shape `T1/zplTLF/m/it' will be
(Font)              scaled to size 10.0pt on input line 487.
LaTeX Font Info:    No math alphabet change to frozen version normal on input l
ine 487.
LaTeX Font Info:    No math alphabet change to frozen version normal on input l
ine 490.
LaTeX Font Info:    No math alphabet change to frozen version normal on input l
ine 490.
LaTeX Font Info:    No math alphabet change to frozen version normal on input l
ine 490.
LaTeX Font Info:    No math alphabet change to frozen version normal on input l
ine 490.
LaTeX Font Info:    No math alphabet change to frozen version normal on input l
ine 490.
LaTeX Font Info:    No math alphabet change to frozen version normal on input l
ine 490.
LaTeX Font Info:    No math alphabet change to frozen version normal on input l
ine 490.
LaTeX Font Info:    No math alphabet change to frozen version normal on input l
ine 493.
LaTeX Font Info:    No math alphabet change to frozen version normal on input l
ine 493.
LaTeX Font Info:    No math alphabet change to frozen version normal on input l
ine 493.
LaTeX Font Info:    No math alphabet change to frozen version normal on input l
ine 493.
LaTeX Font Info:    No math alphabet change to frozen version normal on input l
ine 493.
LaTeX Font Info:    No math alphabet change to frozen version normal on input l
ine 493.
LaTeX Font Info:    No math alphabet change to frozen version normal on input l
ine 494.
LaTeX Font Info:    No math alphabet change to frozen version normal on input l
ine 494.
LaTeX Font Info:    No math alphabet change to frozen version normal on input l
ine 502.
LaTeX Font Info:    No math alphabet change to frozen version normal on input l
ine 502.
LaTeX Font Info:    No math alphabet change to frozen version normal on input l
ine 502.
LaTeX Font Info:    No math alphabet change to frozen version normal on input l
ine 502.
LaTeX Font Info:    No math alphabet change to frozen version normal on input l
ine 502.
LaTeX Font Info:    No math alphabet change to frozen version normal on input l
ine 502.
LaTeX Font Info:    No math alphabet change to frozen version normal on input l
ine 507.
LaTeX Font Info:    No math alphabet change to frozen version normal on input l
ine 507.
LaTeX Font Info:    No math alphabet change to frozen version normal on input l
ine 507.
LaTeX Font Info:    No math alphabet change to frozen version normal on input l
ine 507.
LaTeX Font Info:    No math alphabet change to frozen version normal on input l
ine 507.
LaTeX Font Info:    No math alphabet change to frozen version normal on input l
ine 507.
LaTeX Font Info:    No math alphabet change to frozen version normal on input l
ine 521.
LaTeX Font Info:    No math alphabet change to frozen version normal on input l
ine 521.
LaTeX Font Info:    No math alphabet change to frozen version normal on input l
ine 521.
LaTeX Font Info:    No math alphabet change to frozen version normal on input l
ine 521.
LaTeX Font Info:    No math alphabet change to frozen version normal on input l
ine 521.
LaTeX Font Info:    No math alphabet change to frozen version normal on input l
ine 521.
LaTeX Font Info:    No math alphabet change to frozen version normal on input l
ine 521.

Underfull \hbox (badness 10000) in paragraph at lines 521--522

 []

[6]
LaTeX Font Info:    No math alphabet change to frozen version normal on input l
ine 523.
LaTeX Font Info:    No math alphabet change to frozen version normal on input l
ine 523.
LaTeX Font Info:    No math alphabet change to frozen version normal on input l
ine 533.
LaTeX Font Info:    No math alphabet change to frozen version normal on input l
ine 533.
LaTeX Font Info:    No math alphabet change to frozen version normal on input l
ine 533.
LaTeX Font Info:    No math alphabet change to frozen version normal on input l
ine 533.
LaTeX Font Info:    No math alphabet change to frozen version normal on input l
ine 533.
LaTeX Font Info:    No math alphabet change to frozen version normal on input l
ine 533.
LaTeX Font Info:    No math alphabet change to frozen version normal on input l
ine 533.
LaTeX Font Info:    No math alphabet change to frozen version normal on input l
ine 533.
LaTeX Font Info:    No math alphabet change to frozen version normal on input l
ine 533.
LaTeX Font Info:    No math alphabet change to frozen version normal on input l
ine 533.
LaTeX Font Info:    No math alphabet change to frozen version normal on input l
ine 533.
LaTeX Font Info:    No math alphabet change to frozen version normal on input l
ine 533.
LaTeX Font Info:    No math alphabet change to frozen version normal on input l
ine 533.
LaTeX Font Info:    No math alphabet change to frozen version normal on input l
ine 533.
LaTeX Font Info:    No math alphabet change to frozen version normal on input l
ine 533.
LaTeX Font Info:    No math alphabet change to frozen version normal on input l
ine 533.
LaTeX Font Info:    No math alphabet change to frozen version normal on input l
ine 533.
LaTeX Font Info:    No math alphabet change to frozen version normal on input l
ine 533.
LaTeX Font Info:    No math alphabet change to frozen version normal on input l
ine 533.
LaTeX Font Info:    No math alphabet change to frozen version normal on input l
ine 533.
LaTeX Font Info:    No math alphabet change to frozen version normal on input l
ine 533.
LaTeX Font Info:    No math alphabet change to frozen version normal on input l
ine 533.
LaTeX Font Info:    No math alphabet change to frozen version normal on input l
ine 533.
LaTeX Font Info:    No math alphabet change to frozen version normal on input l
ine 533.
LaTeX Font Info:    No math alphabet change to frozen version normal on input l
ine 533.
LaTeX Font Info:    No math alphabet change to frozen version normal on input l
ine 533.
LaTeX Font Info:    No math alphabet change to frozen version normal on input l
ine 533.
LaTeX Font Info:    No math alphabet change to frozen version normal on input l
ine 533.
LaTeX Font Info:    No math alphabet change to frozen version normal on input l
ine 533.
LaTeX Font Info:    No math alphabet change to frozen version normal on input l
ine 533.
LaTeX Font Info:    No math alphabet change to frozen version normal on input l
ine 533.
LaTeX Font Info:    No math alphabet change to frozen version normal on input l
ine 533.
LaTeX Font Info:    No math alphabet change to frozen version normal on input l
ine 533.
LaTeX Font Info:    No math alphabet change to frozen version normal on input l
ine 533.
LaTeX Font Info:    No math alphabet change to frozen version normal on input l
ine 533.
LaTeX Font Info:    No math alphabet change to frozen version normal on input l
ine 533.
LaTeX Font Info:    No math alphabet change to frozen version normal on input l
ine 533.
LaTeX Font Info:    No math alphabet change to frozen version normal on input l
ine 533.
LaTeX Font Info:    No math alphabet change to frozen version normal on input l
ine 533.
LaTeX Font Info:    No math alphabet change to frozen version normal on input l
ine 533.
LaTeX Font Info:    No math alphabet change to frozen version normal on input l
ine 533.
LaTeX Font Info:    No math alphabet change to frozen version normal on input l
ine 533.
LaTeX Font Info:    No math alphabet change to frozen version normal on input l
ine 538.
LaTeX Font Info:    No math alphabet change to frozen version normal on input l
ine 538.
LaTeX Font Info:    No math alphabet change to frozen version normal on input l
ine 538.
LaTeX Font Info:    No math alphabet change to frozen version normal on input l
ine 538.
LaTeX Font Info:    No math alphabet change to frozen version normal on input l
ine 538.
LaTeX Font Info:    No math alphabet change to frozen version normal on input l
ine 538.
LaTeX Font Info:    No math alphabet change to frozen version normal on input l
ine 538.
LaTeX Font Info:    No math alphabet change to frozen version normal on input l
ine 538.
LaTeX Font Info:    No math alphabet change to frozen version normal on input l
ine 538.
LaTeX Font Info:    No math alphabet change to frozen version normal on input l
ine 538.
LaTeX Font Info:    No math alphabet change to frozen version normal on input l
ine 539.
LaTeX Font Info:    No math alphabet change to frozen version normal on input l
ine 539.
LaTeX Font Info:    No math alphabet change to frozen version normal on input l
ine 539.
LaTeX Font Info:    No math alphabet change to frozen version normal on input l
ine 539.

Underfull \hbox (badness 10000) in paragraph at lines 538--540

 []

LaTeX Font Info:    No math alphabet change to frozen version normal on input l
ine 541.
LaTeX Font Info:    No math alphabet change to frozen version normal on input l
ine 541.
LaTeX Font Info:    No math alphabet change to frozen version normal on input l
ine 544.
LaTeX Font Info:    No math alphabet change to frozen version normal on input l
ine 544.
LaTeX Font Info:    No math alphabet change to frozen version normal on input l
ine 544.
LaTeX Font Info:    No math alphabet change to frozen version normal on input l
ine 544.
LaTeX Font Info:    No math alphabet change to frozen version normal on input l
ine 544.
LaTeX Font Info:    No math alphabet change to frozen version normal on input l
ine 544.
LaTeX Font Info:    No math alphabet change to frozen version normal on input l
ine 545.
LaTeX Font Info:    No math alphabet change to frozen version normal on input l
ine 548.
LaTeX Font Info:    No math alphabet change to frozen version normal on input l
ine 548.
LaTeX Font Info:    No math alphabet change to frozen version normal on input l
ine 548.
LaTeX Font Info:    No math alphabet change to frozen version normal on input l
ine 548.
LaTeX Font Info:    No math alphabet change to frozen version normal on input l
ine 548.
LaTeX Font Info:    No math alphabet change to frozen version normal on input l
ine 548.
LaTeX Font Info:    No math alphabet change to frozen version normal on input l
ine 551.
LaTeX Font Info:    No math alphabet change to frozen version normal on input l
ine 551.
LaTeX Font Info:    No math alphabet change to frozen version normal on input l
ine 551.
LaTeX Font Info:    No math alphabet change to frozen version normal on input l
ine 551.
LaTeX Font Info:    No math alphabet change to frozen version normal on input l
ine 551.
LaTeX Font Info:    No math alphabet change to frozen version normal on input l
ine 551.
LaTeX Font Info:    No math alphabet change to frozen version normal on input l
ine 551.
LaTeX Font Info:    No math alphabet change to frozen version normal on input l
ine 554.
LaTeX Font Info:    No math alphabet change to frozen version normal on input l
ine 554.
LaTeX Font Info:    No math alphabet change to frozen version normal on input l
ine 554.
LaTeX Font Info:    No math alphabet change to frozen version normal on input l
ine 554.
LaTeX Font Info:    No math alphabet change to frozen version normal on input l
ine 554.
LaTeX Font Info:    No math alphabet change to frozen version normal on input l
ine 554.
LaTeX Font Info:    No math alphabet change to frozen version normal on input l
ine 554.
LaTeX Font Info:    No math alphabet change to frozen version normal on input l
ine 554.
LaTeX Font Info:    No math alphabet change to frozen version normal on input l
ine 556.
LaTeX Font Info:    No math alphabet change to frozen version normal on input l
ine 556.
LaTeX Font Info:    No math alphabet change to frozen version normal on input l
ine 556.
LaTeX Font Info:    No math alphabet change to frozen version normal on input l
ine 556.

Underfull \hbox (badness 10000) in paragraph at lines 556--557

 []

[7]
LaTeX Font Info:    No math alphabet change to frozen version normal on input l
ine 558.
LaTeX Font Info:    No math alphabet change to frozen version normal on input l
ine 558.
LaTeX Font Info:    No math alphabet change to frozen version normal on input l
ine 558.
LaTeX Font Info:    No math alphabet change to frozen version normal on input l
ine 558.
LaTeX Font Info:    No math alphabet change to frozen version normal on input l
ine 558.

Underfull \hbox (badness 10000) in paragraph at lines 558--559

 []

LaTeX Font Info:    No math alphabet change to frozen version normal on input l
ine 560.
LaTeX Font Info:    No math alphabet change to frozen version normal on input l
ine 560.
LaTeX Font Info:    No math alphabet change to frozen version normal on input l
ine 565.
LaTeX Font Info:    No math alphabet change to frozen version normal on input l
ine 565.
LaTeX Font Info:    No math alphabet change to frozen version normal on input l
ine 565.
LaTeX Font Info:    No math alphabet change to frozen version normal on input l
ine 565.
LaTeX Font Info:    No math alphabet change to frozen version normal on input l
ine 565.
LaTeX Font Info:    No math alphabet change to frozen version normal on input l
ine 565.
LaTeX Font Info:    No math alphabet change to frozen version normal on input l
ine 568.
LaTeX Font Info:    No math alphabet change to frozen version normal on input l
ine 568.
LaTeX Font Info:    No math alphabet change to frozen version normal on input l
ine 568.
LaTeX Font Info:    No math alphabet change to frozen version normal on input l
ine 568.
LaTeX Font Info:    No math alphabet change to frozen version normal on input l
ine 568.
LaTeX Font Info:    No math alphabet change to frozen version normal on input l
ine 568.
LaTeX Font Info:    No math alphabet change to frozen version normal on input l
ine 569.
LaTeX Font Info:    No math alphabet change to frozen version normal on input l
ine 569.
LaTeX Font Info:    No math alphabet change to frozen version normal on input l
ine 572.
LaTeX Font Info:    No math alphabet change to frozen version normal on input l
ine 572.
LaTeX Font Info:    No math alphabet change to frozen version normal on input l
ine 572.
LaTeX Font Info:    No math alphabet change to frozen version normal on input l
ine 572.
LaTeX Font Info:    No math alphabet change to frozen version normal on input l
ine 572.
LaTeX Font Info:    No math alphabet change to frozen version normal on input l
ine 572.
LaTeX Font Info:    No math alphabet change to frozen version normal on input l
ine 573.
LaTeX Font Info:    No math alphabet change to frozen version normal on input l
ine 573.

Underfull \hbox (badness 10000) in paragraph at lines 572--574

 []

LaTeX Font Info:    No math alphabet change to frozen version normal on input l
ine 575.
LaTeX Font Info:    No math alphabet change to frozen version normal on input l
ine 575.
LaTeX Font Info:    No math alphabet change to frozen version normal on input l
ine 575.
LaTeX Font Info:    No math alphabet change to frozen version normal on input l
ine 578.
LaTeX Font Info:    No math alphabet change to frozen version normal on input l
ine 578.
LaTeX Font Info:    No math alphabet change to frozen version normal on input l
ine 578.
LaTeX Font Info:    No math alphabet change to frozen version normal on input l
ine 578.
LaTeX Font Info:    No math alphabet change to frozen version normal on input l
ine 578.
LaTeX Font Info:    No math alphabet change to frozen version normal on input l
ine 578.
LaTeX Font Info:    No math alphabet change to frozen version normal on input l
ine 579.
LaTeX Font Info:    No math alphabet change to frozen version normal on input l
ine 582.
LaTeX Font Info:    No math alphabet change to frozen version normal on input l
ine 582.
LaTeX Font Info:    No math alphabet change to frozen version normal on input l
ine 582.
LaTeX Font Info:    No math alphabet change to frozen version normal on input l
ine 582.
LaTeX Font Info:    No math alphabet change to frozen version normal on input l
ine 582.
LaTeX Font Info:    No math alphabet change to frozen version normal on input l
ine 582.
LaTeX Font Info:    No math alphabet change to frozen version normal on input l
ine 583.
LaTeX Font Info:    No math alphabet change to frozen version normal on input l
ine 583.
LaTeX Font Info:    No math alphabet change to frozen version normal on input l
ine 583.
LaTeX Font Info:    No math alphabet change to frozen version normal on input l
ine 586.
LaTeX Font Info:    No math alphabet change to frozen version normal on input l
ine 586.
LaTeX Font Info:    No math alphabet change to frozen version normal on input l
ine 586.
LaTeX Font Info:    No math alphabet change to frozen version normal on input l
ine 586.
LaTeX Font Info:    No math alphabet change to frozen version normal on input l
ine 586.
LaTeX Font Info:    No math alphabet change to frozen version normal on input l
ine 586.
LaTeX Font Info:    No math alphabet change to frozen version normal on input l
ine 587.
LaTeX Font Info:    No math alphabet change to frozen version normal on input l
ine 587.
LaTeX Font Info:    No math alphabet change to frozen version normal on input l
ine 590.
LaTeX Font Info:    No math alphabet change to frozen version normal on input l
ine 590.
LaTeX Font Info:    No math alphabet change to frozen version normal on input l
ine 590.
LaTeX Font Info:    No math alphabet change to frozen version normal on input l
ine 590.
LaTeX Font Info:    No math alphabet change to frozen version normal on input l
ine 590.
LaTeX Font Info:    No math alphabet change to frozen version normal on input l
ine 590.
LaTeX Font Info:    No math alphabet change to frozen version normal on input l
ine 591.
LaTeX Font Info:    No math alphabet change to frozen version normal on input l
ine 591.
LaTeX Font Info:    No math alphabet change to frozen version normal on input l
ine 591.
LaTeX Font Info:    No math alphabet change to frozen version normal on input l
ine 591.
LaTeX Font Info:    No math alphabet change to frozen version normal on input l
ine 591.
[8] [9] (./BUI_AMO_2_Pset6.aux)

LaTeX Font Warning: Size substitutions with differences
(Font)              up to 0.5pt have occurred.

Package rerunfilecheck Info: File `BUI_AMO_2_Pset6.out' has not changed.
(rerunfilecheck)             Checksum: D41D8CD98F00B204E9800998ECF8427E;0.
 ) 
Here is how much of TeX's memory you used:
 26920 strings out of 478268
 442469 string characters out of 5846347
 1857678 words of memory out of 5000000
 44757 multiletter control sequences out of 15000+600000
 512283 words of font info for 102 fonts, out of 8000000 for 9000
 1141 hyphenation exceptions out of 8191
 71i,16n,147p,762b,8792s stack positions out of 10000i,1000n,20000p,200000b,200000s
{/usr/local/texlive/2022/texmf-dist/fonts/enc/dvips/newtx/ntx-ec-tlf.enc}{/us
r/local/texlive/2022/texmf-dist/fonts/enc/dvips/newtx/ntx-ot1-tlf.enc}</usr/loc
al/texlive/2022/texmf-dist/fonts/type1/public/newpx/NewPXMI.pfb></usr/local/tex
live/2022/texmf-dist/fonts/type1/public/newpx/NewPXMI_gnu.pfb></usr/local/texli
ve/2022/texmf-dist/fonts/type1/public/newpx/pxmiaX.pfb></usr/local/texlive/2022
/texmf-dist/fonts/type1/public/newpx/pxsys.pfb></usr/local/texlive/2022/texmf-d
ist/fonts/type1/public/txfonts/t1xtt.pfb></usr/local/texlive/2022/texmf-dist/fo
nts/type1/public/newtx/txexs.pfb></usr/local/texlive/2022/texmf-dist/fonts/type
1/public/newpx/zplb.pfb></usr/local/texlive/2022/texmf-dist/fonts/type1/public/
newpx/zplr.pfb></usr/local/texlive/2022/texmf-dist/fonts/type1/public/newpx/zpl
ri.pfb>
Output written on BUI_AMO_2_Pset6.pdf (9 pages, 191485 bytes).
PDF statistics:
 141 PDF objects out of 1000 (max. 8388607)
 108 compressed objects within 2 object streams
 41 named destinations out of 1000 (max. 500000)
 1 words of extra memory for PDF output out of 10000 (max. 10000000)

