\BOOKMARK [1][-]{section.1}{de Moivre's Formula}{}% 1
\BOOKMARK [1][-]{section.2}{Roots \046 Things}{}% 2
\BOOKMARK [1][-]{section.3}{Regions of the Complex Plane}{}% 3
\BOOKMARK [1][-]{section.4}{Limits}{}% 4
\BOOKMARK [1][-]{section.5}{Continuity}{}% 5
\BOOKMARK [1][-]{section.6}{Differentiability}{}% 6
\BOOKMARK [1][-]{section.7}{Cauchy-Riemann Theorem for Analytic Functions}{}% 7
\BOOKMARK [1][-]{section.8}{Contour Integrals}{}% 8
\BOOKMARK [1][-]{section.9}{Lemma on Modulus \046 Contours}{}% 9
\BOOKMARK [1][-]{section.10}{Bound on Modulus of Contour Integrals}{}% 10
\BOOKMARK [1][-]{section.11}{TFAE}{}% 11
\BOOKMARK [1][-]{section.12}{Cauchy-Goursat Theorem}{}% 12
\BOOKMARK [1][-]{section.13}{Simply-connected domain}{}% 13
\BOOKMARK [1][-]{section.14}{Multiply-connected domain}{}% 14
\BOOKMARK [1][-]{section.15}{Cauchy-Goursat Theorem for simply-connected domain}{}% 15
\BOOKMARK [1][-]{section.16}{Corollary to Cauchy-Goursat for simply-connected domain}{}% 16
\BOOKMARK [1][-]{section.17}{Cauchy-Goursat Theorem for multiply-connected regions}{}% 17
\BOOKMARK [1][-]{section.18}{Principle of Path Deformation \(Corollary to Cauchy-Goursat\)}{}% 18
\BOOKMARK [1][-]{section.19}{Cauchy's Integral Formula}{}% 19
\BOOKMARK [1][-]{section.20}{Cauchy's Integral Formula for First-Order Derivative}{}% 20
\BOOKMARK [1][-]{section.21}{Cauchy's Integral Formula for Higher-Order Derivatives}{}% 21
\BOOKMARK [1][-]{section.22}{Analyticity of Derivatives}{}% 22
\BOOKMARK [1][-]{section.23}{Analyticity of Derivatives on a Domain}{}% 23
\BOOKMARK [1][-]{section.24}{Infinite Differentiability}{}% 24
\BOOKMARK [1][-]{section.25}{H\366rmander's Theorem}{}% 25
\BOOKMARK [1][-]{section.26}{Morera's Theorem}{}% 26
\BOOKMARK [1][-]{section.27}{Cauchy's Inequality}{}% 27
\BOOKMARK [1][-]{section.28}{Liouville's Theorem}{}% 28
\BOOKMARK [1][-]{section.29}{The Fundamental Theorem of Algebra}{}% 29
\BOOKMARK [1][-]{section.30}{Corollary to The Fundamental Theorem of Algebra}{}% 30
\BOOKMARK [1][-]{section.31}{The Maximum Modulus Principle 1}{}% 31
\BOOKMARK [1][-]{section.32}{The Maximum Modulus Principle 2}{}% 32
\BOOKMARK [1][-]{section.33}{Convergence of Series}{}% 33
\BOOKMARK [1][-]{section.34}{Real and Imaginary parts of a convergent sequence}{}% 34
\BOOKMARK [1][-]{section.35}{Cauchy sequences}{}% 35
\BOOKMARK [1][-]{section.36}{Cauchy and Convergence}{}% 36
\BOOKMARK [1][-]{section.37}{Series}{}% 37
\BOOKMARK [1][-]{section.38}{Convergence of Series}{}% 38
\BOOKMARK [1][-]{section.39}{Taylor's Theorem}{}% 39
\BOOKMARK [1][-]{section.40}{Laurent's Theorem}{}% 40
\BOOKMARK [1][-]{section.41}{More results about series}{}% 41
\BOOKMARK [1][-]{section.42}{Residues}{}% 42
\BOOKMARK [1][-]{section.43}{The Residue Theorem}{}% 43
\BOOKMARK [1][-]{section.44}{Classification of Singularities}{}% 44
\BOOKMARK [1][-]{section.45}{Residues with \040theorem}{}% 45
\BOOKMARK [1][-]{section.46}{Residues with p-q theorem}{}% 46
\BOOKMARK [1][-]{section.47}{What happens near singularities?}{}% 47
\BOOKMARK [1][-]{section.48}{Removable singularity - Boundedness - Analyticity \(RBA\)}{}% 48
\BOOKMARK [1][-]{section.49}{The converse of RBA}{}% 49
\BOOKMARK [1][-]{section.50}{Casorati-Weierstrass Theorem}{}% 50
