\BOOKMARK [2][-]{section*.1}{Preface}{}% 1
\BOOKMARK [0][-]{chapter.1}{Special Distributions}{}% 2
\BOOKMARK [1][-]{section.1.1}{The Binomial and Related Distributions}{chapter.1}% 3
\BOOKMARK [2][-]{subsection.1.1.1}{Negative Binomial \046 Geometric Distribution}{section.1.1}% 4
\BOOKMARK [1][-]{section.1.2}{Multinomial Distribution}{chapter.1}% 5
\BOOKMARK [1][-]{section.1.3}{Hypergeometric Distribution}{chapter.1}% 6
\BOOKMARK [1][-]{section.1.4}{The Poisson Distribution}{chapter.1}% 7
\BOOKMARK [1][-]{section.1.5}{The , 2, \040distributions}{chapter.1}% 8
\BOOKMARK [2][-]{subsection.1.5.1}{The \040and exponential distribution}{section.1.5}% 9
\BOOKMARK [2][-]{subsection.1.5.2}{The 2 distribution}{section.1.5}% 10
\BOOKMARK [2][-]{subsection.1.5.3}{The \040distribution}{section.1.5}% 11
\BOOKMARK [1][-]{section.1.6}{The Normal distribution}{chapter.1}% 12
\BOOKMARK [2][-]{subsection.1.6.1}{Contaminated Normal}{section.1.6}% 13
\BOOKMARK [1][-]{section.1.7}{The Multivariate Normal}{chapter.1}% 14
\BOOKMARK [1][-]{section.1.8}{The t- and F-distributions}{chapter.1}% 15
\BOOKMARK [2][-]{subsection.1.8.1}{The t-distribution}{section.1.8}% 16
\BOOKMARK [2][-]{subsection.1.8.2}{The F-distribution}{section.1.8}% 17
\BOOKMARK [2][-]{subsection.1.8.3}{The Student's Theorem}{section.1.8}% 18
\BOOKMARK [0][-]{chapter.2}{Elementary Statistical Inferences}{}% 19
\BOOKMARK [1][-]{section.2.1}{Sampling \046 Statistics}{chapter.2}% 20
\BOOKMARK [2][-]{subsection.2.1.1}{Point estimators}{section.2.1}% 21
\BOOKMARK [2][-]{subsection.2.1.2}{Histogram estimates of pmfs and pdfs}{section.2.1}% 22
\BOOKMARK [1][-]{section.2.2}{Confidence Intervals}{chapter.2}% 23
\BOOKMARK [2][-]{subsection.2.2.1}{CI for difference in means}{section.2.2}% 24
\BOOKMARK [2][-]{subsection.2.2.2}{CI for difference in proportions}{section.2.2}% 25
\BOOKMARK [1][-]{section.2.3}{Order Statistics}{chapter.2}% 26
\BOOKMARK [2][-]{subsection.2.3.1}{Quantiles}{section.2.3}% 27
\BOOKMARK [2][-]{subsection.2.3.2}{CI for quantiles}{section.2.3}% 28
\BOOKMARK [1][-]{section.2.4}{Introduction to Hypothesis Testing}{chapter.2}% 29
\BOOKMARK [1][-]{section.2.5}{Additional comments about statistical test}{chapter.2}% 30
\BOOKMARK [2][-]{subsection.2.5.1}{Observed Significance Level, p-value}{section.2.5}% 31
\BOOKMARK [1][-]{section.2.6}{Chi-Square Tests}{chapter.2}% 32
\BOOKMARK [1][-]{section.2.7}{The Method of Monte Carlo}{chapter.2}% 33
\BOOKMARK [2][-]{subsection.2.7.1}{Inverse Transform}{section.2.7}% 34
\BOOKMARK [2][-]{subsection.2.7.2}{Accept-Reject Generation Algorithm}{section.2.7}% 35
\BOOKMARK [2][-]{subsection.2.7.3}{Evaluating definite integrals}{section.2.7}% 36
\BOOKMARK [1][-]{section.2.8}{Consistency and Limiting Distributions}{chapter.2}% 37
\BOOKMARK [2][-]{subsection.2.8.1}{Convergence in Probability}{section.2.8}% 38
\BOOKMARK [2][-]{subsection.2.8.2}{Convergence in Distribution}{section.2.8}% 39
\BOOKMARK [2][-]{subsection.2.8.3}{Central Limit Theorem}{section.2.8}% 40
\BOOKMARK [0][-]{chapter.3}{Problems}{}% 41
\BOOKMARK [1][-]{section.3.1}{Problem Set 1}{chapter.3}% 42
\BOOKMARK [1][-]{section.3.2}{Problem Set 2}{chapter.3}% 43
\BOOKMARK [1][-]{section.3.3}{Problem set 3}{chapter.3}% 44
\BOOKMARK [1][-]{section.3.4}{Problem set 4}{chapter.3}% 45
