This is pdfTeX, Version 3.141592653-2.6-1.40.24 (TeX Live 2022) (preloaded format=pdflatex 2022.10.1)  24 FEB 2023 14:03
entering extended mode
 restricted \write18 enabled.
 file:line:error style messages enabled.
 %&-line parsing enabled.
**BUI_AMO_2_Pset2.tex
(./BUI_AMO_2_Pset2.tex
LaTeX2e <2021-11-15> patch level 1
L3 programming layer <2022-02-24>
(/usr/local/texlive/2022/texmf-dist/tex/latex/base/article.cls
Document Class: article 2021/10/04 v1.4n Standard LaTeX document class
(/usr/local/texlive/2022/texmf-dist/tex/latex/base/size10.clo
File: size10.clo 2021/10/04 v1.4n Standard LaTeX file (size option)
)
\c@part=\count185
\c@section=\count186
\c@subsection=\count187
\c@subsubsection=\count188
\c@paragraph=\count189
\c@subparagraph=\count190
\c@figure=\count191
\c@table=\count192
\abovecaptionskip=\skip47
\belowcaptionskip=\skip48
\bibindent=\dimen138
)
(/usr/local/texlive/2022/texmf-dist/tex/latex/physics/physics.sty
Package: physics 

(/usr/local/texlive/2022/texmf-dist/tex/latex/l3packages/xparse/xparse.sty
(/usr/local/texlive/2022/texmf-dist/tex/latex/l3kernel/expl3.sty
Package: expl3 2022-02-24 L3 programming layer (loader) 

(/usr/local/texlive/2022/texmf-dist/tex/latex/l3backend/l3backend-pdftex.def
File: l3backend-pdftex.def 2022-02-07 L3 backend support: PDF output (pdfTeX)
\l__color_backend_stack_int=\count193
\l__pdf_internal_box=\box50
))
Package: xparse 2022-01-12 L3 Experimental document command parser
) (/usr/local/texlive/2022/texmf-dist/tex/latex/amsmath/amsmath.sty
Package: amsmath 2021/10/15 v2.17l AMS math features
\@mathmargin=\skip49

For additional information on amsmath, use the `?' option.
(/usr/local/texlive/2022/texmf-dist/tex/latex/amsmath/amstext.sty
Package: amstext 2021/08/26 v2.01 AMS text

(/usr/local/texlive/2022/texmf-dist/tex/latex/amsmath/amsgen.sty
File: amsgen.sty 1999/11/30 v2.0 generic functions
\@emptytoks=\toks16
\ex@=\dimen139
))
(/usr/local/texlive/2022/texmf-dist/tex/latex/amsmath/amsbsy.sty
Package: amsbsy 1999/11/29 v1.2d Bold Symbols
\pmbraise@=\dimen140
)
(/usr/local/texlive/2022/texmf-dist/tex/latex/amsmath/amsopn.sty
Package: amsopn 2021/08/26 v2.02 operator names
)
\inf@bad=\count194
LaTeX Info: Redefining \frac on input line 234.
\uproot@=\count195
\leftroot@=\count196
LaTeX Info: Redefining \overline on input line 399.
\classnum@=\count197
\DOTSCASE@=\count198
LaTeX Info: Redefining \ldots on input line 496.
LaTeX Info: Redefining \dots on input line 499.
LaTeX Info: Redefining \cdots on input line 620.
\Mathstrutbox@=\box51
\strutbox@=\box52
\big@size=\dimen141
LaTeX Font Info:    Redeclaring font encoding OML on input line 743.
LaTeX Font Info:    Redeclaring font encoding OMS on input line 744.
\macc@depth=\count199
\c@MaxMatrixCols=\count266
\dotsspace@=\muskip16
\c@parentequation=\count267
\dspbrk@lvl=\count268
\tag@help=\toks17
\row@=\count269
\column@=\count270
\maxfields@=\count271
\andhelp@=\toks18
\eqnshift@=\dimen142
\alignsep@=\dimen143
\tagshift@=\dimen144
\tagwidth@=\dimen145
\totwidth@=\dimen146
\lineht@=\dimen147
\@envbody=\toks19
\multlinegap=\skip50
\multlinetaggap=\skip51
\mathdisplay@stack=\toks20
LaTeX Info: Redefining \[ on input line 2938.
LaTeX Info: Redefining \] on input line 2939.
))
(/usr/local/texlive/2022/texmf-dist/tex/latex/graphics/graphicx.sty
Package: graphicx 2021/09/16 v1.2d Enhanced LaTeX Graphics (DPC,SPQR)

(/usr/local/texlive/2022/texmf-dist/tex/latex/graphics/keyval.sty
Package: keyval 2014/10/28 v1.15 key=value parser (DPC)
\KV@toks@=\toks21
)
(/usr/local/texlive/2022/texmf-dist/tex/latex/graphics/graphics.sty
Package: graphics 2021/03/04 v1.4d Standard LaTeX Graphics (DPC,SPQR)

(/usr/local/texlive/2022/texmf-dist/tex/latex/graphics/trig.sty
Package: trig 2021/08/11 v1.11 sin cos tan (DPC)
)
(/usr/local/texlive/2022/texmf-dist/tex/latex/graphics-cfg/graphics.cfg
File: graphics.cfg 2016/06/04 v1.11 sample graphics configuration
)
Package graphics Info: Driver file: pdftex.def on input line 107.

(/usr/local/texlive/2022/texmf-dist/tex/latex/graphics-def/pdftex.def
File: pdftex.def 2020/10/05 v1.2a Graphics/color driver for pdftex
))
\Gin@req@height=\dimen148
\Gin@req@width=\dimen149
)
(/usr/local/texlive/2022/texmf-dist/tex/latex/caption/caption.sty
Package: caption 2022/03/01 v3.6b Customizing captions (AR)

(/usr/local/texlive/2022/texmf-dist/tex/latex/caption/caption3.sty
Package: caption3 2022/03/17 v2.3b caption3 kernel (AR)
\caption@tempdima=\dimen150
\captionmargin=\dimen151
\caption@leftmargin=\dimen152
\caption@rightmargin=\dimen153
\caption@width=\dimen154
\caption@indent=\dimen155
\caption@parindent=\dimen156
\caption@hangindent=\dimen157
Package caption Info: Standard document class detected.
)
\c@caption@flags=\count272
\c@continuedfloat=\count273
)
(/usr/local/texlive/2022/texmf-dist/tex/latex/tools/bm.sty
Package: bm 2021/04/25 v1.2e Bold Symbol Support (DPC/FMi)
\symboldoperators=\mathgroup4
\symboldletters=\mathgroup5
\symboldsymbols=\mathgroup6
Package bm Info: No bold for \OMX/cmex/m/n, using \pmb.
LaTeX Font Info:    Redeclaring math alphabet \mathbf on input line 149.
)
(/usr/local/texlive/2022/texmf-dist/tex/latex/framed/framed.sty
Package: framed 2011/10/22 v 0.96: framed or shaded text with page breaks
\OuterFrameSep=\skip52
\fb@frw=\dimen158
\fb@frh=\dimen159
\FrameRule=\dimen160
\FrameSep=\dimen161
)
(/usr/local/texlive/2022/texmf-dist/tex/latex/preprint/authblk.sty
Package: authblk 2001/02/27 1.3 (PWD)
\affilsep=\skip53
\@affilsep=\skip54
\c@Maxaffil=\count274
\c@authors=\count275
\c@affil=\count276
)
(/usr/local/texlive/2022/texmf-dist/tex/latex/mathtools/empheq.sty
Package: empheq 2017/03/31 v2.15 Emphasizing equations

(/usr/local/texlive/2022/texmf-dist/tex/latex/mathtools/mhsetup.sty
Package: mhsetup 2021/03/18 v1.4 programming setup (MH)
)
(/usr/local/texlive/2022/texmf-dist/tex/latex/mathtools/mathtools.sty
Package: mathtools 2022/02/07 v1.28a mathematical typesetting tools

(/usr/local/texlive/2022/texmf-dist/tex/latex/tools/calc.sty
Package: calc 2017/05/25 v4.3 Infix arithmetic (KKT,FJ)
\calc@Acount=\count277
\calc@Bcount=\count278
\calc@Adimen=\dimen162
\calc@Bdimen=\dimen163
\calc@Askip=\skip55
\calc@Bskip=\skip56
LaTeX Info: Redefining \setlength on input line 80.
LaTeX Info: Redefining \addtolength on input line 81.
\calc@Ccount=\count279
\calc@Cskip=\skip57
)
\g_MT_multlinerow_int=\count280
\l_MT_multwidth_dim=\dimen164
\origjot=\skip58
\l_MT_shortvdotswithinadjustabove_dim=\dimen165
\l_MT_shortvdotswithinadjustbelow_dim=\dimen166
\l_MT_above_intertext_sep=\dimen167
\l_MT_below_intertext_sep=\dimen168
\l_MT_above_shortintertext_sep=\dimen169
\l_MT_below_shortintertext_sep=\dimen170
\xmathstrut@box=\box53
\xmathstrut@dim=\dimen171
)
\l_EQ_equationtype_int=\count281
\l_EQ_alignmentmode_int=\count282
\l_EQ_totalwidth_dim=\dimen172
\l_EQ_displaywidth_dim=\dimen173
\l_EQ_temp_linewidth_dim=\dimen174
\l_EQ_linewidth_dim=\dimen175
\EmphEqdelimitershortfall=\dimen176
\EmphEqdelimiterfactor=\count283
\g_EQ_toptag_height_dim=\dimen177
\g_EQ_bottomtag_depth_dim=\dimen178
\g_EQ_toprow_height_dim=\dimen179
\g_EQ_bottomrow_depth_dim=\dimen180
\g_EQ_widesttag_dim=\dimen181
\EQ_mathdisplay_box=\box54
\EQ_tag_box=\box55
\g_EQ_temprow_int=\count284
)
(/usr/local/texlive/2022/texmf-dist/tex/latex/amsfonts/amsfonts.sty
Package: amsfonts 2013/01/14 v3.01 Basic AMSFonts support
\symAMSa=\mathgroup7
\symAMSb=\mathgroup8
LaTeX Font Info:    Redeclaring math symbol \hbar on input line 98.
LaTeX Font Info:    Overwriting math alphabet `\mathfrak' in version `bold'
(Font)                  U/euf/m/n --> U/euf/b/n on input line 106.
)
(/usr/local/texlive/2022/texmf-dist/tex/latex/esint/esint.sty
Package: esint 
\symlargesymbolsA=\mathgroup9
)
(/usr/local/texlive/2022/texmf-dist/tex/latex/cancel/cancel.sty
Package: cancel 2013/04/12 v2.2 Cancel math terms
)
(/usr/local/texlive/2022/texmf-dist/tex/latex/doublestroke/dsfont.sty
Package: dsfont 1995/08/01 v0.1 Double stroke roman fonts
)
(/usr/local/texlive/2022/texmf-dist/tex/latex/oberdiek/centernot.sty
Package: centernot 2016/05/16 v1.4 Centers the not symbol horizontally (HO)
)
(/usr/local/texlive/2022/texmf-dist/tex/latex/caption/subcaption.sty
Package: subcaption 2022/01/07 v1.5 Sub-captions (AR)
\c@subfigure=\count285
\c@subtable=\count286
)
(/usr/local/texlive/2022/texmf-dist/tex/latex/bigints/bigints.sty
Package: bigints 2010/02/15 Writing big integrals
Package bigints Info: This is Bigints by Merciadri Luca. on input line 5.
)
(/usr/local/texlive/2022/texmf-dist/tex/latex/amscls/amsthm.sty
Package: amsthm 2020/05/29 v2.20.6
\thm@style=\toks22
\thm@bodyfont=\toks23
\thm@headfont=\toks24
\thm@notefont=\toks25
\thm@headpunct=\toks26
\thm@preskip=\skip59
\thm@postskip=\skip60
\thm@headsep=\skip61
\dth@everypar=\toks27
)
\c@lemma=\count287
\c@defn=\count288
\c@prop=\count289
\c@rmk=\count290
\c@thm=\count291
\c@exmp=\count292
\c@prob=\count293
\c@sln=\count294
\c@exer=\count295

(/usr/local/texlive/2022/texmf-dist/tex/latex/tensor/tensor.sty
Package: tensor 2004/12/20 v2.1 tensor indices package (PGR)
\tnsr@Sps=\toks28
\tnsr@Sbs=\toks29
\tnsr@Spe=\toks30
\tnsr@Sbe=\toks31
\ncld@Mno=\toks32
)
(/usr/local/texlive/2022/texmf-dist/tex/latex/xcolor/xcolor.sty
Package: xcolor 2021/10/31 v2.13 LaTeX color extensions (UK)

(/usr/local/texlive/2022/texmf-dist/tex/latex/graphics-cfg/color.cfg
File: color.cfg 2016/01/02 v1.6 sample color configuration
)
Package xcolor Info: Driver file: pdftex.def on input line 227.
Package xcolor Info: Model `cmy' substituted by `cmy0' on input line 1352.
Package xcolor Info: Model `hsb' substituted by `rgb' on input line 1356.
Package xcolor Info: Model `RGB' extended on input line 1368.
Package xcolor Info: Model `HTML' substituted by `rgb' on input line 1370.
Package xcolor Info: Model `Hsb' substituted by `hsb' on input line 1371.
Package xcolor Info: Model `tHsb' substituted by `hsb' on input line 1372.
Package xcolor Info: Model `HSB' substituted by `hsb' on input line 1373.
Package xcolor Info: Model `Gray' substituted by `gray' on input line 1374.
Package xcolor Info: Model `wave' substituted by `hsb' on input line 1375.
)
(/usr/local/texlive/2022/texmf-dist/tex/latex/hyperref/hyperref.sty
Package: hyperref 2022-02-21 v7.00n Hypertext links for LaTeX

(/usr/local/texlive/2022/texmf-dist/tex/generic/ltxcmds/ltxcmds.sty
Package: ltxcmds 2020-05-10 v1.25 LaTeX kernel commands for general use (HO)
)
(/usr/local/texlive/2022/texmf-dist/tex/generic/iftex/iftex.sty
Package: iftex 2022/02/03 v1.0f TeX engine tests
)
(/usr/local/texlive/2022/texmf-dist/tex/generic/pdftexcmds/pdftexcmds.sty
Package: pdftexcmds 2020-06-27 v0.33 Utility functions of pdfTeX for LuaTeX (HO
)

(/usr/local/texlive/2022/texmf-dist/tex/generic/infwarerr/infwarerr.sty
Package: infwarerr 2019/12/03 v1.5 Providing info/warning/error messages (HO)
)
Package pdftexcmds Info: \pdf@primitive is available.
Package pdftexcmds Info: \pdf@ifprimitive is available.
Package pdftexcmds Info: \pdfdraftmode found.
)
(/usr/local/texlive/2022/texmf-dist/tex/generic/kvsetkeys/kvsetkeys.sty
Package: kvsetkeys 2019/12/15 v1.18 Key value parser (HO)
)
(/usr/local/texlive/2022/texmf-dist/tex/generic/kvdefinekeys/kvdefinekeys.sty
Package: kvdefinekeys 2019-12-19 v1.6 Define keys (HO)
)
(/usr/local/texlive/2022/texmf-dist/tex/generic/pdfescape/pdfescape.sty
Package: pdfescape 2019/12/09 v1.15 Implements pdfTeX's escape features (HO)
)
(/usr/local/texlive/2022/texmf-dist/tex/latex/hycolor/hycolor.sty
Package: hycolor 2020-01-27 v1.10 Color options for hyperref/bookmark (HO)
)
(/usr/local/texlive/2022/texmf-dist/tex/latex/letltxmacro/letltxmacro.sty
Package: letltxmacro 2019/12/03 v1.6 Let assignment for LaTeX macros (HO)
)
(/usr/local/texlive/2022/texmf-dist/tex/latex/auxhook/auxhook.sty
Package: auxhook 2019-12-17 v1.6 Hooks for auxiliary files (HO)
)
(/usr/local/texlive/2022/texmf-dist/tex/latex/kvoptions/kvoptions.sty
Package: kvoptions 2020-10-07 v3.14 Key value format for package options (HO)
)
\@linkdim=\dimen182
\Hy@linkcounter=\count296
\Hy@pagecounter=\count297

(/usr/local/texlive/2022/texmf-dist/tex/latex/hyperref/pd1enc.def
File: pd1enc.def 2022-02-21 v7.00n Hyperref: PDFDocEncoding definition (HO)
Now handling font encoding PD1 ...
... no UTF-8 mapping file for font encoding PD1
)
(/usr/local/texlive/2022/texmf-dist/tex/generic/intcalc/intcalc.sty
Package: intcalc 2019/12/15 v1.3 Expandable calculations with integers (HO)
)
(/usr/local/texlive/2022/texmf-dist/tex/generic/etexcmds/etexcmds.sty
Package: etexcmds 2019/12/15 v1.7 Avoid name clashes with e-TeX commands (HO)
)
\Hy@SavedSpaceFactor=\count298

(/usr/local/texlive/2022/texmf-dist/tex/latex/hyperref/puenc.def
File: puenc.def 2022-02-21 v7.00n Hyperref: PDF Unicode definition (HO)
Now handling font encoding PU ...
... no UTF-8 mapping file for font encoding PU
)
Package hyperref Info: Hyper figures OFF on input line 4137.
Package hyperref Info: Link nesting OFF on input line 4142.
Package hyperref Info: Hyper index ON on input line 4145.
Package hyperref Info: Plain pages OFF on input line 4152.
Package hyperref Info: Backreferencing OFF on input line 4157.
Package hyperref Info: Implicit mode ON; LaTeX internals redefined.
Package hyperref Info: Bookmarks ON on input line 4390.
\c@Hy@tempcnt=\count299

(/usr/local/texlive/2022/texmf-dist/tex/latex/url/url.sty
\Urlmuskip=\muskip17
Package: url 2013/09/16  ver 3.4  Verb mode for urls, etc.
)
LaTeX Info: Redefining \url on input line 4749.
\XeTeXLinkMargin=\dimen183

(/usr/local/texlive/2022/texmf-dist/tex/generic/bitset/bitset.sty
Package: bitset 2019/12/09 v1.3 Handle bit-vector datatype (HO)

(/usr/local/texlive/2022/texmf-dist/tex/generic/bigintcalc/bigintcalc.sty
Package: bigintcalc 2019/12/15 v1.5 Expandable calculations on big integers (HO
)
))
\Fld@menulength=\count300
\Field@Width=\dimen184
\Fld@charsize=\dimen185
Package hyperref Info: Hyper figures OFF on input line 6027.
Package hyperref Info: Link nesting OFF on input line 6032.
Package hyperref Info: Hyper index ON on input line 6035.
Package hyperref Info: backreferencing OFF on input line 6042.
Package hyperref Info: Link coloring OFF on input line 6047.
Package hyperref Info: Link coloring with OCG OFF on input line 6052.
Package hyperref Info: PDF/A mode OFF on input line 6057.
LaTeX Info: Redefining \ref on input line 6097.
LaTeX Info: Redefining \pageref on input line 6101.

(/usr/local/texlive/2022/texmf-dist/tex/latex/base/atbegshi-ltx.sty
Package: atbegshi-ltx 2021/01/10 v1.0c Emulation of the original atbegshi
package with kernel methods
)
\Hy@abspage=\count301
\c@Item=\count302
\c@Hfootnote=\count303
)
Package hyperref Info: Driver: hpdftex.

(/usr/local/texlive/2022/texmf-dist/tex/latex/hyperref/hpdftex.def
File: hpdftex.def 2022-02-21 v7.00n Hyperref driver for pdfTeX

(/usr/local/texlive/2022/texmf-dist/tex/latex/base/atveryend-ltx.sty
Package: atveryend-ltx 2020/08/19 v1.0a Emulation of the original atveryend pac
kage
with kernel methods
)
\Fld@listcount=\count304
\c@bookmark@seq@number=\count305

(/usr/local/texlive/2022/texmf-dist/tex/latex/rerunfilecheck/rerunfilecheck.sty
Package: rerunfilecheck 2019/12/05 v1.9 Rerun checks for auxiliary files (HO)

(/usr/local/texlive/2022/texmf-dist/tex/generic/uniquecounter/uniquecounter.sty
Package: uniquecounter 2019/12/15 v1.4 Provide unlimited unique counter (HO)
)
Package uniquecounter Info: New unique counter `rerunfilecheck' on input line 2
86.
)
\Hy@SectionHShift=\skip62
)
Package hyperref Info: Option `colorlinks' set `true' on input line 39.
 (/usr/local/texlive/2022/texmf-dist/tex/latex/geometry/geometry.sty
Package: geometry 2020/01/02 v5.9 Page Geometry

(/usr/local/texlive/2022/texmf-dist/tex/generic/iftex/ifvtex.sty
Package: ifvtex 2019/10/25 v1.7 ifvtex legacy package. Use iftex instead.
)
\Gm@cnth=\count306
\Gm@cntv=\count307
\c@Gm@tempcnt=\count308
\Gm@bindingoffset=\dimen186
\Gm@wd@mp=\dimen187
\Gm@odd@mp=\dimen188
\Gm@even@mp=\dimen189
\Gm@layoutwidth=\dimen190
\Gm@layoutheight=\dimen191
\Gm@layouthoffset=\dimen192
\Gm@layoutvoffset=\dimen193
\Gm@dimlist=\toks33
)
Package caption Info: Option `figurename' requires the `newfloat' package on in
put line 42.

(/usr/local/texlive/2022/texmf-dist/tex/latex/newfloat/newfloat.sty
Package: newfloat 2019/09/02 v1.1l Defining new floating environments (AR)
)
(/usr/local/texlive/2022/texmf-dist/tex/latex/newpx/newpxtext.sty
Package: newpxtext 2022/01/30 v1.504(Michael Sharpe) latex and unicode latex su
pport for TeXGyrePagellaX

`newpxtext' v1.504, 2022/01/30 Text macros taking advantage of TeXGyre Pagella 
and its extensions (msharpe)
(/usr/local/texlive/2022/texmf-dist/tex/latex/base/fontenc.sty
Package: fontenc 2021/04/29 v2.0v Standard LaTeX package
)
(/usr/local/texlive/2022/texmf-dist/tex/generic/iftex/ifxetex.sty
Package: ifxetex 2019/10/25 v0.7 ifxetex legacy package. Use iftex instead.
)
(/usr/local/texlive/2022/texmf-dist/tex/generic/iftex/ifluatex.sty
Package: ifluatex 2019/10/25 v1.5 ifluatex legacy package. Use iftex instead.
)
(/usr/local/texlive/2022/texmf-dist/tex/latex/xkeyval/xkeyval.sty
Package: xkeyval 2020/11/20 v2.8 package option processing (HA)

(/usr/local/texlive/2022/texmf-dist/tex/generic/xkeyval/xkeyval.tex
(/usr/local/texlive/2022/texmf-dist/tex/generic/xkeyval/xkvutils.tex
\XKV@toks=\toks34
\XKV@tempa@toks=\toks35
)
\XKV@depth=\count309
File: xkeyval.tex 2014/12/03 v2.7a key=value parser (HA)
))
(/usr/local/texlive/2022/texmf-dist/tex/latex/etoolbox/etoolbox.sty
Package: etoolbox 2020/10/05 v2.5k e-TeX tools for LaTeX (JAW)
\etb@tempcnta=\count310
)
(/usr/local/texlive/2022/texmf-dist/tex/latex/base/textcomp.sty
Package: textcomp 2020/02/02 v2.0n Standard LaTeX package
)
(/usr/local/texlive/2022/texmf-dist/tex/generic/xstring/xstring.sty
(/usr/local/texlive/2022/texmf-dist/tex/generic/xstring/xstring.tex
\integerpart=\count311
\decimalpart=\count312
)
Package: xstring 2021/07/21 v1.84 String manipulations (CT)
)
(/usr/local/texlive/2022/texmf-dist/tex/latex/base/ifthen.sty
Package: ifthen 2020/11/24 v1.1c Standard LaTeX ifthen package (DPC)
)
(/usr/local/texlive/2022/texmf-dist/tex/latex/carlisle/scalefnt.sty)
LaTeX Font Info:    Setting zplLF sub-encoding to TS1/0 on input line 24.
LaTeX Font Info:    Setting zplTLF sub-encoding to TS1/0 on input line 24.
LaTeX Font Info:    Setting zplOsF sub-encoding to TS1/0 on input line 24.
LaTeX Font Info:    Setting zplTOsF sub-encoding to TS1/0 on input line 24.
\zpl@cnt=\count313

(/usr/local/texlive/2022/texmf-dist/tex/latex/fontaxes/fontaxes.sty
Package: fontaxes 2020/07/21 v1.0e Font selection axes
LaTeX Info: Redefining \upshape on input line 29.
LaTeX Info: Redefining \itshape on input line 31.
LaTeX Info: Redefining \slshape on input line 33.
LaTeX Info: Redefining \swshape on input line 35.
LaTeX Info: Redefining \scshape on input line 37.
LaTeX Info: Redefining \sscshape on input line 39.
LaTeX Info: Redefining \ulcshape on input line 41.
LaTeX Info: Redefining \textsw on input line 47.
LaTeX Info: Redefining \textssc on input line 48.
LaTeX Info: Redefining \textulc on input line 49.
)
LaTeX Info: Redefining \nustyle on input line 254.
LaTeX Info: Redefining \textsu on input line 492.
LaTeX Info: Redefining \oldstylenums on input line 581.
)
(/usr/local/texlive/2022/texmf-dist/tex/latex/newpx/newpxmath.sty
Package: newpxmath 2021/12/04 v1.5

`newpxmath' v1.5, 2021/12/04 Math macros based on pxfonts (msharpe)
(/usr/local/texlive/2022/texmf-dist/tex/generic/kastrup/binhex.tex)
\px@tA=\toks36
\px@tB=\toks37
\px@su=\read2
\px@Isdigit=\count314
LaTeX Font Info:    Redeclaring symbol font `operators' on input line 211.
LaTeX Font Info:    Overwriting symbol font `operators' in version `normal'
(Font)                  OT1/cmr/m/n --> OT1/zplTLF/m/n on input line 211.
LaTeX Font Info:    Overwriting symbol font `operators' in version `bold'
(Font)                  OT1/cmr/bx/n --> OT1/zplTLF/m/n on input line 211.
LaTeX Font Info:    Overwriting symbol font `operators' in version `bold'
(Font)                  OT1/zplTLF/m/n --> OT1/zplTLF/b/n on input line 212.
LaTeX Font Info:    Redeclaring math alphabet \mathsf on input line 215.
LaTeX Font Info:    Overwriting math alphabet `\mathsf' in version `normal'
(Font)                  OT1/cmss/m/n --> T1/qhv/m/n on input line 215.
LaTeX Font Info:    Overwriting math alphabet `\mathsf' in version `bold'
(Font)                  OT1/cmss/bx/n --> T1/qhv/m/n on input line 215.
LaTeX Font Info:    Redeclaring math alphabet \mathit on input line 216.
LaTeX Font Info:    Overwriting math alphabet `\mathit' in version `normal'
(Font)                  OT1/cmr/m/it --> OT1/zplTLF/m/it on input line 216.
LaTeX Font Info:    Overwriting math alphabet `\mathit' in version `bold'
(Font)                  OT1/cmr/bx/it --> OT1/zplTLF/m/it on input line 216.
LaTeX Font Info:    Redeclaring math alphabet \mathtt on input line 217.
LaTeX Font Info:    Overwriting math alphabet `\mathtt' in version `normal'
(Font)                  OT1/cmtt/m/n --> T1/npxtt/m/n on input line 217.
LaTeX Font Info:    Overwriting math alphabet `\mathtt' in version `bold'
(Font)                  OT1/cmtt/m/n --> T1/npxtt/m/n on input line 217.
LaTeX Font Info:    Redeclaring math alphabet \mathbf on input line 219.
LaTeX Font Info:    Overwriting math alphabet `\mathit' in version `bold'
(Font)                  OT1/zplTLF/m/it --> OT1/zplTLF/b/it on input line 220.
LaTeX Font Info:    Overwriting math alphabet `\mathsf' in version `bold'
(Font)                  T1/qhv/m/n --> T1/qhv/b/n on input line 222.
LaTeX Font Info:    Overwriting math alphabet `\mathtt' in version `bold'
(Font)                  T1/npxtt/m/n --> T1/npxtt/b/n on input line 223.
LaTeX Font Info:    Redeclaring symbol font `letters' on input line 234.
LaTeX Font Info:    Overwriting symbol font `letters' in version `normal'
(Font)                  OML/cmm/m/it --> OML/npxmi/m/it on input line 234.
LaTeX Font Info:    Overwriting symbol font `letters' in version `bold'
(Font)                  OML/cmm/b/it --> OML/npxmi/m/it on input line 234.
LaTeX Font Info:    Overwriting symbol font `letters' in version `bold'
(Font)                  OML/npxmi/m/it --> OML/npxmi/b/it on input line 235.
\symlettersA=\mathgroup10
LaTeX Font Info:    Overwriting symbol font `lettersA' in version `bold'
(Font)                  U/npxmia/m/it --> U/npxmia/b/it on input line 253.
LaTeX Font Info:    Redeclaring math alphabet \mathfrak on input line 255.
Now handling font encoding LMS ...
... no UTF-8 mapping file for font encoding LMS
LaTeX Font Info:    Redeclaring symbol font `symbols' on input line 263.
LaTeX Font Info:    Encoding `OMS' has changed to `LMS' for symbol font
(Font)              `symbols' in the math version `normal' on input line 263.
LaTeX Font Info:    Overwriting symbol font `symbols' in version `normal'
(Font)                  OMS/cmsy/m/n --> LMS/npxsy/m/n on input line 263.
LaTeX Font Info:    Encoding `OMS' has changed to `LMS' for symbol font
(Font)              `symbols' in the math version `bold' on input line 263.
LaTeX Font Info:    Overwriting symbol font `symbols' in version `bold'
(Font)                  OMS/cmsy/b/n --> LMS/npxsy/m/n on input line 263.
LaTeX Font Info:    Overwriting symbol font `symbols' in version `bold'
(Font)                  LMS/npxsy/m/n --> LMS/npxsy/b/n on input line 264.
\symAMSm=\mathgroup11
LaTeX Font Info:    Overwriting symbol font `AMSm' in version `bold'
(Font)                  U/npxsym/m/n --> U/npxsym/b/n on input line 284.
\symsymbolsC=\mathgroup12
LaTeX Font Info:    Overwriting symbol font `symbolsC' in version `bold'
(Font)                  U/npxsyc/m/n --> U/npxsyc/b/n on input line 306.
Now handling font encoding LMX ...
... no UTF-8 mapping file for font encoding LMX
LaTeX Font Info:    Redeclaring symbol font `largesymbols' on input line 326.
LaTeX Font Info:    Encoding `OMX' has changed to `LMX' for symbol font
(Font)              `largesymbols' in the math version `normal' on input line 3
26.
LaTeX Font Info:    Overwriting symbol font `largesymbols' in version `normal'
(Font)                  OMX/cmex/m/n --> LMX/npxexx/m/n on input line 326.
LaTeX Font Info:    Encoding `OMX' has changed to `LMX' for symbol font
(Font)              `largesymbols' in the math version `bold' on input line 326
.
LaTeX Font Info:    Overwriting symbol font `largesymbols' in version `bold'
(Font)                  OMX/cmex/m/n --> LMX/npxexx/m/n on input line 326.
LaTeX Font Info:    Overwriting symbol font `largesymbols' in version `bold'
(Font)                  LMX/npxexx/m/n --> LMX/npxexx/b/n on input line 327.
\symlargesymbolsPXA=\mathgroup13
LaTeX Font Info:    Overwriting symbol font `largesymbolsPXA' in version `bold'

(Font)                  U/npxexa/m/n --> U/npxexa/b/n on input line 334.
\px@cntz=\count315
\px@IsAlNum=\count316
\px@sbptoks=\toks38
LaTeX Font Info:    Redeclaring math delimiter \lfloor on input line 489.
LaTeX Font Info:    Redeclaring math delimiter \rfloor on input line 490.
LaTeX Font Info:    Redeclaring math delimiter \lceil on input line 491.
LaTeX Font Info:    Redeclaring math delimiter \rceil on input line 492.
LaTeX Font Info:    Redeclaring math delimiter \lbrace on input line 493.
LaTeX Font Info:    Redeclaring math delimiter \rbrace on input line 494.
LaTeX Font Info:    Redeclaring math delimiter \langle on input line 495.
LaTeX Font Info:    Redeclaring math delimiter \rangle on input line 497.
LaTeX Font Info:    Redeclaring math delimiter \arrowvert on input line 501.
LaTeX Font Info:    Redeclaring math delimiter \vert on input line 502.
LaTeX Font Info:    Redeclaring math symbol \parallel on input line 503.
LaTeX Font Info:    Redeclaring math delimiter \Arrowvert on input line 504.
LaTeX Font Info:    Redeclaring math accent \grave on input line 544.
LaTeX Font Info:    Redeclaring math accent \acute on input line 545.
LaTeX Font Info:    Redeclaring math accent \hat on input line 546.
LaTeX Font Info:    Redeclaring math accent \tilde on input line 547.
LaTeX Font Info:    Redeclaring math accent \bar on input line 548.
LaTeX Font Info:    Redeclaring math accent \breve on input line 549.
LaTeX Font Info:    Redeclaring math accent \mathring on input line 550.
LaTeX Font Info:    Redeclaring math accent \check on input line 551.
LaTeX Font Info:    Redeclaring math accent \dot on input line 555.
LaTeX Font Info:    Redeclaring math accent \ddot on input line 556.
LaTeX Font Info:    Redeclaring math accent \vec on input line 1598.
LaTeX Info: Redefining \Bbbk on input line 2175.
LaTeX Info: Redefining \not on input line 2457.
LaTeX Info: Redefining \textsquare on input line 2472.
LaTeX Info: Redefining \openbox on input line 2474.
)
(/usr/local/texlive/2022/texmf-dist/tex/latex/enumitem/enumitem.sty
Package: enumitem 2019/06/20 v3.9 Customized lists
\labelindent=\skip63
\enit@outerparindent=\dimen194
\enit@toks=\toks39
\enit@inbox=\box56
\enit@count@id=\count317
\enitdp@description=\count318
)
(/usr/local/texlive/2022/texmf-dist/tex/latex/listings/listings.sty
\lst@mode=\count319
\lst@gtempboxa=\box57
\lst@token=\toks40
\lst@length=\count320
\lst@currlwidth=\dimen195
\lst@column=\count321
\lst@pos=\count322
\lst@lostspace=\dimen196
\lst@width=\dimen197
\lst@newlines=\count323
\lst@lineno=\count324
\lst@maxwidth=\dimen198

(/usr/local/texlive/2022/texmf-dist/tex/latex/listings/lstmisc.sty
File: lstmisc.sty 2020/03/24 1.8d (Carsten Heinz)
\c@lstnumber=\count325
\lst@skipnumbers=\count326
\lst@framebox=\box58
)
(/usr/local/texlive/2022/texmf-dist/tex/latex/listings/listings.cfg
File: listings.cfg 2020/03/24 1.8d listings configuration
))
Package: listings 2020/03/24 1.8d (Carsten Heinz)

(/usr/local/texlive/2022/texmf-dist/tex/latex/listings/lstlang1.sty
File: lstlang1.sty 2020/03/24 1.8d listings language file
)
(/usr/local/texlive/2022/texmf-dist/tex/latex/listings/lstlang1.sty
File: lstlang1.sty 2020/03/24 1.8d listings language file
)
(/usr/local/texlive/2022/texmf-dist/tex/latex/listings/lstlang1.sty
File: lstlang1.sty 2020/03/24 1.8d listings language file
)
(/usr/local/texlive/2022/texmf-dist/tex/latex/listings/lstlang1.sty
File: lstlang1.sty 2020/03/24 1.8d listings language file
)
LaTeX Font Info:    Trying to load font information for T1+zplTLF on input line
 129.

(/usr/local/texlive/2022/texmf-dist/tex/latex/newpx/t1zpltlf.fd
File: t1zpltlf.fd 2021/05/25 v1.0 font definition file for T1/zpl/TLF
)
LaTeX Font Info:    Font shape `T1/zplTLF/m/n' will be
(Font)              scaled to size 10.0pt on input line 129.

(./BUI_AMO_2_Pset2.aux)
\openout1 = `BUI_AMO_2_Pset2.aux'.

LaTeX Font Info:    Checking defaults for OML/npxmi/m/it on input line 129.
LaTeX Font Info:    Trying to load font information for OML+npxmi on input line
 129.

(/usr/local/texlive/2022/texmf-dist/tex/latex/newpx/omlnpxmi.fd
File: omlnpxmi.fd 2013/03/21 Fontinst v1.933 font definitions for OML/npxmi.
)
LaTeX Font Info:    ... okay on input line 129.
LaTeX Font Info:    Checking defaults for OMS/cmsy/m/n on input line 129.
LaTeX Font Info:    ... okay on input line 129.
LaTeX Font Info:    Checking defaults for OT1/cmr/m/n on input line 129.
LaTeX Font Info:    ... okay on input line 129.
LaTeX Font Info:    Checking defaults for T1/cmr/m/n on input line 129.
LaTeX Font Info:    ... okay on input line 129.
LaTeX Font Info:    Checking defaults for TS1/cmr/m/n on input line 129.
LaTeX Font Info:    ... okay on input line 129.
LaTeX Font Info:    Checking defaults for OMX/cmex/m/n on input line 129.
LaTeX Font Info:    ... okay on input line 129.
LaTeX Font Info:    Checking defaults for U/npxexa/m/n on input line 129.
LaTeX Font Info:    Trying to load font information for U+npxexa on input line 
129.

(/usr/local/texlive/2022/texmf-dist/tex/latex/newpx/unpxexa.fd
File: unpxexa.fd 2013/03/24 Fontinst v1.933 font definitions for U/npxexa.
)
LaTeX Font Info:    ... okay on input line 129.
LaTeX Font Info:    Checking defaults for PD1/pdf/m/n on input line 129.
LaTeX Font Info:    ... okay on input line 129.
LaTeX Font Info:    Checking defaults for PU/pdf/m/n on input line 129.
LaTeX Font Info:    ... okay on input line 129.
LaTeX Font Info:    Checking defaults for LMS/npxsy/m/n on input line 129.
LaTeX Font Info:    Trying to load font information for LMS+npxsy on input line
 129.

(/usr/local/texlive/2022/texmf-dist/tex/latex/newpx/lmsnpxsy.fd
File: lmsnpxsy.fd 2016/07/04 Fontinst v1.933 font definitions for LMS/npxsy.
)
LaTeX Font Info:    ... okay on input line 129.
LaTeX Font Info:    Checking defaults for LMX/npxexx/m/n on input line 129.
LaTeX Font Info:    Trying to load font information for LMX+npxexx on input lin
e 129.

(/usr/local/texlive/2022/texmf-dist/tex/latex/newpx/lmxnpxexx.fd
File: lmxnpxexx.fd 2016/07/04 Fontinst v1.933 font definitions for LMX/npxexx.
)
LaTeX Font Info:    ... okay on input line 129.

(/usr/local/texlive/2022/texmf-dist/tex/context/base/mkii/supp-pdf.mkii
[Loading MPS to PDF converter (version 2006.09.02).]
\scratchcounter=\count327
\scratchdimen=\dimen199
\scratchbox=\box59
\nofMPsegments=\count328
\nofMParguments=\count329
\everyMPshowfont=\toks41
\MPscratchCnt=\count330
\MPscratchDim=\dimen256
\MPnumerator=\count331
\makeMPintoPDFobject=\count332
\everyMPtoPDFconversion=\toks42
) (/usr/local/texlive/2022/texmf-dist/tex/latex/epstopdf-pkg/epstopdf-base.sty
Package: epstopdf-base 2020-01-24 v2.11 Base part for package epstopdf
Package epstopdf-base Info: Redefining graphics rule for `.eps' on input line 4
85.

(/usr/local/texlive/2022/texmf-dist/tex/latex/latexconfig/epstopdf-sys.cfg
File: epstopdf-sys.cfg 2010/07/13 v1.3 Configuration of (r)epstopdf for TeX Liv
e
))
Package caption Info: Begin \AtBeginDocument code.
Package caption Info: hyperref package is loaded.
Package caption Info: listings package is loaded.
Package caption Info: End \AtBeginDocument code.
Package hyperref Info: Link coloring ON on input line 129.

(/usr/local/texlive/2022/texmf-dist/tex/latex/hyperref/nameref.sty
Package: nameref 2021-04-02 v2.47 Cross-referencing by name of section

(/usr/local/texlive/2022/texmf-dist/tex/latex/refcount/refcount.sty
Package: refcount 2019/12/15 v3.6 Data extraction from label references (HO)
)
(/usr/local/texlive/2022/texmf-dist/tex/generic/gettitlestring/gettitlestring.s
ty
Package: gettitlestring 2019/12/15 v1.6 Cleanup title references (HO)
)
\c@section@level=\count333
)
LaTeX Info: Redefining \ref on input line 129.
LaTeX Info: Redefining \pageref on input line 129.
LaTeX Info: Redefining \nameref on input line 129.
 (./BUI_AMO_2_Pset2.out) (./BUI_AMO_2_Pset2.out)
\@outlinefile=\write3
\openout3 = `BUI_AMO_2_Pset2.out'.


*geometry* driver: auto-detecting
*geometry* detected driver: pdftex
*geometry* verbose mode - [ preamble ] result:
* driver: pdftex
* paper: <default>
* layout: <same size as paper>
* layoutoffset:(h,v)=(0.0pt,0.0pt)
* modes: 
* h-part:(L,W,R)=(72.26999pt, 469.75502pt, 72.26999pt)
* v-part:(T,H,B)=(72.26999pt, 650.43001pt, 72.26999pt)
* \paperwidth=614.295pt
* \paperheight=794.96999pt
* \textwidth=469.75502pt
* \textheight=650.43001pt
* \oddsidemargin=0.0pt
* \evensidemargin=0.0pt
* \topmargin=-37.0pt
* \headheight=12.0pt
* \headsep=25.0pt
* \topskip=10.0pt
* \footskip=30.0pt
* \marginparwidth=65.0pt
* \marginparsep=11.0pt
* \columnsep=10.0pt
* \skip\footins=9.0pt plus 4.0pt minus 2.0pt
* \hoffset=0.0pt
* \voffset=0.0pt
* \mag=1000
* \@twocolumnfalse
* \@twosidefalse
* \@mparswitchfalse
* \@reversemarginfalse
* (1in=72.27pt=25.4mm, 1cm=28.453pt)

\c@mv@tabular=\count334
\c@mv@boldtabular=\count335
\c@lstlisting=\count336
LaTeX Font Info:    Font shape `T1/zplTLF/b/n' will be
(Font)              scaled to size 10.0pt on input line 131.
LaTeX Font Info:    Trying to load font information for OT1+zplTLF on input lin
e 145.
(/usr/local/texlive/2022/texmf-dist/tex/latex/newpx/ot1zpltlf.fd
File: ot1zpltlf.fd 2021/05/25 v1.0 font definition file for OT1/zpl/TLF
)
LaTeX Font Info:    Font shape `OT1/zplTLF/m/n' will be
(Font)              scaled to size 10.0pt on input line 145.
LaTeX Font Info:    Font shape `OT1/zplTLF/m/n' will be
(Font)              scaled to size 7.3pt on input line 145.
LaTeX Font Info:    Font shape `OT1/zplTLF/m/n' will be
(Font)              scaled to size 5.5pt on input line 145.


LaTeX Font Warning: Font shape `OT1/cmr/bx/n' in size <5.5> not available
(Font)              size <5> substituted on input line 145.


LaTeX Font Warning: Font shape `OML/cmm/b/it' in size <5.5> not available
(Font)              size <5> substituted on input line 145.


LaTeX Font Warning: Font shape `OMS/cmsy/b/n' in size <5.5> not available
(Font)              size <5> substituted on input line 145.

LaTeX Font Info:    Trying to load font information for U+msa on input line 145
.
(/usr/local/texlive/2022/texmf-dist/tex/latex/amsfonts/umsa.fd
File: umsa.fd 2013/01/14 v3.01 AMS symbols A
)
LaTeX Font Info:    Trying to load font information for U+msb on input line 145
.

(/usr/local/texlive/2022/texmf-dist/tex/latex/amsfonts/umsb.fd
File: umsb.fd 2013/01/14 v3.01 AMS symbols B
)
LaTeX Font Info:    Trying to load font information for U+esint on input line 1
45.

(/usr/local/texlive/2022/texmf-dist/tex/latex/esint/uesint.fd
File: uesint.fd 
)
LaTeX Font Info:    Trying to load font information for U+npxmia on input line 
145.

(/usr/local/texlive/2022/texmf-dist/tex/latex/newpx/unpxmia.fd
File: unpxmia.fd 2013/03/24 Fontinst v1.933 font definitions for U/npxmia.
)
LaTeX Font Info:    Trying to load font information for U+npxsym on input line 
145.

(/usr/local/texlive/2022/texmf-dist/tex/latex/newpx/unpxsym.fd
File: unpxsym.fd 2015/03/21 Fontinst v1.933 font definitions for U/npxsym.
)
LaTeX Font Info:    Trying to load font information for U+npxsyc on input line 
145.

(/usr/local/texlive/2022/texmf-dist/tex/latex/newpx/unpxsyc.fd
File: unpxsyc.fd 2013/03/24 Fontinst v1.933 font definitions for U/npxsyc.
)
Overfull \hbox (6.69409pt too wide) detected at line 185
[]
 []

LaTeX Font Info:    Font shape `T1/zplTLF/m/n' will be
(Font)              scaled to size 7.3pt on input line 222.
LaTeX Font Info:    Font shape `T1/zplTLF/m/n' will be
(Font)              scaled to size 5.5pt on input line 222.
[1

{/usr/local/texlive/2022/texmf-var/fonts/map/pdftex/updmap/pdftex.map}]
LaTeX Font Info:    Font shape `T1/zplTLF/m/it' will be
(Font)              scaled to size 10.0pt on input line 262.

[2]
Underfull \hbox (badness 10000) in paragraph at lines 292--294

 []

[3] [4] [5]
Underfull \hbox (badness 10000) in paragraph at lines 454--455

 []


Underfull \hbox (badness 10000) in paragraph at lines 469--471

 []

[6]

LaTeX Warning: Command \l invalid in math mode on input line 521.


LaTeX Warning: Command \l invalid in math mode on input line 521.

Missing character: There is no ª in font zpl-Regular-tlf-ot1!
Missing character: There is no ª in font zpl-Regular-tlf-ot1!

LaTeX Warning: Command \l invalid in math mode on input line 521.


LaTeX Warning: Command \l invalid in math mode on input line 521.

Missing character: There is no ª in font zpl-Regular-tlf-ot1!
Missing character: There is no ª in font zpl-Regular-tlf-ot1!
[7]
Underfull \hbox (badness 10000) in paragraph at lines 571--572

 []

[8]
Package epstopdf Info: Source file: <figures/1-phi-0-theta-0.eps>
(epstopdf)                    date: 2023-02-22 09:12:23
(epstopdf)                    size: 526692 bytes
(epstopdf)             Output file: <figures/1-phi-0-theta-0-eps-converted-to.p
df>
(epstopdf)                    date: 2023-02-22 09:12:57
(epstopdf)                    size: 74968 bytes
(epstopdf)             Command: <repstopdf --outfile=figures/1-phi-0-theta-0-ep
s-converted-to.pdf figures/1-phi-0-theta-0.eps>
(epstopdf)             \includegraphics on input line 606.
Package epstopdf Info: Output file is already uptodate.
<figures/1-phi-0-theta-0-eps-converted-to.pdf, id=70, 259.97125pt x 259.97125pt
>
File: figures/1-phi-0-theta-0-eps-converted-to.pdf Graphic file (type pdf)
<use figures/1-phi-0-theta-0-eps-converted-to.pdf>
Package pdftex.def Info: figures/1-phi-0-theta-0-eps-converted-to.pdf  used on 
input line 606.
(pdftex.def)             Requested size: 78.92029pt x 78.92021pt.
Package epstopdf Info: Source file: <figures/1-phi-0-theta-pi3.eps>
(epstopdf)                    date: 2023-02-22 09:15:31
(epstopdf)                    size: 587416 bytes
(epstopdf)             Output file: <figures/1-phi-0-theta-pi3-eps-converted-to
.pdf>
(epstopdf)                    date: 2023-02-22 09:19:17
(epstopdf)                    size: 140456 bytes
(epstopdf)             Command: <repstopdf --outfile=figures/1-phi-0-theta-pi3-
eps-converted-to.pdf figures/1-phi-0-theta-pi3.eps>
(epstopdf)             \includegraphics on input line 611.
Package epstopdf Info: Output file is already uptodate.
<figures/1-phi-0-theta-pi3-eps-converted-to.pdf, id=71, 259.97125pt x 259.97125
pt>
File: figures/1-phi-0-theta-pi3-eps-converted-to.pdf Graphic file (type pdf)
<use figures/1-phi-0-theta-pi3-eps-converted-to.pdf>
Package pdftex.def Info: figures/1-phi-0-theta-pi3-eps-converted-to.pdf  used o
n input line 611.
(pdftex.def)             Requested size: 78.92029pt x 78.92021pt.
Package epstopdf Info: Source file: <figures/1-phi-0-theta-2pi3.eps>
(epstopdf)                    date: 2023-02-22 09:17:07
(epstopdf)                    size: 828316 bytes
(epstopdf)             Output file: <figures/1-phi-0-theta-2pi3-eps-converted-t
o.pdf>
(epstopdf)                    date: 2023-02-22 09:19:18
(epstopdf)                    size: 299321 bytes
(epstopdf)             Command: <repstopdf --outfile=figures/1-phi-0-theta-2pi3
-eps-converted-to.pdf figures/1-phi-0-theta-2pi3.eps>
(epstopdf)             \includegraphics on input line 616.
Package epstopdf Info: Output file is already uptodate.
<figures/1-phi-0-theta-2pi3-eps-converted-to.pdf, id=72, 259.97125pt x 259.9712
5pt>
File: figures/1-phi-0-theta-2pi3-eps-converted-to.pdf Graphic file (type pdf)
<use figures/1-phi-0-theta-2pi3-eps-converted-to.pdf>
Package pdftex.def Info: figures/1-phi-0-theta-2pi3-eps-converted-to.pdf  used 
on input line 616.
(pdftex.def)             Requested size: 78.92029pt x 78.92021pt.
Package epstopdf Info: Source file: <figures/1-phi-0-theta-pi.eps>
(epstopdf)                    date: 2023-02-22 09:17:48
(epstopdf)                    size: 1171063 bytes
(epstopdf)             Output file: <figures/1-phi-0-theta-pi-eps-converted-to.
pdf>
(epstopdf)                    date: 2023-02-22 09:19:18
(epstopdf)                    size: 150101 bytes
(epstopdf)             Command: <repstopdf --outfile=figures/1-phi-0-theta-pi-e
ps-converted-to.pdf figures/1-phi-0-theta-pi.eps>
(epstopdf)             \includegraphics on input line 621.
Package epstopdf Info: Output file is already uptodate.
<figures/1-phi-0-theta-pi-eps-converted-to.pdf, id=73, 259.97125pt x 259.97125p
t>
File: figures/1-phi-0-theta-pi-eps-converted-to.pdf Graphic file (type pdf)
<use figures/1-phi-0-theta-pi-eps-converted-to.pdf>
Package pdftex.def Info: figures/1-phi-0-theta-pi-eps-converted-to.pdf  used on
 input line 621.
(pdftex.def)             Requested size: 78.92029pt x 78.92021pt.
Package epstopdf Info: Source file: <figures/1-phi-pi-theta-0.eps>
(epstopdf)                    date: 2023-02-22 09:25:06
(epstopdf)                    size: 526692 bytes
(epstopdf)             Output file: <figures/1-phi-pi-theta-0-eps-converted-to.
pdf>
(epstopdf)                    date: 2023-02-22 09:26:18
(epstopdf)                    size: 74966 bytes
(epstopdf)             Command: <repstopdf --outfile=figures/1-phi-pi-theta-0-e
ps-converted-to.pdf figures/1-phi-pi-theta-0.eps>
(epstopdf)             \includegraphics on input line 626.
Package epstopdf Info: Output file is already uptodate.
<figures/1-phi-pi-theta-0-eps-converted-to.pdf, id=74, 259.97125pt x 259.97125p
t>
File: figures/1-phi-pi-theta-0-eps-converted-to.pdf Graphic file (type pdf)
<use figures/1-phi-pi-theta-0-eps-converted-to.pdf>
Package pdftex.def Info: figures/1-phi-pi-theta-0-eps-converted-to.pdf  used on
 input line 626.
(pdftex.def)             Requested size: 78.92029pt x 78.92021pt.
Package epstopdf Info: Source file: <figures/1-phi-pi-theta-pi3.eps>
(epstopdf)                    date: 2023-02-22 09:25:26
(epstopdf)                    size: 587782 bytes
(epstopdf)             Output file: <figures/1-phi-pi-theta-pi3-eps-converted-t
o.pdf>
(epstopdf)                    date: 2023-02-22 09:26:19
(epstopdf)                    size: 141503 bytes
(epstopdf)             Command: <repstopdf --outfile=figures/1-phi-pi-theta-pi3
-eps-converted-to.pdf figures/1-phi-pi-theta-pi3.eps>
(epstopdf)             \includegraphics on input line 631.
Package epstopdf Info: Output file is already uptodate.
<figures/1-phi-pi-theta-pi3-eps-converted-to.pdf, id=75, 259.97125pt x 259.9712
5pt>
File: figures/1-phi-pi-theta-pi3-eps-converted-to.pdf Graphic file (type pdf)
<use figures/1-phi-pi-theta-pi3-eps-converted-to.pdf>
Package pdftex.def Info: figures/1-phi-pi-theta-pi3-eps-converted-to.pdf  used 
on input line 631.
(pdftex.def)             Requested size: 78.92029pt x 78.92021pt.
Package epstopdf Info: Source file: <figures/1-phi-pi-theta-2pi3.eps>
(epstopdf)                    date: 2023-02-22 09:25:43
(epstopdf)                    size: 833460 bytes
(epstopdf)             Output file: <figures/1-phi-pi-theta-2pi3-eps-converted-
to.pdf>
(epstopdf)                    date: 2023-02-22 09:26:19
(epstopdf)                    size: 303884 bytes
(epstopdf)             Command: <repstopdf --outfile=figures/1-phi-pi-theta-2pi
3-eps-converted-to.pdf figures/1-phi-pi-theta-2pi3.eps>
(epstopdf)             \includegraphics on input line 636.
Package epstopdf Info: Output file is already uptodate.
<figures/1-phi-pi-theta-2pi3-eps-converted-to.pdf, id=76, 259.97125pt x 259.971
25pt>
File: figures/1-phi-pi-theta-2pi3-eps-converted-to.pdf Graphic file (type pdf)
<use figures/1-phi-pi-theta-2pi3-eps-converted-to.pdf>
Package pdftex.def Info: figures/1-phi-pi-theta-2pi3-eps-converted-to.pdf  used
 on input line 636.
(pdftex.def)             Requested size: 78.92029pt x 78.92021pt.
Package epstopdf Info: Source file: <figures/1-phi-pi-theta-pi.eps>
(epstopdf)                    date: 2023-02-22 09:26:13
(epstopdf)                    size: 1171063 bytes
(epstopdf)             Output file: <figures/1-phi-pi-theta-pi-eps-converted-to
.pdf>
(epstopdf)                    date: 2023-02-22 09:26:20
(epstopdf)                    size: 150099 bytes
(epstopdf)             Command: <repstopdf --outfile=figures/1-phi-pi-theta-pi-
eps-converted-to.pdf figures/1-phi-pi-theta-pi.eps>
(epstopdf)             \includegraphics on input line 641.
Package epstopdf Info: Output file is already uptodate.
<figures/1-phi-pi-theta-pi-eps-converted-to.pdf, id=77, 259.97125pt x 259.97125
pt>
File: figures/1-phi-pi-theta-pi-eps-converted-to.pdf Graphic file (type pdf)
<use figures/1-phi-pi-theta-pi-eps-converted-to.pdf>
Package pdftex.def Info: figures/1-phi-pi-theta-pi-eps-converted-to.pdf  used o
n input line 641.
(pdftex.def)             Requested size: 78.92029pt x 78.92021pt.
Package epstopdf Info: Source file: <figures/2-beta-0.eps>
(epstopdf)                    date: 2023-02-22 09:35:13
(epstopdf)                    size: 521873 bytes
(epstopdf)             Output file: <figures/2-beta-0-eps-converted-to.pdf>
(epstopdf)                    date: 2023-02-22 09:36:16
(epstopdf)                    size: 76757 bytes
(epstopdf)             Command: <repstopdf --outfile=figures/2-beta-0-eps-conve
rted-to.pdf figures/2-beta-0.eps>
(epstopdf)             \includegraphics on input line 667.
Package epstopdf Info: Output file is already uptodate.
<figures/2-beta-0-eps-converted-to.pdf, id=78, 259.97125pt x 259.97125pt>
File: figures/2-beta-0-eps-converted-to.pdf Graphic file (type pdf)
<use figures/2-beta-0-eps-converted-to.pdf>
Package pdftex.def Info: figures/2-beta-0-eps-converted-to.pdf  used on input l
ine 667.
(pdftex.def)             Requested size: 78.92029pt x 78.92021pt.
Package epstopdf Info: Source file: <figures/2-beta-1.eps>
(epstopdf)                    date: 2023-02-22 09:35:24
(epstopdf)                    size: 545068 bytes
(epstopdf)             Output file: <figures/2-beta-1-eps-converted-to.pdf>
(epstopdf)                    date: 2023-02-22 09:36:16
(epstopdf)                    size: 98556 bytes
(epstopdf)             Command: <repstopdf --outfile=figures/2-beta-1-eps-conve
rted-to.pdf figures/2-beta-1.eps>
(epstopdf)             \includegraphics on input line 672.
Package epstopdf Info: Output file is already uptodate.
<figures/2-beta-1-eps-converted-to.pdf, id=79, 259.97125pt x 259.97125pt>
File: figures/2-beta-1-eps-converted-to.pdf Graphic file (type pdf)
<use figures/2-beta-1-eps-converted-to.pdf>
Package pdftex.def Info: figures/2-beta-1-eps-converted-to.pdf  used on input l
ine 672.
(pdftex.def)             Requested size: 78.92029pt x 78.92021pt.
Package epstopdf Info: Source file: <figures/2-beta-2.eps>
(epstopdf)                    date: 2023-02-22 09:35:36
(epstopdf)                    size: 618370 bytes
(epstopdf)             Output file: <figures/2-beta-2-eps-converted-to.pdf>
(epstopdf)                    date: 2023-02-22 09:36:17
(epstopdf)                    size: 135709 bytes
(epstopdf)             Command: <repstopdf --outfile=figures/2-beta-2-eps-conve
rted-to.pdf figures/2-beta-2.eps>
(epstopdf)             \includegraphics on input line 677.
Package epstopdf Info: Output file is already uptodate.
<figures/2-beta-2-eps-converted-to.pdf, id=80, 259.97125pt x 259.97125pt>
File: figures/2-beta-2-eps-converted-to.pdf Graphic file (type pdf)
<use figures/2-beta-2-eps-converted-to.pdf>
Package pdftex.def Info: figures/2-beta-2-eps-converted-to.pdf  used on input l
ine 677.
(pdftex.def)             Requested size: 78.92029pt x 78.92021pt.
Package epstopdf Info: Source file: <figures/2-beta-3.eps>
(epstopdf)                    date: 2023-02-22 09:35:46
(epstopdf)                    size: 614531 bytes
(epstopdf)             Output file: <figures/2-beta-3-eps-converted-to.pdf>
(epstopdf)                    date: 2023-02-22 09:36:17
(epstopdf)                    size: 136403 bytes
(epstopdf)             Command: <repstopdf --outfile=figures/2-beta-3-eps-conve
rted-to.pdf figures/2-beta-3.eps>
(epstopdf)             \includegraphics on input line 682.
Package epstopdf Info: Output file is already uptodate.
<figures/2-beta-3-eps-converted-to.pdf, id=81, 259.97125pt x 259.97125pt>
File: figures/2-beta-3-eps-converted-to.pdf Graphic file (type pdf)
<use figures/2-beta-3-eps-converted-to.pdf>
Package pdftex.def Info: figures/2-beta-3-eps-converted-to.pdf  used on input l
ine 682.
(pdftex.def)             Requested size: 78.92029pt x 78.92021pt.
Package epstopdf Info: Source file: <figures/2-beta-0-log.eps>
(epstopdf)                    date: 2023-02-22 09:38:25
(epstopdf)                    size: 627107 bytes
(epstopdf)             Output file: <figures/2-beta-0-log-eps-converted-to.pdf>

(epstopdf)                    date: 2023-02-22 09:40:21
(epstopdf)                    size: 270100 bytes
(epstopdf)             Command: <repstopdf --outfile=figures/2-beta-0-log-eps-c
onverted-to.pdf figures/2-beta-0-log.eps>
(epstopdf)             \includegraphics on input line 696.
Package epstopdf Info: Output file is already uptodate.
<figures/2-beta-0-log-eps-converted-to.pdf, id=82, 259.97125pt x 259.97125pt>
File: figures/2-beta-0-log-eps-converted-to.pdf Graphic file (type pdf)
<use figures/2-beta-0-log-eps-converted-to.pdf>
Package pdftex.def Info: figures/2-beta-0-log-eps-converted-to.pdf  used on inp
ut line 696.
(pdftex.def)             Requested size: 78.92029pt x 78.92021pt.
Package epstopdf Info: Source file: <figures/2-beta-1-log.eps>
(epstopdf)                    date: 2023-02-22 09:38:42
(epstopdf)                    size: 591865 bytes
(epstopdf)             Output file: <figures/2-beta-1-log-eps-converted-to.pdf>

(epstopdf)                    date: 2023-02-22 09:40:22
(epstopdf)                    size: 208073 bytes
(epstopdf)             Command: <repstopdf --outfile=figures/2-beta-1-log-eps-c
onverted-to.pdf figures/2-beta-1-log.eps>
(epstopdf)             \includegraphics on input line 701.
Package epstopdf Info: Output file is already uptodate.
<figures/2-beta-1-log-eps-converted-to.pdf, id=83, 259.97125pt x 259.97125pt>
File: figures/2-beta-1-log-eps-converted-to.pdf Graphic file (type pdf)
<use figures/2-beta-1-log-eps-converted-to.pdf>
Package pdftex.def Info: figures/2-beta-1-log-eps-converted-to.pdf  used on inp
ut line 701.
(pdftex.def)             Requested size: 78.92029pt x 78.92021pt.
Package epstopdf Info: Source file: <figures/2-beta-2-log.eps>
(epstopdf)                    date: 2023-02-22 09:38:55
(epstopdf)                    size: 598567 bytes
(epstopdf)             Output file: <figures/2-beta-2-log-eps-converted-to.pdf>

(epstopdf)                    date: 2023-02-22 09:40:22
(epstopdf)                    size: 209144 bytes
(epstopdf)             Command: <repstopdf --outfile=figures/2-beta-2-log-eps-c
onverted-to.pdf figures/2-beta-2-log.eps>
(epstopdf)             \includegraphics on input line 706.
Package epstopdf Info: Output file is already uptodate.
<figures/2-beta-2-log-eps-converted-to.pdf, id=84, 259.97125pt x 259.97125pt>
File: figures/2-beta-2-log-eps-converted-to.pdf Graphic file (type pdf)
<use figures/2-beta-2-log-eps-converted-to.pdf>
Package pdftex.def Info: figures/2-beta-2-log-eps-converted-to.pdf  used on inp
ut line 706.
(pdftex.def)             Requested size: 78.92029pt x 78.92021pt.
Package epstopdf Info: Source file: <figures/2-beta-3-log.eps>
(epstopdf)                    date: 2023-02-22 09:39:05
(epstopdf)                    size: 562587 bytes
(epstopdf)             Output file: <figures/2-beta-3-log-eps-converted-to.pdf>

(epstopdf)                    date: 2023-02-22 09:40:23
(epstopdf)                    size: 106948 bytes
(epstopdf)             Command: <repstopdf --outfile=figures/2-beta-3-log-eps-c
onverted-to.pdf figures/2-beta-3-log.eps>
(epstopdf)             \includegraphics on input line 711.
Package epstopdf Info: Output file is already uptodate.
<figures/2-beta-3-log-eps-converted-to.pdf, id=85, 259.97125pt x 259.97125pt>
File: figures/2-beta-3-log-eps-converted-to.pdf Graphic file (type pdf)
<use figures/2-beta-3-log-eps-converted-to.pdf>
Package pdftex.def Info: figures/2-beta-3-log-eps-converted-to.pdf  used on inp
ut line 711.
(pdftex.def)             Requested size: 78.92029pt x 78.92021pt.
 [9 <./figures/1-phi-0-theta-0-eps-converted-to.pdf> <./figures/1-phi-0-theta-p
i3-eps-converted-to.pdf> <./figures/1-phi-0-theta-2pi3-eps-converted-to.pdf> <.
/figures/1-phi-0-theta-pi-eps-converted-to.pdf> <./figures/1-phi-pi-theta-0-eps
-converted-to.pdf> <./figures/1-phi-pi-theta-pi3-eps-converted-to.pdf> <./figur
es/1-phi-pi-theta-2pi3-eps-converted-to.pdf> <./figures/1-phi-pi-theta-pi-eps-c
onverted-to.pdf>]
Package epstopdf Info: Source file: <figures/3-N-1.eps>
(epstopdf)                    date: 2023-02-22 09:57:43
(epstopdf)                    size: 619136 bytes
(epstopdf)             Output file: <figures/3-N-1-eps-converted-to.pdf>
(epstopdf)                    date: 2023-02-24 13:51:36
(epstopdf)                    size: 98076 bytes
(epstopdf)             Command: <repstopdf --outfile=figures/3-N-1-eps-converte
d-to.pdf figures/3-N-1.eps>
(epstopdf)             \includegraphics on input line 747.
Package epstopdf Info: Output file is already uptodate.
<figures/3-N-1-eps-converted-to.pdf, id=109, 259.97125pt x 259.97125pt>
File: figures/3-N-1-eps-converted-to.pdf Graphic file (type pdf)
<use figures/3-N-1-eps-converted-to.pdf>
Package pdftex.def Info: figures/3-N-1-eps-converted-to.pdf  used on input line
 747.
(pdftex.def)             Requested size: 78.92029pt x 78.92021pt.
Package epstopdf Info: Source file: <figures/3-N-3.eps>
(epstopdf)                    date: 2023-02-24 13:53:20
(epstopdf)                    size: 560578 bytes
(epstopdf)             Output file: <figures/3-N-3-eps-converted-to.pdf>
(epstopdf)                    date: 2023-02-24 13:53:23
(epstopdf)                    size: 91340 bytes
(epstopdf)             Command: <repstopdf --outfile=figures/3-N-3-eps-converte
d-to.pdf figures/3-N-3.eps>
(epstopdf)             \includegraphics on input line 752.
Package epstopdf Info: Output file is already uptodate.
<figures/3-N-3-eps-converted-to.pdf, id=110, 259.97125pt x 259.97125pt>
File: figures/3-N-3-eps-converted-to.pdf Graphic file (type pdf)
<use figures/3-N-3-eps-converted-to.pdf>
Package pdftex.def Info: figures/3-N-3-eps-converted-to.pdf  used on input line
 752.
(pdftex.def)             Requested size: 78.92029pt x 78.92021pt.
Package epstopdf Info: Source file: <figures/3-N-10.eps>
(epstopdf)                    date: 2023-02-24 13:53:00
(epstopdf)                    size: 541594 bytes
(epstopdf)             Output file: <figures/3-N-10-eps-converted-to.pdf>
(epstopdf)                    date: 2023-02-24 13:53:24
(epstopdf)                    size: 86662 bytes
(epstopdf)             Command: <repstopdf --outfile=figures/3-N-10-eps-convert
ed-to.pdf figures/3-N-10.eps>
(epstopdf)             \includegraphics on input line 757.
Package epstopdf Info: Output file is already uptodate.
<figures/3-N-10-eps-converted-to.pdf, id=111, 259.97125pt x 259.97125pt>
File: figures/3-N-10-eps-converted-to.pdf Graphic file (type pdf)
<use figures/3-N-10-eps-converted-to.pdf>
Package pdftex.def Info: figures/3-N-10-eps-converted-to.pdf  used on input lin
e 757.
(pdftex.def)             Requested size: 78.92029pt x 78.92021pt.
Package epstopdf Info: Source file: <figures/3-N-20.eps>
(epstopdf)                    date: 2023-02-24 13:52:43
(epstopdf)                    size: 546674 bytes
(epstopdf)             Output file: <figures/3-N-20-eps-converted-to.pdf>
(epstopdf)                    date: 2023-02-24 13:53:24
(epstopdf)                    size: 88730 bytes
(epstopdf)             Command: <repstopdf --outfile=figures/3-N-20-eps-convert
ed-to.pdf figures/3-N-20.eps>
(epstopdf)             \includegraphics on input line 762.
Package epstopdf Info: Output file is already uptodate.
<figures/3-N-20-eps-converted-to.pdf, id=112, 259.97125pt x 259.97125pt>
File: figures/3-N-20-eps-converted-to.pdf Graphic file (type pdf)
<use figures/3-N-20-eps-converted-to.pdf>
Package pdftex.def Info: figures/3-N-20-eps-converted-to.pdf  used on input lin
e 762.
(pdftex.def)             Requested size: 78.92029pt x 78.92021pt.
Package epstopdf Info: Source file: <figures/3-N-1-log.eps>
(epstopdf)                    date: 2023-02-24 13:52:29
(epstopdf)                    size: 629671 bytes
(epstopdf)             Output file: <figures/3-N-1-log-eps-converted-to.pdf>
(epstopdf)                    date: 2023-02-24 13:53:25
(epstopdf)                    size: 266674 bytes
(epstopdf)             Command: <repstopdf --outfile=figures/3-N-1-log-eps-conv
erted-to.pdf figures/3-N-1-log.eps>
(epstopdf)             \includegraphics on input line 772.
Package epstopdf Info: Output file is already uptodate.
<figures/3-N-1-log-eps-converted-to.pdf, id=113, 259.97125pt x 259.97125pt>
File: figures/3-N-1-log-eps-converted-to.pdf Graphic file (type pdf)
<use figures/3-N-1-log-eps-converted-to.pdf>
Package pdftex.def Info: figures/3-N-1-log-eps-converted-to.pdf  used on input 
line 772.
(pdftex.def)             Requested size: 78.92029pt x 78.92021pt.
Package epstopdf Info: Source file: <figures/3-N-3-log.eps>
(epstopdf)                    date: 2023-02-24 13:53:49
(epstopdf)                    size: 602917 bytes
(epstopdf)             Output file: <figures/3-N-3-log-eps-converted-to.pdf>
(epstopdf)                    date: 2023-02-24 13:53:53
(epstopdf)                    size: 248889 bytes
(epstopdf)             Command: <repstopdf --outfile=figures/3-N-3-log-eps-conv
erted-to.pdf figures/3-N-3-log.eps>
(epstopdf)             \includegraphics on input line 777.
Package epstopdf Info: Output file is already uptodate.
<figures/3-N-3-log-eps-converted-to.pdf, id=114, 259.97125pt x 259.97125pt>
File: figures/3-N-3-log-eps-converted-to.pdf Graphic file (type pdf)
<use figures/3-N-3-log-eps-converted-to.pdf>
Package pdftex.def Info: figures/3-N-3-log-eps-converted-to.pdf  used on input 
line 777.
(pdftex.def)             Requested size: 78.92029pt x 78.92021pt.
Package epstopdf Info: Source file: <figures/3-N-10-log.eps>
(epstopdf)                    date: 2023-02-24 13:54:12
(epstopdf)                    size: 562691 bytes
(epstopdf)             Output file: <figures/3-N-10-log-eps-converted-to.pdf>
(epstopdf)                    date: 2023-02-24 13:54:23
(epstopdf)                    size: 188444 bytes
(epstopdf)             Command: <repstopdf --outfile=figures/3-N-10-log-eps-con
verted-to.pdf figures/3-N-10-log.eps>
(epstopdf)             \includegraphics on input line 782.
Package epstopdf Info: Output file is already uptodate.
<figures/3-N-10-log-eps-converted-to.pdf, id=115, 259.97125pt x 259.97125pt>
File: figures/3-N-10-log-eps-converted-to.pdf Graphic file (type pdf)
<use figures/3-N-10-log-eps-converted-to.pdf>
Package pdftex.def Info: figures/3-N-10-log-eps-converted-to.pdf  used on input
 line 782.
(pdftex.def)             Requested size: 78.92029pt x 78.92021pt.
Package epstopdf Info: Source file: <figures/3-N-20-log.eps>
(epstopdf)                    date: 2023-02-24 13:54:46
(epstopdf)                    size: 545037 bytes
(epstopdf)             Output file: <figures/3-N-20-log-eps-converted-to.pdf>
(epstopdf)                    date: 2023-02-24 13:54:49
(epstopdf)                    size: 103195 bytes
(epstopdf)             Command: <repstopdf --outfile=figures/3-N-20-log-eps-con
verted-to.pdf figures/3-N-20-log.eps>
(epstopdf)             \includegraphics on input line 787.
Package epstopdf Info: Output file is already uptodate.
<figures/3-N-20-log-eps-converted-to.pdf, id=116, 259.97125pt x 259.97125pt>
File: figures/3-N-20-log-eps-converted-to.pdf Graphic file (type pdf)
<use figures/3-N-20-log-eps-converted-to.pdf>
Package pdftex.def Info: figures/3-N-20-log-eps-converted-to.pdf  used on input
 line 787.
(pdftex.def)             Requested size: 78.92029pt x 78.92021pt.
 [10 <./figures/2-beta-0-eps-converted-to.pdf> <./figures/2-beta-1-eps-converte
d-to.pdf> <./figures/2-beta-2-eps-converted-to.pdf> <./figures/2-beta-3-eps-con
verted-to.pdf> <./figures/2-beta-0-log-eps-converted-to.pdf> <./figures/2-beta-
1-log-eps-converted-to.pdf> <./figures/2-beta-2-log-eps-converted-to.pdf> <./fi
gures/2-beta-3-log-eps-converted-to.pdf>]
Package epstopdf Info: Source file: <figures/4-e-02.eps>
(epstopdf)                    date: 2023-02-22 11:21:42
(epstopdf)                    size: 524005 bytes
(epstopdf)             Output file: <figures/4-e-02-eps-converted-to.pdf>
(epstopdf)                    date: 2023-02-22 11:23:15
(epstopdf)                    size: 76219 bytes
(epstopdf)             Command: <repstopdf --outfile=figures/4-e-02-eps-convert
ed-to.pdf figures/4-e-02.eps>
(epstopdf)             \includegraphics on input line 826.
Package epstopdf Info: Output file is already uptodate.
<figures/4-e-02-eps-converted-to.pdf, id=140, 259.97125pt x 259.97125pt>
File: figures/4-e-02-eps-converted-to.pdf Graphic file (type pdf)
<use figures/4-e-02-eps-converted-to.pdf>
Package pdftex.def Info: figures/4-e-02-eps-converted-to.pdf  used on input lin
e 826.
(pdftex.def)             Requested size: 77.51079pt x 77.50801pt.
Package epstopdf Info: Source file: <figures/4-e-12.eps>
(epstopdf)                    date: 2023-02-22 11:21:57
(epstopdf)                    size: 542069 bytes
(epstopdf)             Output file: <figures/4-e-12-eps-converted-to.pdf>
(epstopdf)                    date: 2023-02-22 11:23:16
(epstopdf)                    size: 98165 bytes
(epstopdf)             Command: <repstopdf --outfile=figures/4-e-12-eps-convert
ed-to.pdf figures/4-e-12.eps>
(epstopdf)             \includegraphics on input line 831.
Package epstopdf Info: Output file is already uptodate.
<figures/4-e-12-eps-converted-to.pdf, id=141, 259.97125pt x 259.97125pt>
File: figures/4-e-12-eps-converted-to.pdf Graphic file (type pdf)
<use figures/4-e-12-eps-converted-to.pdf>
Package pdftex.def Info: figures/4-e-12-eps-converted-to.pdf  used on input lin
e 831.
(pdftex.def)             Requested size: 77.51079pt x 77.50801pt.
Package epstopdf Info: Source file: <figures/4-e-40.eps>
(epstopdf)                    date: 2023-02-22 11:22:14
(epstopdf)                    size: 417663 bytes
(epstopdf)             Output file: <figures/4-e-40-eps-converted-to.pdf>
(epstopdf)                    date: 2023-02-22 11:23:16
(epstopdf)                    size: 23404 bytes
(epstopdf)             Command: <repstopdf --outfile=figures/4-e-40-eps-convert
ed-to.pdf figures/4-e-40.eps>
(epstopdf)             \includegraphics on input line 836.
Package epstopdf Info: Output file is already uptodate.
<figures/4-e-40-eps-converted-to.pdf, id=142, 259.97125pt x 259.97125pt>
File: figures/4-e-40-eps-converted-to.pdf Graphic file (type pdf)
<use figures/4-e-40-eps-converted-to.pdf>
Package pdftex.def Info: figures/4-e-40-eps-converted-to.pdf  used on input lin
e 836.
(pdftex.def)             Requested size: 77.51079pt x 77.50801pt.
 [11 <./figures/3-N-1-eps-converted-to.pdf> <./figures/3-N-3-eps-converted-to.p
df> <./figures/3-N-10-eps-converted-to.pdf> <./figures/3-N-20-eps-converted-to.
pdf> <./figures/3-N-1-log-eps-converted-to.pdf> <./figures/3-N-3-log-eps-conver
ted-to.pdf> <./figures/3-N-10-log-eps-converted-to.pdf> <./figures/3-N-20-log-e
ps-converted-to.pdf>]
Package epstopdf Info: Source file: <figures/5-t-0.eps>
(epstopdf)                    date: 2023-02-22 12:41:31
(epstopdf)                    size: 511301 bytes
(epstopdf)             Output file: <figures/5-t-0-eps-converted-to.pdf>
(epstopdf)                    date: 2023-02-22 12:42:18
(epstopdf)                    size: 62345 bytes
(epstopdf)             Command: <repstopdf --outfile=figures/5-t-0-eps-converte
d-to.pdf figures/5-t-0.eps>
(epstopdf)             \includegraphics on input line 863.
Package epstopdf Info: Output file is already uptodate.
<figures/5-t-0-eps-converted-to.pdf, id=166, 259.97125pt x 259.97125pt>
File: figures/5-t-0-eps-converted-to.pdf Graphic file (type pdf)
<use figures/5-t-0-eps-converted-to.pdf>
Package pdftex.def Info: figures/5-t-0-eps-converted-to.pdf  used on input line
 863.
(pdftex.def)             Requested size: 77.51079pt x 77.50801pt.
Package epstopdf Info: Source file: <figures/5-t-64.eps>
(epstopdf)                    date: 2023-02-22 12:41:07
(epstopdf)                    size: 618141 bytes
(epstopdf)             Output file: <figures/5-t-64-eps-converted-to.pdf>
(epstopdf)                    date: 2023-02-22 12:42:18
(epstopdf)                    size: 109129 bytes
(epstopdf)             Command: <repstopdf --outfile=figures/5-t-64-eps-convert
ed-to.pdf figures/5-t-64.eps>
(epstopdf)             \includegraphics on input line 868.
Package epstopdf Info: Output file is already uptodate.
<figures/5-t-64-eps-converted-to.pdf, id=167, 259.97125pt x 259.97125pt>
File: figures/5-t-64-eps-converted-to.pdf Graphic file (type pdf)
<use figures/5-t-64-eps-converted-to.pdf>
Package pdftex.def Info: figures/5-t-64-eps-converted-to.pdf  used on input lin
e 868.
(pdftex.def)             Requested size: 77.51079pt x 77.50801pt.
Package epstopdf Info: Source file: <figures/5-t-128.eps>
(epstopdf)                    date: 2023-02-22 12:41:23
(epstopdf)                    size: 511301 bytes
(epstopdf)             Output file: <figures/5-t-128-eps-converted-to.pdf>
(epstopdf)                    date: 2023-02-22 12:42:18
(epstopdf)                    size: 62345 bytes
(epstopdf)             Command: <repstopdf --outfile=figures/5-t-128-eps-conver
ted-to.pdf figures/5-t-128.eps>
(epstopdf)             \includegraphics on input line 873.
Package epstopdf Info: Output file is already uptodate.
<figures/5-t-128-eps-converted-to.pdf, id=168, 259.97125pt x 259.97125pt>
File: figures/5-t-128-eps-converted-to.pdf Graphic file (type pdf)
<use figures/5-t-128-eps-converted-to.pdf>
Package pdftex.def Info: figures/5-t-128-eps-converted-to.pdf  used on input li
ne 873.
(pdftex.def)             Requested size: 77.51079pt x 77.50801pt.
Package epstopdf Info: Source file: <figures/5-0.eps>
(epstopdf)                    date: 2023-02-24 13:58:06
(epstopdf)                    size: 511301 bytes
(epstopdf)             Output file: <figures/5-0-eps-converted-to.pdf>
(epstopdf)                    date: 2023-02-24 13:58:31
(epstopdf)                    size: 62345 bytes
(epstopdf)             Command: <repstopdf --outfile=figures/5-0-eps-converted-
to.pdf figures/5-0.eps>
(epstopdf)             \includegraphics on input line 884.
Package epstopdf Info: Output file is already uptodate.
<figures/5-0-eps-converted-to.pdf, id=169, 259.97125pt x 259.97125pt>
File: figures/5-0-eps-converted-to.pdf Graphic file (type pdf)
<use figures/5-0-eps-converted-to.pdf>
Package pdftex.def Info: figures/5-0-eps-converted-to.pdf  used on input line 8
84.
(pdftex.def)             Requested size: 78.92029pt x 78.92021pt.
Package epstopdf Info: Source file: <figures/5-4.eps>
(epstopdf)                    date: 2023-02-24 13:58:17
(epstopdf)                    size: 703494 bytes
(epstopdf)             Output file: <figures/5-4-eps-converted-to.pdf>
(epstopdf)                    date: 2023-02-24 13:58:31
(epstopdf)                    size: 159135 bytes
(epstopdf)             Command: <repstopdf --outfile=figures/5-4-eps-converted-
to.pdf figures/5-4.eps>
(epstopdf)             \includegraphics on input line 889.
Package epstopdf Info: Output file is already uptodate.
<figures/5-4-eps-converted-to.pdf, id=170, 259.97125pt x 259.97125pt>
File: figures/5-4-eps-converted-to.pdf Graphic file (type pdf)
<use figures/5-4-eps-converted-to.pdf>
Package pdftex.def Info: figures/5-4-eps-converted-to.pdf  used on input line 8
89.
(pdftex.def)             Requested size: 78.92029pt x 78.92021pt.
Package epstopdf Info: Source file: <figures/5-8.eps>
(epstopdf)                    date: 2023-02-24 13:58:27
(epstopdf)                    size: 954048 bytes
(epstopdf)             Output file: <figures/5-8-eps-converted-to.pdf>
(epstopdf)                    date: 2023-02-24 13:58:32
(epstopdf)                    size: 284222 bytes
(epstopdf)             Command: <repstopdf --outfile=figures/5-8-eps-converted-
to.pdf figures/5-8.eps>
(epstopdf)             \includegraphics on input line 894.
Package epstopdf Info: Output file is already uptodate.
<figures/5-8-eps-converted-to.pdf, id=171, 259.97125pt x 259.97125pt>
File: figures/5-8-eps-converted-to.pdf Graphic file (type pdf)
<use figures/5-8-eps-converted-to.pdf>
Package pdftex.def Info: figures/5-8-eps-converted-to.pdf  used on input line 8
94.
(pdftex.def)             Requested size: 78.92029pt x 78.92021pt.
Package epstopdf Info: Source file: <figures/5-12.eps>
(epstopdf)                    date: 2023-02-24 13:58:50
(epstopdf)                    size: 1130779 bytes
(epstopdf)             Output file: <figures/5-12-eps-converted-to.pdf>
(epstopdf)                    date: 2023-02-24 14:01:55
(epstopdf)                    size: 335607 bytes
(epstopdf)             Command: <repstopdf --outfile=figures/5-12-eps-converted
-to.pdf figures/5-12.eps>
(epstopdf)             \includegraphics on input line 899.
Package epstopdf Info: Output file is already uptodate.
<figures/5-12-eps-converted-to.pdf, id=172, 259.97125pt x 259.97125pt>
File: figures/5-12-eps-converted-to.pdf Graphic file (type pdf)
<use figures/5-12-eps-converted-to.pdf>
Package pdftex.def Info: figures/5-12-eps-converted-to.pdf  used on input line 
899.
(pdftex.def)             Requested size: 78.92029pt x 78.92021pt.
Package epstopdf Info: Source file: <figures/5-16.eps>
(epstopdf)                    date: 2023-02-24 13:58:58
(epstopdf)                    size: 1085406 bytes
(epstopdf)             Output file: <figures/5-16-eps-converted-to.pdf>
(epstopdf)                    date: 2023-02-24 14:01:56
(epstopdf)                    size: 326041 bytes
(epstopdf)             Command: <repstopdf --outfile=figures/5-16-eps-converted
-to.pdf figures/5-16.eps>
(epstopdf)             \includegraphics on input line 904.
Package epstopdf Info: Output file is already uptodate.
<figures/5-16-eps-converted-to.pdf, id=173, 259.97125pt x 259.97125pt>
File: figures/5-16-eps-converted-to.pdf Graphic file (type pdf)
<use figures/5-16-eps-converted-to.pdf>
Package pdftex.def Info: figures/5-16-eps-converted-to.pdf  used on input line 
904.
(pdftex.def)             Requested size: 78.92029pt x 78.92021pt.
Package epstopdf Info: Source file: <figures/5-20.eps>
(epstopdf)                    date: 2023-02-24 13:59:07
(epstopdf)                    size: 1120050 bytes
(epstopdf)             Output file: <figures/5-20-eps-converted-to.pdf>
(epstopdf)                    date: 2023-02-24 14:01:56
(epstopdf)                    size: 334942 bytes
(epstopdf)             Command: <repstopdf --outfile=figures/5-20-eps-converted
-to.pdf figures/5-20.eps>
(epstopdf)             \includegraphics on input line 909.
Package epstopdf Info: Output file is already uptodate.
<figures/5-20-eps-converted-to.pdf, id=174, 259.97125pt x 259.97125pt>
File: figures/5-20-eps-converted-to.pdf Graphic file (type pdf)
<use figures/5-20-eps-converted-to.pdf>
Package pdftex.def Info: figures/5-20-eps-converted-to.pdf  used on input line 
909.
(pdftex.def)             Requested size: 78.92029pt x 78.92021pt.
Package epstopdf Info: Source file: <figures/5-24.eps>
(epstopdf)                    date: 2023-02-24 13:59:17
(epstopdf)                    size: 1101896 bytes
(epstopdf)             Output file: <figures/5-24-eps-converted-to.pdf>
(epstopdf)                    date: 2023-02-24 14:01:57
(epstopdf)                    size: 330862 bytes
(epstopdf)             Command: <repstopdf --outfile=figures/5-24-eps-converted
-to.pdf figures/5-24.eps>
(epstopdf)             \includegraphics on input line 914.
Package epstopdf Info: Output file is already uptodate.
<figures/5-24-eps-converted-to.pdf, id=175, 259.97125pt x 259.97125pt>
File: figures/5-24-eps-converted-to.pdf Graphic file (type pdf)
<use figures/5-24-eps-converted-to.pdf>
Package pdftex.def Info: figures/5-24-eps-converted-to.pdf  used on input line 
914.
(pdftex.def)             Requested size: 78.92029pt x 78.92021pt.
Package epstopdf Info: Source file: <figures/5-28.eps>
(epstopdf)                    date: 2023-02-24 13:59:29
(epstopdf)                    size: 1136212 bytes
(epstopdf)             Output file: <figures/5-28-eps-converted-to.pdf>
(epstopdf)                    date: 2023-02-24 14:01:57
(epstopdf)                    size: 338611 bytes
(epstopdf)             Command: <repstopdf --outfile=figures/5-28-eps-converted
-to.pdf figures/5-28.eps>
(epstopdf)             \includegraphics on input line 919.
Package epstopdf Info: Output file is already uptodate.
<figures/5-28-eps-converted-to.pdf, id=176, 259.97125pt x 259.97125pt>
File: figures/5-28-eps-converted-to.pdf Graphic file (type pdf)
<use figures/5-28-eps-converted-to.pdf>
Package pdftex.def Info: figures/5-28-eps-converted-to.pdf  used on input line 
919.
(pdftex.def)             Requested size: 78.92029pt x 78.92021pt.
Package epstopdf Info: Source file: <figures/5-32.eps>
(epstopdf)                    date: 2023-02-24 13:59:39
(epstopdf)                    size: 755701 bytes
(epstopdf)             Output file: <figures/5-32-eps-converted-to.pdf>
(epstopdf)                    date: 2023-02-24 14:01:58
(epstopdf)                    size: 202469 bytes
(epstopdf)             Command: <repstopdf --outfile=figures/5-32-eps-converted
-to.pdf figures/5-32.eps>
(epstopdf)             \includegraphics on input line 924.
Package epstopdf Info: Output file is already uptodate.
<figures/5-32-eps-converted-to.pdf, id=177, 259.97125pt x 259.97125pt>
File: figures/5-32-eps-converted-to.pdf Graphic file (type pdf)
<use figures/5-32-eps-converted-to.pdf>
Package pdftex.def Info: figures/5-32-eps-converted-to.pdf  used on input line 
924.
(pdftex.def)             Requested size: 78.92029pt x 78.92021pt.
Package epstopdf Info: Source file: <figures/5-36.eps>
(epstopdf)                    date: 2023-02-24 13:59:51
(epstopdf)                    size: 1103681 bytes
(epstopdf)             Output file: <figures/5-36-eps-converted-to.pdf>
(epstopdf)                    date: 2023-02-24 14:01:59
(epstopdf)                    size: 329391 bytes
(epstopdf)             Command: <repstopdf --outfile=figures/5-36-eps-converted
-to.pdf figures/5-36.eps>
(epstopdf)             \includegraphics on input line 929.
Package epstopdf Info: Output file is already uptodate.
<figures/5-36-eps-converted-to.pdf, id=178, 259.97125pt x 259.97125pt>
File: figures/5-36-eps-converted-to.pdf Graphic file (type pdf)
<use figures/5-36-eps-converted-to.pdf>
Package pdftex.def Info: figures/5-36-eps-converted-to.pdf  used on input line 
929.
(pdftex.def)             Requested size: 78.92029pt x 78.92021pt.
Package epstopdf Info: Source file: <figures/5-40.eps>
(epstopdf)                    date: 2023-02-24 14:00:02
(epstopdf)                    size: 1017893 bytes
(epstopdf)             Output file: <figures/5-40-eps-converted-to.pdf>
(epstopdf)                    date: 2023-02-24 14:01:59
(epstopdf)                    size: 309429 bytes
(epstopdf)             Command: <repstopdf --outfile=figures/5-40-eps-converted
-to.pdf figures/5-40.eps>
(epstopdf)             \includegraphics on input line 934.
Package epstopdf Info: Output file is already uptodate.
<figures/5-40-eps-converted-to.pdf, id=179, 259.97125pt x 259.97125pt>
File: figures/5-40-eps-converted-to.pdf Graphic file (type pdf)
<use figures/5-40-eps-converted-to.pdf>
Package pdftex.def Info: figures/5-40-eps-converted-to.pdf  used on input line 
934.
(pdftex.def)             Requested size: 78.92029pt x 78.92021pt.
Package epstopdf Info: Source file: <figures/5-44.eps>
(epstopdf)                    date: 2023-02-24 14:00:11
(epstopdf)                    size: 831693 bytes
(epstopdf)             Output file: <figures/5-44-eps-converted-to.pdf>
(epstopdf)                    date: 2023-02-24 14:02:00
(epstopdf)                    size: 221006 bytes
(epstopdf)             Command: <repstopdf --outfile=figures/5-44-eps-converted
-to.pdf figures/5-44.eps>
(epstopdf)             \includegraphics on input line 939.
Package epstopdf Info: Output file is already uptodate.
<figures/5-44-eps-converted-to.pdf, id=180, 259.97125pt x 259.97125pt>
File: figures/5-44-eps-converted-to.pdf Graphic file (type pdf)
<use figures/5-44-eps-converted-to.pdf>
Package pdftex.def Info: figures/5-44-eps-converted-to.pdf  used on input line 
939.
(pdftex.def)             Requested size: 78.92029pt x 78.92021pt.
Package epstopdf Info: Source file: <figures/5-48.eps>
(epstopdf)                    date: 2023-02-24 14:00:24
(epstopdf)                    size: 1090377 bytes
(epstopdf)             Output file: <figures/5-48-eps-converted-to.pdf>
(epstopdf)                    date: 2023-02-24 14:02:00
(epstopdf)                    size: 325342 bytes
(epstopdf)             Command: <repstopdf --outfile=figures/5-48-eps-converted
-to.pdf figures/5-48.eps>
(epstopdf)             \includegraphics on input line 944.
Package epstopdf Info: Output file is already uptodate.
<figures/5-48-eps-converted-to.pdf, id=181, 259.97125pt x 259.97125pt>
File: figures/5-48-eps-converted-to.pdf Graphic file (type pdf)
<use figures/5-48-eps-converted-to.pdf>
Package pdftex.def Info: figures/5-48-eps-converted-to.pdf  used on input line 
944.
(pdftex.def)             Requested size: 78.92029pt x 78.92021pt.
Package epstopdf Info: Source file: <figures/5-52.eps>
(epstopdf)                    date: 2023-02-24 14:00:34
(epstopdf)                    size: 982208 bytes
(epstopdf)             Output file: <figures/5-52-eps-converted-to.pdf>
(epstopdf)                    date: 2023-02-24 14:02:01
(epstopdf)                    size: 290182 bytes
(epstopdf)             Command: <repstopdf --outfile=figures/5-52-eps-converted
-to.pdf figures/5-52.eps>
(epstopdf)             \includegraphics on input line 949.
Package epstopdf Info: Output file is already uptodate.
<figures/5-52-eps-converted-to.pdf, id=182, 259.97125pt x 259.97125pt>
File: figures/5-52-eps-converted-to.pdf Graphic file (type pdf)
<use figures/5-52-eps-converted-to.pdf>
Package pdftex.def Info: figures/5-52-eps-converted-to.pdf  used on input line 
949.
(pdftex.def)             Requested size: 78.92029pt x 78.92021pt.
Package epstopdf Info: Source file: <figures/5-56.eps>
(epstopdf)                    date: 2023-02-24 14:00:44
(epstopdf)                    size: 1125523 bytes
(epstopdf)             Output file: <figures/5-56-eps-converted-to.pdf>
(epstopdf)                    date: 2023-02-24 14:02:02
(epstopdf)                    size: 337292 bytes
(epstopdf)             Command: <repstopdf --outfile=figures/5-56-eps-converted
-to.pdf figures/5-56.eps>
(epstopdf)             \includegraphics on input line 954.
Package epstopdf Info: Output file is already uptodate.
<figures/5-56-eps-converted-to.pdf, id=183, 259.97125pt x 259.97125pt>
File: figures/5-56-eps-converted-to.pdf Graphic file (type pdf)
<use figures/5-56-eps-converted-to.pdf>
Package pdftex.def Info: figures/5-56-eps-converted-to.pdf  used on input line 
954.
(pdftex.def)             Requested size: 78.92029pt x 78.92021pt.
Package epstopdf Info: Source file: <figures/5-60.eps>
(epstopdf)                    date: 2023-02-24 14:00:56
(epstopdf)                    size: 945236 bytes
(epstopdf)             Output file: <figures/5-60-eps-converted-to.pdf>
(epstopdf)                    date: 2023-02-24 14:02:02
(epstopdf)                    size: 294854 bytes
(epstopdf)             Command: <repstopdf --outfile=figures/5-60-eps-converted
-to.pdf figures/5-60.eps>
(epstopdf)             \includegraphics on input line 959.
Package epstopdf Info: Output file is already uptodate.
<figures/5-60-eps-converted-to.pdf, id=184, 259.97125pt x 259.97125pt>
File: figures/5-60-eps-converted-to.pdf Graphic file (type pdf)
<use figures/5-60-eps-converted-to.pdf>
Package pdftex.def Info: figures/5-60-eps-converted-to.pdf  used on input line 
959.
(pdftex.def)             Requested size: 78.92029pt x 78.92021pt.
Package epstopdf Info: Source file: <figures/5-64.eps>
(epstopdf)                    date: 2023-02-24 14:01:11
(epstopdf)                    size: 618141 bytes
(epstopdf)             Output file: <figures/5-64-eps-converted-to.pdf>
(epstopdf)                    date: 2023-02-24 14:02:03
(epstopdf)                    size: 109129 bytes
(epstopdf)             Command: <repstopdf --outfile=figures/5-64-eps-converted
-to.pdf figures/5-64.eps>
(epstopdf)             \includegraphics on input line 963.
Package epstopdf Info: Output file is already uptodate.
<figures/5-64-eps-converted-to.pdf, id=185, 259.97125pt x 259.97125pt>
File: figures/5-64-eps-converted-to.pdf Graphic file (type pdf)
<use figures/5-64-eps-converted-to.pdf>
Package pdftex.def Info: figures/5-64-eps-converted-to.pdf  used on input line 
963.
(pdftex.def)             Requested size: 78.92029pt x 78.92021pt.
Package epstopdf Info: Source file: <figures/5-68.eps>
(epstopdf)                    date: 2023-02-24 14:01:27
(epstopdf)                    size: 998158 bytes
(epstopdf)             Output file: <figures/5-68-eps-converted-to.pdf>
(epstopdf)                    date: 2023-02-24 14:02:03
(epstopdf)                    size: 296169 bytes
(epstopdf)             Command: <repstopdf --outfile=figures/5-68-eps-converted
-to.pdf figures/5-68.eps>
(epstopdf)             \includegraphics on input line 968.
Package epstopdf Info: Output file is already uptodate.
<figures/5-68-eps-converted-to.pdf, id=186, 259.97125pt x 259.97125pt>
File: figures/5-68-eps-converted-to.pdf Graphic file (type pdf)
<use figures/5-68-eps-converted-to.pdf>
Package pdftex.def Info: figures/5-68-eps-converted-to.pdf  used on input line 
968.
(pdftex.def)             Requested size: 78.92029pt x 78.92021pt.
Package epstopdf Info: Source file: <figures/5-72.eps>
(epstopdf)                    date: 2023-02-24 14:01:39
(epstopdf)                    size: 1140409 bytes
(epstopdf)             Output file: <figures/5-72-eps-converted-to.pdf>
(epstopdf)                    date: 2023-02-24 14:02:04
(epstopdf)                    size: 338428 bytes
(epstopdf)             Command: <repstopdf --outfile=figures/5-72-eps-converted
-to.pdf figures/5-72.eps>
(epstopdf)             \includegraphics on input line 973.
Package epstopdf Info: Output file is already uptodate.
<figures/5-72-eps-converted-to.pdf, id=187, 259.97125pt x 259.97125pt>
File: figures/5-72-eps-converted-to.pdf Graphic file (type pdf)
<use figures/5-72-eps-converted-to.pdf>
Package pdftex.def Info: figures/5-72-eps-converted-to.pdf  used on input line 
973.
(pdftex.def)             Requested size: 78.92029pt x 78.92021pt.
Package epstopdf Info: Source file: <figures/5-76.eps>
(epstopdf)                    date: 2023-02-24 14:01:50
(epstopdf)                    size: 976459 bytes
(epstopdf)             Output file: <figures/5-76-eps-converted-to.pdf>
(epstopdf)                    date: 2023-02-24 14:02:04
(epstopdf)                    size: 289116 bytes
(epstopdf)             Command: <repstopdf --outfile=figures/5-76-eps-converted
-to.pdf figures/5-76.eps>
(epstopdf)             \includegraphics on input line 978.
Package epstopdf Info: Output file is already uptodate.
<figures/5-76-eps-converted-to.pdf, id=188, 259.97125pt x 259.97125pt>
File: figures/5-76-eps-converted-to.pdf Graphic file (type pdf)
<use figures/5-76-eps-converted-to.pdf>
Package pdftex.def Info: figures/5-76-eps-converted-to.pdf  used on input line 
978.
(pdftex.def)             Requested size: 78.92029pt x 78.92021pt.


Package caption Warning: Unused \captionsetup[lstlisting] on input line 92.
See the caption package documentation for explanation.

[12 <./figures/4-e-02-eps-converted-to.pdf> <./figures/4-e-12-eps-converted-to.
pdf> <./figures/4-e-40-eps-converted-to.pdf> <./figures/5-t-0-eps-converted-to.
pdf> <./figures/5-t-64-eps-converted-to.pdf> <./figures/5-t-128-eps-converted-t
o.pdf>] [13 <./figures/5-0-eps-converted-to.pdf> <./figures/5-4-eps-converted-t
o.pdf> <./figures/5-8-eps-converted-to.pdf> <./figures/5-12-eps-converted-to.pd
f> <./figures/5-16-eps-converted-to.pdf> <./figures/5-20-eps-converted-to.pdf> 
<./figures/5-24-eps-converted-to.pdf> <./figures/5-28-eps-converted-to.pdf> <./
figures/5-32-eps-converted-to.pdf> <./figures/5-36-eps-converted-to.pdf> <./fig
ures/5-40-eps-converted-to.pdf> <./figures/5-44-eps-converted-to.pdf> <./figure
s/5-48-eps-converted-to.pdf> <./figures/5-52-eps-converted-to.pdf> <./figures/5
-56-eps-converted-to.pdf> <./figures/5-60-eps-converted-to.pdf> <./figures/5-64
-eps-converted-to.pdf> <./figures/5-68-eps-converted-to.pdf> <./figures/5-72-ep
s-converted-to.pdf> <./figures/5-76-eps-converted-to.pdf>]
(./BUI_AMO_2_Pset2.aux)

LaTeX Font Warning: Size substitutions with differences
(Font)              up to 1.97499pt have occurred.

Package rerunfilecheck Info: File `BUI_AMO_2_Pset2.out' has not changed.
(rerunfilecheck)             Checksum: D41D8CD98F00B204E9800998ECF8427E;0.
 ) 
Here is how much of TeX's memory you used:
 19577 strings out of 478268
 308798 string characters out of 5846347
 1858223 words of memory out of 5000000
 37354 multiletter control sequences out of 15000+600000
 524989 words of font info for 146 fonts, out of 8000000 for 9000
 1141 hyphenation exceptions out of 8191
 71i,19n,147p,968b,612s stack positions out of 10000i,1000n,20000p,200000b,200000s
{/usr/local/texlive/2022/texmf-dist/fonts/enc/dvips/newtx/ntx-ec-tlf.enc}{/us
r/local/texlive/2022/texmf-dist/fonts/enc/dvips/newtx/ntx-ot1-tlf.enc}</usr/loc
al/texlive/2022/texmf-dist/fonts/type1/public/newpx/NewPXMI.pfb></usr/local/tex
live/2022/texmf-dist/fonts/type1/public/newpx/NewPXMI_gnu.pfb></usr/local/texli
ve/2022/texmf-dist/fonts/type1/public/amsfonts/cm/cmbsy10.pfb></usr/local/texli
ve/2022/texmf-dist/fonts/type1/public/amsfonts/latxfont/line10.pfb></usr/local/
texlive/2022/texmf-dist/fonts/type1/public/newpx/pxmiaX.pfb></usr/local/texlive
/2022/texmf-dist/fonts/type1/public/newpx/pxsys.pfb></usr/local/texlive/2022/te
xmf-dist/fonts/type1/public/newtx/txexas.pfb></usr/local/texlive/2022/texmf-dis
t/fonts/type1/public/newtx/txexs.pfb></usr/local/texlive/2022/texmf-dist/fonts/
type1/public/txfonts/txsyb.pfb></usr/local/texlive/2022/texmf-dist/fonts/type1/
public/newpx/zplb.pfb></usr/local/texlive/2022/texmf-dist/fonts/type1/public/ne
wpx/zplr.pfb></usr/local/texlive/2022/texmf-dist/fonts/type1/public/newpx/zplri
.pfb>
Output written on BUI_AMO_2_Pset2.pdf (13 pages, 9791103 bytes).
PDF statistics:
 322 PDF objects out of 1000 (max. 8388607)
 180 compressed objects within 2 object streams
 45 named destinations out of 1000 (max. 500000)
 251 words of extra memory for PDF output out of 10000 (max. 10000000)

