This is pdfTeX, Version 3.1415926-2.4-1.40.13 (TeX Live 2012/Debian) (format=latex 2012.10.23)  16 DEC 2014 16:44
entering extended mode
 restricted \write18 enabled.
 %&-line parsing enabled.
**convolpower.tex
(./convolpower.tex
LaTeX2e <2011/06/27>
Babel <v3.8m> and hyphenation patterns for english, dumylang, nohyphenation, lo
aded.
(/usr/share/texlive/texmf-dist/tex/latex/base/article.cls
Document Class: article 2007/10/19 v1.4h Standard LaTeX document class
(/usr/share/texlive/texmf-dist/tex/latex/base/size10.clo
File: size10.clo 2007/10/19 v1.4h Standard LaTeX file (size option)
)
\c@part=\count79
\c@section=\count80
\c@subsection=\count81
\c@subsubsection=\count82
\c@paragraph=\count83
\c@subparagraph=\count84
\c@figure=\count85
\c@table=\count86
\abovecaptionskip=\skip41
\belowcaptionskip=\skip42
\bibindent=\dimen102
)
(/usr/share/texlive/texmf-dist/tex/latex/amsmath/amsmath.sty
Package: amsmath 2000/07/18 v2.13 AMS math features
\@mathmargin=\skip43

For additional information on amsmath, use the `?' option.
(/usr/share/texlive/texmf-dist/tex/latex/amsmath/amstext.sty
Package: amstext 2000/06/29 v2.01

(/usr/share/texlive/texmf-dist/tex/latex/amsmath/amsgen.sty
File: amsgen.sty 1999/11/30 v2.0
\@emptytoks=\toks14
\ex@=\dimen103
))
(/usr/share/texlive/texmf-dist/tex/latex/amsmath/amsbsy.sty
Package: amsbsy 1999/11/29 v1.2d
\pmbraise@=\dimen104
)
(/usr/share/texlive/texmf-dist/tex/latex/amsmath/amsopn.sty
Package: amsopn 1999/12/14 v2.01 operator names
)
\inf@bad=\count87
LaTeX Info: Redefining \frac on input line 211.
\uproot@=\count88
\leftroot@=\count89
LaTeX Info: Redefining \overline on input line 307.
\classnum@=\count90
\DOTSCASE@=\count91
LaTeX Info: Redefining \ldots on input line 379.
LaTeX Info: Redefining \dots on input line 382.
LaTeX Info: Redefining \cdots on input line 467.
\Mathstrutbox@=\box26
\strutbox@=\box27
\big@size=\dimen105
LaTeX Font Info:    Redeclaring font encoding OML on input line 567.
LaTeX Font Info:    Redeclaring font encoding OMS on input line 568.
\macc@depth=\count92
\c@MaxMatrixCols=\count93
\dotsspace@=\muskip10
\c@parentequation=\count94
\dspbrk@lvl=\count95
\tag@help=\toks15
\row@=\count96
\column@=\count97
\maxfields@=\count98
\andhelp@=\toks16
\eqnshift@=\dimen106
\alignsep@=\dimen107
\tagshift@=\dimen108
\tagwidth@=\dimen109
\totwidth@=\dimen110
\lineht@=\dimen111
\@envbody=\toks17
\multlinegap=\skip44
\multlinetaggap=\skip45
\mathdisplay@stack=\toks18
LaTeX Info: Redefining \[ on input line 2666.
LaTeX Info: Redefining \] on input line 2667.
)
(/usr/share/texlive/texmf-dist/tex/latex/amscls/amsthm.sty
Package: amsthm 2009/07/02 v2.20.1
\thm@style=\toks19
\thm@bodyfont=\toks20
\thm@headfont=\toks21
\thm@notefont=\toks22
\thm@headpunct=\toks23
\thm@preskip=\skip46
\thm@postskip=\skip47
\thm@headsep=\skip48
\dth@everypar=\toks24
)
(/usr/share/texlive/texmf-dist/tex/latex/base/latexsym.sty
Package: latexsym 1998/08/17 v2.2e Standard LaTeX package (lasy symbols)
\symlasy=\mathgroup4
LaTeX Font Info:    Overwriting symbol font `lasy' in version `bold'
(Font)                  U/lasy/m/n --> U/lasy/b/n on input line 47.
)
(/usr/share/texlive/texmf-dist/tex/latex/amsfonts/amssymb.sty
Package: amssymb 2009/06/22 v3.00

(/usr/share/texlive/texmf-dist/tex/latex/amsfonts/amsfonts.sty
Package: amsfonts 2009/06/22 v3.00 Basic AMSFonts support
\symAMSa=\mathgroup5
\symAMSb=\mathgroup6
LaTeX Font Info:    Overwriting math alphabet `\mathfrak' in version `bold'
(Font)                  U/euf/m/n --> U/euf/b/n on input line 96.
))
(/usr/share/texlive/texmf-dist/tex/latex/graphics/graphicx.sty
Package: graphicx 1999/02/16 v1.0f Enhanced LaTeX Graphics (DPC,SPQR)

(/usr/share/texlive/texmf-dist/tex/latex/graphics/keyval.sty
Package: keyval 1999/03/16 v1.13 key=value parser (DPC)
\KV@toks@=\toks25
)
(/usr/share/texlive/texmf-dist/tex/latex/graphics/graphics.sty
Package: graphics 2009/02/05 v1.0o Standard LaTeX Graphics (DPC,SPQR)

(/usr/share/texlive/texmf-dist/tex/latex/graphics/trig.sty
Package: trig 1999/03/16 v1.09 sin cos tan (DPC)
)
(/usr/share/texlive/texmf-dist/tex/latex/latexconfig/graphics.cfg
File: graphics.cfg 2010/04/23 v1.9 graphics configuration of TeX Live
)
Package graphics Info: Driver file: dvips.def on input line 91.

(/usr/share/texlive/texmf-dist/tex/latex/graphics/dvips.def
File: dvips.def 1999/02/16 v3.0i Driver-dependant file (DPC,SPQR)
))
\Gin@req@height=\dimen112
\Gin@req@width=\dimen113
)
(/usr/share/texlive/texmf-dist/tex/latex/graphics/color.sty
Package: color 2005/11/14 v1.0j Standard LaTeX Color (DPC)

(/usr/share/texlive/texmf-dist/tex/latex/latexconfig/color.cfg
File: color.cfg 2007/01/18 v1.5 color configuration of teTeX/TeXLive
)
Package color Info: Driver file: dvips.def on input line 130.

(/usr/share/texlive/texmf-dist/tex/latex/graphics/dvipsnam.def
File: dvipsnam.def 1999/02/16 v3.0i Driver-dependant file (DPC,SPQR)
))
(/usr/share/texlive/texmf-dist/tex/latex/cite/cite.sty
LaTeX Info: Redefining \cite on input line 302.
LaTeX Info: Redefining \nocite on input line 373.
Package: cite 2010/09/10  v 5.3
)
(/usr/share/texlive/texmf-dist/tex/latex/setspace/setspace.sty
Package: setspace 2011/12/19 v6.7a set line spacing
)

Package amsthm Warning: Unknown theoremstyle `theorem' on input line 4.

\c@theorem=\count99
\c@remark=\count100
\c@example=\count101
(./convolpower.aux)
\openout1 = `convolpower.aux'.

LaTeX Font Info:    Checking defaults for OML/cmm/m/it on input line 26.
LaTeX Font Info:    ... okay on input line 26.
LaTeX Font Info:    Checking defaults for T1/cmr/m/n on input line 26.
LaTeX Font Info:    ... okay on input line 26.
LaTeX Font Info:    Checking defaults for OT1/cmr/m/n on input line 26.
LaTeX Font Info:    ... okay on input line 26.
LaTeX Font Info:    Checking defaults for OMS/cmsy/m/n on input line 26.
LaTeX Font Info:    ... okay on input line 26.
LaTeX Font Info:    Checking defaults for OMX/cmex/m/n on input line 26.
LaTeX Font Info:    ... okay on input line 26.
LaTeX Font Info:    Checking defaults for U/cmr/m/n on input line 26.
LaTeX Font Info:    ... okay on input line 26.
LaTeX Font Info:    Try loading font information for U+lasy on input line 27.
 (/usr/share/texlive/texmf-dist/tex/latex/base/ulasy.fd
File: ulasy.fd 1998/08/17 v2.2e LaTeX symbol font definitions
)
LaTeX Font Info:    Try loading font information for U+msa on input line 27.

(/usr/share/texlive/texmf-dist/tex/latex/amsfonts/umsa.fd
File: umsa.fd 2009/06/22 v3.00 AMS symbols A
)
LaTeX Font Info:    Try loading font information for U+msb on input line 27.

(/usr/share/texlive/texmf-dist/tex/latex/amsfonts/umsb.fd
File: umsb.fd 2009/06/22 v3.00 AMS symbols B
)
Underfull \hbox (badness 10000) in paragraph at lines 34--35

 []


Underfull \hbox (badness 10000) in paragraph at lines 45--47

 []

[1

]
Underfull \hbox (badness 10000) in paragraph at lines 56--61

 []


Underfull \hbox (badness 10000) in paragraph at lines 74--79

 []

File: ex1abs.eps Graphic file (type eps)
<ex1abs.eps>
Overfull \hbox (16.34999pt too wide) in paragraph at lines 83--84
 [][] 
 []

[2]
File: ex1real.eps Graphic file (type eps)
 <ex1real.eps>
Overfull \hbox (16.34999pt too wide) in paragraph at lines 89--90
 [][] 
 []

File: ex1realtheory.eps Graphic file (type eps)
<ex1realtheory.eps>
Overfull \hbox (16.34999pt too wide) in paragraph at lines 95--97
 [][] 
 []


LaTeX Warning: `!h' float specifier changed to `!ht'.

[3]
Underfull \hbox (badness 10000) in paragraph at lines 107--109

 []

[4]
Underfull \hbox (badness 10000) in paragraph at lines 142--144

 []


Underfull \hbox (badness 10000) in paragraph at lines 152--154

 []

[5]
Underfull \hbox (badness 10000) in paragraph at lines 177--179

 []

File: HGraph.eps Graphic file (type eps)
<HGraph.eps>
Overfull \hbox (16.34999pt too wide) in paragraph at lines 182--183
 [][] 
 []


LaTeX Warning: `!h' float specifier changed to `!ht'.

[6]
Underfull \hbox (badness 10000) in paragraph at lines 195--197

 []


Underfull \hbox (badness 10000) in paragraph at lines 199--202

 []

[7]
Underfull \hbox (badness 10000) in paragraph at lines 212--214

 []

[8]
Underfull \hbox (badness 10000) in paragraph at lines 253--255

 []

[9]
Underfull \hbox (badness 10000) in paragraph at lines 259--261

 []

[10]
Underfull \hbox (badness 10000) in paragraph at lines 292--296

 []


Underfull \hbox (badness 10000) in paragraph at lines 324--326

 []

[11]
Underfull \hbox (badness 10000) in paragraph at lines 334--336

 []

LaTeX Font Info:    Try loading font information for OMS+cmr on input line 365.

(/usr/share/texlive/texmf-dist/tex/latex/base/omscmr.fd
File: omscmr.fd 1999/05/25 v2.5h Standard LaTeX font definitions
)
LaTeX Font Info:    Font shape `OMS/cmr/m/it' in size <10> not available
(Font)              Font shape `OMS/cmsy/m/n' tried instead on input line 365.
 [12]
Underfull \hbox (badness 10000) in paragraph at lines 387--388

 []


Underfull \hbox (badness 10000) in paragraph at lines 397--399

 []

[13]
Underfull \hbox (badness 10000) in paragraph at lines 412--414

 []

[14] [15] [16] [17] [18] [19]
Underfull \hbox (badness 2334) in paragraph at lines 713--714
[]\OT1/cmr/m/n/10 Let $\OML/cmm/m/it/10 ^^L \OT1/cmr/m/n/10 = \OML/cmm/m/it/10 
i^^\$\OT1/cmr/m/n/10 , where $\OML/cmm/m/it/10 ^^\$ \OT1/cmr/m/n/10 is a non-ze
ro real num-ber, and set 
 []

[20] [21] [22]
Overfull \hbox (3.30533pt too wide) in alignment at lines 804--811
 [][][] []
 []

[23] [24]
Overfull \hbox (7.13509pt too wide) in alignment at lines 897--901
 [][][] []
 []

[25] [26] [27] [28] [29]
Overfull \hbox (10.62001pt too wide) in alignment at lines 1061--1068
 [][][] []
 []

[30] [31] [32] [33]
Overfull \hbox (12.9461pt too wide) in alignment at lines 1233--1239
 [][][] []
 []

[34] [35] [36]
Overfull \hbox (6.69325pt too wide) in alignment at lines 1329--1350
 [][][] []
 []

[37] [38]
File: ex3_waves.eps Graphic file (type eps)
 <ex3_waves.eps>
Overfull \hbox (19.83507pt too wide) in alignment at lines 1435--1440
 [][][] []
 []

[39]
File: ex3simulation.eps Graphic file (type eps)
 <ex3simulation.eps>
Overfull \hbox (16.34999pt too wide) in paragraph at lines 1445--1446
 [][] 
 []

File: ex3twoairy.eps Graphic file (type eps)
<ex3twoairy.eps>
Overfull \hbox (16.34999pt too wide) in paragraph at lines 1450--1451
 [][] 
 []


LaTeX Warning: `!h' float specifier changed to `!ht'.

File: ex3oneairy.eps Graphic file (type eps)
<ex3oneairy.eps>
Overfull \hbox (16.34999pt too wide) in paragraph at lines 1455--1456
 [][] 
 []


LaTeX Warning: `!h' float specifier changed to `!ht'.

[40] [41] [42] [43] [44] [45] (./convolpower.aux) ) 
Here is how much of TeX's memory you used:
 2070 strings out of 495060
 25587 string characters out of 3182052
 76098 words of memory out of 3000000
 5221 multiletter control sequences out of 15000+200000
 18889 words of font info for 77 fonts, out of 3000000 for 9000
 14 hyphenation exceptions out of 8191
 30i,14n,24p,1072b,294s stack positions out of 5000i,500n,10000p,200000b,50000s

Output written on convolpower.dvi (45 pages, 184788 bytes).
